#
# There is insufficient memory for the Java Runtime Environment to continue.
# Native memory allocation (malloc) failed to allocate 1719184 bytes. Error detail: Chunk::new
# Possible reasons:
#   The system is out of physical RAM or swap space
#   This process is running with CompressedOops enabled, and the Java Heap may be blocking the growth of the native heap
# Possible solutions:
#   Reduce memory load on the system
#   Increase physical memory or swap space
#   Check if swap backing store is full
#   Decrease Java heap size (-Xmx/-Xms)
#   Decrease number of Java threads
#   Decrease Java thread stack sizes (-Xss)
#   Set larger code cache with -XX:ReservedCodeCacheSize=
#   JVM is running with Unscaled Compressed Oops mode in which the Java heap is
#     placed in the first 4GB address space. The Java Heap base address is the
#     maximum limit for the native heap growth. Please use -XX:HeapBaseMinAddress
#     to set the Java Heap base and to place the Java Heap above 4GB virtual address.
# This output file may be truncated or incomplete.
#
#  Out of Memory Error (arena.cpp:168), pid=17292, tid=3040
#
# JRE version: OpenJDK Runtime Environment Temurin-21.0.5+11 (21.0.5+11) (build 21.0.5+11-LTS)
# Java VM: OpenJDK 64-Bit Server VM Temurin-21.0.5+11 (21.0.5+11-LTS, mixed mode, sharing, tiered, compressed oops, compressed class ptrs, parallel gc, windows-amd64)
# No core dump will be written. Minidumps are not enabled by default on client versions of Windows
#

---------------  S U M M A R Y ------------

Command Line: --add-modules=ALL-SYSTEM --add-opens=java.base/java.util=ALL-UNNAMED --add-opens=java.base/java.lang=ALL-UNNAMED --add-opens=java.base/sun.nio.fs=ALL-UNNAMED -Declipse.application=org.eclipse.jdt.ls.core.id1 -Dosgi.bundles.defaultStartLevel=4 -Declipse.product=org.eclipse.jdt.ls.core.product -Djava.import.generatesMetadataFilesAtProjectRoot=false -DDetectVMInstallationsJob.disabled=true -Dfile.encoding=utf8 -XX:+UseParallelGC -XX:GCTimeRatio=4 -XX:AdaptiveSizePolicyWeight=90 -Dsun.zip.disableMemoryMapping=true -Xmx1G -Xms100m -Xlog:disable -javaagent:c:\Users\hhp\.vscode\extensions\redhat.java-1.39.0-win32-x64\lombok\lombok-1.18.34.jar -XX:+HeapDumpOnOutOfMemoryError -XX:HeapDumpPath=c:\Users\hhp\AppData\Roaming\Code\User\workspaceStorage\14c17b81feb02420379e559635737696\redhat.java -Daether.dependencyCollector.impl=bf c:\Users\hhp\.vscode\extensions\redhat.java-1.39.0-win32-x64\server\plugins\org.eclipse.equinox.launcher_1.6.900.v20240613-2009.jar -configuration c:\Users\hhp\AppData\Roaming\Code\User\globalStorage\redhat.java\1.39.0\config_win -data c:\Users\hhp\AppData\Roaming\Code\User\workspaceStorage\14c17b81feb02420379e559635737696\redhat.java\jdt_ws --pipe=\\.\pipe\lsp-250e76a6da4eb816379a85718675a584-sock

Host: 12th Gen Intel(R) Core(TM) i5-1235U, 12 cores, 15G,  Windows 11 , 64 bit Build 26100 (10.0.26100.3037)
Time: Mon Feb  3 22:43:32 2025 India Standard Time elapsed time: 15.168531 seconds (0d 0h 0m 15s)

---------------  T H R E A D  ---------------

Current thread (0x0000012edca70770):  JavaThread "C2 CompilerThread1" daemon [_thread_in_native, id=3040, stack(0x0000002823a00000,0x0000002823b00000) (1024K)]


Current CompileTask:
C2:15168 6796   !   4       org.eclipse.osgi.internal.weaving.WovenClassImpl::callHooks (410 bytes)

Stack: [0x0000002823a00000,0x0000002823b00000]
Native frames: (J=compiled Java code, j=interpreted, Vv=VM code, C=native code)
V  [jvm.dll+0x6cd4e9]
V  [jvm.dll+0x8a7941]
V  [jvm.dll+0x8a9e6e]
V  [jvm.dll+0x8aa543]
V  [jvm.dll+0x27f6d6]
V  [jvm.dll+0xc500d]
V  [jvm.dll+0xc5543]
V  [jvm.dll+0x3b660c]
V  [jvm.dll+0x382835]
V  [jvm.dll+0x381c9a]
V  [jvm.dll+0x2479d0]
V  [jvm.dll+0x246faf]
V  [jvm.dll+0x1c75ce]
V  [jvm.dll+0x25682a]
V  [jvm.dll+0x254dca]
V  [jvm.dll+0x3f00d6]
V  [jvm.dll+0x8514fb]
V  [jvm.dll+0x6cbbed]
C  [ucrtbase.dll+0x37b0]
C  [KERNEL32.DLL+0x2e8d7]
C  [ntdll.dll+0xbbf2c]


---------------  P R O C E S S  ---------------

Threads class SMR info:
_java_thread_list=0x0000012ee5291b00, length=44, elements={
0x0000012e8442d1b0, 0x0000012eda1fe1d0, 0x0000012edc333810, 0x0000012edc336c10,
0x0000012edc337860, 0x0000012edc3384b0, 0x0000012edc33af10, 0x0000012edc33bc90,
0x0000012edc35f030, 0x0000012edc439fc0, 0x0000012edc690580, 0x0000012edce61990,
0x0000012ee13fee20, 0x0000012ee166e010, 0x0000012ee166fe90, 0x0000012ee1bc4a00,
0x0000012edce64510, 0x0000012ee164f220, 0x0000012ee164f8b0, 0x0000012ee164de70,
0x0000012ee164c430, 0x0000012edca70770, 0x0000012ee164e500, 0x0000012ee164eb90,
0x0000012ee164cac0, 0x0000012ee164d150, 0x0000012ee4b8bed0, 0x0000012ee4b8b840,
0x0000012ee4b8b1b0, 0x0000012ee4b8d910, 0x0000012ee4b8cbf0, 0x0000012ee4b8d280,
0x0000012ee4b8dfa0, 0x0000012ee4b8e630, 0x0000012ee4b8c560, 0x0000012ee4b8ecc0,
0x0000012ee4b91ab0, 0x0000012ee4b8f350, 0x0000012ee4b927d0, 0x0000012ee4b92140,
0x0000012ee4b8f9e0, 0x0000012ee4b90d90, 0x0000012ee4b90070, 0x0000012ee3c0a620
}

Java Threads: ( => current thread )
  0x0000012e8442d1b0 JavaThread "main"                              [_thread_blocked, id=20140, stack(0x0000002821800000,0x0000002821900000) (1024K)]
  0x0000012eda1fe1d0 JavaThread "Reference Handler"          daemon [_thread_blocked, id=24188, stack(0x0000002821c00000,0x0000002821d00000) (1024K)]
  0x0000012edc333810 JavaThread "Finalizer"                  daemon [_thread_blocked, id=12080, stack(0x0000002821d00000,0x0000002821e00000) (1024K)]
  0x0000012edc336c10 JavaThread "Signal Dispatcher"          daemon [_thread_blocked, id=10728, stack(0x0000002821e00000,0x0000002821f00000) (1024K)]
  0x0000012edc337860 JavaThread "Attach Listener"            daemon [_thread_blocked, id=19928, stack(0x0000002821f00000,0x0000002822000000) (1024K)]
  0x0000012edc3384b0 JavaThread "Service Thread"             daemon [_thread_blocked, id=18844, stack(0x0000002822000000,0x0000002822100000) (1024K)]
  0x0000012edc33af10 JavaThread "Monitor Deflation Thread"   daemon [_thread_blocked, id=13504, stack(0x0000002822100000,0x0000002822200000) (1024K)]
  0x0000012edc33bc90 JavaThread "C2 CompilerThread0"         daemon [_thread_in_native, id=12828, stack(0x0000002822200000,0x0000002822300000) (1024K)]
  0x0000012edc35f030 JavaThread "C1 CompilerThread0"         daemon [_thread_in_native, id=8372, stack(0x0000002822300000,0x0000002822400000) (1024K)]
  0x0000012edc439fc0 JavaThread "Common-Cleaner"             daemon [_thread_blocked, id=19076, stack(0x0000002822400000,0x0000002822500000) (1024K)]
  0x0000012edc690580 JavaThread "Notification Thread"        daemon [_thread_blocked, id=20368, stack(0x0000002822600000,0x0000002822700000) (1024K)]
  0x0000012edce61990 JavaThread "Active Thread: Equinox Container: f887dcb8-e714-4cd0-aa00-7642670fbe87"        [_thread_blocked, id=14368, stack(0x0000002822e00000,0x0000002822f00000) (1024K)]
  0x0000012ee13fee20 JavaThread "Refresh Thread: Equinox Container: f887dcb8-e714-4cd0-aa00-7642670fbe87" daemon [_thread_blocked, id=2848, stack(0x0000002822f00000,0x0000002823000000) (1024K)]
  0x0000012ee166e010 JavaThread "Framework Event Dispatcher: Equinox Container: f887dcb8-e714-4cd0-aa00-7642670fbe87" daemon [_thread_blocked, id=20080, stack(0x0000002823100000,0x0000002823200000) (1024K)]
  0x0000012ee166fe90 JavaThread "Start Level: Equinox Container: f887dcb8-e714-4cd0-aa00-7642670fbe87" daemon [_thread_blocked, id=16076, stack(0x0000002823200000,0x0000002823300000) (1024K)]
  0x0000012ee1bc4a00 JavaThread "Bundle File Closer"         daemon [_thread_blocked, id=7568, stack(0x0000002823300000,0x0000002823400000) (1024K)]
  0x0000012edce64510 JavaThread "SCR Component Actor"        daemon [_thread_blocked, id=19032, stack(0x0000002822d00000,0x0000002822e00000) (1024K)]
  0x0000012ee164f220 JavaThread "Worker-JM"                         [_thread_blocked, id=13964, stack(0x0000002823700000,0x0000002823800000) (1024K)]
  0x0000012ee164f8b0 JavaThread "JNA Cleaner"                daemon [_thread_blocked, id=816, stack(0x0000002822500000,0x0000002822600000) (1024K)]
  0x0000012ee164de70 JavaThread "Worker-0: Java indexing... "        [_thread_blocked, id=8888, stack(0x0000002823800000,0x0000002823900000) (1024K)]
  0x0000012ee164c430 JavaThread "Worker-1"                          [_thread_blocked, id=4868, stack(0x0000002823900000,0x0000002823a00000) (1024K)]
=>0x0000012edca70770 JavaThread "C2 CompilerThread1"         daemon [_thread_in_native, id=3040, stack(0x0000002823a00000,0x0000002823b00000) (1024K)]
  0x0000012ee164e500 JavaThread "Java indexing"              daemon [_thread_in_Java, id=22504, stack(0x0000002823c00000,0x0000002823d00000) (1024K)]
  0x0000012ee164eb90 JavaThread "Worker-2: Initialize After Load"        [_thread_in_Java, id=20788, stack(0x0000002823d00000,0x0000002823e00000) (1024K)]
  0x0000012ee164cac0 JavaThread "Worker-3"                          [_thread_blocked, id=9680, stack(0x0000002823e00000,0x0000002823f00000) (1024K)]
  0x0000012ee164d150 JavaThread "Worker-4"                          [_thread_blocked, id=20988, stack(0x0000002824100000,0x0000002824200000) (1024K)]
  0x0000012ee4b8bed0 JavaThread "Worker-5"                          [_thread_blocked, id=4816, stack(0x0000002824200000,0x0000002824300000) (1024K)]
  0x0000012ee4b8b840 JavaThread "Thread-2"                   daemon [_thread_in_native, id=22184, stack(0x0000002824300000,0x0000002824400000) (1024K)]
  0x0000012ee4b8b1b0 JavaThread "Thread-3"                   daemon [_thread_in_native, id=3300, stack(0x0000002824400000,0x0000002824500000) (1024K)]
  0x0000012ee4b8d910 JavaThread "Thread-4"                   daemon [_thread_in_native, id=7200, stack(0x0000002824500000,0x0000002824600000) (1024K)]
  0x0000012ee4b8cbf0 JavaThread "Thread-5"                   daemon [_thread_in_native, id=10932, stack(0x0000002824600000,0x0000002824700000) (1024K)]
  0x0000012ee4b8d280 JavaThread "Thread-6"                   daemon [_thread_in_native, id=2372, stack(0x0000002824700000,0x0000002824800000) (1024K)]
  0x0000012ee4b8dfa0 JavaThread "Thread-7"                   daemon [_thread_in_native, id=19444, stack(0x0000002824800000,0x0000002824900000) (1024K)]
  0x0000012ee4b8e630 JavaThread "Thread-8"                   daemon [_thread_in_native, id=10348, stack(0x0000002824900000,0x0000002824a00000) (1024K)]
  0x0000012ee4b8c560 JavaThread "Thread-9"                   daemon [_thread_in_native, id=17308, stack(0x0000002824a00000,0x0000002824b00000) (1024K)]
  0x0000012ee4b8ecc0 JavaThread "Thread-10"                  daemon [_thread_in_native, id=15612, stack(0x0000002824b00000,0x0000002824c00000) (1024K)]
  0x0000012ee4b91ab0 JavaThread "Thread-11"                  daemon [_thread_in_native, id=8680, stack(0x0000002824c00000,0x0000002824d00000) (1024K)]
  0x0000012ee4b8f350 JavaThread "Thread-12"                  daemon [_thread_in_native, id=18644, stack(0x0000002824d00000,0x0000002824e00000) (1024K)]
  0x0000012ee4b927d0 JavaThread "Thread-13"                  daemon [_thread_in_native, id=12920, stack(0x0000002824e00000,0x0000002824f00000) (1024K)]
  0x0000012ee4b92140 JavaThread "Thread-14"                  daemon [_thread_in_native, id=18592, stack(0x0000002824f00000,0x0000002825000000) (1024K)]
  0x0000012ee4b8f9e0 JavaThread "pool-2-thread-1"                   [_thread_blocked, id=20820, stack(0x0000002825000000,0x0000002825100000) (1024K)]
  0x0000012ee4b90d90 JavaThread "WorkspaceEventsHandler"            [_thread_blocked, id=17592, stack(0x0000002825100000,0x0000002825200000) (1024K)]
  0x0000012ee4b90070 JavaThread "pool-1-thread-1"                   [_thread_blocked, id=13768, stack(0x0000002825200000,0x0000002825300000) (1024K)]
  0x0000012ee3c0a620 JavaThread "C2 CompilerThread2"         daemon [_thread_in_native, id=20496, stack(0x0000002823600000,0x0000002823700000) (1024K)]
Total: 44

Other Threads:
  0x0000012e844eeba0 VMThread "VM Thread"                           [id=23916, stack(0x0000002821b00000,0x0000002821c00000) (1024K)]
  0x0000012eda0dca00 WatcherThread "VM Periodic Task Thread"        [id=9864, stack(0x0000002821a00000,0x0000002821b00000) (1024K)]
  0x0000012e8444c830 WorkerThread "GC Thread#0"                     [id=15916, stack(0x0000002821900000,0x0000002821a00000) (1024K)]
  0x0000012edcad75b0 WorkerThread "GC Thread#1"                     [id=2772, stack(0x0000002822700000,0x0000002822800000) (1024K)]
  0x0000012edcad7b60 WorkerThread "GC Thread#2"                     [id=3972, stack(0x0000002822800000,0x0000002822900000) (1024K)]
  0x0000012edccdb550 WorkerThread "GC Thread#3"                     [id=17392, stack(0x0000002822900000,0x0000002822a00000) (1024K)]
  0x0000012edccdb8f0 WorkerThread "GC Thread#4"                     [id=19372, stack(0x0000002822a00000,0x0000002822b00000) (1024K)]
  0x0000012edcbb23c0 WorkerThread "GC Thread#5"                     [id=10048, stack(0x0000002822b00000,0x0000002822c00000) (1024K)]
  0x0000012edcbb2b70 WorkerThread "GC Thread#6"                     [id=19416, stack(0x0000002822c00000,0x0000002822d00000) (1024K)]
  0x0000012ee1326e40 WorkerThread "GC Thread#7"                     [id=22916, stack(0x0000002823000000,0x0000002823100000) (1024K)]
  0x0000012ee1327580 WorkerThread "GC Thread#8"                     [id=6368, stack(0x0000002823400000,0x0000002823500000) (1024K)]
  0x0000012ee13271e0 WorkerThread "GC Thread#9"                     [id=24092, stack(0x0000002823500000,0x0000002823600000) (1024K)]
Total: 12

Threads with active compile tasks:
C2 CompilerThread0  16206 6798   !   4       org.eclipse.osgi.internal.loader.BundleLoader::findRequiredSource (283 bytes)
C2 CompilerThread1  16206 6796   !   4       org.eclipse.osgi.internal.weaving.WovenClassImpl::callHooks (410 bytes)
C2 CompilerThread2  16206 6993       4       java.util.stream.StreamSpliterators$AbstractWrappingSpliterator::fillBuffer (64 bytes)
Total: 3

VM state: not at safepoint (normal execution)

VM Mutex/Monitor currently owned by a thread: None

Heap address: 0x00000000c0000000, size: 1024 MB, Compressed Oops mode: 32-bit

CDS archive(s) mapped at: [0x0000012e99000000-0x0000012e99ba0000-0x0000012e99ba0000), size 12189696, SharedBaseAddress: 0x0000012e99000000, ArchiveRelocationMode: 1.
Compressed class space mapped at: 0x0000012e9a000000-0x0000012eda000000, reserved size: 1073741824
Narrow klass base: 0x0000012e99000000, Narrow klass shift: 0, Narrow klass range: 0x100000000

GC Precious Log:
 CardTable entry size: 512
 CPUs: 12 total, 12 available
 Memory: 16055M
 Large Page Support: Disabled
 NUMA Support: Disabled
 Compressed Oops: Enabled (32-bit)
 Alignments: Space 512K, Generation 512K, Heap 2M
 Heap Min Capacity: 100M
 Heap Initial Capacity: 100M
 Heap Max Capacity: 1G
 Pre-touch: Disabled
 Parallel Workers: 10

Heap:
 PSYoungGen      total 23552K, used 3663K [0x00000000eab00000, 0x00000000ec580000, 0x0000000100000000)
  eden space 20992K, 5% used [0x00000000eab00000,0x00000000eac1cff8,0x00000000ebf80000)
  from space 2560K, 98% used [0x00000000ec300000,0x00000000ec576c08,0x00000000ec580000)
  to   space 3072K, 0% used [0x00000000ebf80000,0x00000000ebf80000,0x00000000ec280000)
 ParOldGen       total 68608K, used 32725K [0x00000000c0000000, 0x00000000c4300000, 0x00000000eab00000)
  object space 68608K, 47% used [0x00000000c0000000,0x00000000c1ff54b8,0x00000000c4300000)
 Metaspace       used 46669K, committed 47872K, reserved 1114112K
  class space    used 4921K, committed 5440K, reserved 1048576K

Card table byte_map: [0x0000012e969e0000,0x0000012e96bf0000] _byte_map_base: 0x0000012e963e0000

Marking Bits: (ParMarkBitMap*) 0x00007ff82d042250
 Begin Bits: [0x0000012e96d50000, 0x0000012e97d50000)
 End Bits:   [0x0000012e97d50000, 0x0000012e98d50000)

Polling page: 0x0000012e844f0000

Metaspace:

Usage:
  Non-class:     40.77 MB used.
      Class:      4.81 MB used.
       Both:     45.58 MB used.

Virtual space:
  Non-class space:       64.00 MB reserved,      41.44 MB ( 65%) committed,  1 nodes.
      Class space:        1.00 GB reserved,       5.31 MB ( <1%) committed,  1 nodes.
             Both:        1.06 GB reserved,      46.75 MB (  4%) committed. 

Chunk freelists:
   Non-Class:  6.28 MB
       Class:  10.55 MB
        Both:  16.82 MB

MaxMetaspaceSize: unlimited
CompressedClassSpaceSize: 1.00 GB
Initial GC threshold: 21.00 MB
Current GC threshold: 58.38 MB
CDS: on
 - commit_granule_bytes: 65536.
 - commit_granule_words: 8192.
 - virtual_space_node_default_size: 8388608.
 - enlarge_chunks_in_place: 1.
 - use_allocation_guard: 0.


Internal statistics:

num_allocs_failed_limit: 6.
num_arena_births: 798.
num_arena_deaths: 26.
num_vsnodes_births: 2.
num_vsnodes_deaths: 0.
num_space_committed: 748.
num_space_uncommitted: 0.
num_chunks_returned_to_freelist: 35.
num_chunks_taken_from_freelist: 2875.
num_chunk_merges: 13.
num_chunk_splits: 1777.
num_chunks_enlarged: 1044.
num_inconsistent_stats: 0.

CodeHeap 'non-profiled nmethods': size=120000Kb used=3278Kb max_used=3278Kb free=116721Kb
 bounds [0x0000012e8f2d0000, 0x0000012e8f610000, 0x0000012e96800000]
CodeHeap 'profiled nmethods': size=120000Kb used=13036Kb max_used=13036Kb free=106963Kb
 bounds [0x0000012e87800000, 0x0000012e884c0000, 0x0000012e8ed30000]
CodeHeap 'non-nmethods': size=5760Kb used=1381Kb max_used=1430Kb free=4378Kb
 bounds [0x0000012e8ed30000, 0x0000012e8efa0000, 0x0000012e8f2d0000]
 total_blobs=7124 nmethods=6442 adapters=588
 compilation: enabled
              stopped_count=0, restarted_count=0
 full_count=0

Compilation events (20 events):
Event: 14.152 Thread 0x0000012edc35f030 nmethod 7048 0x0000012e884b1310 code [0x0000012e884b14c0, 0x0000012e884b1638]
Event: 14.152 Thread 0x0000012edc35f030 7049       2       java.util.EnumSet::noneOf (63 bytes)
Event: 14.153 Thread 0x0000012edc35f030 nmethod 7049 0x0000012e884b1790 code [0x0000012e884b19c0, 0x0000012e884b1f30]
Event: 14.153 Thread 0x0000012edc35f030 7051       2       java.io.ByteArrayInputStream::close (1 bytes)
Event: 14.153 Thread 0x0000012ee3c0a620 nmethod 6978 0x0000012e8f602710 code [0x0000012e8f6028c0, 0x0000012e8f602cc8]
Event: 14.153 Thread 0x0000012edc35f030 nmethod 7051 0x0000012e884b2290 code [0x0000012e884b2420, 0x0000012e884b2528]
Event: 14.153 Thread 0x0000012ee3c0a620 6993       4       java.util.stream.StreamSpliterators$AbstractWrappingSpliterator::fillBuffer (64 bytes)
Event: 14.153 Thread 0x0000012edc35f030 7050       1       org.eclipse.core.internal.preferences.EclipsePreferences::isLoading (5 bytes)
Event: 14.153 Thread 0x0000012edc35f030 nmethod 7050 0x0000012e8f602f10 code [0x0000012e8f6030a0, 0x0000012e8f603170]
Event: 14.153 Thread 0x0000012edc35f030 7052       2       java.util.ImmutableCollections$AbstractImmutableMap::<init> (5 bytes)
Event: 14.153 Thread 0x0000012edc35f030 nmethod 7052 0x0000012e884b2590 code [0x0000012e884b2720, 0x0000012e884b2828]
Event: 14.153 Thread 0x0000012edc35f030 7053       2       org.eclipse.jdt.internal.core.JavaElement::escapeMementoName (6 bytes)
Event: 14.154 Thread 0x0000012edc35f030 nmethod 7053 0x0000012e884b2910 code [0x0000012e884b2ac0, 0x0000012e884b2be8]
Event: 14.154 Thread 0x0000012edc35f030 7054       2       org.eclipse.jdt.internal.compiler.classfmt.ClassFileReader::isLocal (42 bytes)
Event: 14.154 Thread 0x0000012edc35f030 nmethod 7054 0x0000012e884b2c90 code [0x0000012e884b2e60, 0x0000012e884b3088]
Event: 14.154 Thread 0x0000012edc35f030 7055       2       java.lang.invoke.DirectMethodHandle$Holder::invokeStatic (14 bytes)
Event: 14.154 Thread 0x0000012edc35f030 nmethod 7055 0x0000012e884b3190 code [0x0000012e884b3340, 0x0000012e884b3498]
Event: 14.154 Thread 0x0000012edc35f030 7056       2       java.lang.invoke.LambdaForm$MH/0x0000012e9a0a8400::invoke (35 bytes)
Event: 14.154 Thread 0x0000012edc35f030 nmethod 7056 0x0000012e884b3590 code [0x0000012e884b3760, 0x0000012e884b3970]
Event: 14.154 Thread 0x0000012edc35f030 7058       2       org.eclipse.jdt.internal.core.JavaElement::getElementInfo (18 bytes)

GC Heap History (20 events):
Event: 8.062 GC heap before
{Heap before GC invocations=14 (full 1):
 PSYoungGen      total 23552K, used 9421K [0x00000000eab00000, 0x00000000ec680000, 0x0000000100000000)
  eden space 22016K, 38% used [0x00000000eab00000,0x00000000eb32cf60,0x00000000ec080000)
  from space 1536K, 68% used [0x00000000ec500000,0x00000000ec606590,0x00000000ec680000)
  to   space 1536K, 0% used [0x00000000ec380000,0x00000000ec380000,0x00000000ec500000)
 ParOldGen       total 68608K, used 18625K [0x00000000c0000000, 0x00000000c4300000, 0x00000000eab00000)
  object space 68608K, 27% used [0x00000000c0000000,0x00000000c12306f0,0x00000000c4300000)
 Metaspace       used 34702K, committed 35840K, reserved 1114112K
  class space    used 3493K, committed 3968K, reserved 1048576K
}
Event: 8.065 GC heap after
{Heap after GC invocations=14 (full 1):
 PSYoungGen      total 23552K, used 1453K [0x00000000eab00000, 0x00000000ec580000, 0x0000000100000000)
  eden space 22016K, 0% used [0x00000000eab00000,0x00000000eab00000,0x00000000ec080000)
  from space 1536K, 94% used [0x00000000ec380000,0x00000000ec4eb4e8,0x00000000ec500000)
  to   space 512K, 0% used [0x00000000ec500000,0x00000000ec500000,0x00000000ec580000)
 ParOldGen       total 68608K, used 19373K [0x00000000c0000000, 0x00000000c4300000, 0x00000000eab00000)
  object space 68608K, 28% used [0x00000000c0000000,0x00000000c12eb538,0x00000000c4300000)
 Metaspace       used 34702K, committed 35840K, reserved 1114112K
  class space    used 3493K, committed 3968K, reserved 1048576K
}
Event: 8.065 GC heap before
{Heap before GC invocations=15 (full 2):
 PSYoungGen      total 23552K, used 1453K [0x00000000eab00000, 0x00000000ec580000, 0x0000000100000000)
  eden space 22016K, 0% used [0x00000000eab00000,0x00000000eab00000,0x00000000ec080000)
  from space 1536K, 94% used [0x00000000ec380000,0x00000000ec4eb4e8,0x00000000ec500000)
  to   space 512K, 0% used [0x00000000ec500000,0x00000000ec500000,0x00000000ec580000)
 ParOldGen       total 68608K, used 19373K [0x00000000c0000000, 0x00000000c4300000, 0x00000000eab00000)
  object space 68608K, 28% used [0x00000000c0000000,0x00000000c12eb538,0x00000000c4300000)
 Metaspace       used 34702K, committed 35840K, reserved 1114112K
  class space    used 3493K, committed 3968K, reserved 1048576K
}
Event: 8.117 GC heap after
{Heap after GC invocations=15 (full 2):
 PSYoungGen      total 23552K, used 0K [0x00000000eab00000, 0x00000000ec580000, 0x0000000100000000)
  eden space 22016K, 0% used [0x00000000eab00000,0x00000000eab00000,0x00000000ec080000)
  from space 1536K, 0% used [0x00000000ec380000,0x00000000ec380000,0x00000000ec500000)
  to   space 512K, 0% used [0x00000000ec500000,0x00000000ec500000,0x00000000ec580000)
 ParOldGen       total 68608K, used 19988K [0x00000000c0000000, 0x00000000c4300000, 0x00000000eab00000)
  object space 68608K, 29% used [0x00000000c0000000,0x00000000c1385230,0x00000000c4300000)
 Metaspace       used 34692K, committed 35840K, reserved 1114112K
  class space    used 3490K, committed 3968K, reserved 1048576K
}
Event: 8.360 GC heap before
{Heap before GC invocations=16 (full 2):
 PSYoungGen      total 23552K, used 22016K [0x00000000eab00000, 0x00000000ec580000, 0x0000000100000000)
  eden space 22016K, 100% used [0x00000000eab00000,0x00000000ec080000,0x00000000ec080000)
  from space 1536K, 0% used [0x00000000ec380000,0x00000000ec380000,0x00000000ec500000)
  to   space 512K, 0% used [0x00000000ec500000,0x00000000ec500000,0x00000000ec580000)
 ParOldGen       total 68608K, used 19988K [0x00000000c0000000, 0x00000000c4300000, 0x00000000eab00000)
  object space 68608K, 29% used [0x00000000c0000000,0x00000000c1385230,0x00000000c4300000)
 Metaspace       used 35732K, committed 36864K, reserved 1114112K
  class space    used 3633K, committed 4096K, reserved 1048576K
}
Event: 8.363 GC heap after
{Heap after GC invocations=16 (full 2):
 PSYoungGen      total 22528K, used 512K [0x00000000eab00000, 0x00000000ec580000, 0x0000000100000000)
  eden space 22016K, 0% used [0x00000000eab00000,0x00000000eab00000,0x00000000ec080000)
  from space 512K, 100% used [0x00000000ec500000,0x00000000ec580000,0x00000000ec580000)
  to   space 1536K, 0% used [0x00000000ec280000,0x00000000ec280000,0x00000000ec400000)
 ParOldGen       total 68608K, used 20436K [0x00000000c0000000, 0x00000000c4300000, 0x00000000eab00000)
  object space 68608K, 29% used [0x00000000c0000000,0x00000000c13f5230,0x00000000c4300000)
 Metaspace       used 35732K, committed 36864K, reserved 1114112K
  class space    used 3633K, committed 4096K, reserved 1048576K
}
Event: 8.740 GC heap before
{Heap before GC invocations=17 (full 2):
 PSYoungGen      total 22528K, used 22528K [0x00000000eab00000, 0x00000000ec580000, 0x0000000100000000)
  eden space 22016K, 100% used [0x00000000eab00000,0x00000000ec080000,0x00000000ec080000)
  from space 512K, 100% used [0x00000000ec500000,0x00000000ec580000,0x00000000ec580000)
  to   space 1536K, 0% used [0x00000000ec280000,0x00000000ec280000,0x00000000ec400000)
 ParOldGen       total 68608K, used 20436K [0x00000000c0000000, 0x00000000c4300000, 0x00000000eab00000)
  object space 68608K, 29% used [0x00000000c0000000,0x00000000c13f5230,0x00000000c4300000)
 Metaspace       used 37358K, committed 38464K, reserved 1114112K
  class space    used 3816K, committed 4288K, reserved 1048576K
}
Event: 8.742 GC heap after
{Heap after GC invocations=17 (full 2):
 PSYoungGen      total 23552K, used 955K [0x00000000eab00000, 0x00000000ec580000, 0x0000000100000000)
  eden space 22016K, 0% used [0x00000000eab00000,0x00000000eab00000,0x00000000ec080000)
  from space 1536K, 62% used [0x00000000ec280000,0x00000000ec36ee38,0x00000000ec400000)
  to   space 1024K, 0% used [0x00000000ec480000,0x00000000ec480000,0x00000000ec580000)
 ParOldGen       total 68608K, used 20924K [0x00000000c0000000, 0x00000000c4300000, 0x00000000eab00000)
  object space 68608K, 30% used [0x00000000c0000000,0x00000000c146f230,0x00000000c4300000)
 Metaspace       used 37358K, committed 38464K, reserved 1114112K
  class space    used 3816K, committed 4288K, reserved 1048576K
}
Event: 9.519 GC heap before
{Heap before GC invocations=18 (full 2):
 PSYoungGen      total 23552K, used 22971K [0x00000000eab00000, 0x00000000ec580000, 0x0000000100000000)
  eden space 22016K, 100% used [0x00000000eab00000,0x00000000ec080000,0x00000000ec080000)
  from space 1536K, 62% used [0x00000000ec280000,0x00000000ec36ee38,0x00000000ec400000)
  to   space 1024K, 0% used [0x00000000ec480000,0x00000000ec480000,0x00000000ec580000)
 ParOldGen       total 68608K, used 20924K [0x00000000c0000000, 0x00000000c4300000, 0x00000000eab00000)
  object space 68608K, 30% used [0x00000000c0000000,0x00000000c146f230,0x00000000c4300000)
 Metaspace       used 39844K, committed 40896K, reserved 1114112K
  class space    used 4130K, committed 4544K, reserved 1048576K
}
Event: 9.523 GC heap after
{Heap after GC invocations=18 (full 2):
 PSYoungGen      total 23040K, used 1024K [0x00000000eab00000, 0x00000000ec580000, 0x0000000100000000)
  eden space 22016K, 0% used [0x00000000eab00000,0x00000000eab00000,0x00000000ec080000)
  from space 1024K, 100% used [0x00000000ec480000,0x00000000ec580000,0x00000000ec580000)
  to   space 2048K, 0% used [0x00000000ec180000,0x00000000ec180000,0x00000000ec380000)
 ParOldGen       total 68608K, used 21710K [0x00000000c0000000, 0x00000000c4300000, 0x00000000eab00000)
  object space 68608K, 31% used [0x00000000c0000000,0x00000000c15338e0,0x00000000c4300000)
 Metaspace       used 39844K, committed 40896K, reserved 1114112K
  class space    used 4130K, committed 4544K, reserved 1048576K
}
Event: 10.409 GC heap before
{Heap before GC invocations=19 (full 2):
 PSYoungGen      total 23040K, used 23040K [0x00000000eab00000, 0x00000000ec580000, 0x0000000100000000)
  eden space 22016K, 100% used [0x00000000eab00000,0x00000000ec080000,0x00000000ec080000)
  from space 1024K, 100% used [0x00000000ec480000,0x00000000ec580000,0x00000000ec580000)
  to   space 2048K, 0% used [0x00000000ec180000,0x00000000ec180000,0x00000000ec380000)
 ParOldGen       total 68608K, used 21710K [0x00000000c0000000, 0x00000000c4300000, 0x00000000eab00000)
  object space 68608K, 31% used [0x00000000c0000000,0x00000000c15338e0,0x00000000c4300000)
 Metaspace       used 42461K, committed 43520K, reserved 1114112K
  class space    used 4484K, committed 4928K, reserved 1048576K
}
Event: 10.412 GC heap after
{Heap after GC invocations=19 (full 2):
 PSYoungGen      total 24064K, used 1600K [0x00000000eab00000, 0x00000000ec500000, 0x0000000100000000)
  eden space 22016K, 0% used [0x00000000eab00000,0x00000000eab00000,0x00000000ec080000)
  from space 2048K, 78% used [0x00000000ec180000,0x00000000ec310000,0x00000000ec380000)
  to   space 1536K, 0% used [0x00000000ec380000,0x00000000ec380000,0x00000000ec500000)
 ParOldGen       total 68608K, used 22695K [0x00000000c0000000, 0x00000000c4300000, 0x00000000eab00000)
  object space 68608K, 33% used [0x00000000c0000000,0x00000000c1629f70,0x00000000c4300000)
 Metaspace       used 42461K, committed 43520K, reserved 1114112K
  class space    used 4484K, committed 4928K, reserved 1048576K
}
Event: 11.464 GC heap before
{Heap before GC invocations=20 (full 2):
 PSYoungGen      total 24064K, used 23616K [0x00000000eab00000, 0x00000000ec500000, 0x0000000100000000)
  eden space 22016K, 100% used [0x00000000eab00000,0x00000000ec080000,0x00000000ec080000)
  from space 2048K, 78% used [0x00000000ec180000,0x00000000ec310000,0x00000000ec380000)
  to   space 1536K, 0% used [0x00000000ec380000,0x00000000ec380000,0x00000000ec500000)
 ParOldGen       total 68608K, used 22703K [0x00000000c0000000, 0x00000000c4300000, 0x00000000eab00000)
  object space 68608K, 33% used [0x00000000c0000000,0x00000000c162bfc8,0x00000000c4300000)
 Metaspace       used 44670K, committed 45760K, reserved 1114112K
  class space    used 4724K, committed 5184K, reserved 1048576K
}
Event: 11.469 GC heap after
{Heap after GC invocations=20 (full 2):
 PSYoungGen      total 23552K, used 1472K [0x00000000eab00000, 0x00000000ec500000, 0x0000000100000000)
  eden space 22016K, 0% used [0x00000000eab00000,0x00000000eab00000,0x00000000ec080000)
  from space 1536K, 95% used [0x00000000ec380000,0x00000000ec4f0000,0x00000000ec500000)
  to   space 1536K, 0% used [0x00000000ec200000,0x00000000ec200000,0x00000000ec380000)
 ParOldGen       total 68608K, used 24023K [0x00000000c0000000, 0x00000000c4300000, 0x00000000eab00000)
  object space 68608K, 35% used [0x00000000c0000000,0x00000000c1775fc8,0x00000000c4300000)
 Metaspace       used 44670K, committed 45760K, reserved 1114112K
  class space    used 4724K, committed 5184K, reserved 1048576K
}
Event: 11.955 GC heap before
{Heap before GC invocations=21 (full 2):
 PSYoungGen      total 23552K, used 23488K [0x00000000eab00000, 0x00000000ec500000, 0x0000000100000000)
  eden space 22016K, 100% used [0x00000000eab00000,0x00000000ec080000,0x00000000ec080000)
  from space 1536K, 95% used [0x00000000ec380000,0x00000000ec4f0000,0x00000000ec500000)
  to   space 1536K, 0% used [0x00000000ec200000,0x00000000ec200000,0x00000000ec380000)
 ParOldGen       total 68608K, used 24026K [0x00000000c0000000, 0x00000000c4300000, 0x00000000eab00000)
  object space 68608K, 35% used [0x00000000c0000000,0x00000000c1776890,0x00000000c4300000)
 Metaspace       used 46075K, committed 47232K, reserved 1114112K
  class space    used 4871K, committed 5376K, reserved 1048576K
}
Event: 13.977 GC heap after
{Heap after GC invocations=21 (full 2):
 PSYoungGen      total 23552K, used 1515K [0x00000000eab00000, 0x00000000ec500000, 0x0000000100000000)
  eden space 22016K, 0% used [0x00000000eab00000,0x00000000eab00000,0x00000000ec080000)
  from space 1536K, 98% used [0x00000000ec200000,0x00000000ec37ae90,0x00000000ec380000)
  to   space 1536K, 0% used [0x00000000ec380000,0x00000000ec380000,0x00000000ec500000)
 ParOldGen       total 68608K, used 26633K [0x00000000c0000000, 0x00000000c4300000, 0x00000000eab00000)
  object space 68608K, 38% used [0x00000000c0000000,0x00000000c1a02700,0x00000000c4300000)
 Metaspace       used 46075K, committed 47232K, reserved 1114112K
  class space    used 4871K, committed 5376K, reserved 1048576K
}
Event: 14.042 GC heap before
{Heap before GC invocations=22 (full 2):
 PSYoungGen      total 23552K, used 23531K [0x00000000eab00000, 0x00000000ec500000, 0x0000000100000000)
  eden space 22016K, 100% used [0x00000000eab00000,0x00000000ec080000,0x00000000ec080000)
  from space 1536K, 98% used [0x00000000ec200000,0x00000000ec37ae90,0x00000000ec380000)
  to   space 1536K, 0% used [0x00000000ec380000,0x00000000ec380000,0x00000000ec500000)
 ParOldGen       total 68608K, used 26633K [0x00000000c0000000, 0x00000000c4300000, 0x00000000eab00000)
  object space 68608K, 38% used [0x00000000c0000000,0x00000000c1a02700,0x00000000c4300000)
 Metaspace       used 46466K, committed 47552K, reserved 1114112K
  class space    used 4909K, committed 5376K, reserved 1048576K
}
Event: 14.045 GC heap after
{Heap after GC invocations=22 (full 2):
 PSYoungGen      total 22528K, used 1521K [0x00000000eab00000, 0x00000000ec880000, 0x0000000100000000)
  eden space 20992K, 0% used [0x00000000eab00000,0x00000000eab00000,0x00000000ebf80000)
  from space 1536K, 99% used [0x00000000ec380000,0x00000000ec4fc410,0x00000000ec500000)
  to   space 4096K, 0% used [0x00000000ebf80000,0x00000000ebf80000,0x00000000ec380000)
 ParOldGen       total 68608K, used 28783K [0x00000000c0000000, 0x00000000c4300000, 0x00000000eab00000)
  object space 68608K, 41% used [0x00000000c0000000,0x00000000c1c1bed8,0x00000000c4300000)
 Metaspace       used 46466K, committed 47552K, reserved 1114112K
  class space    used 4909K, committed 5376K, reserved 1048576K
}
Event: 14.099 GC heap before
{Heap before GC invocations=23 (full 2):
 PSYoungGen      total 22528K, used 22513K [0x00000000eab00000, 0x00000000ec880000, 0x0000000100000000)
  eden space 20992K, 100% used [0x00000000eab00000,0x00000000ebf80000,0x00000000ebf80000)
  from space 1536K, 99% used [0x00000000ec380000,0x00000000ec4fc410,0x00000000ec500000)
  to   space 4096K, 0% used [0x00000000ebf80000,0x00000000ebf80000,0x00000000ec380000)
 ParOldGen       total 68608K, used 28783K [0x00000000c0000000, 0x00000000c4300000, 0x00000000eab00000)
  object space 68608K, 41% used [0x00000000c0000000,0x00000000c1c1bed8,0x00000000c4300000)
 Metaspace       used 46591K, committed 47808K, reserved 1114112K
  class space    used 4918K, committed 5440K, reserved 1048576K
}
Event: 14.101 GC heap after
{Heap after GC invocations=23 (full 2):
 PSYoungGen      total 24064K, used 2698K [0x00000000eab00000, 0x00000000ec680000, 0x0000000100000000)
  eden space 20992K, 0% used [0x00000000eab00000,0x00000000eab00000,0x00000000ebf80000)
  from space 3072K, 87% used [0x00000000ebf80000,0x00000000ec222ae0,0x00000000ec280000)
  to   space 3584K, 0% used [0x00000000ec300000,0x00000000ec300000,0x00000000ec680000)
 ParOldGen       total 68608K, used 30191K [0x00000000c0000000, 0x00000000c4300000, 0x00000000eab00000)
  object space 68608K, 44% used [0x00000000c0000000,0x00000000c1d7bed8,0x00000000c4300000)
 Metaspace       used 46591K, committed 47808K, reserved 1114112K
  class space    used 4918K, committed 5440K, reserved 1048576K
}

Dll operation events (10 events):
Event: 0.029 Loaded shared library c:\Users\hhp\.vscode\extensions\redhat.java-1.39.0-win32-x64\jre\21.0.5-win32-x86_64\bin\java.dll
Event: 0.252 Loaded shared library c:\Users\hhp\.vscode\extensions\redhat.java-1.39.0-win32-x64\jre\21.0.5-win32-x86_64\bin\zip.dll
Event: 0.302 Loaded shared library C:\Users\hhp\.vscode\extensions\redhat.java-1.39.0-win32-x64\jre\21.0.5-win32-x86_64\bin\instrument.dll
Event: 0.310 Loaded shared library C:\Users\hhp\.vscode\extensions\redhat.java-1.39.0-win32-x64\jre\21.0.5-win32-x86_64\bin\net.dll
Event: 0.316 Loaded shared library C:\Users\hhp\.vscode\extensions\redhat.java-1.39.0-win32-x64\jre\21.0.5-win32-x86_64\bin\nio.dll
Event: 0.323 Loaded shared library C:\Users\hhp\.vscode\extensions\redhat.java-1.39.0-win32-x64\jre\21.0.5-win32-x86_64\bin\zip.dll
Event: 0.358 Loaded shared library C:\Users\hhp\.vscode\extensions\redhat.java-1.39.0-win32-x64\jre\21.0.5-win32-x86_64\bin\jimage.dll
Event: 0.604 Loaded shared library c:\Users\hhp\.vscode\extensions\redhat.java-1.39.0-win32-x64\jre\21.0.5-win32-x86_64\bin\verify.dll
Event: 2.847 Loaded shared library C:\Users\hhp\AppData\Roaming\Code\User\globalStorage\redhat.java\1.39.0\config_win\org.eclipse.equinox.launcher\org.eclipse.equinox.launcher.win32.win32.x86_64_1.2.1100.v20240722-2106\eclipse_11904.dll
Event: 5.128 Loaded shared library C:\Users\hhp\AppData\Local\Temp\jna-103280\jna7702616083772243012.dll

Deoptimization events (20 events):
Event: 14.011 Thread 0x0000012ee164eb90 DEOPT PACKING pc=0x0000012e8f552000 sp=0x0000002823dfd440
Event: 14.011 Thread 0x0000012ee164eb90 DEOPT UNPACKING pc=0x0000012e8ed83aa2 sp=0x0000002823dfd400 mode 2
Event: 14.014 Thread 0x0000012ee164eb90 Uncommon trap: trap_request=0xffffffbe fr.pc=0x0000012e8f552000 relative=0x0000000000000de0
Event: 14.014 Thread 0x0000012ee164eb90 Uncommon trap: reason=profile_predicate action=maybe_recompile pc=0x0000012e8f552000 method=java.util.TimSort.binarySort([Ljava/lang/Object;IIILjava/util/Comparator;)V @ 34 c2
Event: 14.014 Thread 0x0000012ee164eb90 DEOPT PACKING pc=0x0000012e8f552000 sp=0x0000002823dfd440
Event: 14.014 Thread 0x0000012ee164eb90 DEOPT UNPACKING pc=0x0000012e8ed83aa2 sp=0x0000002823dfd400 mode 2
Event: 14.035 Thread 0x0000012ee164eb90 Uncommon trap: trap_request=0xffffffbe fr.pc=0x0000012e8f552000 relative=0x0000000000000de0
Event: 14.035 Thread 0x0000012ee164eb90 Uncommon trap: reason=profile_predicate action=maybe_recompile pc=0x0000012e8f552000 method=java.util.TimSort.binarySort([Ljava/lang/Object;IIILjava/util/Comparator;)V @ 34 c2
Event: 14.035 Thread 0x0000012ee164eb90 DEOPT PACKING pc=0x0000012e8f552000 sp=0x0000002823dfd440
Event: 14.035 Thread 0x0000012ee164eb90 DEOPT UNPACKING pc=0x0000012e8ed83aa2 sp=0x0000002823dfd400 mode 2
Event: 14.099 Thread 0x0000012ee164e500 Uncommon trap: trap_request=0xffffff6e fr.pc=0x0000012e8f5fb39c relative=0x00000000000003dc
Event: 14.099 Thread 0x0000012ee164e500 Uncommon trap: reason=loop_limit_check action=maybe_recompile pc=0x0000012e8f5fb39c method=org.eclipse.jdt.internal.compiler.classfmt.ClassFileStruct.utf8At(II)[C @ 143 c2
Event: 14.101 Thread 0x0000012ee164e500 DEOPT PACKING pc=0x0000012e8f5fb39c sp=0x0000002823cfeb80
Event: 14.101 Thread 0x0000012ee164e500 DEOPT UNPACKING pc=0x0000012e8ed83aa2 sp=0x0000002823cfeb18 mode 2
Event: 14.116 Thread 0x0000012ee164e500 DEOPT PACKING pc=0x0000012e88463e35 sp=0x0000002823cfeb20
Event: 14.116 Thread 0x0000012ee164e500 DEOPT UNPACKING pc=0x0000012e8ed84242 sp=0x0000002823cfdfc8 mode 0
Event: 14.119 Thread 0x0000012ee164eb90 DEOPT PACKING pc=0x0000012e882f5746 sp=0x0000002823dfceb0
Event: 14.119 Thread 0x0000012ee164eb90 DEOPT UNPACKING pc=0x0000012e8ed84242 sp=0x0000002823dfc430 mode 0
Event: 14.150 Thread 0x0000012ee164e500 DEOPT PACKING pc=0x0000012e8845b130 sp=0x0000002823cfea20
Event: 14.150 Thread 0x0000012ee164e500 DEOPT UNPACKING pc=0x0000012e8ed84242 sp=0x0000002823cfde68 mode 0

Classes loaded (20 events):
Event: 11.558 Loading class java/nio/ByteBufferAsIntBufferL
Event: 11.558 Loading class java/nio/ByteBufferAsIntBufferL done
Event: 11.571 Loading class jdk/internal/jimage/ImageReader$Directory
Event: 11.572 Loading class jdk/internal/jimage/ImageReader$Directory done
Event: 11.689 Loading class java/nio/file/FileTreeWalker$DirectoryNode
Event: 11.689 Loading class java/nio/file/FileTreeWalker$DirectoryNode done
Event: 11.689 Loading class java/nio/file/FileTreeWalker$Event
Event: 11.690 Loading class java/nio/file/FileTreeWalker$Event done
Event: 11.690 Loading class java/nio/file/FileTreeWalker$EventType
Event: 11.690 Loading class java/nio/file/FileTreeWalker$EventType done
Event: 11.690 Loading class java/nio/file/Files$3
Event: 11.690 Loading class java/nio/file/Files$3 done
Event: 11.690 Loading class java/nio/file/FileVisitResult
Event: 11.691 Loading class java/nio/file/FileVisitResult done
Event: 11.807 Loading class java/nio/channels/Channels$ReadableByteChannelImpl
Event: 11.808 Loading class java/nio/channels/Channels$ReadableByteChannelImpl done
Event: 11.810 Loading class java/nio/channels/NonWritableChannelException
Event: 11.810 Loading class java/nio/channels/NonWritableChannelException done
Event: 11.904 Loading class java/util/AbstractList$ListItr
Event: 11.904 Loading class java/util/AbstractList$ListItr done

Classes unloaded (13 events):
Event: 6.195 Thread 0x0000012e844eeba0 Unloading class 0x0000012e9a194c00 'java/lang/invoke/LambdaForm$MH+0x0000012e9a194c00'
Event: 6.195 Thread 0x0000012e844eeba0 Unloading class 0x0000012e9a194800 'java/lang/invoke/LambdaForm$MH+0x0000012e9a194800'
Event: 6.195 Thread 0x0000012e844eeba0 Unloading class 0x0000012e9a194400 'java/lang/invoke/LambdaForm$MH+0x0000012e9a194400'
Event: 6.195 Thread 0x0000012e844eeba0 Unloading class 0x0000012e9a194000 'java/lang/invoke/LambdaForm$MH+0x0000012e9a194000'
Event: 6.195 Thread 0x0000012e844eeba0 Unloading class 0x0000012e9a193c00 'java/lang/invoke/LambdaForm$BMH+0x0000012e9a193c00'
Event: 6.195 Thread 0x0000012e844eeba0 Unloading class 0x0000012e9a193800 'java/lang/invoke/LambdaForm$DMH+0x0000012e9a193800'
Event: 6.195 Thread 0x0000012e844eeba0 Unloading class 0x0000012e9a192400 'java/lang/invoke/LambdaForm$DMH+0x0000012e9a192400'
Event: 8.076 Thread 0x0000012e844eeba0 Unloading class 0x0000012e9a304800 'java/lang/invoke/LambdaForm$MH+0x0000012e9a304800'
Event: 8.076 Thread 0x0000012e844eeba0 Unloading class 0x0000012e9a303400 'java/lang/invoke/LambdaForm$MH+0x0000012e9a303400'
Event: 8.076 Thread 0x0000012e844eeba0 Unloading class 0x0000012e9a302c00 'java/lang/invoke/LambdaForm$MH+0x0000012e9a302c00'
Event: 8.076 Thread 0x0000012e844eeba0 Unloading class 0x0000012e9a302400 'java/lang/invoke/LambdaForm$MH+0x0000012e9a302400'
Event: 8.076 Thread 0x0000012e844eeba0 Unloading class 0x0000012e9a302000 'java/lang/invoke/LambdaForm$DMH+0x0000012e9a302000'
Event: 8.076 Thread 0x0000012e844eeba0 Unloading class 0x0000012e9a301400 'java/lang/invoke/LambdaForm$MH+0x0000012e9a301400'

Classes redefined (0 events):
No events

Internal exceptions (20 events):
Event: 10.988 Thread 0x0000012ee164eb90 Exception <a 'sun/nio/fs/WindowsException'{0x00000000eb943950}> (0x00000000eb943950) 
thrown [s\src\hotspot\share\prims\jni.cpp, line 520]
Event: 10.988 Thread 0x0000012ee164eb90 Exception <a 'sun/nio/fs/WindowsException'{0x00000000eb944028}> (0x00000000eb944028) 
thrown [s\src\hotspot\share\prims\jni.cpp, line 520]
Event: 11.329 Thread 0x0000012ee164eb90 Exception <a 'sun/nio/fs/WindowsException'{0x00000000ebbc9280}> (0x00000000ebbc9280) 
thrown [s\src\hotspot\share\prims\jni.cpp, line 520]
Event: 11.329 Thread 0x0000012ee164eb90 Exception <a 'sun/nio/fs/WindowsException'{0x00000000ebbc9c20}> (0x00000000ebbc9c20) 
thrown [s\src\hotspot\share\prims\jni.cpp, line 520]
Event: 11.331 Thread 0x0000012ee164eb90 Exception <a 'sun/nio/fs/WindowsException'{0x00000000ebbccb68}> (0x00000000ebbccb68) 
thrown [s\src\hotspot\share\prims\jni.cpp, line 520]
Event: 11.331 Thread 0x0000012ee164eb90 Exception <a 'sun/nio/fs/WindowsException'{0x00000000ebbcd480}> (0x00000000ebbcd480) 
thrown [s\src\hotspot\share\prims\jni.cpp, line 520]
Event: 11.333 Thread 0x0000012ee164eb90 Exception <a 'sun/nio/fs/WindowsException'{0x00000000ebbcf570}> (0x00000000ebbcf570) 
thrown [s\src\hotspot\share\prims\jni.cpp, line 520]
Event: 11.333 Thread 0x0000012ee164eb90 Exception <a 'sun/nio/fs/WindowsException'{0x00000000ebbcfc48}> (0x00000000ebbcfc48) 
thrown [s\src\hotspot\share\prims\jni.cpp, line 520]
Event: 11.336 Thread 0x0000012ee164eb90 Exception <a 'java/io/FileNotFoundException'{0x00000000ebbd35e8}> (0x00000000ebbd35e8) 
thrown [s\src\hotspot\share\prims\jni.cpp, line 520]
Event: 11.345 Thread 0x0000012ee164eb90 Exception <a 'sun/nio/fs/WindowsException'{0x00000000ebbf2168}> (0x00000000ebbf2168) 
thrown [s\src\hotspot\share\prims\jni.cpp, line 520]
Event: 11.490 Thread 0x0000012ee164e500 Implicit null exception at 0x0000012e8f553caa to 0x0000012e8f553f74
Event: 11.491 Thread 0x0000012ee164e500 Exception <a 'java/lang/NoSuchMethodError'{0x00000000eabff010}: 'java.lang.Object java.lang.invoke.DelegatingMethodHandle$Holder.reinvoke_L(java.lang.Object, int, long, java.lang.Object, java.lang.Object, int, java.lang.Object)'> (0x00000000eabff010) 
thrown [s\src\hotspot\share\interpreter\linkResolver.cpp, line 773]
Event: 11.703 Thread 0x0000012ee164eb90 Exception <a 'sun/nio/fs/WindowsException'{0x00000000eb48af68}> (0x00000000eb48af68) 
thrown [s\src\hotspot\share\prims\jni.cpp, line 520]
Event: 11.703 Thread 0x0000012ee164eb90 Exception <a 'sun/nio/fs/WindowsException'{0x00000000eb48b8f0}> (0x00000000eb48b8f0) 
thrown [s\src\hotspot\share\prims\jni.cpp, line 520]
Event: 11.787 Thread 0x0000012ee164eb90 Exception <a 'java/lang/NoSuchMethodError'{0x00000000eb7f0740}: 'java.lang.Object java.lang.invoke.Invokers$Holder.invoke_MT(java.lang.Object, java.lang.Object, java.lang.Object, java.lang.Object, java.lang.Object, java.lang.Object, java.lang.Object, java.lang.Object, java.lang.Object, java.lang.Object)'> (0x00000000eb7f0740) 
thrown [s\src\hotspot\share\interpreter\linkResolver.cpp, line 773]
Event: 11.910 Thread 0x0000012ee164e500 Exception <a 'java/io/FileNotFoundException'{0x00000000ebcc5110}> (0x00000000ebcc5110) 
thrown [s\src\hotspot\share\prims\jni.cpp, line 520]
Event: 11.911 Thread 0x0000012ee164e500 Exception <a 'java/io/FileNotFoundException'{0x00000000ebcc6360}> (0x00000000ebcc6360) 
thrown [s\src\hotspot\share\prims\jni.cpp, line 520]
Event: 11.918 Thread 0x0000012ee164e500 Exception <a 'java/lang/NoSuchMethodError'{0x00000000ebcf3df8}: 'java.lang.Object java.lang.invoke.DirectMethodHandle$Holder.newInvokeSpecial(java.lang.Object, java.lang.Object, java.lang.Object, int)'> (0x00000000ebcf3df8) 
thrown [s\src\hotspot\share\interpreter\linkResolver.cpp, line 773]
Event: 11.919 Thread 0x0000012ee164e500 Exception <a 'java/lang/NoSuchMethodError'{0x00000000ebd0e1f0}: 'java.lang.Object java.lang.invoke.DirectMethodHandle$Holder.invokeSpecial(java.lang.Object, java.lang.Object, java.lang.Object, java.lang.Object, int)'> (0x00000000ebd0e1f0) 
thrown [s\src\hotspot\share\interpreter\linkResolver.cpp, line 773]
Event: 11.920 Thread 0x0000012ee164e500 Exception <a 'java/lang/NoSuchMethodError'{0x00000000ebd11698}: 'java.lang.Object java.lang.invoke.Invokers$Holder.linkToTargetMethod(java.lang.Object, java.lang.Object, int, java.lang.Object)'> (0x00000000ebd11698) 
thrown [s\src\hotspot\share\interpreter\linkResolver.cpp, line 773]

ZGC Phase Switch (0 events):
No events

VM Operations (20 events):
Event: 11.445 Executing VM operation: HandshakeAllThreads (Deoptimize) done
Event: 11.463 Executing VM operation: ParallelGCFailedAllocation (Allocation Failure)
Event: 11.463 Executing VM operation: ParallelGCFailedAllocation (Allocation Failure) done
Event: 11.464 Executing VM operation: ParallelGCSystemGC (GCLocker Initiated GC)
Event: 11.469 Executing VM operation: ParallelGCSystemGC (GCLocker Initiated GC) done
Event: 11.560 Executing VM operation: HandshakeAllThreads (Deoptimize)
Event: 11.560 Executing VM operation: HandshakeAllThreads (Deoptimize) done
Event: 11.562 Executing VM operation: HandshakeAllThreads (Deoptimize)
Event: 11.562 Executing VM operation: HandshakeAllThreads (Deoptimize) done
Event: 11.688 Executing VM operation: HandshakeAllThreads (Deoptimize)
Event: 11.688 Executing VM operation: HandshakeAllThreads (Deoptimize) done
Event: 11.905 Executing VM operation: HandshakeAllThreads (Deoptimize)
Event: 11.906 Executing VM operation: HandshakeAllThreads (Deoptimize) done
Event: 11.954 Executing VM operation: ParallelGCFailedAllocation (Allocation Failure)
Event: 13.977 Executing VM operation: ParallelGCFailedAllocation (Allocation Failure) done
Event: 14.041 Executing VM operation: ParallelGCFailedAllocation (Allocation Failure)
Event: 14.045 Executing VM operation: ParallelGCFailedAllocation (Allocation Failure) done
Event: 14.099 Executing VM operation: ParallelGCFailedAllocation (Allocation Failure)
Event: 14.101 Executing VM operation: ParallelGCFailedAllocation (Allocation Failure) done
Event: 15.102 Executing VM operation: Cleanup

Memory protections (0 events):
No events

Nmethod flushes (20 events):
Event: 8.089 Thread 0x0000012e844eeba0 flushing  nmethod 0x0000012e87eaba10
Event: 8.089 Thread 0x0000012e844eeba0 flushing  nmethod 0x0000012e87eac310
Event: 8.089 Thread 0x0000012e844eeba0 flushing  nmethod 0x0000012e87ead510
Event: 8.089 Thread 0x0000012e844eeba0 flushing  nmethod 0x0000012e87eadd10
Event: 8.089 Thread 0x0000012e844eeba0 flushing  nmethod 0x0000012e87eae490
Event: 8.089 Thread 0x0000012e844eeba0 flushing  nmethod 0x0000012e87eafe10
Event: 8.089 Thread 0x0000012e844eeba0 flushing  nmethod 0x0000012e87eb0990
Event: 8.089 Thread 0x0000012e844eeba0 flushing  nmethod 0x0000012e87eb1290
Event: 8.089 Thread 0x0000012e844eeba0 flushing  nmethod 0x0000012e87eb1f90
Event: 8.089 Thread 0x0000012e844eeba0 flushing  nmethod 0x0000012e87eb3690
Event: 8.089 Thread 0x0000012e844eeba0 flushing  nmethod 0x0000012e87eb4610
Event: 8.089 Thread 0x0000012e844eeba0 flushing  nmethod 0x0000012e87eb5490
Event: 8.089 Thread 0x0000012e844eeba0 flushing  nmethod 0x0000012e87ec1190
Event: 8.089 Thread 0x0000012e844eeba0 flushing  nmethod 0x0000012e87edf710
Event: 8.089 Thread 0x0000012e844eeba0 flushing  nmethod 0x0000012e87ee2f90
Event: 8.089 Thread 0x0000012e844eeba0 flushing  nmethod 0x0000012e87ef9490
Event: 8.089 Thread 0x0000012e844eeba0 flushing  nmethod 0x0000012e87f2c590
Event: 8.089 Thread 0x0000012e844eeba0 flushing  nmethod 0x0000012e87f2db90
Event: 8.089 Thread 0x0000012e844eeba0 flushing  nmethod 0x0000012e87f6b890
Event: 8.089 Thread 0x0000012e844eeba0 flushing  nmethod 0x0000012e87f82b90

Events (20 events):
Event: 7.859 Thread 0x0000012ee164d150 Thread added: 0x0000012ee4b8bed0
Event: 7.928 Thread 0x0000012e8442d1b0 Thread added: 0x0000012ee4b8b840
Event: 7.929 Thread 0x0000012e8442d1b0 Thread added: 0x0000012ee4b8b1b0
Event: 7.930 Thread 0x0000012e8442d1b0 Thread added: 0x0000012ee4b8d910
Event: 7.930 Thread 0x0000012e8442d1b0 Thread added: 0x0000012ee4b8cbf0
Event: 7.931 Thread 0x0000012e8442d1b0 Thread added: 0x0000012ee4b8d280
Event: 7.931 Thread 0x0000012e8442d1b0 Thread added: 0x0000012ee4b8dfa0
Event: 7.932 Thread 0x0000012e8442d1b0 Thread added: 0x0000012ee4b8e630
Event: 7.932 Thread 0x0000012e8442d1b0 Thread added: 0x0000012ee4b8c560
Event: 7.932 Thread 0x0000012e8442d1b0 Thread added: 0x0000012ee4b8ecc0
Event: 7.933 Thread 0x0000012e8442d1b0 Thread added: 0x0000012ee4b91ab0
Event: 7.933 Thread 0x0000012e8442d1b0 Thread added: 0x0000012ee4b8f350
Event: 7.933 Thread 0x0000012e8442d1b0 Thread added: 0x0000012ee4b927d0
Event: 7.933 Thread 0x0000012e8442d1b0 Thread added: 0x0000012ee4b92140
Event: 7.980 Thread 0x0000012e8442d1b0 Thread added: 0x0000012ee4b8f9e0
Event: 8.536 Thread 0x0000012e8442d1b0 Thread added: 0x0000012ee4b90d90
Event: 8.537 Thread 0x0000012e8442d1b0 Thread added: 0x0000012ee4b90070
Event: 11.139 Thread 0x0000012ee1c24fd0 Thread exited: 0x0000012ee1c24fd0
Event: 11.368 Thread 0x0000012ee11babf0 Thread exited: 0x0000012ee11babf0
Event: 14.014 Thread 0x0000012edc35f030 Thread added: 0x0000012ee3c0a620


Dynamic libraries:
0x00007ff7aaf20000 - 0x00007ff7aaf2e000 	c:\Users\hhp\.vscode\extensions\redhat.java-1.39.0-win32-x64\jre\21.0.5-win32-x86_64\bin\java.exe
0x00007ff8f6aa0000 - 0x00007ff8f6d03000 	C:\WINDOWS\SYSTEM32\ntdll.dll
0x00007ff8f5a50000 - 0x00007ff8f5b17000 	C:\WINDOWS\System32\KERNEL32.DLL
0x00007ff8f43e0000 - 0x00007ff8f47a7000 	C:\WINDOWS\System32\KERNELBASE.dll
0x00007ff8f4290000 - 0x00007ff8f43dc000 	C:\WINDOWS\System32\ucrtbase.dll
0x00007ff8ccde0000 - 0x00007ff8ccdfe000 	c:\Users\hhp\.vscode\extensions\redhat.java-1.39.0-win32-x64\jre\21.0.5-win32-x86_64\bin\VCRUNTIME140.dll
0x00007ff8cdc40000 - 0x00007ff8cdc58000 	c:\Users\hhp\.vscode\extensions\redhat.java-1.39.0-win32-x64\jre\21.0.5-win32-x86_64\bin\jli.dll
0x00007ff8f53c0000 - 0x00007ff8f5589000 	C:\WINDOWS\System32\USER32.dll
0x00007ff8f40e0000 - 0x00007ff8f4107000 	C:\WINDOWS\System32\win32u.dll
0x00007ff8f5a20000 - 0x00007ff8f5a4a000 	C:\WINDOWS\System32\GDI32.dll
0x00007ff8f47b0000 - 0x00007ff8f48db000 	C:\WINDOWS\System32\gdi32full.dll
0x00007ff8ceaa0000 - 0x00007ff8ced30000 	C:\WINDOWS\WinSxS\amd64_microsoft.windows.common-controls_6595b64144ccf1df_6.0.26100.3037_none_3e09262ce333c378\COMCTL32.dll
0x00007ff8f5160000 - 0x00007ff8f5209000 	C:\WINDOWS\System32\msvcrt.dll
0x00007ff8f4030000 - 0x00007ff8f40d3000 	C:\WINDOWS\System32\msvcp_win.dll
0x00007ff8f58d0000 - 0x00007ff8f58ff000 	C:\WINDOWS\System32\IMM32.DLL
0x00007ff8eea10000 - 0x00007ff8eea1c000 	c:\Users\hhp\.vscode\extensions\redhat.java-1.39.0-win32-x64\jre\21.0.5-win32-x86_64\bin\vcruntime140_1.dll
0x00007ff8a7bb0000 - 0x00007ff8a7c3d000 	c:\Users\hhp\.vscode\extensions\redhat.java-1.39.0-win32-x64\jre\21.0.5-win32-x86_64\bin\msvcp140.dll
0x00007ff82c390000 - 0x00007ff82d11f000 	c:\Users\hhp\.vscode\extensions\redhat.java-1.39.0-win32-x64\jre\21.0.5-win32-x86_64\bin\server\jvm.dll
0x00007ff8f4910000 - 0x00007ff8f49c4000 	C:\WINDOWS\System32\ADVAPI32.dll
0x00007ff8f5210000 - 0x00007ff8f52b6000 	C:\WINDOWS\System32\sechost.dll
0x00007ff8f61c0000 - 0x00007ff8f62d6000 	C:\WINDOWS\System32\RPCRT4.dll
0x00007ff8f6300000 - 0x00007ff8f6374000 	C:\WINDOWS\System32\WS2_32.dll
0x00007ff8f3cd0000 - 0x00007ff8f3d1e000 	C:\WINDOWS\SYSTEM32\POWRPROF.dll
0x00007ff8e98a0000 - 0x00007ff8e98d6000 	C:\WINDOWS\SYSTEM32\WINMM.dll
0x00007ff8e09f0000 - 0x00007ff8e09fb000 	C:\WINDOWS\SYSTEM32\VERSION.dll
0x00007ff8f3cb0000 - 0x00007ff8f3cc4000 	C:\WINDOWS\SYSTEM32\UMPDC.dll
0x00007ff8f2c70000 - 0x00007ff8f2c8a000 	C:\WINDOWS\SYSTEM32\kernel.appcore.dll
0x00007ff8d7f20000 - 0x00007ff8d7f2a000 	c:\Users\hhp\.vscode\extensions\redhat.java-1.39.0-win32-x64\jre\21.0.5-win32-x86_64\bin\jimage.dll
0x00007ff8f1610000 - 0x00007ff8f1851000 	C:\WINDOWS\SYSTEM32\DBGHELP.DLL
0x00007ff8f5cc0000 - 0x00007ff8f603e000 	C:\WINDOWS\System32\combase.dll
0x00007ff8f57f0000 - 0x00007ff8f58c6000 	C:\WINDOWS\System32\OLEAUT32.dll
0x00007ff8cd8c0000 - 0x00007ff8cd8f9000 	C:\WINDOWS\SYSTEM32\dbgcore.DLL
0x00007ff8f3f00000 - 0x00007ff8f3f99000 	C:\WINDOWS\System32\bcryptPrimitives.dll
0x00007ff8cc5f0000 - 0x00007ff8cc5ff000 	c:\Users\hhp\.vscode\extensions\redhat.java-1.39.0-win32-x64\jre\21.0.5-win32-x86_64\bin\instrument.dll
0x00007ff8cb380000 - 0x00007ff8cb39f000 	c:\Users\hhp\.vscode\extensions\redhat.java-1.39.0-win32-x64\jre\21.0.5-win32-x86_64\bin\java.dll
0x00007ff8f49d0000 - 0x00007ff8f50d4000 	C:\WINDOWS\System32\SHELL32.dll
0x00007ff8f1a00000 - 0x00007ff8f2237000 	C:\WINDOWS\SYSTEM32\windows.storage.dll
0x00007ff8f6970000 - 0x00007ff8f6a59000 	C:\WINDOWS\System32\SHCORE.dll
0x00007ff8f6380000 - 0x00007ff8f63dd000 	C:\WINDOWS\System32\shlwapi.dll
0x00007ff8f3d50000 - 0x00007ff8f3d7e000 	C:\WINDOWS\SYSTEM32\profapi.dll
0x00007ff8d2710000 - 0x00007ff8d2728000 	c:\Users\hhp\.vscode\extensions\redhat.java-1.39.0-win32-x64\jre\21.0.5-win32-x86_64\bin\zip.dll
0x00007ff8d7ec0000 - 0x00007ff8d7ed0000 	C:\Users\hhp\.vscode\extensions\redhat.java-1.39.0-win32-x64\jre\21.0.5-win32-x86_64\bin\net.dll
0x00007ff8ea3c0000 - 0x00007ff8ea4de000 	C:\WINDOWS\SYSTEM32\WINHTTP.dll
0x00007ff8f3180000 - 0x00007ff8f31e8000 	C:\WINDOWS\system32\mswsock.dll
0x00007ff8bd860000 - 0x00007ff8bd876000 	C:\Users\hhp\.vscode\extensions\redhat.java-1.39.0-win32-x64\jre\21.0.5-win32-x86_64\bin\nio.dll
0x00007ff8bb3f0000 - 0x00007ff8bb400000 	c:\Users\hhp\.vscode\extensions\redhat.java-1.39.0-win32-x64\jre\21.0.5-win32-x86_64\bin\verify.dll
0x00007ff8a8dd0000 - 0x00007ff8a8e15000 	C:\Users\hhp\AppData\Roaming\Code\User\globalStorage\redhat.java\1.39.0\config_win\org.eclipse.equinox.launcher\org.eclipse.equinox.launcher.win32.win32.x86_64_1.2.1100.v20240722-2106\eclipse_11904.dll
0x00007ff8f5b20000 - 0x00007ff8f5cb5000 	C:\WINDOWS\System32\ole32.dll
0x00007ff8f3420000 - 0x00007ff8f343c000 	C:\WINDOWS\SYSTEM32\CRYPTSP.dll
0x00007ff8f2bd0000 - 0x00007ff8f2c08000 	C:\WINDOWS\system32\rsaenh.dll
0x00007ff8f3220000 - 0x00007ff8f324b000 	C:\WINDOWS\SYSTEM32\USERENV.dll
0x00007ff8f3660000 - 0x00007ff8f3686000 	C:\WINDOWS\SYSTEM32\bcrypt.dll
0x00007ff8f3440000 - 0x00007ff8f344c000 	C:\WINDOWS\SYSTEM32\CRYPTBASE.dll
0x00007ff8f2670000 - 0x00007ff8f26a2000 	C:\WINDOWS\SYSTEM32\IPHLPAPI.DLL
0x00007ff8f5340000 - 0x00007ff8f534a000 	C:\WINDOWS\System32\NSI.dll
0x00007ff8a8010000 - 0x00007ff8a8059000 	C:\Users\hhp\AppData\Local\Temp\jna-103280\jna7702616083772243012.dll
0x00007ff8f5a10000 - 0x00007ff8f5a18000 	C:\WINDOWS\System32\PSAPI.DLL
0x00007ff8eba20000 - 0x00007ff8eba3f000 	C:\WINDOWS\SYSTEM32\dhcpcsvc6.DLL
0x00007ff8eb970000 - 0x00007ff8eb995000 	C:\WINDOWS\SYSTEM32\dhcpcsvc.DLL

dbghelp: loaded successfully - version: 4.0.5 - missing functions: none
symbol engine: initialized successfully - sym options: 0x614 - pdb path: .;c:\Users\hhp\.vscode\extensions\redhat.java-1.39.0-win32-x64\jre\21.0.5-win32-x86_64\bin;C:\WINDOWS\SYSTEM32;C:\WINDOWS\WinSxS\amd64_microsoft.windows.common-controls_6595b64144ccf1df_6.0.26100.3037_none_3e09262ce333c378;c:\Users\hhp\.vscode\extensions\redhat.java-1.39.0-win32-x64\jre\21.0.5-win32-x86_64\bin\server;C:\Users\hhp\AppData\Roaming\Code\User\globalStorage\redhat.java\1.39.0\config_win\org.eclipse.equinox.launcher\org.eclipse.equinox.launcher.win32.win32.x86_64_1.2.1100.v20240722-2106;C:\Users\hhp\AppData\Local\Temp\jna-103280

VM Arguments:
jvm_args: --add-modules=ALL-SYSTEM --add-opens=java.base/java.util=ALL-UNNAMED --add-opens=java.base/java.lang=ALL-UNNAMED --add-opens=java.base/sun.nio.fs=ALL-UNNAMED -Declipse.application=org.eclipse.jdt.ls.core.id1 -Dosgi.bundles.defaultStartLevel=4 -Declipse.product=org.eclipse.jdt.ls.core.product -Djava.import.generatesMetadataFilesAtProjectRoot=false -DDetectVMInstallationsJob.disabled=true -Dfile.encoding=utf8 -XX:+UseParallelGC -XX:GCTimeRatio=4 -XX:AdaptiveSizePolicyWeight=90 -Dsun.zip.disableMemoryMapping=true -Xmx1G -Xms100m -Xlog:disable -javaagent:c:\Users\hhp\.vscode\extensions\redhat.java-1.39.0-win32-x64\lombok\lombok-1.18.34.jar -XX:+HeapDumpOnOutOfMemoryError -XX:HeapDumpPath=c:\Users\hhp\AppData\Roaming\Code\User\workspaceStorage\14c17b81feb02420379e559635737696\redhat.java -Daether.dependencyCollector.impl=bf 
java_command: c:\Users\hhp\.vscode\extensions\redhat.java-1.39.0-win32-x64\server\plugins\org.eclipse.equinox.launcher_1.6.900.v20240613-2009.jar -configuration c:\Users\hhp\AppData\Roaming\Code\User\globalStorage\redhat.java\1.39.0\config_win -data c:\Users\hhp\AppData\Roaming\Code\User\workspaceStorage\14c17b81feb02420379e559635737696\redhat.java\jdt_ws --pipe=\\.\pipe\lsp-250e76a6da4eb816379a85718675a584-sock
java_class_path (initial): c:\Users\hhp\.vscode\extensions\redhat.java-1.39.0-win32-x64\server\plugins\org.eclipse.equinox.launcher_1.6.900.v20240613-2009.jar
Launcher Type: SUN_STANDARD

[Global flags]
    uintx AdaptiveSizePolicyWeight                 = 90                                        {product} {command line}
     intx CICompilerCount                          = 4                                         {product} {ergonomic}
    uintx GCTimeRatio                              = 4                                         {product} {command line}
     bool HeapDumpOnOutOfMemoryError               = true                                   {manageable} {command line}
    ccstr HeapDumpPath                             = c:\Users\hhp\AppData\Roaming\Code\User\workspaceStorage\14c17b81feb02420379e559635737696\redhat.java         {manageable} {command line}
   size_t InitialHeapSize                          = 104857600                                 {product} {command line}
   size_t MaxHeapSize                              = 1073741824                                {product} {command line}
   size_t MaxNewSize                               = 357564416                                 {product} {ergonomic}
   size_t MinHeapDeltaBytes                        = 524288                                    {product} {ergonomic}
   size_t MinHeapSize                              = 104857600                                 {product} {command line}
   size_t NewSize                                  = 34603008                                  {product} {ergonomic}
    uintx NonNMethodCodeHeapSize                   = 5839372                                {pd product} {ergonomic}
    uintx NonProfiledCodeHeapSize                  = 122909434                              {pd product} {ergonomic}
   size_t OldSize                                  = 70254592                                  {product} {ergonomic}
    uintx ProfiledCodeHeapSize                     = 122909434                              {pd product} {ergonomic}
    uintx ReservedCodeCacheSize                    = 251658240                              {pd product} {ergonomic}
     bool SegmentedCodeCache                       = true                                      {product} {ergonomic}
   size_t SoftMaxHeapSize                          = 1073741824                             {manageable} {ergonomic}
     bool UseCompressedOops                        = true                           {product lp64_product} {ergonomic}
     bool UseLargePagesIndividualAllocation        = false                                  {pd product} {ergonomic}
     bool UseParallelGC                            = true                                      {product} {command line}

Logging:
Log output configuration:
 #0: stdout all=off uptime,level,tags foldmultilines=false
 #1: stderr all=off uptime,level,tags foldmultilines=false

Environment Variables:
JAVA_HOME=C:\Program Files\OpenLogic\jdk-17.0.14.7-hotspot
PATH=C:\Program Files\OpenLogic\jdk-17.0.14.7-hotspot\bin;C:\WINDOWS\system32;C:\WINDOWS;C:\WINDOWS\System32\Wbem;C:\WINDOWS\System32\WindowsPowerShell\v1.0\;C:\WINDOWS\System32\OpenSSH\;C:\MinGW\bin;C:\Program Files\Git\cmd;C:\Program Files (x86)\Microsoft SQL Server\160\Tools\Binn\;C:\Program Files\Microsoft SQL Server\160\Tools\Binn\;C:\Program Files\Microsoft SQL Server\Client SDK\ODBC\170\Tools\Binn\;C:\Program Files\Microsoft SQL Server\160\DTS\Binn\;C:\Program Files (x86)\Microsoft SQL Server\160\DTS\Binn\;C:\Program Files\Azure Data Studio\bin;C:\Program Files\MongoDB\Server\7.0\bin;C:\mongosh-1.10.6-win32-x64\bin;C:\Program Files\nodejs\;C:\ProgramData\chocolatey\bin;C:\Users\hhp\AppData\Local\Android\Sdk;C:\Users\hhp\AppData\Local\Android\Sdk\platform-tools;C:\Users\hhp\AppData\Local\Android\Sdk\emulator;C:\Users\hhp\AppData\Local\Android\Sdk\build-tools;C:\Users\hhp\AppData\Local\Android\Sdk\platforms;C:\Users\hhp\AppData\Local\Microsoft\WindowsApps;C:\Users\hhp\AppData\Local\Programs\Microsoft VS Code\bin;C:\Program Files\nodejs;C:\Program Files\Azure Data Studio\bin;C:\Users\hhp\AppData\Local\GitHubDesktop\bin;C:\Users\hhp\AppData\Roaming\npm;C:\Program Files\OpenLogic\jdk-17.0.14.7-hotspot\bin;C:\Users\hhp\AppData\Local\Android\Sdk;C:\Users\hhp\AppData\Local\Android\Sdk\platform-tools;C:\Users\hhp\AppData\Local\Android\Sdk\emulator;C:\Users\hhp\AppData\Local\Android\Sdk\build-tools;C:\Users\hhp\AppData\Local\Android\Sdk\platforms;
USERNAME=hhp
OS=Windows_NT
PROCESSOR_IDENTIFIER=Intel64 Family 6 Model 154 Stepping 4, GenuineIntel
TMP=C:\Users\hhp\AppData\Local\Temp
TEMP=C:\Users\hhp\AppData\Local\Temp




Periodic native trim disabled

---------------  S Y S T E M  ---------------

OS:
 Windows 11 , 64 bit Build 26100 (10.0.26100.3037)
OS uptime: 0 days 10:38 hours
Hyper-V role detected

CPU: total 12 (initial active 12) (6 cores per cpu, 2 threads per core) family 6 model 154 stepping 4 microcode 0x42c, cx8, cmov, fxsr, ht, mmx, 3dnowpref, sse, sse2, sse3, ssse3, sse4.1, sse4.2, popcnt, lzcnt, tsc, tscinvbit, avx, avx2, aes, erms, clmul, bmi1, bmi2, adx, sha, fma, vzeroupper, clflush, clflushopt, clwb, hv, serialize, rdtscp, rdpid, fsrm, f16c, cet_ibt, cet_ss
Processor Information for processor 0
  Max Mhz: 1300, Current Mhz: 1300, Mhz Limit: 1300
Processor Information for processor 1
  Max Mhz: 1300, Current Mhz: 1300, Mhz Limit: 1300
Processor Information for processor 2
  Max Mhz: 1300, Current Mhz: 1300, Mhz Limit: 1300
Processor Information for processor 3
  Max Mhz: 1300, Current Mhz: 1300, Mhz Limit: 1300
Processor Information for processor 4
  Max Mhz: 1300, Current Mhz: 900, Mhz Limit: 897
Processor Information for processor 5
  Max Mhz: 1300, Current Mhz: 900, Mhz Limit: 897
Processor Information for processor 6
  Max Mhz: 1300, Current Mhz: 900, Mhz Limit: 897
Processor Information for processor 7
  Max Mhz: 1300, Current Mhz: 900, Mhz Limit: 897
Processor Information for processor 8
  Max Mhz: 1300, Current Mhz: 900, Mhz Limit: 897
Processor Information for processor 9
  Max Mhz: 1300, Current Mhz: 900, Mhz Limit: 897
Processor Information for processor 10
  Max Mhz: 1300, Current Mhz: 900, Mhz Limit: 897
Processor Information for processor 11
  Max Mhz: 1300, Current Mhz: 900, Mhz Limit: 897

Memory: 4k page, system-wide physical 16055M (838M free)
TotalPageFile size 60251M (AvailPageFile size 5M)
current process WorkingSet (physical memory assigned to process): 241M, peak: 241M
current process commit charge ("private bytes"): 322M, peak: 324M

vm_info: OpenJDK 64-Bit Server VM (21.0.5+11-LTS) for windows-amd64 JRE (21.0.5+11-LTS), built on 2024-10-15T00:00:00Z by "admin" with MS VC++ 17.7 (VS2022)

END.
