#
# There is insufficient memory for the Java Runtime Environment to continue.
# Native memory allocation (malloc) failed to allocate 838256 bytes. Error detail: Chunk::new
# Possible reasons:
#   The system is out of physical RAM or swap space
#   This process is running with CompressedOops enabled, and the Java Heap may be blocking the growth of the native heap
# Possible solutions:
#   Reduce memory load on the system
#   Increase physical memory or swap space
#   Check if swap backing store is full
#   Decrease Java heap size (-Xmx/-Xms)
#   Decrease number of Java threads
#   Decrease Java thread stack sizes (-Xss)
#   Set larger code cache with -XX:ReservedCodeCacheSize=
#   JVM is running with Unscaled Compressed Oops mode in which the Java heap is
#     placed in the first 4GB address space. The Java Heap base address is the
#     maximum limit for the native heap growth. Please use -XX:HeapBaseMinAddress
#     to set the Java Heap base and to place the Java Heap above 4GB virtual address.
# This output file may be truncated or incomplete.
#
#  Out of Memory Error (arena.cpp:168), pid=10544, tid=18676
#
# JRE version: OpenJDK Runtime Environment Temurin-21.0.5+11 (21.0.5+11) (build 21.0.5+11-LTS)
# Java VM: OpenJDK 64-Bit Server VM Temurin-21.0.5+11 (21.0.5+11-LTS, mixed mode, sharing, tiered, compressed oops, compressed class ptrs, parallel gc, windows-amd64)
# No core dump will be written. Minidumps are not enabled by default on client versions of Windows
#

---------------  S U M M A R Y ------------

Command Line: --add-modules=ALL-SYSTEM --add-opens=java.base/java.util=ALL-UNNAMED --add-opens=java.base/java.lang=ALL-UNNAMED --add-opens=java.base/sun.nio.fs=ALL-UNNAMED -Declipse.application=org.eclipse.jdt.ls.core.id1 -Dosgi.bundles.defaultStartLevel=4 -Declipse.product=org.eclipse.jdt.ls.core.product -Djava.import.generatesMetadataFilesAtProjectRoot=false -DDetectVMInstallationsJob.disabled=true -Dfile.encoding=utf8 -XX:+UseParallelGC -XX:GCTimeRatio=4 -XX:AdaptiveSizePolicyWeight=90 -Dsun.zip.disableMemoryMapping=true -Xmx1G -Xms100m -Xlog:disable -javaagent:c:\Users\hhp\.vscode\extensions\redhat.java-1.39.0-win32-x64\lombok\lombok-1.18.34.jar -XX:+HeapDumpOnOutOfMemoryError -XX:HeapDumpPath=c:\Users\hhp\AppData\Roaming\Code\User\workspaceStorage\14c17b81feb02420379e559635737696\redhat.java -Daether.dependencyCollector.impl=bf c:\Users\hhp\.vscode\extensions\redhat.java-1.39.0-win32-x64\server\plugins\org.eclipse.equinox.launcher_1.6.900.v20240613-2009.jar -configuration c:\Users\hhp\AppData\Roaming\Code\User\globalStorage\redhat.java\1.39.0\config_win -data c:\Users\hhp\AppData\Roaming\Code\User\workspaceStorage\14c17b81feb02420379e559635737696\redhat.java\jdt_ws --pipe=\\.\pipe\lsp-9e8cca98e10eec8b8701e470a8878c86-sock

Host: 12th Gen Intel(R) Core(TM) i5-1235U, 12 cores, 15G,  Windows 11 , 64 bit Build 26100 (10.0.26100.3037)
Time: Mon Feb  3 22:43:53 2025 India Standard Time elapsed time: 9.104139 seconds (0d 0h 0m 9s)

---------------  T H R E A D  ---------------

Current thread (0x0000026b75274960):  JavaThread "C2 CompilerThread1" daemon [_thread_in_native, id=18676, stack(0x000000e5f7e00000,0x000000e5f7f00000) (1024K)]


Current CompileTask:
C2:9104 4443   !   4       org.eclipse.osgi.internal.loader.classpath.ClasspathManager::findClassImpl (308 bytes)

Stack: [0x000000e5f7e00000,0x000000e5f7f00000]
Native frames: (J=compiled Java code, j=interpreted, Vv=VM code, C=native code)
V  [jvm.dll+0x6cd4e9]
V  [jvm.dll+0x8a7941]
V  [jvm.dll+0x8a9e6e]
V  [jvm.dll+0x8aa543]
V  [jvm.dll+0x27f6d6]
V  [jvm.dll+0xc500d]
V  [jvm.dll+0xc5543]
V  [jvm.dll+0x2f2a9d]
V  [jvm.dll+0x5f67ea]
V  [jvm.dll+0x250b82]
V  [jvm.dll+0x250f3f]
V  [jvm.dll+0x249814]
V  [jvm.dll+0x246ea4]
V  [jvm.dll+0x1c75ce]
V  [jvm.dll+0x25682a]
V  [jvm.dll+0x254dca]
V  [jvm.dll+0x3f00d6]
V  [jvm.dll+0x8514fb]
V  [jvm.dll+0x6cbbed]
C  [ucrtbase.dll+0x37b0]
C  [KERNEL32.DLL+0x2e8d7]
C  [ntdll.dll+0xbbf2c]


---------------  P R O C E S S  ---------------

Threads class SMR info:
_java_thread_list=0x0000026b7b9e6ce0, length=42, elements={
0x0000026b1d3ebac0, 0x0000026b75220080, 0x0000026b75222c40, 0x0000026b75228f90,
0x0000026b75229d90, 0x0000026b7522b700, 0x0000026b75235fd0, 0x0000026b75263550,
0x0000026b75274290, 0x0000026b75349670, 0x0000026b755986f0, 0x0000026b75ca0c10,
0x0000026b7a08ed70, 0x0000026b7a40b340, 0x0000026b75c63790, 0x0000026b7aadf190,
0x0000026b7a86d070, 0x0000026b75274960, 0x0000026b7a634170, 0x0000026b7a631a10,
0x0000026b7a633ae0, 0x0000026b7a632dc0, 0x0000026b7a631380, 0x0000026b7a630cf0,
0x0000026b75275030, 0x0000026b7a6320a0, 0x0000026b7a633450, 0x0000026b7a632730,
0x0000026b7dda4d90, 0x0000026b7dda7b80, 0x0000026b7dda67d0, 0x0000026b7dda6e60,
0x0000026b7dda6140, 0x0000026b7dda4700, 0x0000026b7dda5420, 0x0000026b7dda5ab0,
0x0000026b7dda74f0, 0x0000026b7e0dd400, 0x0000026b7e0dc050, 0x0000026b7e0dc6e0,
0x0000026b7e0e01f0, 0x0000026b7e0de120
}

Java Threads: ( => current thread )
  0x0000026b1d3ebac0 JavaThread "main"                              [_thread_in_vm, id=24440, stack(0x000000e5f7100000,0x000000e5f7200000) (1024K)]
  0x0000026b75220080 JavaThread "Reference Handler"          daemon [_thread_blocked, id=404, stack(0x000000e5f7500000,0x000000e5f7600000) (1024K)]
  0x0000026b75222c40 JavaThread "Finalizer"                  daemon [_thread_blocked, id=19552, stack(0x000000e5f7600000,0x000000e5f7700000) (1024K)]
  0x0000026b75228f90 JavaThread "Signal Dispatcher"          daemon [_thread_blocked, id=3332, stack(0x000000e5f7700000,0x000000e5f7800000) (1024K)]
  0x0000026b75229d90 JavaThread "Attach Listener"            daemon [_thread_blocked, id=24476, stack(0x000000e5f7800000,0x000000e5f7900000) (1024K)]
  0x0000026b7522b700 JavaThread "Service Thread"             daemon [_thread_blocked, id=14912, stack(0x000000e5f7900000,0x000000e5f7a00000) (1024K)]
  0x0000026b75235fd0 JavaThread "Monitor Deflation Thread"   daemon [_thread_blocked, id=16308, stack(0x000000e5f7a00000,0x000000e5f7b00000) (1024K)]
  0x0000026b75263550 JavaThread "C2 CompilerThread0"         daemon [_thread_in_native, id=23832, stack(0x000000e5f7b00000,0x000000e5f7c00000) (1024K)]
  0x0000026b75274290 JavaThread "C1 CompilerThread0"         daemon [_thread_in_native, id=13700, stack(0x000000e5f7c00000,0x000000e5f7d00000) (1024K)]
  0x0000026b75349670 JavaThread "Common-Cleaner"             daemon [_thread_blocked, id=24224, stack(0x000000e5f7d00000,0x000000e5f7e00000) (1024K)]
  0x0000026b755986f0 JavaThread "Notification Thread"        daemon [_thread_blocked, id=23424, stack(0x000000e5f7f00000,0x000000e5f8000000) (1024K)]
  0x0000026b75ca0c10 JavaThread "Active Thread: Equinox Container: 4c5a1b64-806e-4cc4-996e-faab6aded3d3"        [_thread_blocked, id=21664, stack(0x000000e5f8700000,0x000000e5f8800000) (1024K)]
  0x0000026b7a08ed70 JavaThread "Refresh Thread: Equinox Container: 4c5a1b64-806e-4cc4-996e-faab6aded3d3" daemon [_thread_blocked, id=18620, stack(0x000000e5f8800000,0x000000e5f8900000) (1024K)]
  0x0000026b7a40b340 JavaThread "Framework Event Dispatcher: Equinox Container: 4c5a1b64-806e-4cc4-996e-faab6aded3d3" daemon [_thread_blocked, id=24300, stack(0x000000e5f8a00000,0x000000e5f8b00000) (1024K)]
  0x0000026b75c63790 JavaThread "Start Level: Equinox Container: 4c5a1b64-806e-4cc4-996e-faab6aded3d3" daemon [_thread_blocked, id=4496, stack(0x000000e5f8b00000,0x000000e5f8c00000) (1024K)]
  0x0000026b7aadf190 JavaThread "Bundle File Closer"         daemon [_thread_blocked, id=18712, stack(0x000000e5f8c00000,0x000000e5f8d00000) (1024K)]
  0x0000026b7a86d070 JavaThread "SCR Component Actor"        daemon [_thread_blocked, id=24336, stack(0x000000e5f8f00000,0x000000e5f9000000) (1024K)]
=>0x0000026b75274960 JavaThread "C2 CompilerThread1"         daemon [_thread_in_native, id=18676, stack(0x000000e5f7e00000,0x000000e5f7f00000) (1024K)]
  0x0000026b7a634170 JavaThread "Worker-JM"                         [_thread_blocked, id=1392, stack(0x000000e5f8000000,0x000000e5f8100000) (1024K)]
  0x0000026b7a631a10 JavaThread "JNA Cleaner"                daemon [_thread_blocked, id=10700, stack(0x000000e5f9200000,0x000000e5f9300000) (1024K)]
  0x0000026b7a633ae0 JavaThread "Worker-0: Repository registry initialization"        [_thread_blocked, id=3844, stack(0x000000e5f9300000,0x000000e5f9400000) (1024K)]
  0x0000026b7a632dc0 JavaThread "Worker-1: Updating Maven Dependencies"        [_thread_in_native, id=24140, stack(0x000000e5f9400000,0x000000e5f9500000) (1024K)]
  0x0000026b7a631380 JavaThread "Java indexing"              daemon [_thread_blocked, id=2436, stack(0x000000e5f9100000,0x000000e5f9200000) (1024K)]
  0x0000026b7a630cf0 JavaThread "Worker-2: Initialize After Load"        [_thread_blocked, id=18912, stack(0x000000e5f9500000,0x000000e5f9600000) (1024K)]
  0x0000026b75275030 JavaThread "C2 CompilerThread2"         daemon [_thread_in_native, id=20388, stack(0x000000e5f9600000,0x000000e5f9700000) (1024K)]
  0x0000026b7a6320a0 JavaThread "Worker-3"                          [_thread_blocked, id=2548, stack(0x000000e5f9700000,0x000000e5f9800000) (1024K)]
  0x0000026b7a633450 JavaThread "Worker-4: Load persistent model for all projects"        [_thread_in_Java, id=19436, stack(0x000000e5f9a00000,0x000000e5f9b00000) (1024K)]
  0x0000026b7a632730 JavaThread "Worker-5"                          [_thread_blocked, id=24208, stack(0x000000e5f9b00000,0x000000e5f9c00000) (1024K)]
  0x0000026b7dda4d90 JavaThread "Thread-2"                   daemon [_thread_in_native, id=21452, stack(0x000000e5f9c00000,0x000000e5f9d00000) (1024K)]
  0x0000026b7dda7b80 JavaThread "Thread-3"                   daemon [_thread_in_native, id=7056, stack(0x000000e5f9d00000,0x000000e5f9e00000) (1024K)]
  0x0000026b7dda67d0 JavaThread "Thread-4"                   daemon [_thread_in_native, id=20688, stack(0x000000e5f9e00000,0x000000e5f9f00000) (1024K)]
  0x0000026b7dda6e60 JavaThread "Thread-5"                   daemon [_thread_in_native, id=18272, stack(0x000000e5f9f00000,0x000000e5fa000000) (1024K)]
  0x0000026b7dda6140 JavaThread "Thread-6"                   daemon [_thread_in_native, id=24288, stack(0x000000e5fa000000,0x000000e5fa100000) (1024K)]
  0x0000026b7dda4700 JavaThread "Thread-7"                   daemon [_thread_in_native, id=5068, stack(0x000000e5fa100000,0x000000e5fa200000) (1024K)]
  0x0000026b7dda5420 JavaThread "Thread-8"                   daemon [_thread_in_native, id=8088, stack(0x000000e5fa200000,0x000000e5fa300000) (1024K)]
  0x0000026b7dda5ab0 JavaThread "Thread-9"                   daemon [_thread_in_native, id=19528, stack(0x000000e5fa300000,0x000000e5fa400000) (1024K)]
  0x0000026b7dda74f0 JavaThread "Thread-10"                  daemon [_thread_in_native, id=22008, stack(0x000000e5fa400000,0x000000e5fa500000) (1024K)]
  0x0000026b7e0dd400 JavaThread "Thread-11"                  daemon [_thread_in_native, id=24196, stack(0x000000e5fa500000,0x000000e5fa600000) (1024K)]
  0x0000026b7e0dc050 JavaThread "Thread-12"                  daemon [_thread_in_native, id=22928, stack(0x000000e5fa600000,0x000000e5fa700000) (1024K)]
  0x0000026b7e0dc6e0 JavaThread "Thread-13"                  daemon [_thread_in_native, id=21340, stack(0x000000e5fa700000,0x000000e5fa800000) (1024K)]
  0x0000026b7e0e01f0 JavaThread "Thread-14"                  daemon [_thread_in_native, id=14148, stack(0x000000e5fa800000,0x000000e5fa900000) (1024K)]
  0x0000026b7e0de120 JavaThread "pool-2-thread-1"                   [_thread_blocked, id=3380, stack(0x000000e5fa900000,0x000000e5faa00000) (1024K)]
Total: 42

Other Threads:
  0x0000026b1d4ae790 VMThread "VM Thread"                           [id=21176, stack(0x000000e5f7400000,0x000000e5f7500000) (1024K)]
  0x0000026b730dca00 WatcherThread "VM Periodic Task Thread"        [id=18500, stack(0x000000e5f7300000,0x000000e5f7400000) (1024K)]
  0x0000026b1d40b0a0 WorkerThread "GC Thread#0"                     [id=21352, stack(0x000000e5f7200000,0x000000e5f7300000) (1024K)]
  0x0000026b75d98410 WorkerThread "GC Thread#1"                     [id=16536, stack(0x000000e5f8100000,0x000000e5f8200000) (1024K)]
  0x0000026b75d987b0 WorkerThread "GC Thread#2"                     [id=14616, stack(0x000000e5f8200000,0x000000e5f8300000) (1024K)]
  0x0000026b75d98b50 WorkerThread "GC Thread#3"                     [id=23008, stack(0x000000e5f8300000,0x000000e5f8400000) (1024K)]
  0x0000026b7a014310 WorkerThread "GC Thread#4"                     [id=22692, stack(0x000000e5f8400000,0x000000e5f8500000) (1024K)]
  0x0000026b7a0146b0 WorkerThread "GC Thread#5"                     [id=864, stack(0x000000e5f8500000,0x000000e5f8600000) (1024K)]
  0x0000026b7a014a50 WorkerThread "GC Thread#6"                     [id=24332, stack(0x000000e5f8600000,0x000000e5f8700000) (1024K)]
  0x0000026b7a342280 WorkerThread "GC Thread#7"                     [id=15812, stack(0x000000e5f8900000,0x000000e5f8a00000) (1024K)]
  0x0000026b7a6e5ad0 WorkerThread "GC Thread#8"                     [id=22568, stack(0x000000e5f8d00000,0x000000e5f8e00000) (1024K)]
  0x0000026b7a6e6210 WorkerThread "GC Thread#9"                     [id=6516, stack(0x000000e5f8e00000,0x000000e5f8f00000) (1024K)]
Total: 12

Threads with active compile tasks:
C2 CompilerThread0  12178 4486       4       org.eclipse.core.internal.watson.ElementTreeIterator::requestPath (100 bytes)
C1 CompilerThread0  12178 4592       2       com.sun.org.apache.xerces.internal.util.XMLAttributesImpl::addAttribute (679 bytes)
C2 CompilerThread1  12179 4443   !   4       org.eclipse.osgi.internal.loader.classpath.ClasspathManager::findClassImpl (308 bytes)
C2 CompilerThread2  12179 4445       4       org.eclipse.osgi.internal.serviceregistry.ServiceRegistry::notifyHooksPrivileged (58 bytes)
Total: 4

VM state: not at safepoint (normal execution)

VM Mutex/Monitor currently owned by a thread:  ([mutex/lock_event])
[0x00007ff82d03d280] CodeCache_lock - owner thread: 0x0000000000000000

Heap address: 0x00000000c0000000, size: 1024 MB, Compressed Oops mode: 32-bit

CDS archive(s) mapped at: [0x0000026b32000000-0x0000026b32ba0000-0x0000026b32ba0000), size 12189696, SharedBaseAddress: 0x0000026b32000000, ArchiveRelocationMode: 1.
Compressed class space mapped at: 0x0000026b33000000-0x0000026b73000000, reserved size: 1073741824
Narrow klass base: 0x0000026b32000000, Narrow klass shift: 0, Narrow klass range: 0x100000000

GC Precious Log:
 CardTable entry size: 512
 CPUs: 12 total, 12 available
 Memory: 16055M
 Large Page Support: Disabled
 NUMA Support: Disabled
 Compressed Oops: Enabled (32-bit)
 Alignments: Space 512K, Generation 512K, Heap 2M
 Heap Min Capacity: 100M
 Heap Initial Capacity: 100M
 Heap Max Capacity: 1G
 Pre-touch: Disabled
 Parallel Workers: 10

Heap:
 PSYoungGen      total 23552K, used 4580K [0x00000000eab00000, 0x00000000ec780000, 0x0000000100000000)
  eden space 22016K, 13% used [0x00000000eab00000,0x00000000eadfd310,0x00000000ec080000)
  from space 1536K, 98% used [0x00000000ec600000,0x00000000ec77c010,0x00000000ec780000)
  to   space 2048K, 0% used [0x00000000ec380000,0x00000000ec380000,0x00000000ec580000)
 ParOldGen       total 68608K, used 18810K [0x00000000c0000000, 0x00000000c4300000, 0x00000000eab00000)
  object space 68608K, 27% used [0x00000000c0000000,0x00000000c125ea20,0x00000000c4300000)
 Metaspace       used 34418K, committed 35520K, reserved 1114112K
  class space    used 3461K, committed 3968K, reserved 1048576K

Card table byte_map: [0x0000026b2f940000,0x0000026b2fb50000] _byte_map_base: 0x0000026b2f340000

Marking Bits: (ParMarkBitMap*) 0x00007ff82d042250
 Begin Bits: [0x0000026b2fcb0000, 0x0000026b30cb0000)
 End Bits:   [0x0000026b30cb0000, 0x0000026b31cb0000)

Polling page: 0x0000026b1bb40000

Metaspace:

Usage:
  Non-class:     30.23 MB used.
      Class:      3.38 MB used.
       Both:     33.61 MB used.

Virtual space:
  Non-class space:       64.00 MB reserved,      30.81 MB ( 48%) committed,  1 nodes.
      Class space:        1.00 GB reserved,       3.88 MB ( <1%) committed,  1 nodes.
             Both:        1.06 GB reserved,      34.69 MB (  3%) committed. 

Chunk freelists:
   Non-Class:  848.00 KB
       Class:  12.15 MB
        Both:  12.98 MB

MaxMetaspaceSize: unlimited
CompressedClassSpaceSize: 1.00 GB
Initial GC threshold: 21.00 MB
Current GC threshold: 35.00 MB
CDS: on
 - commit_granule_bytes: 65536.
 - commit_granule_words: 8192.
 - virtual_space_node_default_size: 8388608.
 - enlarge_chunks_in_place: 1.
 - use_allocation_guard: 0.


Internal statistics:

num_allocs_failed_limit: 3.
num_arena_births: 712.
num_arena_deaths: 14.
num_vsnodes_births: 2.
num_vsnodes_deaths: 0.
num_space_committed: 555.
num_space_uncommitted: 0.
num_chunks_returned_to_freelist: 17.
num_chunks_taken_from_freelist: 2182.
num_chunk_merges: 9.
num_chunk_splits: 1368.
num_chunks_enlarged: 821.
num_inconsistent_stats: 0.

CodeHeap 'non-profiled nmethods': size=120000Kb used=2158Kb max_used=2158Kb free=117841Kb
 bounds [0x0000026b28230000, 0x0000026b284a0000, 0x0000026b2f760000]
CodeHeap 'profiled nmethods': size=120000Kb used=9505Kb max_used=9505Kb free=110494Kb
 bounds [0x0000026b20760000, 0x0000026b210b0000, 0x0000026b27c90000]
CodeHeap 'non-nmethods': size=5760Kb used=1355Kb max_used=1396Kb free=4404Kb
 bounds [0x0000026b27c90000, 0x0000026b27f00000, 0x0000026b28230000]
 total_blobs=5210 nmethods=4561 adapters=555
 compilation: enabled
              stopped_count=0, restarted_count=0
 full_count=0

Compilation events (20 events):
Event: 7.047 Thread 0x0000026b75274290 4537       3       java.lang.reflect.Executable::getAnnotation (23 bytes)
Event: 7.050 Thread 0x0000026b75274290 nmethod 4537 0x0000026b2108cf90 code [0x0000026b2108d1c0, 0x0000026b2108d850]
Event: 7.050 Thread 0x0000026b75274290 4541       3       java.lang.Integer::parseInt (264 bytes)
Event: 7.058 Thread 0x0000026b75274290 nmethod 4541 0x0000026b2108da90 code [0x0000026b2108df00, 0x0000026b2108fc18]
Event: 7.059 Thread 0x0000026b75274290 4551       3       java.lang.AbstractStringBuilder::appendChars (130 bytes)
Event: 7.062 Thread 0x0000026b75274290 nmethod 4551 0x0000026b21090890 code [0x0000026b21090aa0, 0x0000026b21091000]
Event: 7.063 Thread 0x0000026b75274290 4544       3       java.io.StringWriter::write (11 bytes)
Event: 7.064 Thread 0x0000026b75274290 nmethod 4544 0x0000026b21091290 code [0x0000026b21091440, 0x0000026b210916f8]
Event: 7.065 Thread 0x0000026b75274290 4557       3       com.sun.org.apache.xml.internal.serializer.ToStream::escapingNotNeeded (51 bytes)
Event: 7.066 Thread 0x0000026b75274290 nmethod 4557 0x0000026b21091810 code [0x0000026b210919e0, 0x0000026b21091d98]
Event: 7.067 Thread 0x0000026b75274290 4552       2       com.google.gson.stream.JsonReader::nextQuotedValue (294 bytes)
Event: 7.070 Thread 0x0000026b75274290 nmethod 4552 0x0000026b21091f10 code [0x0000026b21092180, 0x0000026b21092958]
Event: 7.071 Thread 0x0000026b75274290 4564       3       com.google.gson.internal.LinkedTreeMap::find (284 bytes)
Event: 7.075 Thread 0x0000026b75274290 nmethod 4564 0x0000026b21092e90 code [0x0000026b210931a0, 0x0000026b21094320]
Event: 7.077 Thread 0x0000026b75274290 4566       3       com.google.gson.internal.LinkedTreeMap::rebalance (379 bytes)
Event: 7.079 Thread 0x0000026b75274290 nmethod 4566 0x0000026b21094910 code [0x0000026b21094b80, 0x0000026b21095508]
Event: 7.081 Thread 0x0000026b75274290 4571       3       jdk.internal.org.objectweb.asm.SymbolTable::addConstantUtf8 (98 bytes)
Event: 7.082 Thread 0x0000026b75263550 4486       4       org.eclipse.core.internal.watson.ElementTreeIterator::requestPath (100 bytes)
Event: 7.083 Thread 0x0000026b75274290 nmethod 4571 0x0000026b21095810 code [0x0000026b21095a40, 0x0000026b21096020]
Event: 7.083 Thread 0x0000026b75274290 4550       2       com.google.gson.stream.JsonReader::nextNonWhitespace (354 bytes)

GC Heap History (20 events):
Event: 2.871 GC heap before
{Heap before GC invocations=3 (full 0):
 PSYoungGen      total 29696K, used 29668K [0x00000000eab00000, 0x00000000ecc00000, 0x0000000100000000)
  eden space 25600K, 100% used [0x00000000eab00000,0x00000000ec400000,0x00000000ec400000)
  from space 4096K, 99% used [0x00000000ec800000,0x00000000ecbf91b8,0x00000000ecc00000)
  to   space 4096K, 0% used [0x00000000ec400000,0x00000000ec400000,0x00000000ec800000)
 ParOldGen       total 68608K, used 1744K [0x00000000c0000000, 0x00000000c4300000, 0x00000000eab00000)
  object space 68608K, 2% used [0x00000000c0000000,0x00000000c01b4208,0x00000000c4300000)
 Metaspace       used 9154K, committed 9536K, reserved 1114112K
  class space    used 919K, committed 1088K, reserved 1048576K
}
Event: 2.881 GC heap after
{Heap after GC invocations=3 (full 0):
 PSYoungGen      total 29696K, used 4078K [0x00000000eab00000, 0x00000000ecc00000, 0x0000000100000000)
  eden space 25600K, 0% used [0x00000000eab00000,0x00000000eab00000,0x00000000ec400000)
  from space 4096K, 99% used [0x00000000ec400000,0x00000000ec7fbb18,0x00000000ec800000)
  to   space 4096K, 0% used [0x00000000ec800000,0x00000000ec800000,0x00000000ecc00000)
 ParOldGen       total 68608K, used 5824K [0x00000000c0000000, 0x00000000c4300000, 0x00000000eab00000)
  object space 68608K, 8% used [0x00000000c0000000,0x00000000c05b0048,0x00000000c4300000)
 Metaspace       used 9154K, committed 9536K, reserved 1114112K
  class space    used 919K, committed 1088K, reserved 1048576K
}
Event: 3.650 GC heap before
{Heap before GC invocations=4 (full 0):
 PSYoungGen      total 29696K, used 29678K [0x00000000eab00000, 0x00000000ecc00000, 0x0000000100000000)
  eden space 25600K, 100% used [0x00000000eab00000,0x00000000ec400000,0x00000000ec400000)
  from space 4096K, 99% used [0x00000000ec400000,0x00000000ec7fbb18,0x00000000ec800000)
  to   space 4096K, 0% used [0x00000000ec800000,0x00000000ec800000,0x00000000ecc00000)
 ParOldGen       total 68608K, used 5824K [0x00000000c0000000, 0x00000000c4300000, 0x00000000eab00000)
  object space 68608K, 8% used [0x00000000c0000000,0x00000000c05b0048,0x00000000c4300000)
 Metaspace       used 12428K, committed 12864K, reserved 1114112K
  class space    used 1241K, committed 1472K, reserved 1048576K
}
Event: 3.657 GC heap after
{Heap after GC invocations=4 (full 0):
 PSYoungGen      total 29696K, used 4091K [0x00000000eab00000, 0x00000000ecc00000, 0x0000000100000000)
  eden space 25600K, 0% used [0x00000000eab00000,0x00000000eab00000,0x00000000ec400000)
  from space 4096K, 99% used [0x00000000ec800000,0x00000000ecbfec30,0x00000000ecc00000)
  to   space 4096K, 0% used [0x00000000ec400000,0x00000000ec400000,0x00000000ec800000)
 ParOldGen       total 68608K, used 6980K [0x00000000c0000000, 0x00000000c4300000, 0x00000000eab00000)
  object space 68608K, 10% used [0x00000000c0000000,0x00000000c06d1018,0x00000000c4300000)
 Metaspace       used 12428K, committed 12864K, reserved 1114112K
  class space    used 1241K, committed 1472K, reserved 1048576K
}
Event: 4.387 GC heap before
{Heap before GC invocations=5 (full 0):
 PSYoungGen      total 29696K, used 29691K [0x00000000eab00000, 0x00000000ecc00000, 0x0000000100000000)
  eden space 25600K, 100% used [0x00000000eab00000,0x00000000ec400000,0x00000000ec400000)
  from space 4096K, 99% used [0x00000000ec800000,0x00000000ecbfec30,0x00000000ecc00000)
  to   space 4096K, 0% used [0x00000000ec400000,0x00000000ec400000,0x00000000ec800000)
 ParOldGen       total 68608K, used 6980K [0x00000000c0000000, 0x00000000c4300000, 0x00000000eab00000)
  object space 68608K, 10% used [0x00000000c0000000,0x00000000c06d1018,0x00000000c4300000)
 Metaspace       used 16100K, committed 16704K, reserved 1114112K
  class space    used 1587K, committed 1856K, reserved 1048576K
}
Event: 4.394 GC heap after
{Heap after GC invocations=5 (full 0):
 PSYoungGen      total 29184K, used 4067K [0x00000000eab00000, 0x00000000ed180000, 0x0000000100000000)
  eden space 25088K, 0% used [0x00000000eab00000,0x00000000eab00000,0x00000000ec380000)
  from space 4096K, 99% used [0x00000000ec400000,0x00000000ec7f8c10,0x00000000ec800000)
  to   space 7168K, 0% used [0x00000000eca80000,0x00000000eca80000,0x00000000ed180000)
 ParOldGen       total 68608K, used 9563K [0x00000000c0000000, 0x00000000c4300000, 0x00000000eab00000)
  object space 68608K, 13% used [0x00000000c0000000,0x00000000c0956d40,0x00000000c4300000)
 Metaspace       used 16100K, committed 16704K, reserved 1114112K
  class space    used 1587K, committed 1856K, reserved 1048576K
}
Event: 5.144 GC heap before
{Heap before GC invocations=6 (full 0):
 PSYoungGen      total 29184K, used 29155K [0x00000000eab00000, 0x00000000ed180000, 0x0000000100000000)
  eden space 25088K, 100% used [0x00000000eab00000,0x00000000ec380000,0x00000000ec380000)
  from space 4096K, 99% used [0x00000000ec400000,0x00000000ec7f8c10,0x00000000ec800000)
  to   space 7168K, 0% used [0x00000000eca80000,0x00000000eca80000,0x00000000ed180000)
 ParOldGen       total 68608K, used 9563K [0x00000000c0000000, 0x00000000c4300000, 0x00000000eab00000)
  object space 68608K, 13% used [0x00000000c0000000,0x00000000c0956d40,0x00000000c4300000)
 Metaspace       used 18747K, committed 19648K, reserved 1114112K
  class space    used 1878K, committed 2240K, reserved 1048576K
}
Event: 5.149 GC heap after
{Heap after GC invocations=6 (full 0):
 PSYoungGen      total 30720K, used 5848K [0x00000000eab00000, 0x00000000ed080000, 0x0000000100000000)
  eden space 24576K, 0% used [0x00000000eab00000,0x00000000eab00000,0x00000000ec300000)
  from space 6144K, 95% used [0x00000000eca80000,0x00000000ed0360a0,0x00000000ed080000)
  to   space 6144K, 0% used [0x00000000ec480000,0x00000000ec480000,0x00000000eca80000)
 ParOldGen       total 68608K, used 9571K [0x00000000c0000000, 0x00000000c4300000, 0x00000000eab00000)
  object space 68608K, 13% used [0x00000000c0000000,0x00000000c0958d40,0x00000000c4300000)
 Metaspace       used 18747K, committed 19648K, reserved 1114112K
  class space    used 1878K, committed 2240K, reserved 1048576K
}
Event: 5.474 GC heap before
{Heap before GC invocations=7 (full 0):
 PSYoungGen      total 30720K, used 22214K [0x00000000eab00000, 0x00000000ed080000, 0x0000000100000000)
  eden space 24576K, 66% used [0x00000000eab00000,0x00000000ebafbb08,0x00000000ec300000)
  from space 6144K, 95% used [0x00000000eca80000,0x00000000ed0360a0,0x00000000ed080000)
  to   space 6144K, 0% used [0x00000000ec480000,0x00000000ec480000,0x00000000eca80000)
 ParOldGen       total 68608K, used 9571K [0x00000000c0000000, 0x00000000c4300000, 0x00000000eab00000)
  object space 68608K, 13% used [0x00000000c0000000,0x00000000c0958d40,0x00000000c4300000)
 Metaspace       used 20706K, committed 21504K, reserved 1114112K
  class space    used 2084K, committed 2432K, reserved 1048576K
}
Event: 5.482 GC heap after
{Heap after GC invocations=7 (full 0):
 PSYoungGen      total 29696K, used 4816K [0x00000000eab00000, 0x00000000ece00000, 0x0000000100000000)
  eden space 24576K, 0% used [0x00000000eab00000,0x00000000eab00000,0x00000000ec300000)
  from space 5120K, 94% used [0x00000000ec480000,0x00000000ec9341d8,0x00000000ec980000)
  to   space 4608K, 0% used [0x00000000ec980000,0x00000000ec980000,0x00000000ece00000)
 ParOldGen       total 68608K, used 10735K [0x00000000c0000000, 0x00000000c4300000, 0x00000000eab00000)
  object space 68608K, 15% used [0x00000000c0000000,0x00000000c0a7bf50,0x00000000c4300000)
 Metaspace       used 20706K, committed 21504K, reserved 1114112K
  class space    used 2084K, committed 2432K, reserved 1048576K
}
Event: 5.482 GC heap before
{Heap before GC invocations=8 (full 1):
 PSYoungGen      total 29696K, used 4816K [0x00000000eab00000, 0x00000000ece00000, 0x0000000100000000)
  eden space 24576K, 0% used [0x00000000eab00000,0x00000000eab00000,0x00000000ec300000)
  from space 5120K, 94% used [0x00000000ec480000,0x00000000ec9341d8,0x00000000ec980000)
  to   space 4608K, 0% used [0x00000000ec980000,0x00000000ec980000,0x00000000ece00000)
 ParOldGen       total 68608K, used 10735K [0x00000000c0000000, 0x00000000c4300000, 0x00000000eab00000)
  object space 68608K, 15% used [0x00000000c0000000,0x00000000c0a7bf50,0x00000000c4300000)
 Metaspace       used 20706K, committed 21504K, reserved 1114112K
  class space    used 2084K, committed 2432K, reserved 1048576K
}
Event: 5.525 GC heap after
{Heap after GC invocations=8 (full 1):
 PSYoungGen      total 29696K, used 0K [0x00000000eab00000, 0x00000000ece00000, 0x0000000100000000)
  eden space 24576K, 0% used [0x00000000eab00000,0x00000000eab00000,0x00000000ec300000)
  from space 5120K, 0% used [0x00000000ec480000,0x00000000ec480000,0x00000000ec980000)
  to   space 4608K, 0% used [0x00000000ec980000,0x00000000ec980000,0x00000000ece00000)
 ParOldGen       total 68608K, used 14468K [0x00000000c0000000, 0x00000000c4300000, 0x00000000eab00000)
  object space 68608K, 21% used [0x00000000c0000000,0x00000000c0e211c8,0x00000000c4300000)
 Metaspace       used 20694K, committed 21504K, reserved 1114112K
  class space    used 2081K, committed 2432K, reserved 1048576K
}
Event: 5.810 GC heap before
{Heap before GC invocations=9 (full 1):
 PSYoungGen      total 29696K, used 24576K [0x00000000eab00000, 0x00000000ece00000, 0x0000000100000000)
  eden space 24576K, 100% used [0x00000000eab00000,0x00000000ec300000,0x00000000ec300000)
  from space 5120K, 0% used [0x00000000ec480000,0x00000000ec480000,0x00000000ec980000)
  to   space 4608K, 0% used [0x00000000ec980000,0x00000000ec980000,0x00000000ece00000)
 ParOldGen       total 68608K, used 14468K [0x00000000c0000000, 0x00000000c4300000, 0x00000000eab00000)
  object space 68608K, 21% used [0x00000000c0000000,0x00000000c0e211c8,0x00000000c4300000)
 Metaspace       used 23295K, committed 24064K, reserved 1114112K
  class space    used 2244K, committed 2560K, reserved 1048576K
}
Event: 5.811 GC heap after
{Heap after GC invocations=9 (full 1):
 PSYoungGen      total 24576K, used 389K [0x00000000eab00000, 0x00000000eca00000, 0x0000000100000000)
  eden space 24064K, 0% used [0x00000000eab00000,0x00000000eab00000,0x00000000ec280000)
  from space 512K, 75% used [0x00000000ec980000,0x00000000ec9e1408,0x00000000eca00000)
  to   space 2560K, 0% used [0x00000000ec500000,0x00000000ec500000,0x00000000ec780000)
 ParOldGen       total 68608K, used 14468K [0x00000000c0000000, 0x00000000c4300000, 0x00000000eab00000)
  object space 68608K, 21% used [0x00000000c0000000,0x00000000c0e211c8,0x00000000c4300000)
 Metaspace       used 23295K, committed 24064K, reserved 1114112K
  class space    used 2244K, committed 2560K, reserved 1048576K
}
Event: 6.062 GC heap before
{Heap before GC invocations=10 (full 1):
 PSYoungGen      total 24576K, used 24453K [0x00000000eab00000, 0x00000000eca00000, 0x0000000100000000)
  eden space 24064K, 100% used [0x00000000eab00000,0x00000000ec280000,0x00000000ec280000)
  from space 512K, 75% used [0x00000000ec980000,0x00000000ec9e1408,0x00000000eca00000)
  to   space 2560K, 0% used [0x00000000ec500000,0x00000000ec500000,0x00000000ec780000)
 ParOldGen       total 68608K, used 14468K [0x00000000c0000000, 0x00000000c4300000, 0x00000000eab00000)
  object space 68608K, 21% used [0x00000000c0000000,0x00000000c0e211c8,0x00000000c4300000)
 Metaspace       used 25993K, committed 26816K, reserved 1114112K
  class space    used 2456K, committed 2816K, reserved 1048576K
}
Event: 6.064 GC heap after
{Heap after GC invocations=10 (full 1):
 PSYoungGen      total 26112K, used 2152K [0x00000000eab00000, 0x00000000eca00000, 0x0000000100000000)
  eden space 23552K, 0% used [0x00000000eab00000,0x00000000eab00000,0x00000000ec200000)
  from space 2560K, 84% used [0x00000000ec500000,0x00000000ec71a2b0,0x00000000ec780000)
  to   space 2560K, 0% used [0x00000000ec780000,0x00000000ec780000,0x00000000eca00000)
 ParOldGen       total 68608K, used 14476K [0x00000000c0000000, 0x00000000c4300000, 0x00000000eab00000)
  object space 68608K, 21% used [0x00000000c0000000,0x00000000c0e231c8,0x00000000c4300000)
 Metaspace       used 25993K, committed 26816K, reserved 1114112K
  class space    used 2456K, committed 2816K, reserved 1048576K
}
Event: 6.457 GC heap before
{Heap before GC invocations=11 (full 1):
 PSYoungGen      total 26112K, used 25704K [0x00000000eab00000, 0x00000000eca00000, 0x0000000100000000)
  eden space 23552K, 100% used [0x00000000eab00000,0x00000000ec200000,0x00000000ec200000)
  from space 2560K, 84% used [0x00000000ec500000,0x00000000ec71a2b0,0x00000000ec780000)
  to   space 2560K, 0% used [0x00000000ec780000,0x00000000ec780000,0x00000000eca00000)
 ParOldGen       total 68608K, used 14476K [0x00000000c0000000, 0x00000000c4300000, 0x00000000eab00000)
  object space 68608K, 21% used [0x00000000c0000000,0x00000000c0e231c8,0x00000000c4300000)
 Metaspace       used 28691K, committed 29632K, reserved 1114112K
  class space    used 2707K, committed 3136K, reserved 1048576K
}
Event: 6.460 GC heap after
{Heap after GC invocations=11 (full 1):
 PSYoungGen      total 25600K, used 2530K [0x00000000eab00000, 0x00000000eca00000, 0x0000000100000000)
  eden space 23040K, 0% used [0x00000000eab00000,0x00000000eab00000,0x00000000ec180000)
  from space 2560K, 98% used [0x00000000ec780000,0x00000000ec9f89c0,0x00000000eca00000)
  to   space 3072K, 0% used [0x00000000ec400000,0x00000000ec400000,0x00000000ec700000)
 ParOldGen       total 68608K, used 15397K [0x00000000c0000000, 0x00000000c4300000, 0x00000000eab00000)
  object space 68608K, 22% used [0x00000000c0000000,0x00000000c0f09788,0x00000000c4300000)
 Metaspace       used 28691K, committed 29632K, reserved 1114112K
  class space    used 2707K, committed 3136K, reserved 1048576K
}
Event: 6.805 GC heap before
{Heap before GC invocations=12 (full 1):
 PSYoungGen      total 25600K, used 25570K [0x00000000eab00000, 0x00000000eca00000, 0x0000000100000000)
  eden space 23040K, 100% used [0x00000000eab00000,0x00000000ec180000,0x00000000ec180000)
  from space 2560K, 98% used [0x00000000ec780000,0x00000000ec9f89c0,0x00000000eca00000)
  to   space 3072K, 0% used [0x00000000ec400000,0x00000000ec400000,0x00000000ec700000)
 ParOldGen       total 68608K, used 15397K [0x00000000c0000000, 0x00000000c4300000, 0x00000000eab00000)
  object space 68608K, 22% used [0x00000000c0000000,0x00000000c0f09788,0x00000000c4300000)
 Metaspace       used 31821K, committed 32832K, reserved 1114112K
  class space    used 3121K, committed 3584K, reserved 1048576K
}
Event: 6.809 GC heap after
{Heap after GC invocations=12 (full 1):
 PSYoungGen      total 24576K, used 1681K [0x00000000eab00000, 0x00000000ec800000, 0x0000000100000000)
  eden space 22528K, 0% used [0x00000000eab00000,0x00000000eab00000,0x00000000ec100000)
  from space 2048K, 82% used [0x00000000ec400000,0x00000000ec5a45d8,0x00000000ec600000)
  to   space 2048K, 0% used [0x00000000ec600000,0x00000000ec600000,0x00000000ec800000)
 ParOldGen       total 68608K, used 17621K [0x00000000c0000000, 0x00000000c4300000, 0x00000000eab00000)
  object space 68608K, 25% used [0x00000000c0000000,0x00000000c1135640,0x00000000c4300000)
 Metaspace       used 31821K, committed 32832K, reserved 1114112K
  class space    used 3121K, committed 3584K, reserved 1048576K
}

Dll operation events (10 events):
Event: 0.014 Loaded shared library c:\Users\hhp\.vscode\extensions\redhat.java-1.39.0-win32-x64\jre\21.0.5-win32-x86_64\bin\java.dll
Event: 0.084 Loaded shared library c:\Users\hhp\.vscode\extensions\redhat.java-1.39.0-win32-x64\jre\21.0.5-win32-x86_64\bin\zip.dll
Event: 0.104 Loaded shared library C:\Users\hhp\.vscode\extensions\redhat.java-1.39.0-win32-x64\jre\21.0.5-win32-x86_64\bin\instrument.dll
Event: 0.108 Loaded shared library C:\Users\hhp\.vscode\extensions\redhat.java-1.39.0-win32-x64\jre\21.0.5-win32-x86_64\bin\net.dll
Event: 0.111 Loaded shared library C:\Users\hhp\.vscode\extensions\redhat.java-1.39.0-win32-x64\jre\21.0.5-win32-x86_64\bin\nio.dll
Event: 0.114 Loaded shared library C:\Users\hhp\.vscode\extensions\redhat.java-1.39.0-win32-x64\jre\21.0.5-win32-x86_64\bin\zip.dll
Event: 0.131 Loaded shared library C:\Users\hhp\.vscode\extensions\redhat.java-1.39.0-win32-x64\jre\21.0.5-win32-x86_64\bin\jimage.dll
Event: 0.206 Loaded shared library c:\Users\hhp\.vscode\extensions\redhat.java-1.39.0-win32-x64\jre\21.0.5-win32-x86_64\bin\verify.dll
Event: 2.144 Loaded shared library C:\Users\hhp\AppData\Roaming\Code\User\globalStorage\redhat.java\1.39.0\config_win\org.eclipse.equinox.launcher\org.eclipse.equinox.launcher.win32.win32.x86_64_1.2.1100.v20240722-2106\eclipse_11904.dll
Event: 4.537 Loaded shared library C:\Users\hhp\AppData\Local\Temp\jna-103280\jna6500707181640554067.dll

Deoptimization events (20 events):
Event: 6.825 Thread 0x0000026b1d3ebac0 Uncommon trap: trap_request=0xffffff45 fr.pc=0x0000026b28414f64 relative=0x0000000000001464
Event: 6.825 Thread 0x0000026b1d3ebac0 Uncommon trap: reason=unstable_if action=reinterpret pc=0x0000026b28414f64 method=java.util.Properties.loadConvert([CIILjava/lang/StringBuilder;)Ljava/lang/String; @ 477 c2
Event: 6.825 Thread 0x0000026b1d3ebac0 DEOPT PACKING pc=0x0000026b28414f64 sp=0x000000e5f71f9820
Event: 6.825 Thread 0x0000026b1d3ebac0 DEOPT UNPACKING pc=0x0000026b27ce3aa2 sp=0x000000e5f71f9810 mode 2
Event: 6.887 Thread 0x0000026b7a633450 Uncommon trap: trap_request=0xffffff45 fr.pc=0x0000026b28328620 relative=0x00000000000005c0
Event: 6.887 Thread 0x0000026b7a633450 Uncommon trap: reason=unstable_if action=reinterpret pc=0x0000026b28328620 method=java.util.Properties$LineReader.readLine()I @ 318 c2
Event: 6.887 Thread 0x0000026b7a633450 DEOPT PACKING pc=0x0000026b28328620 sp=0x000000e5f9afef20
Event: 6.887 Thread 0x0000026b7a633450 DEOPT UNPACKING pc=0x0000026b27ce3aa2 sp=0x000000e5f9afeec8 mode 2
Event: 6.907 Thread 0x0000026b1d3ebac0 Uncommon trap: trap_request=0xffffff45 fr.pc=0x0000026b283a7bd0 relative=0x0000000000000110
Event: 6.907 Thread 0x0000026b1d3ebac0 Uncommon trap: reason=unstable_if action=reinterpret pc=0x0000026b283a7bd0 method=java.io.WinNTFileSystem.normalize(Ljava/lang/String;)Ljava/lang/String; @ 74 c2
Event: 6.907 Thread 0x0000026b1d3ebac0 DEOPT PACKING pc=0x0000026b283a7bd0 sp=0x000000e5f71fe750
Event: 6.907 Thread 0x0000026b1d3ebac0 DEOPT UNPACKING pc=0x0000026b27ce3aa2 sp=0x000000e5f71fe738 mode 2
Event: 7.076 Thread 0x0000026b7a633450 Uncommon trap: trap_request=0xffffff45 fr.pc=0x0000026b2841e03c relative=0x000000000000067c
Event: 7.076 Thread 0x0000026b7a633450 Uncommon trap: reason=unstable_if action=reinterpret pc=0x0000026b2841e03c method=java.util.WeakHashMap.remove(Ljava/lang/Object;)Ljava/lang/Object; @ 92 c2
Event: 7.076 Thread 0x0000026b7a633450 DEOPT PACKING pc=0x0000026b2841e03c sp=0x000000e5f9afdd20
Event: 7.076 Thread 0x0000026b7a633450 DEOPT UNPACKING pc=0x0000026b27ce3aa2 sp=0x000000e5f9afdcd0 mode 2
Event: 7.079 Thread 0x0000026b7a632dc0 Uncommon trap: trap_request=0xffffff45 fr.pc=0x0000026b282fe950 relative=0x0000000000000890
Event: 7.079 Thread 0x0000026b7a632dc0 Uncommon trap: reason=unstable_if action=reinterpret pc=0x0000026b282fe950 method=jdk.internal.org.objectweb.asm.SymbolTable.put(Ljdk/internal/org/objectweb/asm/SymbolTable$Entry;)Ljdk/internal/org/objectweb/asm/SymbolTable$Entry; @ 13 c2
Event: 7.079 Thread 0x0000026b7a632dc0 DEOPT PACKING pc=0x0000026b282fe950 sp=0x000000e5f94fd400
Event: 7.079 Thread 0x0000026b7a632dc0 DEOPT UNPACKING pc=0x0000026b27ce3aa2 sp=0x000000e5f94fd318 mode 2

Classes loaded (20 events):
Event: 6.925 Loading class sun/nio/ch/Invoker$1
Event: 6.925 Loading class sun/nio/ch/Invoker$1 done
Event: 6.925 Loading class sun/nio/ch/Invoker$GroupAndInvokeCount
Event: 6.926 Loading class sun/nio/ch/Invoker$GroupAndInvokeCount done
Event: 6.928 Loading class sun/reflect/generics/reflectiveObjects/ParameterizedTypeImpl
Event: 6.928 Loading class sun/reflect/generics/reflectiveObjects/ParameterizedTypeImpl done
Event: 6.929 Loading class sun/reflect/generics/reflectiveObjects/TypeVariableImpl
Event: 6.929 Loading class sun/reflect/generics/reflectiveObjects/LazyReflectiveObjectGenerator
Event: 6.929 Loading class sun/reflect/generics/reflectiveObjects/LazyReflectiveObjectGenerator done
Event: 6.929 Loading class sun/reflect/generics/reflectiveObjects/TypeVariableImpl done
Event: 6.930 Loading class sun/nio/ch/PendingIoCache
Event: 6.930 Loading class sun/nio/ch/PendingIoCache done
Event: 7.051 Loading class com/sun/org/apache/xml/internal/serializer/ToUnknownStream
Event: 7.053 Loading class com/sun/org/apache/xml/internal/serializer/ToUnknownStream done
Event: 7.055 Loading class com/sun/org/apache/xml/internal/serializer/ToStream$CharacterBuffer$1
Event: 7.056 Loading class com/sun/org/apache/xml/internal/serializer/ToStream$CharacterBuffer$GenericCharacters
Event: 7.056 Loading class com/sun/org/apache/xml/internal/serializer/ToStream$CharacterBuffer$GenericCharacters done
Event: 7.056 Loading class com/sun/org/apache/xml/internal/serializer/ToStream$CharacterBuffer$1 done
Event: 7.082 Loading class java/util/concurrent/CompletableFuture
Event: 7.084 Loading class java/util/concurrent/CompletableFuture done

Classes unloaded (7 events):
Event: 5.490 Thread 0x0000026b1d4ae790 Unloading class 0x0000026b3319b400 'java/lang/invoke/LambdaForm$MH+0x0000026b3319b400'
Event: 5.490 Thread 0x0000026b1d4ae790 Unloading class 0x0000026b3319b000 'java/lang/invoke/LambdaForm$MH+0x0000026b3319b000'
Event: 5.490 Thread 0x0000026b1d4ae790 Unloading class 0x0000026b3319ac00 'java/lang/invoke/LambdaForm$MH+0x0000026b3319ac00'
Event: 5.490 Thread 0x0000026b1d4ae790 Unloading class 0x0000026b3319a800 'java/lang/invoke/LambdaForm$MH+0x0000026b3319a800'
Event: 5.490 Thread 0x0000026b1d4ae790 Unloading class 0x0000026b3319a400 'java/lang/invoke/LambdaForm$BMH+0x0000026b3319a400'
Event: 5.490 Thread 0x0000026b1d4ae790 Unloading class 0x0000026b3319a000 'java/lang/invoke/LambdaForm$DMH+0x0000026b3319a000'
Event: 5.490 Thread 0x0000026b1d4ae790 Unloading class 0x0000026b33198c00 'java/lang/invoke/LambdaForm$DMH+0x0000026b33198c00'

Classes redefined (0 events):
No events

Internal exceptions (20 events):
Event: 6.435 Thread 0x0000026b7a633ae0 Exception <a 'java/lang/NoSuchMethodError'{0x00000000ec0147a0}: 'int java.lang.invoke.Invokers$Holder.linkToTargetMethod(java.lang.Object, java.lang.Object)'> (0x00000000ec0147a0) 
thrown [s\src\hotspot\share\interpreter\linkResolver.cpp, line 773]
Event: 6.435 Thread 0x0000026b7a632dc0 Exception <a 'java/lang/NoSuchMethodError'{0x00000000ec0177c8}: 'int java.lang.invoke.Invokers$Holder.linkToTargetMethod(java.lang.Object, java.lang.Object)'> (0x00000000ec0177c8) 
thrown [s\src\hotspot\share\interpreter\linkResolver.cpp, line 773]
Event: 6.437 Thread 0x0000026b7a633ae0 Exception <a 'java/lang/NoSuchMethodError'{0x00000000ec027b40}: 'int java.lang.invoke.DirectMethodHandle$Holder.invokeSpecial(java.lang.Object, java.lang.Object, java.lang.Object, java.lang.Object)'> (0x00000000ec027b40) 
thrown [s\src\hotspot\share\interpreter\linkResolver.cpp, line 773]
Event: 6.440 Thread 0x0000026b7a633ae0 Exception <a 'java/lang/NoSuchMethodError'{0x00000000ec0502f0}: 'java.lang.Object java.lang.invoke.DirectMethodHandle$Holder.invokeStatic(java.lang.Object, int, java.lang.Object, java.lang.Object)'> (0x00000000ec0502f0) 
thrown [s\src\hotspot\share\interpreter\linkResolver.cpp, line 773]
Event: 6.440 Thread 0x0000026b7a633ae0 Exception <a 'java/lang/NoSuchMethodError'{0x00000000ec053af0}: 'java.lang.Object java.lang.invoke.DelegatingMethodHandle$Holder.delegate(java.lang.Object, int, java.lang.Object, java.lang.Object)'> (0x00000000ec053af0) 
thrown [s\src\hotspot\share\interpreter\linkResolver.cpp, line 773]
Event: 6.444 Thread 0x0000026b7a633ae0 Exception <a 'java/lang/NoSuchMethodError'{0x00000000ec078af8}: 'int java.lang.invoke.Invokers$Holder.linkToTargetMethod(java.lang.Object, java.lang.Object, java.lang.Object)'> (0x00000000ec078af8) 
thrown [s\src\hotspot\share\interpreter\linkResolver.cpp, line 773]
Event: 6.467 Thread 0x0000026b75c63790 Exception <a 'java/lang/ClassNotFoundException'{0x00000000eab27580}: com/sun/org/apache/xml/internal/serializer/spi/XMLEntitiesProvider> (0x00000000eab27580) 
thrown [s\src\hotspot\share\classfile\systemDictionary.cpp, line 312]
Event: 6.489 Thread 0x0000026b7a632dc0 Exception <a 'java/lang/NoSuchMethodError'{0x00000000eac78148}: 'java.lang.Object java.lang.invoke.DirectMethodHandle$Holder.invokeSpecialIFC(java.lang.Object, java.lang.Object, java.lang.Object, java.lang.Object)'> (0x00000000eac78148) 
thrown [s\src\hotspot\share\interpreter\linkResolver.cpp, line 773]
Event: 6.623 Thread 0x0000026b75c63790 Exception <a 'java/io/FileNotFoundException'{0x00000000eb4770a0}> (0x00000000eb4770a0) 
thrown [s\src\hotspot\share\prims\jni.cpp, line 520]
Event: 6.661 Thread 0x0000026b75c63790 Exception <a 'java/lang/UnsatisfiedLinkError'{0x00000000eb6cf850}: The specified procedure could not be found.
> (0x00000000eb6cf850) 
thrown [s\src\hotspot\share\prims\jni.cpp, line 539]
Event: 6.672 Thread 0x0000026b75c63790 Exception <a 'java/io/FileNotFoundException'{0x00000000eb6e63a8}> (0x00000000eb6e63a8) 
thrown [s\src\hotspot\share\prims\jni.cpp, line 520]
Event: 6.691 Thread 0x0000026b75c63790 Exception <a 'java/io/FileNotFoundException'{0x00000000eb889168}> (0x00000000eb889168) 
thrown [s\src\hotspot\share\prims\jni.cpp, line 520]
Event: 6.709 Thread 0x0000026b75c63790 Exception <a 'java/lang/UnsatisfiedLinkError'{0x00000000eb8ba158}: The specified procedure could not be found.
> (0x00000000eb8ba158) 
thrown [s\src\hotspot\share\prims\jni.cpp, line 539]
Event: 6.727 Thread 0x0000026b7a630cf0 Implicit null exception at 0x0000026b28428c43 to 0x0000026b2842b338
Event: 6.779 Thread 0x0000026b7a632dc0 Exception <a 'java/lang/NoSuchMethodError'{0x00000000ebe7bac0}: 'int java.lang.invoke.DirectMethodHandle$Holder.invokeStatic(java.lang.Object, java.lang.Object, java.lang.Object, java.lang.Object, java.lang.Object)'> (0x00000000ebe7bac0) 
thrown [s\src\hotspot\share\interpreter\linkResolver.cpp, line 773]
Event: 6.795 Thread 0x0000026b7a6320a0 Exception <a 'java/lang/NoSuchMethodError'{0x00000000ebfe5a48}: 'void java.lang.invoke.DirectMethodHandle$Holder.invokeStaticInit(java.lang.Object, java.lang.Object, java.lang.Object, java.lang.Object)'> (0x00000000ebfe5a48) 
thrown [s\src\hotspot\share\interpreter\linkResolver.cpp, line 773]
Event: 6.893 Thread 0x0000026b1d3ebac0 Exception <a 'java/lang/NoSuchMethodError'{0x00000000eb802a08}: 'java.lang.Object java.lang.invoke.DirectMethodHandle$Holder.invokeStatic(java.lang.Object, long, java.lang.Object)'> (0x00000000eb802a08) 
thrown [s\src\hotspot\share\interpreter\linkResolver.cpp, line 773]
Event: 6.896 Thread 0x0000026b1d3ebac0 Exception <a 'java/lang/NoSuchMethodError'{0x00000000eb8062f0}: 'java.lang.Object java.lang.invoke.DirectMethodHandle$Holder.invokeStaticInit(java.lang.Object, long, java.lang.Object)'> (0x00000000eb8062f0) 
thrown [s\src\hotspot\share\interpreter\linkResolver.cpp, line 773]
Event: 6.900 Thread 0x0000026b1d3ebac0 Exception <a 'java/lang/NoSuchMethodError'{0x00000000eb841140}: 'java.lang.Object java.lang.invoke.DirectMethodHandle$Holder.newInvokeSpecial(java.lang.Object, long)'> (0x00000000eb841140) 
thrown [s\src\hotspot\share\interpreter\linkResolver.cpp, line 773]
Event: 6.947 Thread 0x0000026b7a630cf0 Exception <a 'java/io/FileNotFoundException'{0x00000000ebc72a58}> (0x00000000ebc72a58) 
thrown [s\src\hotspot\share\prims\jni.cpp, line 520]

ZGC Phase Switch (0 events):
No events

VM Operations (20 events):
Event: 5.811 Executing VM operation: ParallelGCFailedAllocation (Allocation Failure) done
Event: 6.062 Executing VM operation: ParallelGCFailedAllocation (Allocation Failure)
Event: 6.064 Executing VM operation: ParallelGCFailedAllocation (Allocation Failure) done
Event: 6.182 Executing VM operation: HandshakeAllThreads (Deoptimize)
Event: 6.182 Executing VM operation: HandshakeAllThreads (Deoptimize) done
Event: 6.321 Executing VM operation: HandshakeAllThreads (Deoptimize)
Event: 6.321 Executing VM operation: HandshakeAllThreads (Deoptimize) done
Event: 6.413 Executing VM operation: HandshakeAllThreads (Deoptimize)
Event: 6.413 Executing VM operation: HandshakeAllThreads (Deoptimize) done
Event: 6.442 Executing VM operation: HandshakeAllThreads (Deoptimize)
Event: 6.443 Executing VM operation: HandshakeAllThreads (Deoptimize) done
Event: 6.457 Executing VM operation: ParallelGCFailedAllocation (Allocation Failure)
Event: 6.460 Executing VM operation: ParallelGCFailedAllocation (Allocation Failure) done
Event: 6.463 Executing VM operation: HandshakeAllThreads (Deoptimize)
Event: 6.465 Executing VM operation: HandshakeAllThreads (Deoptimize) done
Event: 6.520 Executing VM operation: HandshakeAllThreads (Deoptimize)
Event: 6.520 Executing VM operation: HandshakeAllThreads (Deoptimize) done
Event: 6.805 Executing VM operation: ParallelGCFailedAllocation (Allocation Failure)
Event: 6.809 Executing VM operation: ParallelGCFailedAllocation (Allocation Failure) done
Event: 8.817 Executing VM operation: Cleanup

Memory protections (0 events):
No events

Nmethod flushes (0 events):
No events

Events (20 events):
Event: 6.286 Thread 0x0000026b75c63790 Thread added: 0x0000026b7a631380
Event: 6.412 Thread 0x0000026b7a633ae0 Thread added: 0x0000026b7a630cf0
Event: 6.483 Thread 0x0000026b75274290 Thread added: 0x0000026b75275030
Event: 6.653 Thread 0x0000026b7a630cf0 Thread added: 0x0000026b7a6320a0
Event: 6.757 Thread 0x0000026b7a6320a0 Thread added: 0x0000026b7a633450
Event: 6.864 Thread 0x0000026b7a633450 Thread added: 0x0000026b7a632730
Event: 6.923 Thread 0x0000026b1d3ebac0 Thread added: 0x0000026b7dda4d90
Event: 6.925 Thread 0x0000026b1d3ebac0 Thread added: 0x0000026b7dda7b80
Event: 6.925 Thread 0x0000026b1d3ebac0 Thread added: 0x0000026b7dda67d0
Event: 6.926 Thread 0x0000026b1d3ebac0 Thread added: 0x0000026b7dda6e60
Event: 6.926 Thread 0x0000026b1d3ebac0 Thread added: 0x0000026b7dda6140
Event: 6.927 Thread 0x0000026b1d3ebac0 Thread added: 0x0000026b7dda4700
Event: 6.927 Thread 0x0000026b1d3ebac0 Thread added: 0x0000026b7dda5420
Event: 6.927 Thread 0x0000026b1d3ebac0 Thread added: 0x0000026b7dda5ab0
Event: 6.928 Thread 0x0000026b1d3ebac0 Thread added: 0x0000026b7dda74f0
Event: 6.928 Thread 0x0000026b1d3ebac0 Thread added: 0x0000026b7e0dd400
Event: 6.929 Thread 0x0000026b1d3ebac0 Thread added: 0x0000026b7e0dc050
Event: 6.929 Thread 0x0000026b1d3ebac0 Thread added: 0x0000026b7e0dc6e0
Event: 6.930 Thread 0x0000026b1d3ebac0 Thread added: 0x0000026b7e0e01f0
Event: 6.977 Thread 0x0000026b1d3ebac0 Thread added: 0x0000026b7e0de120


Dynamic libraries:
0x00007ff7aaf20000 - 0x00007ff7aaf2e000 	c:\Users\hhp\.vscode\extensions\redhat.java-1.39.0-win32-x64\jre\21.0.5-win32-x86_64\bin\java.exe
0x00007ff8f6aa0000 - 0x00007ff8f6d03000 	C:\WINDOWS\SYSTEM32\ntdll.dll
0x00007ff8f5a50000 - 0x00007ff8f5b17000 	C:\WINDOWS\System32\KERNEL32.DLL
0x00007ff8f43e0000 - 0x00007ff8f47a7000 	C:\WINDOWS\System32\KERNELBASE.dll
0x00007ff8f4290000 - 0x00007ff8f43dc000 	C:\WINDOWS\System32\ucrtbase.dll
0x00007ff8cdc40000 - 0x00007ff8cdc58000 	c:\Users\hhp\.vscode\extensions\redhat.java-1.39.0-win32-x64\jre\21.0.5-win32-x86_64\bin\jli.dll
0x00007ff8f53c0000 - 0x00007ff8f5589000 	C:\WINDOWS\System32\USER32.dll
0x00007ff8f40e0000 - 0x00007ff8f4107000 	C:\WINDOWS\System32\win32u.dll
0x00007ff8f5a20000 - 0x00007ff8f5a4a000 	C:\WINDOWS\System32\GDI32.dll
0x00007ff8f47b0000 - 0x00007ff8f48db000 	C:\WINDOWS\System32\gdi32full.dll
0x00007ff8f4030000 - 0x00007ff8f40d3000 	C:\WINDOWS\System32\msvcp_win.dll
0x00007ff8ccde0000 - 0x00007ff8ccdfe000 	c:\Users\hhp\.vscode\extensions\redhat.java-1.39.0-win32-x64\jre\21.0.5-win32-x86_64\bin\VCRUNTIME140.dll
0x00007ff8ceaa0000 - 0x00007ff8ced30000 	C:\WINDOWS\WinSxS\amd64_microsoft.windows.common-controls_6595b64144ccf1df_6.0.26100.3037_none_3e09262ce333c378\COMCTL32.dll
0x00007ff8f5160000 - 0x00007ff8f5209000 	C:\WINDOWS\System32\msvcrt.dll
0x00007ff8f58d0000 - 0x00007ff8f58ff000 	C:\WINDOWS\System32\IMM32.DLL
0x00007ff8eea10000 - 0x00007ff8eea1c000 	c:\Users\hhp\.vscode\extensions\redhat.java-1.39.0-win32-x64\jre\21.0.5-win32-x86_64\bin\vcruntime140_1.dll
0x00007ff8a7bb0000 - 0x00007ff8a7c3d000 	c:\Users\hhp\.vscode\extensions\redhat.java-1.39.0-win32-x64\jre\21.0.5-win32-x86_64\bin\msvcp140.dll
0x00007ff82c390000 - 0x00007ff82d11f000 	c:\Users\hhp\.vscode\extensions\redhat.java-1.39.0-win32-x64\jre\21.0.5-win32-x86_64\bin\server\jvm.dll
0x00007ff8f4910000 - 0x00007ff8f49c4000 	C:\WINDOWS\System32\ADVAPI32.dll
0x00007ff8f5210000 - 0x00007ff8f52b6000 	C:\WINDOWS\System32\sechost.dll
0x00007ff8f61c0000 - 0x00007ff8f62d6000 	C:\WINDOWS\System32\RPCRT4.dll
0x00007ff8f6300000 - 0x00007ff8f6374000 	C:\WINDOWS\System32\WS2_32.dll
0x00007ff8f3cd0000 - 0x00007ff8f3d1e000 	C:\WINDOWS\SYSTEM32\POWRPROF.dll
0x00007ff8e98a0000 - 0x00007ff8e98d6000 	C:\WINDOWS\SYSTEM32\WINMM.dll
0x00007ff8e09f0000 - 0x00007ff8e09fb000 	C:\WINDOWS\SYSTEM32\VERSION.dll
0x00007ff8f3cb0000 - 0x00007ff8f3cc4000 	C:\WINDOWS\SYSTEM32\UMPDC.dll
0x00007ff8f2c70000 - 0x00007ff8f2c8a000 	C:\WINDOWS\SYSTEM32\kernel.appcore.dll
0x00007ff8d7f20000 - 0x00007ff8d7f2a000 	c:\Users\hhp\.vscode\extensions\redhat.java-1.39.0-win32-x64\jre\21.0.5-win32-x86_64\bin\jimage.dll
0x00007ff8f1610000 - 0x00007ff8f1851000 	C:\WINDOWS\SYSTEM32\DBGHELP.DLL
0x00007ff8f5cc0000 - 0x00007ff8f603e000 	C:\WINDOWS\System32\combase.dll
0x00007ff8f57f0000 - 0x00007ff8f58c6000 	C:\WINDOWS\System32\OLEAUT32.dll
0x00007ff8cd8c0000 - 0x00007ff8cd8f9000 	C:\WINDOWS\SYSTEM32\dbgcore.DLL
0x00007ff8f3f00000 - 0x00007ff8f3f99000 	C:\WINDOWS\System32\bcryptPrimitives.dll
0x00007ff8cc5f0000 - 0x00007ff8cc5ff000 	c:\Users\hhp\.vscode\extensions\redhat.java-1.39.0-win32-x64\jre\21.0.5-win32-x86_64\bin\instrument.dll
0x00007ff8cb380000 - 0x00007ff8cb39f000 	c:\Users\hhp\.vscode\extensions\redhat.java-1.39.0-win32-x64\jre\21.0.5-win32-x86_64\bin\java.dll
0x00007ff8f49d0000 - 0x00007ff8f50d4000 	C:\WINDOWS\System32\SHELL32.dll
0x00007ff8f1a00000 - 0x00007ff8f2237000 	C:\WINDOWS\SYSTEM32\windows.storage.dll
0x00007ff8f6970000 - 0x00007ff8f6a59000 	C:\WINDOWS\System32\SHCORE.dll
0x00007ff8f6380000 - 0x00007ff8f63dd000 	C:\WINDOWS\System32\shlwapi.dll
0x00007ff8f3d50000 - 0x00007ff8f3d7e000 	C:\WINDOWS\SYSTEM32\profapi.dll
0x00007ff8d2710000 - 0x00007ff8d2728000 	c:\Users\hhp\.vscode\extensions\redhat.java-1.39.0-win32-x64\jre\21.0.5-win32-x86_64\bin\zip.dll
0x00007ff8d7ec0000 - 0x00007ff8d7ed0000 	C:\Users\hhp\.vscode\extensions\redhat.java-1.39.0-win32-x64\jre\21.0.5-win32-x86_64\bin\net.dll
0x00007ff8ea3c0000 - 0x00007ff8ea4de000 	C:\WINDOWS\SYSTEM32\WINHTTP.dll
0x00007ff8f3180000 - 0x00007ff8f31e8000 	C:\WINDOWS\system32\mswsock.dll
0x00007ff8bd860000 - 0x00007ff8bd876000 	C:\Users\hhp\.vscode\extensions\redhat.java-1.39.0-win32-x64\jre\21.0.5-win32-x86_64\bin\nio.dll
0x00007ff8bb3f0000 - 0x00007ff8bb400000 	c:\Users\hhp\.vscode\extensions\redhat.java-1.39.0-win32-x64\jre\21.0.5-win32-x86_64\bin\verify.dll
0x00007ff8a8dd0000 - 0x00007ff8a8e15000 	C:\Users\hhp\AppData\Roaming\Code\User\globalStorage\redhat.java\1.39.0\config_win\org.eclipse.equinox.launcher\org.eclipse.equinox.launcher.win32.win32.x86_64_1.2.1100.v20240722-2106\eclipse_11904.dll
0x00007ff8f5b20000 - 0x00007ff8f5cb5000 	C:\WINDOWS\System32\ole32.dll
0x00007ff8f3420000 - 0x00007ff8f343c000 	C:\WINDOWS\SYSTEM32\CRYPTSP.dll
0x00007ff8f2bd0000 - 0x00007ff8f2c08000 	C:\WINDOWS\system32\rsaenh.dll
0x00007ff8f3220000 - 0x00007ff8f324b000 	C:\WINDOWS\SYSTEM32\USERENV.dll
0x00007ff8f3660000 - 0x00007ff8f3686000 	C:\WINDOWS\SYSTEM32\bcrypt.dll
0x00007ff8f3440000 - 0x00007ff8f344c000 	C:\WINDOWS\SYSTEM32\CRYPTBASE.dll
0x00007ff8f2670000 - 0x00007ff8f26a2000 	C:\WINDOWS\SYSTEM32\IPHLPAPI.DLL
0x00007ff8f5340000 - 0x00007ff8f534a000 	C:\WINDOWS\System32\NSI.dll
0x00007ff8a8010000 - 0x00007ff8a8059000 	C:\Users\hhp\AppData\Local\Temp\jna-103280\jna6500707181640554067.dll
0x00007ff8f5a10000 - 0x00007ff8f5a18000 	C:\WINDOWS\System32\PSAPI.DLL
0x00007ff8eba20000 - 0x00007ff8eba3f000 	C:\WINDOWS\SYSTEM32\dhcpcsvc6.DLL
0x00007ff8eb970000 - 0x00007ff8eb995000 	C:\WINDOWS\SYSTEM32\dhcpcsvc.DLL

dbghelp: loaded successfully - version: 4.0.5 - missing functions: none
symbol engine: initialized successfully - sym options: 0x614 - pdb path: .;c:\Users\hhp\.vscode\extensions\redhat.java-1.39.0-win32-x64\jre\21.0.5-win32-x86_64\bin;C:\WINDOWS\SYSTEM32;C:\WINDOWS\WinSxS\amd64_microsoft.windows.common-controls_6595b64144ccf1df_6.0.26100.3037_none_3e09262ce333c378;c:\Users\hhp\.vscode\extensions\redhat.java-1.39.0-win32-x64\jre\21.0.5-win32-x86_64\bin\server;C:\Users\hhp\AppData\Roaming\Code\User\globalStorage\redhat.java\1.39.0\config_win\org.eclipse.equinox.launcher\org.eclipse.equinox.launcher.win32.win32.x86_64_1.2.1100.v20240722-2106;C:\Users\hhp\AppData\Local\Temp\jna-103280

VM Arguments:
jvm_args: --add-modules=ALL-SYSTEM --add-opens=java.base/java.util=ALL-UNNAMED --add-opens=java.base/java.lang=ALL-UNNAMED --add-opens=java.base/sun.nio.fs=ALL-UNNAMED -Declipse.application=org.eclipse.jdt.ls.core.id1 -Dosgi.bundles.defaultStartLevel=4 -Declipse.product=org.eclipse.jdt.ls.core.product -Djava.import.generatesMetadataFilesAtProjectRoot=false -DDetectVMInstallationsJob.disabled=true -Dfile.encoding=utf8 -XX:+UseParallelGC -XX:GCTimeRatio=4 -XX:AdaptiveSizePolicyWeight=90 -Dsun.zip.disableMemoryMapping=true -Xmx1G -Xms100m -Xlog:disable -javaagent:c:\Users\hhp\.vscode\extensions\redhat.java-1.39.0-win32-x64\lombok\lombok-1.18.34.jar -XX:+HeapDumpOnOutOfMemoryError -XX:HeapDumpPath=c:\Users\hhp\AppData\Roaming\Code\User\workspaceStorage\14c17b81feb02420379e559635737696\redhat.java -Daether.dependencyCollector.impl=bf 
java_command: c:\Users\hhp\.vscode\extensions\redhat.java-1.39.0-win32-x64\server\plugins\org.eclipse.equinox.launcher_1.6.900.v20240613-2009.jar -configuration c:\Users\hhp\AppData\Roaming\Code\User\globalStorage\redhat.java\1.39.0\config_win -data c:\Users\hhp\AppData\Roaming\Code\User\workspaceStorage\14c17b81feb02420379e559635737696\redhat.java\jdt_ws --pipe=\\.\pipe\lsp-9e8cca98e10eec8b8701e470a8878c86-sock
java_class_path (initial): c:\Users\hhp\.vscode\extensions\redhat.java-1.39.0-win32-x64\server\plugins\org.eclipse.equinox.launcher_1.6.900.v20240613-2009.jar
Launcher Type: SUN_STANDARD

[Global flags]
    uintx AdaptiveSizePolicyWeight                 = 90                                        {product} {command line}
     intx CICompilerCount                          = 4                                         {product} {ergonomic}
    uintx GCTimeRatio                              = 4                                         {product} {command line}
     bool HeapDumpOnOutOfMemoryError               = true                                   {manageable} {command line}
    ccstr HeapDumpPath                             = c:\Users\hhp\AppData\Roaming\Code\User\workspaceStorage\14c17b81feb02420379e559635737696\redhat.java         {manageable} {command line}
   size_t InitialHeapSize                          = 104857600                                 {product} {command line}
   size_t MaxHeapSize                              = 1073741824                                {product} {command line}
   size_t MaxNewSize                               = 357564416                                 {product} {ergonomic}
   size_t MinHeapDeltaBytes                        = 524288                                    {product} {ergonomic}
   size_t MinHeapSize                              = 104857600                                 {product} {command line}
   size_t NewSize                                  = 34603008                                  {product} {ergonomic}
    uintx NonNMethodCodeHeapSize                   = 5839372                                {pd product} {ergonomic}
    uintx NonProfiledCodeHeapSize                  = 122909434                              {pd product} {ergonomic}
   size_t OldSize                                  = 70254592                                  {product} {ergonomic}
    uintx ProfiledCodeHeapSize                     = 122909434                              {pd product} {ergonomic}
    uintx ReservedCodeCacheSize                    = 251658240                              {pd product} {ergonomic}
     bool SegmentedCodeCache                       = true                                      {product} {ergonomic}
   size_t SoftMaxHeapSize                          = 1073741824                             {manageable} {ergonomic}
     bool UseCompressedOops                        = true                           {product lp64_product} {ergonomic}
     bool UseLargePagesIndividualAllocation        = false                                  {pd product} {ergonomic}
     bool UseParallelGC                            = true                                      {product} {command line}

Logging:
Log output configuration:
 #0: stdout all=off uptime,level,tags foldmultilines=false
 #1: stderr all=off uptime,level,tags foldmultilines=false

Environment Variables:
JAVA_HOME=C:\Program Files\OpenLogic\jdk-17.0.14.7-hotspot
PATH=C:\Program Files\OpenLogic\jdk-17.0.14.7-hotspot\bin;C:\WINDOWS\system32;C:\WINDOWS;C:\WINDOWS\System32\Wbem;C:\WINDOWS\System32\WindowsPowerShell\v1.0\;C:\WINDOWS\System32\OpenSSH\;C:\MinGW\bin;C:\Program Files\Git\cmd;C:\Program Files (x86)\Microsoft SQL Server\160\Tools\Binn\;C:\Program Files\Microsoft SQL Server\160\Tools\Binn\;C:\Program Files\Microsoft SQL Server\Client SDK\ODBC\170\Tools\Binn\;C:\Program Files\Microsoft SQL Server\160\DTS\Binn\;C:\Program Files (x86)\Microsoft SQL Server\160\DTS\Binn\;C:\Program Files\Azure Data Studio\bin;C:\Program Files\MongoDB\Server\7.0\bin;C:\mongosh-1.10.6-win32-x64\bin;C:\Program Files\nodejs\;C:\ProgramData\chocolatey\bin;C:\Users\hhp\AppData\Local\Android\Sdk;C:\Users\hhp\AppData\Local\Android\Sdk\platform-tools;C:\Users\hhp\AppData\Local\Android\Sdk\emulator;C:\Users\hhp\AppData\Local\Android\Sdk\build-tools;C:\Users\hhp\AppData\Local\Android\Sdk\platforms;C:\Users\hhp\AppData\Local\Microsoft\WindowsApps;C:\Users\hhp\AppData\Local\Programs\Microsoft VS Code\bin;C:\Program Files\nodejs;C:\Program Files\Azure Data Studio\bin;C:\Users\hhp\AppData\Local\GitHubDesktop\bin;C:\Users\hhp\AppData\Roaming\npm;C:\Program Files\OpenLogic\jdk-17.0.14.7-hotspot\bin;C:\Users\hhp\AppData\Local\Android\Sdk;C:\Users\hhp\AppData\Local\Android\Sdk\platform-tools;C:\Users\hhp\AppData\Local\Android\Sdk\emulator;C:\Users\hhp\AppData\Local\Android\Sdk\build-tools;C:\Users\hhp\AppData\Local\Android\Sdk\platforms;
USERNAME=hhp
OS=Windows_NT
PROCESSOR_IDENTIFIER=Intel64 Family 6 Model 154 Stepping 4, GenuineIntel
TMP=C:\Users\hhp\AppData\Local\Temp
TEMP=C:\Users\hhp\AppData\Local\Temp




Periodic native trim disabled

---------------  S Y S T E M  ---------------

OS:
 Windows 11 , 64 bit Build 26100 (10.0.26100.3037)
OS uptime: 0 days 10:39 hours
Hyper-V role detected

CPU: total 12 (initial active 12) (6 cores per cpu, 2 threads per core) family 6 model 154 stepping 4 microcode 0x42c, cx8, cmov, fxsr, ht, mmx, 3dnowpref, sse, sse2, sse3, ssse3, sse4.1, sse4.2, popcnt, lzcnt, tsc, tscinvbit, avx, avx2, aes, erms, clmul, bmi1, bmi2, adx, sha, fma, vzeroupper, clflush, clflushopt, clwb, hv, serialize, rdtscp, rdpid, fsrm, f16c, cet_ibt, cet_ss
Processor Information for processor 0
  Max Mhz: 1300, Current Mhz: 1300, Mhz Limit: 1300
Processor Information for processor 1
  Max Mhz: 1300, Current Mhz: 1300, Mhz Limit: 1300
Processor Information for processor 2
  Max Mhz: 1300, Current Mhz: 1300, Mhz Limit: 1300
Processor Information for processor 3
  Max Mhz: 1300, Current Mhz: 1300, Mhz Limit: 1300
Processor Information for processor 4
  Max Mhz: 1300, Current Mhz: 900, Mhz Limit: 897
Processor Information for processor 5
  Max Mhz: 1300, Current Mhz: 900, Mhz Limit: 897
Processor Information for processor 6
  Max Mhz: 1300, Current Mhz: 900, Mhz Limit: 897
Processor Information for processor 7
  Max Mhz: 1300, Current Mhz: 900, Mhz Limit: 897
Processor Information for processor 8
  Max Mhz: 1300, Current Mhz: 900, Mhz Limit: 897
Processor Information for processor 9
  Max Mhz: 1300, Current Mhz: 900, Mhz Limit: 897
Processor Information for processor 10
  Max Mhz: 1300, Current Mhz: 900, Mhz Limit: 897
Processor Information for processor 11
  Max Mhz: 1300, Current Mhz: 900, Mhz Limit: 897

Memory: 4k page, system-wide physical 16055M (846M free)
TotalPageFile size 60251M (AvailPageFile size 3M)
current process WorkingSet (physical memory assigned to process): 204M, peak: 208M
current process commit charge ("private bytes"): 300M, peak: 304M

vm_info: OpenJDK 64-Bit Server VM (21.0.5+11-LTS) for windows-amd64 JRE (21.0.5+11-LTS), built on 2024-10-15T00:00:00Z by "admin" with MS VC++ 17.7 (VS2022)

END.
