#
# There is insufficient memory for the Java Runtime Environment to continue.
# Native memory allocation (malloc) failed to allocate 559872 bytes. Error detail: Chunk::new
# Possible reasons:
#   The system is out of physical RAM or swap space
#   This process is running with CompressedOops enabled, and the Java Heap may be blocking the growth of the native heap
# Possible solutions:
#   Reduce memory load on the system
#   Increase physical memory or swap space
#   Check if swap backing store is full
#   Decrease Java heap size (-Xmx/-Xms)
#   Decrease number of Java threads
#   Decrease Java thread stack sizes (-Xss)
#   Set larger code cache with -XX:ReservedCodeCacheSize=
#   JVM is running with Unscaled Compressed Oops mode in which the Java heap is
#     placed in the first 4GB address space. The Java Heap base address is the
#     maximum limit for the native heap growth. Please use -XX:HeapBaseMinAddress
#     to set the Java Heap base and to place the Java Heap above 4GB virtual address.
# This output file may be truncated or incomplete.
#
#  Out of Memory Error (arena.cpp:168), pid=23568, tid=23816
#
# JRE version: OpenJDK Runtime Environment Temurin-21.0.5+11 (21.0.5+11) (build 21.0.5+11-LTS)
# Java VM: OpenJDK 64-Bit Server VM Temurin-21.0.5+11 (21.0.5+11-LTS, mixed mode, sharing, tiered, compressed oops, compressed class ptrs, parallel gc, windows-amd64)
# No core dump will be written. Minidumps are not enabled by default on client versions of Windows
#

---------------  S U M M A R Y ------------

Command Line: --add-modules=ALL-SYSTEM --add-opens=java.base/java.util=ALL-UNNAMED --add-opens=java.base/java.lang=ALL-UNNAMED --add-opens=java.base/sun.nio.fs=ALL-UNNAMED -Declipse.application=org.eclipse.jdt.ls.core.id1 -Dosgi.bundles.defaultStartLevel=4 -Declipse.product=org.eclipse.jdt.ls.core.product -Djava.import.generatesMetadataFilesAtProjectRoot=false -DDetectVMInstallationsJob.disabled=true -Dfile.encoding=utf8 -XX:+UseParallelGC -XX:GCTimeRatio=4 -XX:AdaptiveSizePolicyWeight=90 -Dsun.zip.disableMemoryMapping=true -Xmx1G -Xms100m -Xlog:disable -javaagent:c:\Users\hhp\.vscode\extensions\redhat.java-1.39.0-win32-x64\lombok\lombok-1.18.34.jar -XX:+HeapDumpOnOutOfMemoryError -XX:HeapDumpPath=c:\Users\hhp\AppData\Roaming\Code\User\workspaceStorage\14c17b81feb02420379e559635737696\redhat.java -Daether.dependencyCollector.impl=bf c:\Users\hhp\.vscode\extensions\redhat.java-1.39.0-win32-x64\server\plugins\org.eclipse.equinox.launcher_1.6.900.v20240613-2009.jar -configuration c:\Users\hhp\AppData\Roaming\Code\User\globalStorage\redhat.java\1.39.0\config_win -data c:\Users\hhp\AppData\Roaming\Code\User\workspaceStorage\14c17b81feb02420379e559635737696\redhat.java\jdt_ws --pipe=\\.\pipe\lsp-a8e271e7d2837cf70a8ab333106f020f-sock

Host: 12th Gen Intel(R) Core(TM) i5-1235U, 12 cores, 15G,  Windows 11 , 64 bit Build 26100 (10.0.26100.3037)
Time: Mon Feb  3 22:41:23 2025 India Standard Time elapsed time: 24.448110 seconds (0d 0h 0m 24s)

---------------  T H R E A D  ---------------

Current thread (0x000002055f360ab0):  JavaThread "C2 CompilerThread0" daemon [_thread_in_native, id=23816, stack(0x000000164ac00000,0x000000164ad00000) (1024K)]


Current CompileTask:
C2:24448 9664       4       org.gradle.api.internal.classpath.DefaultModuleRegistry$DefaultModule::collectRequiredModules (99 bytes)

Stack: [0x000000164ac00000,0x000000164ad00000]
Native frames: (J=compiled Java code, j=interpreted, Vv=VM code, C=native code)
V  [jvm.dll+0x6cd4e9]
V  [jvm.dll+0x8a7941]
V  [jvm.dll+0x8a9e6e]
V  [jvm.dll+0x8aa543]
V  [jvm.dll+0x27f6d6]
V  [jvm.dll+0xc500d]
V  [jvm.dll+0xc5543]
V  [jvm.dll+0x3b660c]
V  [jvm.dll+0x1dffe9]
V  [jvm.dll+0x247b22]
V  [jvm.dll+0x246faf]
V  [jvm.dll+0x1c75ce]
V  [jvm.dll+0x25682a]
V  [jvm.dll+0x254dca]
V  [jvm.dll+0x3f00d6]
V  [jvm.dll+0x8514fb]
V  [jvm.dll+0x6cbbed]
C  [ucrtbase.dll+0x37b0]
C  [KERNEL32.DLL+0x2e8d7]
C  [ntdll.dll+0xbbf2c]


---------------  P R O C E S S  ---------------

Threads class SMR info:
_java_thread_list=0x0000020568cb5630, length=78, elements={
0x00000205074faab0, 0x000002055d1fba10, 0x000002055d1fe930, 0x000002055f325640,
0x000002055f32b590, 0x000002055f328f70, 0x000002055f329d40, 0x000002055f360ab0,
0x000002055f363610, 0x000002055f438600, 0x000002055f6aad60, 0x000002055fe1e560,
0x000002055fc960b0, 0x00000205640a6620, 0x00000205642ef9e0, 0x00000205640ed360,
0x00000205647f1430, 0x0000020564629fd0, 0x000002056462cdc0, 0x000002056462a660,
0x000002056462ba10, 0x000002056462acf0, 0x000002056462b380, 0x000002056462c0a0,
0x000002056462c730, 0x000002056462d450, 0x0000020567b30e10, 0x0000020567b314a0,
0x0000020567b31b30, 0x0000020567b321c0, 0x0000020567b300f0, 0x0000020567b30780,
0x0000020567b32850, 0x0000020567b2f3d0, 0x0000020567b32ee0, 0x0000020567b2fa60,
0x0000020567b35640, 0x0000020567b33c00, 0x0000020567b34fb0, 0x0000020567b34290,
0x0000020567b34920, 0x0000020567b35cd0, 0x0000020568140810, 0x000002056813faf0,
0x0000020568142250, 0x0000020568141bc0, 0x00000205681428e0, 0x0000020568140ea0,
0x0000020568142f70, 0x0000020568141530, 0x0000020568143600, 0x0000020568140180,
0x00000205681463f0, 0x0000020568145040, 0x00000205681456d0, 0x0000020568146a80,
0x0000020568145d60, 0x0000020568147110, 0x0000020568143c90, 0x0000020568144320,
0x00000205681449b0, 0x0000020567dc6800, 0x0000020567dc5ae0, 0x0000020567dc5450,
0x0000020567dc8f60, 0x0000020567dc88d0, 0x0000020567dc95f0, 0x0000020567dc8240,
0x0000020567dc6e90, 0x0000020567dc9c80, 0x0000020567dc7520, 0x0000020567dcc3e0,
0x0000020567dca9a0, 0x0000020567dcca70, 0x0000020567dcb030, 0x0000020567dca310,
0x0000020567761a40, 0x00000205687e9560
}

Java Threads: ( => current thread )
  0x00000205074faab0 JavaThread "main"                              [_thread_blocked, id=24264, stack(0x000000164a200000,0x000000164a300000) (1024K)]
  0x000002055d1fba10 JavaThread "Reference Handler"          daemon [_thread_blocked, id=17320, stack(0x000000164a600000,0x000000164a700000) (1024K)]
  0x000002055d1fe930 JavaThread "Finalizer"                  daemon [_thread_blocked, id=24400, stack(0x000000164a700000,0x000000164a800000) (1024K)]
  0x000002055f325640 JavaThread "Signal Dispatcher"          daemon [_thread_blocked, id=1100, stack(0x000000164a800000,0x000000164a900000) (1024K)]
  0x000002055f32b590 JavaThread "Attach Listener"            daemon [_thread_blocked, id=1904, stack(0x000000164a900000,0x000000164aa00000) (1024K)]
  0x000002055f328f70 JavaThread "Service Thread"             daemon [_thread_blocked, id=22896, stack(0x000000164aa00000,0x000000164ab00000) (1024K)]
  0x000002055f329d40 JavaThread "Monitor Deflation Thread"   daemon [_thread_blocked, id=21268, stack(0x000000164ab00000,0x000000164ac00000) (1024K)]
=>0x000002055f360ab0 JavaThread "C2 CompilerThread0"         daemon [_thread_in_native, id=23816, stack(0x000000164ac00000,0x000000164ad00000) (1024K)]
  0x000002055f363610 JavaThread "C1 CompilerThread0"         daemon [_thread_blocked, id=12640, stack(0x000000164ad00000,0x000000164ae00000) (1024K)]
  0x000002055f438600 JavaThread "Common-Cleaner"             daemon [_thread_blocked, id=18440, stack(0x000000164ae00000,0x000000164af00000) (1024K)]
  0x000002055f6aad60 JavaThread "Notification Thread"        daemon [_thread_blocked, id=8432, stack(0x000000164b000000,0x000000164b100000) (1024K)]
  0x000002055fe1e560 JavaThread "Active Thread: Equinox Container: d318accf-df87-4bc0-98c2-28c445ecd121"        [_thread_blocked, id=15496, stack(0x000000164b800000,0x000000164b900000) (1024K)]
  0x000002055fc960b0 JavaThread "Refresh Thread: Equinox Container: d318accf-df87-4bc0-98c2-28c445ecd121" daemon [_thread_blocked, id=22292, stack(0x000000164b900000,0x000000164ba00000) (1024K)]
  0x00000205640a6620 JavaThread "Framework Event Dispatcher: Equinox Container: d318accf-df87-4bc0-98c2-28c445ecd121" daemon [_thread_blocked, id=11128, stack(0x000000164ba00000,0x000000164bb00000) (1024K)]
  0x00000205642ef9e0 JavaThread "Start Level: Equinox Container: d318accf-df87-4bc0-98c2-28c445ecd121" daemon [_thread_blocked, id=5804, stack(0x000000164bc00000,0x000000164bd00000) (1024K)]
  0x00000205640ed360 JavaThread "Bundle File Closer"         daemon [_thread_blocked, id=17172, stack(0x000000164bd00000,0x000000164be00000) (1024K)]
  0x00000205647f1430 JavaThread "SCR Component Actor"        daemon [_thread_blocked, id=21888, stack(0x000000164bf00000,0x000000164c000000) (1024K)]
  0x0000020564629fd0 JavaThread "Worker-JM"                         [_thread_blocked, id=23200, stack(0x000000164c100000,0x000000164c200000) (1024K)]
  0x000002056462cdc0 JavaThread "JNA Cleaner"                daemon [_thread_blocked, id=14488, stack(0x000000164c300000,0x000000164c400000) (1024K)]
  0x000002056462a660 JavaThread "Worker-0"                          [_thread_blocked, id=13412, stack(0x000000164c400000,0x000000164c500000) (1024K)]
  0x000002056462ba10 JavaThread "Worker-1"                          [_thread_blocked, id=18972, stack(0x000000164c500000,0x000000164c600000) (1024K)]
  0x000002056462acf0 JavaThread "Java indexing"              daemon [_thread_blocked, id=14556, stack(0x000000164c600000,0x000000164c700000) (1024K)]
  0x000002056462b380 JavaThread "Worker-2: Java indexing... "        [_thread_blocked, id=20576, stack(0x000000164c700000,0x000000164c800000) (1024K)]
  0x000002056462c0a0 JavaThread "Worker-3: Initialize Workspace"        [_thread_blocked, id=19980, stack(0x000000164c800000,0x000000164c900000) (1024K)]
  0x000002056462c730 JavaThread "Worker-4"                          [_thread_blocked, id=11928, stack(0x000000164cb00000,0x000000164cc00000) (1024K)]
  0x000002056462d450 JavaThread "Worker-5"                          [_thread_blocked, id=14640, stack(0x000000164cc00000,0x000000164cd00000) (1024K)]
  0x0000020567b30e10 JavaThread "Thread-2"                   daemon [_thread_in_native, id=17372, stack(0x000000164cd00000,0x000000164ce00000) (1024K)]
  0x0000020567b314a0 JavaThread "Thread-3"                   daemon [_thread_in_native, id=23324, stack(0x000000164ce00000,0x000000164cf00000) (1024K)]
  0x0000020567b31b30 JavaThread "Thread-4"                   daemon [_thread_in_native, id=11432, stack(0x000000164cf00000,0x000000164d000000) (1024K)]
  0x0000020567b321c0 JavaThread "Thread-5"                   daemon [_thread_in_native, id=15284, stack(0x000000164d000000,0x000000164d100000) (1024K)]
  0x0000020567b300f0 JavaThread "Thread-6"                   daemon [_thread_in_native, id=23036, stack(0x000000164d100000,0x000000164d200000) (1024K)]
  0x0000020567b30780 JavaThread "Thread-7"                   daemon [_thread_in_native, id=8740, stack(0x000000164d200000,0x000000164d300000) (1024K)]
  0x0000020567b32850 JavaThread "Thread-8"                   daemon [_thread_in_native, id=4768, stack(0x000000164d300000,0x000000164d400000) (1024K)]
  0x0000020567b2f3d0 JavaThread "Thread-9"                   daemon [_thread_in_native, id=23912, stack(0x000000164d400000,0x000000164d500000) (1024K)]
  0x0000020567b32ee0 JavaThread "Thread-10"                  daemon [_thread_in_native, id=10820, stack(0x000000164d500000,0x000000164d600000) (1024K)]
  0x0000020567b2fa60 JavaThread "Thread-11"                  daemon [_thread_in_native, id=21032, stack(0x000000164d600000,0x000000164d700000) (1024K)]
  0x0000020567b35640 JavaThread "Thread-12"                  daemon [_thread_in_native, id=21136, stack(0x000000164d700000,0x000000164d800000) (1024K)]
  0x0000020567b33c00 JavaThread "Thread-13"                  daemon [_thread_in_native, id=21640, stack(0x000000164d800000,0x000000164d900000) (1024K)]
  0x0000020567b34fb0 JavaThread "Thread-14"                  daemon [_thread_in_native, id=20048, stack(0x000000164d900000,0x000000164da00000) (1024K)]
  0x0000020567b34290 JavaThread "pool-2-thread-1"                   [_thread_blocked, id=22952, stack(0x000000164da00000,0x000000164db00000) (1024K)]
  0x0000020567b34920 JavaThread "WorkspaceEventsHandler"            [_thread_blocked, id=7592, stack(0x000000164db00000,0x000000164dc00000) (1024K)]
  0x0000020567b35cd0 JavaThread "pool-1-thread-1"                   [_thread_blocked, id=11864, stack(0x000000164dc00000,0x000000164dd00000) (1024K)]
  0x0000020568140810 JavaThread "LocalFile Deleter"          daemon [_thread_blocked, id=1460, stack(0x000000164c000000,0x000000164c100000) (1024K)]
  0x000002056813faf0 JavaThread "LocalFile Deleter"          daemon [_thread_blocked, id=7184, stack(0x000000164dd00000,0x000000164de00000) (1024K)]
  0x0000020568142250 JavaThread "LocalFile Deleter"          daemon [_thread_blocked, id=21668, stack(0x000000164de00000,0x000000164df00000) (1024K)]
  0x0000020568141bc0 JavaThread "LocalFile Deleter"          daemon [_thread_blocked, id=8024, stack(0x000000164df00000,0x000000164e000000) (1024K)]
  0x00000205681428e0 JavaThread "LocalFile Deleter"          daemon [_thread_blocked, id=17868, stack(0x000000164e000000,0x000000164e100000) (1024K)]
  0x0000020568140ea0 JavaThread "LocalFile Deleter"          daemon [_thread_blocked, id=7320, stack(0x000000164e100000,0x000000164e200000) (1024K)]
  0x0000020568142f70 JavaThread "LocalFile Deleter"          daemon [_thread_blocked, id=17992, stack(0x000000164e200000,0x000000164e300000) (1024K)]
  0x0000020568141530 JavaThread "LocalFile Deleter"          daemon [_thread_blocked, id=22272, stack(0x000000164e300000,0x000000164e400000) (1024K)]
  0x0000020568143600 JavaThread "LocalFile Deleter"          daemon [_thread_blocked, id=20020, stack(0x000000164e400000,0x000000164e500000) (1024K)]
  0x0000020568140180 JavaThread "LocalFile Deleter"          daemon [_thread_blocked, id=19776, stack(0x000000164e500000,0x000000164e600000) (1024K)]
  0x00000205681463f0 JavaThread "LocalFile Deleter"          daemon [_thread_blocked, id=14244, stack(0x000000164e600000,0x000000164e700000) (1024K)]
  0x0000020568145040 JavaThread "LocalFile Deleter"          daemon [_thread_blocked, id=22800, stack(0x000000164e700000,0x000000164e800000) (1024K)]
  0x00000205681456d0 JavaThread "Compiler Source File Reader" daemon [_thread_blocked, id=9696, stack(0x000000164e800000,0x000000164e900000) (1024K)]
  0x0000020568146a80 JavaThread "Compiler Source File Reader" daemon [_thread_blocked, id=1764, stack(0x000000164e900000,0x000000164ea00000) (1024K)]
  0x0000020568145d60 JavaThread "Compiler Source File Reader" daemon [_thread_blocked, id=24044, stack(0x000000164ea00000,0x000000164eb00000) (1024K)]
  0x0000020568147110 JavaThread "Compiler Source File Reader" daemon [_thread_blocked, id=19996, stack(0x000000164eb00000,0x000000164ec00000) (1024K)]
  0x0000020568143c90 JavaThread "Compiler Source File Reader" daemon [_thread_blocked, id=20384, stack(0x000000164ec00000,0x000000164ed00000) (1024K)]
  0x0000020568144320 JavaThread "Compiler Source File Reader" daemon [_thread_blocked, id=22544, stack(0x000000164ed00000,0x000000164ee00000) (1024K)]
  0x00000205681449b0 JavaThread "Compiler Source File Reader" daemon [_thread_blocked, id=18720, stack(0x000000164ee00000,0x000000164ef00000) (1024K)]
  0x0000020567dc6800 JavaThread "Compiler Source File Reader" daemon [_thread_blocked, id=5512, stack(0x000000164ef00000,0x000000164f000000) (1024K)]
  0x0000020567dc5ae0 JavaThread "Compiler Source File Reader" daemon [_thread_blocked, id=16712, stack(0x000000164f000000,0x000000164f100000) (1024K)]
  0x0000020567dc5450 JavaThread "Compiler Source File Reader" daemon [_thread_blocked, id=9124, stack(0x000000164f100000,0x000000164f200000) (1024K)]
  0x0000020567dc8f60 JavaThread "Compiler Processing Task"   daemon [_thread_blocked, id=22100, stack(0x000000164f200000,0x000000164f300000) (1024K)]
  0x0000020567dc88d0 JavaThread "Compiler Class File Writer" daemon [_thread_blocked, id=20508, stack(0x000000164f300000,0x000000164f400000) (1024K)]
  0x0000020567dc95f0 JavaThread "Compiler Class File Writer" daemon [_thread_blocked, id=10088, stack(0x000000164f400000,0x000000164f500000) (1024K)]
  0x0000020567dc8240 JavaThread "Compiler Class File Writer" daemon [_thread_blocked, id=12704, stack(0x000000164f500000,0x000000164f600000) (1024K)]
  0x0000020567dc6e90 JavaThread "Compiler Class File Writer" daemon [_thread_blocked, id=20128, stack(0x000000164f600000,0x000000164f700000) (1024K)]
  0x0000020567dc9c80 JavaThread "Compiler Class File Writer" daemon [_thread_blocked, id=9580, stack(0x000000164f700000,0x000000164f800000) (1024K)]
  0x0000020567dc7520 JavaThread "Compiler Class File Writer" daemon [_thread_blocked, id=2536, stack(0x000000164f800000,0x000000164f900000) (1024K)]
  0x0000020567dcc3e0 JavaThread "Compiler Class File Writer" daemon [_thread_blocked, id=3008, stack(0x000000164f900000,0x000000164fa00000) (1024K)]
  0x0000020567dca9a0 JavaThread "Compiler Class File Writer" daemon [_thread_blocked, id=22140, stack(0x000000164fa00000,0x000000164fb00000) (1024K)]
  0x0000020567dcca70 JavaThread "Compiler Class File Writer" daemon [_thread_blocked, id=14348, stack(0x000000164fb00000,0x000000164fc00000) (1024K)]
  0x0000020567dcb030 JavaThread "Compiler Class File Writer" daemon [_thread_blocked, id=9788, stack(0x000000164fc00000,0x000000164fd00000) (1024K)]
  0x0000020567dca310 JavaThread "Timer-0"                           [_thread_blocked, id=23340, stack(0x000000164fd00000,0x000000164fe00000) (1024K)]
  0x0000020567761a40 JavaThread "Connection worker"                 [_thread_blocked, id=11632, stack(0x000000164fe00000,0x000000164ff00000) (1024K)]
  0x00000205687e9560 JavaThread "C2 CompilerThread1"         daemon [_thread_blocked, id=19032, stack(0x000000164af00000,0x000000164b000000) (1024K)]
Total: 78

Other Threads:
  0x000002055d1e4590 VMThread "VM Thread"                           [id=19660, stack(0x000000164a500000,0x000000164a600000) (1024K)]
  0x000002055d0dcb20 WatcherThread "VM Periodic Task Thread"        [id=23188, stack(0x000000164a400000,0x000000164a500000) (1024K)]
  0x0000020507519940 WorkerThread "GC Thread#0"                     [id=23960, stack(0x000000164a300000,0x000000164a400000) (1024K)]
  0x000002055fbee550 WorkerThread "GC Thread#1"                     [id=13632, stack(0x000000164b200000,0x000000164b300000) (1024K)]
  0x000002055fdb6200 WorkerThread "GC Thread#2"                     [id=23884, stack(0x000000164b300000,0x000000164b400000) (1024K)]
  0x000002055fdb65a0 WorkerThread "GC Thread#3"                     [id=21184, stack(0x000000164b400000,0x000000164b500000) (1024K)]
  0x000002055f9b9390 WorkerThread "GC Thread#4"                     [id=21712, stack(0x000000164b500000,0x000000164b600000) (1024K)]
  0x000002055f9b9730 WorkerThread "GC Thread#5"                     [id=22348, stack(0x000000164b600000,0x000000164b700000) (1024K)]
  0x000002055f9b9ed0 WorkerThread "GC Thread#6"                     [id=20548, stack(0x000000164b700000,0x000000164b800000) (1024K)]
  0x00000205640a7050 WorkerThread "GC Thread#7"                     [id=20940, stack(0x000000164bb00000,0x000000164bc00000) (1024K)]
  0x0000020564673a00 WorkerThread "GC Thread#8"                     [id=22160, stack(0x000000164b100000,0x000000164b200000) (1024K)]
  0x00000205646732c0 WorkerThread "GC Thread#9"                     [id=23344, stack(0x000000164be00000,0x000000164bf00000) (1024K)]
Total: 12

Threads with active compile tasks:
C2 CompilerThread0  24465 9664       4       org.gradle.api.internal.classpath.DefaultModuleRegistry$DefaultModule::collectRequiredModules (99 bytes)
C2 CompilerThread1  24465 9671       4       org.eclipse.jdt.internal.core.search.indexing.BinaryIndexer::addBinaryAnnotation (87 bytes)
Total: 2

VM state: at safepoint (normal execution)

VM Mutex/Monitor currently owned by a thread:  ([mutex/lock_event])
[0x00007ff82d03d380] Threads_lock - owner thread: 0x000002055d1e4590
[0x00007ff82d03d480] Heap_lock - owner thread: 0x000002056462acf0

Heap address: 0x00000000c0000000, size: 1024 MB, Compressed Oops mode: 32-bit

CDS archive(s) mapped at: [0x000002051c000000-0x000002051cba0000-0x000002051cba0000), size 12189696, SharedBaseAddress: 0x000002051c000000, ArchiveRelocationMode: 1.
Compressed class space mapped at: 0x000002051d000000-0x000002055d000000, reserved size: 1073741824
Narrow klass base: 0x000002051c000000, Narrow klass shift: 0, Narrow klass range: 0x100000000

GC Precious Log:
 CardTable entry size: 512
 CPUs: 12 total, 12 available
 Memory: 16055M
 Large Page Support: Disabled
 NUMA Support: Disabled
 Compressed Oops: Enabled (32-bit)
 Alignments: Space 512K, Generation 512K, Heap 2M
 Heap Min Capacity: 100M
 Heap Initial Capacity: 100M
 Heap Max Capacity: 1G
 Pre-touch: Disabled
 Parallel Workers: 10

Heap:
 PSYoungGen      total 5120K, used 1009K [0x00000000eab00000, 0x00000000eb100000, 0x0000000100000000)
  eden space 4096K, 0% used [0x00000000eab00000,0x00000000eab00000,0x00000000eaf00000)
  from space 1024K, 98% used [0x00000000eb000000,0x00000000eb0fc460,0x00000000eb100000)
  to   space 1024K, 0% used [0x00000000eaf00000,0x00000000eaf00000,0x00000000eb000000)
 ParOldGen       total 290816K, used 290618K [0x00000000c0000000, 0x00000000d1c00000, 0x00000000eab00000)
  object space 290816K, 99% used [0x00000000c0000000,0x00000000d1bce848,0x00000000d1c00000)
 Metaspace       used 60802K, committed 62080K, reserved 1114112K
  class space    used 6537K, committed 7104K, reserved 1048576K

Card table byte_map: [0x0000020519a80000,0x0000020519c90000] _byte_map_base: 0x0000020519480000

Marking Bits: (ParMarkBitMap*) 0x00007ff82d042250
 Begin Bits: [0x0000020519df0000, 0x000002051adf0000)
 End Bits:   [0x000002051adf0000, 0x000002051bdf0000)

Polling page: 0x0000020505c60000

Metaspace:

Usage:
  Non-class:     52.99 MB used.
      Class:      6.38 MB used.
       Both:     59.38 MB used.

Virtual space:
  Non-class space:       64.00 MB reserved,      53.69 MB ( 84%) committed,  1 nodes.
      Class space:        1.00 GB reserved,       6.94 MB ( <1%) committed,  1 nodes.
             Both:        1.06 GB reserved,      60.62 MB (  6%) committed. 

Chunk freelists:
   Non-Class:  9.45 MB
       Class:  8.92 MB
        Both:  18.38 MB

MaxMetaspaceSize: unlimited
CompressedClassSpaceSize: 1.00 GB
Initial GC threshold: 21.00 MB
Current GC threshold: 97.31 MB
CDS: on
 - commit_granule_bytes: 65536.
 - commit_granule_words: 8192.
 - virtual_space_node_default_size: 8388608.
 - enlarge_chunks_in_place: 1.
 - use_allocation_guard: 0.


Internal statistics:

num_allocs_failed_limit: 9.
num_arena_births: 942.
num_arena_deaths: 14.
num_vsnodes_births: 2.
num_vsnodes_deaths: 0.
num_space_committed: 970.
num_space_uncommitted: 0.
num_chunks_returned_to_freelist: 23.
num_chunks_taken_from_freelist: 3650.
num_chunk_merges: 15.
num_chunk_splits: 2314.
num_chunks_enlarged: 1432.
num_inconsistent_stats: 0.

CodeHeap 'non-profiled nmethods': size=120000Kb used=6450Kb max_used=6450Kb free=113549Kb
 bounds [0x0000020512370000, 0x00000205129c0000, 0x00000205198a0000]
CodeHeap 'profiled nmethods': size=120000Kb used=18584Kb max_used=18839Kb free=101415Kb
 bounds [0x000002050a8a0000, 0x000002050bb10000, 0x0000020511dd0000]
CodeHeap 'non-nmethods': size=5760Kb used=1418Kb max_used=1500Kb free=4341Kb
 bounds [0x0000020511dd0000, 0x0000020512040000, 0x0000020512370000]
 total_blobs=9608 nmethods=8879 adapters=635
 compilation: enabled
              stopped_count=0, restarted_count=0
 full_count=0

Compilation events (20 events):
Event: 21.255 Thread 0x000002055f360ab0 nmethod 9662 0x00000205129b5d90 code [0x00000205129b5f40, 0x00000205129b60a0]
Event: 21.255 Thread 0x000002055f363610 nmethod 9665 0x000002050aacfa90 code [0x000002050aacfc40, 0x000002050aacfea8]
Event: 21.255 Thread 0x000002055f360ab0 9663       4       java.lang.String::split (242 bytes)
Event: 21.333 Thread 0x000002055f360ab0 nmethod 9663 0x00000205129b6210 code [0x00000205129b6520, 0x00000205129b83d0]
Event: 21.334 Thread 0x000002055f360ab0 9664       4       org.gradle.api.internal.classpath.DefaultModuleRegistry$DefaultModule::collectRequiredModules (99 bytes)
Event: 21.334 Thread 0x00000205687e9560 9667       4       org.eclipse.jdt.internal.compiler.classfmt.AnnotationInfo::scanAnnotation (330 bytes)
Event: 21.350 Thread 0x000002055f363610 9670       3       org.gradle.api.internal.classpath.DefaultModuleRegistry::findJar (192 bytes)
Event: 21.351 Thread 0x000002055f363610 nmethod 9670 0x000002050b05f190 code [0x000002050b05f540, 0x000002050b060930]
Event: 21.357 Thread 0x00000205687e9560 nmethod 9667 0x00000205129b9c10 code [0x00000205129ba080, 0x00000205129bb148]
Event: 21.357 Thread 0x00000205687e9560 9668       4       org.eclipse.jdt.internal.compiler.classfmt.MethodInfo::decodeAnnotations (69 bytes)
Event: 21.365 Thread 0x00000205687e9560 nmethod 9668 0x00000205129bb890 code [0x00000205129bba40, 0x00000205129bbd90]
Event: 21.366 Thread 0x00000205687e9560 9661   !   4       java.util.AbstractList$Itr::next (46 bytes)
Event: 21.368 Thread 0x00000205687e9560 nmethod 9661 0x00000205129bbf10 code [0x00000205129bc0c0, 0x00000205129bc230]
Event: 21.368 Thread 0x00000205687e9560 9669       4       org.eclipse.jdt.core.Signature::appendTypeSignature (513 bytes)
Event: 21.370 Thread 0x00000205687e9560 nmethod 9669 0x00000205129bc390 code [0x00000205129bc540, 0x00000205129bc6a8]
Event: 21.370 Thread 0x00000205687e9560 9666       4       org.gradle.internal.classpath.DefaultClassPath$ImmutableUniqueList::get (57 bytes)
Event: 21.371 Thread 0x00000205687e9560 nmethod 9666 0x00000205129bc810 code [0x00000205129bc9a0, 0x00000205129bca90]
Event: 21.372 Thread 0x00000205687e9560 9671       4       org.eclipse.jdt.internal.core.search.indexing.BinaryIndexer::addBinaryAnnotation (87 bytes)
Event: 22.443 Thread 0x000002055f363610 9676       3       org.gradle.internal.classpath.DefaultClassPath$ImmutableUniqueList$Builder::shrinkArray (41 bytes)
Event: 22.443 Thread 0x000002055f363610 nmethod 9676 0x000002050b0b8490 code [0x000002050b0b8640, 0x000002050b0b8900]

GC Heap History (20 events):
Event: 21.302 GC heap after
{Heap after GC invocations=249 (full 3):
 PSYoungGen      total 4096K, used 797K [0x00000000eab00000, 0x00000000eb000000, 0x0000000100000000)
  eden space 3072K, 0% used [0x00000000eab00000,0x00000000eab00000,0x00000000eae00000)
  from space 1024K, 77% used [0x00000000eaf00000,0x00000000eafc77f8,0x00000000eb000000)
  to   space 1024K, 0% used [0x00000000eae00000,0x00000000eae00000,0x00000000eaf00000)
 ParOldGen       total 284160K, used 284149K [0x00000000c0000000, 0x00000000d1580000, 0x00000000eab00000)
  object space 284160K, 99% used [0x00000000c0000000,0x00000000d157d6d0,0x00000000d1580000)
 Metaspace       used 60799K, committed 62080K, reserved 1114112K
  class space    used 6537K, committed 7104K, reserved 1048576K
}
Event: 21.315 GC heap before
{Heap before GC invocations=250 (full 3):
 PSYoungGen      total 4096K, used 3869K [0x00000000eab00000, 0x00000000eb000000, 0x0000000100000000)
  eden space 3072K, 100% used [0x00000000eab00000,0x00000000eae00000,0x00000000eae00000)
  from space 1024K, 77% used [0x00000000eaf00000,0x00000000eafc77f8,0x00000000eb000000)
  to   space 1024K, 0% used [0x00000000eae00000,0x00000000eae00000,0x00000000eaf00000)
 ParOldGen       total 284160K, used 284149K [0x00000000c0000000, 0x00000000d1580000, 0x00000000eab00000)
  object space 284160K, 99% used [0x00000000c0000000,0x00000000d157d6d0,0x00000000d1580000)
 Metaspace       used 60799K, committed 62080K, reserved 1114112K
  class space    used 6537K, committed 7104K, reserved 1048576K
}
Event: 21.317 GC heap after
{Heap after GC invocations=250 (full 3):
 PSYoungGen      total 4096K, used 892K [0x00000000eab00000, 0x00000000eb000000, 0x0000000100000000)
  eden space 3072K, 0% used [0x00000000eab00000,0x00000000eab00000,0x00000000eae00000)
  from space 1024K, 87% used [0x00000000eae00000,0x00000000eaedf338,0x00000000eaf00000)
  to   space 1024K, 0% used [0x00000000eaf00000,0x00000000eaf00000,0x00000000eb000000)
 ParOldGen       total 285184K, used 284795K [0x00000000c0000000, 0x00000000d1680000, 0x00000000eab00000)
  object space 285184K, 99% used [0x00000000c0000000,0x00000000d161ecd0,0x00000000d1680000)
 Metaspace       used 60799K, committed 62080K, reserved 1114112K
  class space    used 6537K, committed 7104K, reserved 1048576K
}
Event: 21.329 GC heap before
{Heap before GC invocations=251 (full 3):
 PSYoungGen      total 4096K, used 3964K [0x00000000eab00000, 0x00000000eb000000, 0x0000000100000000)
  eden space 3072K, 100% used [0x00000000eab00000,0x00000000eae00000,0x00000000eae00000)
  from space 1024K, 87% used [0x00000000eae00000,0x00000000eaedf338,0x00000000eaf00000)
  to   space 1024K, 0% used [0x00000000eaf00000,0x00000000eaf00000,0x00000000eb000000)
 ParOldGen       total 285184K, used 284795K [0x00000000c0000000, 0x00000000d1680000, 0x00000000eab00000)
  object space 285184K, 99% used [0x00000000c0000000,0x00000000d161ecd0,0x00000000d1680000)
 Metaspace       used 60799K, committed 62080K, reserved 1114112K
  class space    used 6537K, committed 7104K, reserved 1048576K
}
Event: 21.331 GC heap after
{Heap after GC invocations=251 (full 3):
 PSYoungGen      total 4096K, used 737K [0x00000000eab00000, 0x00000000eb000000, 0x0000000100000000)
  eden space 3072K, 0% used [0x00000000eab00000,0x00000000eab00000,0x00000000eae00000)
  from space 1024K, 72% used [0x00000000eaf00000,0x00000000eafb8628,0x00000000eb000000)
  to   space 1024K, 0% used [0x00000000eae00000,0x00000000eae00000,0x00000000eaf00000)
 ParOldGen       total 285696K, used 285432K [0x00000000c0000000, 0x00000000d1700000, 0x00000000eab00000)
  object space 285696K, 99% used [0x00000000c0000000,0x00000000d16be128,0x00000000d1700000)
 Metaspace       used 60799K, committed 62080K, reserved 1114112K
  class space    used 6537K, committed 7104K, reserved 1048576K
}
Event: 21.347 GC heap before
{Heap before GC invocations=252 (full 3):
 PSYoungGen      total 4096K, used 3809K [0x00000000eab00000, 0x00000000eb000000, 0x0000000100000000)
  eden space 3072K, 100% used [0x00000000eab00000,0x00000000eae00000,0x00000000eae00000)
  from space 1024K, 72% used [0x00000000eaf00000,0x00000000eafb8628,0x00000000eb000000)
  to   space 1024K, 0% used [0x00000000eae00000,0x00000000eae00000,0x00000000eaf00000)
 ParOldGen       total 285696K, used 285432K [0x00000000c0000000, 0x00000000d1700000, 0x00000000eab00000)
  object space 285696K, 99% used [0x00000000c0000000,0x00000000d16be128,0x00000000d1700000)
 Metaspace       used 60799K, committed 62080K, reserved 1114112K
  class space    used 6537K, committed 7104K, reserved 1048576K
}
Event: 21.349 GC heap after
{Heap after GC invocations=252 (full 3):
 PSYoungGen      total 4096K, used 763K [0x00000000eab00000, 0x00000000eb000000, 0x0000000100000000)
  eden space 3072K, 0% used [0x00000000eab00000,0x00000000eab00000,0x00000000eae00000)
  from space 1024K, 74% used [0x00000000eae00000,0x00000000eaebec20,0x00000000eaf00000)
  to   space 1024K, 0% used [0x00000000eaf00000,0x00000000eaf00000,0x00000000eb000000)
 ParOldGen       total 286208K, used 286011K [0x00000000c0000000, 0x00000000d1780000, 0x00000000eab00000)
  object space 286208K, 99% used [0x00000000c0000000,0x00000000d174ee38,0x00000000d1780000)
 Metaspace       used 60799K, committed 62080K, reserved 1114112K
  class space    used 6537K, committed 7104K, reserved 1048576K
}
Event: 21.360 GC heap before
{Heap before GC invocations=253 (full 3):
 PSYoungGen      total 4096K, used 3835K [0x00000000eab00000, 0x00000000eb000000, 0x0000000100000000)
  eden space 3072K, 100% used [0x00000000eab00000,0x00000000eae00000,0x00000000eae00000)
  from space 1024K, 74% used [0x00000000eae00000,0x00000000eaebec20,0x00000000eaf00000)
  to   space 1024K, 0% used [0x00000000eaf00000,0x00000000eaf00000,0x00000000eb000000)
 ParOldGen       total 286208K, used 286011K [0x00000000c0000000, 0x00000000d1780000, 0x00000000eab00000)
  object space 286208K, 99% used [0x00000000c0000000,0x00000000d174ee38,0x00000000d1780000)
 Metaspace       used 60802K, committed 62080K, reserved 1114112K
  class space    used 6537K, committed 7104K, reserved 1048576K
}
Event: 21.362 GC heap after
{Heap after GC invocations=253 (full 3):
 PSYoungGen      total 4096K, used 833K [0x00000000eab00000, 0x00000000eb000000, 0x0000000100000000)
  eden space 3072K, 0% used [0x00000000eab00000,0x00000000eab00000,0x00000000eae00000)
  from space 1024K, 81% used [0x00000000eaf00000,0x00000000eafd04d0,0x00000000eb000000)
  to   space 1024K, 0% used [0x00000000eae00000,0x00000000eae00000,0x00000000eaf00000)
 ParOldGen       total 286720K, used 286630K [0x00000000c0000000, 0x00000000d1800000, 0x00000000eab00000)
  object space 286720K, 99% used [0x00000000c0000000,0x00000000d17e9a48,0x00000000d1800000)
 Metaspace       used 60802K, committed 62080K, reserved 1114112K
  class space    used 6537K, committed 7104K, reserved 1048576K
}
Event: 21.373 GC heap before
{Heap before GC invocations=254 (full 3):
 PSYoungGen      total 4096K, used 3905K [0x00000000eab00000, 0x00000000eb000000, 0x0000000100000000)
  eden space 3072K, 100% used [0x00000000eab00000,0x00000000eae00000,0x00000000eae00000)
  from space 1024K, 81% used [0x00000000eaf00000,0x00000000eafd04d0,0x00000000eb000000)
  to   space 1024K, 0% used [0x00000000eae00000,0x00000000eae00000,0x00000000eaf00000)
 ParOldGen       total 286720K, used 286630K [0x00000000c0000000, 0x00000000d1800000, 0x00000000eab00000)
  object space 286720K, 99% used [0x00000000c0000000,0x00000000d17e9a48,0x00000000d1800000)
 Metaspace       used 60802K, committed 62080K, reserved 1114112K
  class space    used 6537K, committed 7104K, reserved 1048576K
}
Event: 21.374 GC heap after
{Heap after GC invocations=254 (full 3):
 PSYoungGen      total 4096K, used 793K [0x00000000eab00000, 0x00000000eb000000, 0x0000000100000000)
  eden space 3072K, 0% used [0x00000000eab00000,0x00000000eab00000,0x00000000eae00000)
  from space 1024K, 77% used [0x00000000eae00000,0x00000000eaec6450,0x00000000eaf00000)
  to   space 1024K, 0% used [0x00000000eaf00000,0x00000000eaf00000,0x00000000eb000000)
 ParOldGen       total 287232K, used 287227K [0x00000000c0000000, 0x00000000d1880000, 0x00000000eab00000)
  object space 287232K, 99% used [0x00000000c0000000,0x00000000d187ef68,0x00000000d1880000)
 Metaspace       used 60802K, committed 62080K, reserved 1114112K
  class space    used 6537K, committed 7104K, reserved 1048576K
}
Event: 21.383 GC heap before
{Heap before GC invocations=255 (full 3):
 PSYoungGen      total 4096K, used 3865K [0x00000000eab00000, 0x00000000eb000000, 0x0000000100000000)
  eden space 3072K, 100% used [0x00000000eab00000,0x00000000eae00000,0x00000000eae00000)
  from space 1024K, 77% used [0x00000000eae00000,0x00000000eaec6450,0x00000000eaf00000)
  to   space 1024K, 0% used [0x00000000eaf00000,0x00000000eaf00000,0x00000000eb000000)
 ParOldGen       total 287232K, used 287227K [0x00000000c0000000, 0x00000000d1880000, 0x00000000eab00000)
  object space 287232K, 99% used [0x00000000c0000000,0x00000000d187ef68,0x00000000d1880000)
 Metaspace       used 60802K, committed 62080K, reserved 1114112K
  class space    used 6537K, committed 7104K, reserved 1048576K
}
Event: 22.385 GC heap after
{Heap after GC invocations=255 (full 3):
 PSYoungGen      total 4096K, used 885K [0x00000000eab00000, 0x00000000eb100000, 0x0000000100000000)
  eden space 3072K, 0% used [0x00000000eab00000,0x00000000eab00000,0x00000000eae00000)
  from space 1024K, 86% used [0x00000000eaf00000,0x00000000eafdd6a8,0x00000000eb000000)
  to   space 1024K, 0% used [0x00000000eae00000,0x00000000eae00000,0x00000000eaf00000)
 ParOldGen       total 288256K, used 287860K [0x00000000c0000000, 0x00000000d1980000, 0x00000000eab00000)
  object space 288256K, 99% used [0x00000000c0000000,0x00000000d191d2a0,0x00000000d1980000)
 Metaspace       used 60802K, committed 62080K, reserved 1114112K
  class space    used 6537K, committed 7104K, reserved 1048576K
}
Event: 22.403 GC heap before
{Heap before GC invocations=256 (full 3):
 PSYoungGen      total 4096K, used 3957K [0x00000000eab00000, 0x00000000eb100000, 0x0000000100000000)
  eden space 3072K, 100% used [0x00000000eab00000,0x00000000eae00000,0x00000000eae00000)
  from space 1024K, 86% used [0x00000000eaf00000,0x00000000eafdd6a8,0x00000000eb000000)
  to   space 1024K, 0% used [0x00000000eae00000,0x00000000eae00000,0x00000000eaf00000)
 ParOldGen       total 288256K, used 287860K [0x00000000c0000000, 0x00000000d1980000, 0x00000000eab00000)
  object space 288256K, 99% used [0x00000000c0000000,0x00000000d191d2a0,0x00000000d1980000)
 Metaspace       used 60802K, committed 62080K, reserved 1114112K
  class space    used 6537K, committed 7104K, reserved 1048576K
}
Event: 22.405 GC heap after
{Heap after GC invocations=256 (full 3):
 PSYoungGen      total 4096K, used 859K [0x00000000eab00000, 0x00000000eb100000, 0x0000000100000000)
  eden space 3072K, 0% used [0x00000000eab00000,0x00000000eab00000,0x00000000eae00000)
  from space 1024K, 83% used [0x00000000eae00000,0x00000000eaed6fd8,0x00000000eaf00000)
  to   space 1024K, 0% used [0x00000000eb000000,0x00000000eb000000,0x00000000eb100000)
 ParOldGen       total 288768K, used 288443K [0x00000000c0000000, 0x00000000d1a00000, 0x00000000eab00000)
  object space 288768K, 99% used [0x00000000c0000000,0x00000000d19aec90,0x00000000d1a00000)
 Metaspace       used 60802K, committed 62080K, reserved 1114112K
  class space    used 6537K, committed 7104K, reserved 1048576K
}
Event: 22.419 GC heap before
{Heap before GC invocations=257 (full 3):
 PSYoungGen      total 4096K, used 3931K [0x00000000eab00000, 0x00000000eb100000, 0x0000000100000000)
  eden space 3072K, 100% used [0x00000000eab00000,0x00000000eae00000,0x00000000eae00000)
  from space 1024K, 83% used [0x00000000eae00000,0x00000000eaed6fd8,0x00000000eaf00000)
  to   space 1024K, 0% used [0x00000000eb000000,0x00000000eb000000,0x00000000eb100000)
 ParOldGen       total 288768K, used 288443K [0x00000000c0000000, 0x00000000d1a00000, 0x00000000eab00000)
  object space 288768K, 99% used [0x00000000c0000000,0x00000000d19aec90,0x00000000d1a00000)
 Metaspace       used 60802K, committed 62080K, reserved 1114112K
  class space    used 6537K, committed 7104K, reserved 1048576K
}
Event: 22.420 GC heap after
{Heap after GC invocations=257 (full 3):
 PSYoungGen      total 5120K, used 894K [0x00000000eab00000, 0x00000000eb100000, 0x0000000100000000)
  eden space 4096K, 0% used [0x00000000eab00000,0x00000000eab00000,0x00000000eaf00000)
  from space 1024K, 87% used [0x00000000eb000000,0x00000000eb0df978,0x00000000eb100000)
  to   space 1024K, 0% used [0x00000000eaf00000,0x00000000eaf00000,0x00000000eb000000)
 ParOldGen       total 289280K, used 289094K [0x00000000c0000000, 0x00000000d1a80000, 0x00000000eab00000)
  object space 289280K, 99% used [0x00000000c0000000,0x00000000d1a51be8,0x00000000d1a80000)
 Metaspace       used 60802K, committed 62080K, reserved 1114112K
  class space    used 6537K, committed 7104K, reserved 1048576K
}
Event: 22.436 GC heap before
{Heap before GC invocations=258 (full 3):
 PSYoungGen      total 5120K, used 4900K [0x00000000eab00000, 0x00000000eb100000, 0x0000000100000000)
  eden space 4096K, 97% used [0x00000000eab00000,0x00000000eaee9a08,0x00000000eaf00000)
  from space 1024K, 87% used [0x00000000eb000000,0x00000000eb0df978,0x00000000eb100000)
  to   space 1024K, 0% used [0x00000000eaf00000,0x00000000eaf00000,0x00000000eb000000)
 ParOldGen       total 289280K, used 289094K [0x00000000c0000000, 0x00000000d1a80000, 0x00000000eab00000)
  object space 289280K, 99% used [0x00000000c0000000,0x00000000d1a51be8,0x00000000d1a80000)
 Metaspace       used 60802K, committed 62080K, reserved 1114112K
  class space    used 6537K, committed 7104K, reserved 1048576K
}
Event: 22.437 GC heap after
{Heap after GC invocations=258 (full 3):
 PSYoungGen      total 5120K, used 977K [0x00000000eab00000, 0x00000000eb100000, 0x0000000100000000)
  eden space 4096K, 0% used [0x00000000eab00000,0x00000000eab00000,0x00000000eaf00000)
  from space 1024K, 95% used [0x00000000eaf00000,0x00000000eaff4528,0x00000000eb000000)
  to   space 1024K, 0% used [0x00000000eb000000,0x00000000eb000000,0x00000000eb100000)
 ParOldGen       total 289792K, used 289719K [0x00000000c0000000, 0x00000000d1b00000, 0x00000000eab00000)
  object space 289792K, 99% used [0x00000000c0000000,0x00000000d1aedfb0,0x00000000d1b00000)
 Metaspace       used 60802K, committed 62080K, reserved 1114112K
  class space    used 6537K, committed 7104K, reserved 1048576K
}
Event: 22.446 GC heap before
{Heap before GC invocations=259 (full 3):
 PSYoungGen      total 5120K, used 5073K [0x00000000eab00000, 0x00000000eb100000, 0x0000000100000000)
  eden space 4096K, 100% used [0x00000000eab00000,0x00000000eaf00000,0x00000000eaf00000)
  from space 1024K, 95% used [0x00000000eaf00000,0x00000000eaff4528,0x00000000eb000000)
  to   space 1024K, 0% used [0x00000000eb000000,0x00000000eb000000,0x00000000eb100000)
 ParOldGen       total 289792K, used 289719K [0x00000000c0000000, 0x00000000d1b00000, 0x00000000eab00000)
  object space 289792K, 99% used [0x00000000c0000000,0x00000000d1aedfb0,0x00000000d1b00000)
 Metaspace       used 60802K, committed 62080K, reserved 1114112K
  class space    used 6537K, committed 7104K, reserved 1048576K
}

Dll operation events (11 events):
Event: 0.013 Loaded shared library c:\Users\hhp\.vscode\extensions\redhat.java-1.39.0-win32-x64\jre\21.0.5-win32-x86_64\bin\java.dll
Event: 0.090 Loaded shared library c:\Users\hhp\.vscode\extensions\redhat.java-1.39.0-win32-x64\jre\21.0.5-win32-x86_64\bin\zip.dll
Event: 0.114 Loaded shared library C:\Users\hhp\.vscode\extensions\redhat.java-1.39.0-win32-x64\jre\21.0.5-win32-x86_64\bin\instrument.dll
Event: 0.120 Loaded shared library C:\Users\hhp\.vscode\extensions\redhat.java-1.39.0-win32-x64\jre\21.0.5-win32-x86_64\bin\net.dll
Event: 0.123 Loaded shared library C:\Users\hhp\.vscode\extensions\redhat.java-1.39.0-win32-x64\jre\21.0.5-win32-x86_64\bin\nio.dll
Event: 0.128 Loaded shared library C:\Users\hhp\.vscode\extensions\redhat.java-1.39.0-win32-x64\jre\21.0.5-win32-x86_64\bin\zip.dll
Event: 0.148 Loaded shared library C:\Users\hhp\.vscode\extensions\redhat.java-1.39.0-win32-x64\jre\21.0.5-win32-x86_64\bin\jimage.dll
Event: 0.228 Loaded shared library c:\Users\hhp\.vscode\extensions\redhat.java-1.39.0-win32-x64\jre\21.0.5-win32-x86_64\bin\verify.dll
Event: 1.843 Loaded shared library C:\Users\hhp\AppData\Roaming\Code\User\globalStorage\redhat.java\1.39.0\config_win\org.eclipse.equinox.launcher\org.eclipse.equinox.launcher.win32.win32.x86_64_1.2.1100.v20240722-2106\eclipse_11904.dll
Event: 4.134 Loaded shared library C:\Users\hhp\AppData\Local\Temp\jna-103280\jna3521379805223354562.dll
Event: 19.324 Loaded shared library C:\Users\hhp\.gradle\native\c067742578af261105cb4f569cf0c3c89f3d7b1fecec35dd04571415982c5e48\windows-amd64\native-platform.dll

Deoptimization events (20 events):
Event: 19.581 Thread 0x0000020567761a40 Uncommon trap: trap_request=0xffffff45 fr.pc=0x0000020512870418 relative=0x00000000000018b8
Event: 19.581 Thread 0x0000020567761a40 Uncommon trap: reason=unstable_if action=reinterpret pc=0x0000020512870418 method=java.net.URI$Parser.parse(Z)V @ 36 c2
Event: 19.582 Thread 0x0000020567761a40 DEOPT PACKING pc=0x0000020512870418 sp=0x000000164fefd030
Event: 19.582 Thread 0x0000020567761a40 DEOPT UNPACKING pc=0x0000020511e23aa2 sp=0x000000164fefd018 mode 2
Event: 19.643 Thread 0x0000020567761a40 Uncommon trap: trap_request=0xffffff45 fr.pc=0x000002051246e8e4 relative=0x0000000000001244
Event: 19.643 Thread 0x0000020567761a40 Uncommon trap: reason=unstable_if action=reinterpret pc=0x000002051246e8e4 method=java.lang.String.<init>(Ljava/nio/charset/Charset;[BII)V @ 113 c2
Event: 19.643 Thread 0x0000020567761a40 DEOPT PACKING pc=0x000002051246e8e4 sp=0x000000164fefcb80
Event: 19.643 Thread 0x0000020567761a40 DEOPT UNPACKING pc=0x0000020511e23aa2 sp=0x000000164fefcb40 mode 2
Event: 19.809 Thread 0x0000020567761a40 Uncommon trap: trap_request=0xffffff45 fr.pc=0x00000205128c94f8 relative=0x00000000000001d8
Event: 19.809 Thread 0x0000020567761a40 Uncommon trap: reason=unstable_if action=reinterpret pc=0x00000205128c94f8 method=java.util.regex.Pattern.RemoveQEQuoting()V @ 41 c2
Event: 19.809 Thread 0x0000020567761a40 DEOPT PACKING pc=0x00000205128c94f8 sp=0x000000164fefd290
Event: 19.809 Thread 0x0000020567761a40 DEOPT UNPACKING pc=0x0000020511e23aa2 sp=0x000000164fefd1f0 mode 2
Event: 19.911 Thread 0x0000020567761a40 DEOPT PACKING pc=0x000002050b6c15a6 sp=0x000000164fefcfa0
Event: 19.911 Thread 0x0000020567761a40 DEOPT UNPACKING pc=0x0000020511e24242 sp=0x000000164fefc490 mode 0
Event: 19.939 Thread 0x0000020567761a40 DEOPT PACKING pc=0x000002050b6c15a6 sp=0x000000164fefd090
Event: 19.939 Thread 0x0000020567761a40 DEOPT UNPACKING pc=0x0000020511e24242 sp=0x000000164fefc580 mode 0
Event: 21.088 Thread 0x0000020567761a40 Uncommon trap: trap_request=0xffffffcc fr.pc=0x00000205129ae310 relative=0x0000000000001a70
Event: 21.088 Thread 0x0000020567761a40 Uncommon trap: reason=intrinsic_or_type_checked_inlining action=make_not_entrant pc=0x00000205129ae310 method=java.util.ArrayList$SubList.toArray([Ljava/lang/Object;)[Ljava/lang/Object; @ 58 c2
Event: 21.088 Thread 0x0000020567761a40 DEOPT PACKING pc=0x00000205129ae310 sp=0x000000164fefd220
Event: 21.088 Thread 0x0000020567761a40 DEOPT UNPACKING pc=0x0000020511e23aa2 sp=0x000000164fefd068 mode 2

Classes loaded (20 events):
Event: 16.343 Loading class java/nio/file/PathMatcher done
Event: 16.343 Loading class sun/nio/fs/WindowsFileSystem$2 done
Event: 17.464 Loading class java/nio/file/FileChannelLinesSpliterator
Event: 17.464 Loading class java/nio/file/FileChannelLinesSpliterator done
Event: 17.466 Loading class java/util/stream/Streams$1
Event: 17.466 Loading class java/util/stream/Streams$1 done
Event: 17.467 Loading class java/nio/file/FileChannelLinesSpliterator$1
Event: 17.467 Loading class java/nio/file/FileChannelLinesSpliterator$1 done
Event: 17.672 Loading class java/util/concurrent/CopyOnWriteArraySet
Event: 17.673 Loading class java/util/concurrent/CopyOnWriteArraySet done
Event: 17.959 Loading class java/net/HttpURLConnection
Event: 17.959 Loading class java/net/HttpURLConnection done
Event: 17.983 Loading class java/io/FileFilter
Event: 17.983 Loading class java/io/FileFilter done
Event: 18.049 Loading class java/util/concurrent/ConcurrentHashMap$ValueSpliterator
Event: 18.050 Loading class java/util/concurrent/ConcurrentHashMap$ValueSpliterator done
Event: 18.052 Loading class jdk/internal/loader/BootLoader$PackageHelper
Event: 18.053 Loading class jdk/internal/loader/BootLoader$PackageHelper done
Event: 19.287 Loading class java/lang/Class$EnclosingMethodInfo
Event: 19.287 Loading class java/lang/Class$EnclosingMethodInfo done

Classes unloaded (7 events):
Event: 5.087 Thread 0x000002055d1e4590 Unloading class 0x000002051d19d400 'java/lang/invoke/LambdaForm$MH+0x000002051d19d400'
Event: 5.087 Thread 0x000002055d1e4590 Unloading class 0x000002051d19d000 'java/lang/invoke/LambdaForm$MH+0x000002051d19d000'
Event: 5.087 Thread 0x000002055d1e4590 Unloading class 0x000002051d19cc00 'java/lang/invoke/LambdaForm$MH+0x000002051d19cc00'
Event: 5.087 Thread 0x000002055d1e4590 Unloading class 0x000002051d19c800 'java/lang/invoke/LambdaForm$MH+0x000002051d19c800'
Event: 5.087 Thread 0x000002055d1e4590 Unloading class 0x000002051d19c400 'java/lang/invoke/LambdaForm$BMH+0x000002051d19c400'
Event: 5.087 Thread 0x000002055d1e4590 Unloading class 0x000002051d19c000 'java/lang/invoke/LambdaForm$DMH+0x000002051d19c000'
Event: 5.087 Thread 0x000002055d1e4590 Unloading class 0x000002051d19ac00 'java/lang/invoke/LambdaForm$DMH+0x000002051d19ac00'

Classes redefined (0 events):
No events

Internal exceptions (20 events):
Event: 16.606 Thread 0x000002056462c0a0 Exception <a 'sun/nio/fs/WindowsException'{0x00000000eab51df0}> (0x00000000eab51df0) 
thrown [s\src\hotspot\share\prims\jni.cpp, line 520]
Event: 16.606 Thread 0x000002056462c0a0 Exception <a 'sun/nio/fs/WindowsException'{0x00000000eab524a0}> (0x00000000eab524a0) 
thrown [s\src\hotspot\share\prims\jni.cpp, line 520]
Event: 16.608 Thread 0x000002056462c0a0 Exception <a 'sun/nio/fs/WindowsException'{0x00000000eab56fa8}> (0x00000000eab56fa8) 
thrown [s\src\hotspot\share\prims\jni.cpp, line 520]
Event: 16.608 Thread 0x000002056462c0a0 Exception <a 'sun/nio/fs/WindowsException'{0x00000000eab57688}> (0x00000000eab57688) 
thrown [s\src\hotspot\share\prims\jni.cpp, line 520]
Event: 16.608 Thread 0x000002056462c0a0 Exception <a 'sun/nio/fs/WindowsException'{0x00000000eab57d68}> (0x00000000eab57d68) 
thrown [s\src\hotspot\share\prims\jni.cpp, line 520]
Event: 16.608 Thread 0x000002056462c0a0 Exception <a 'sun/nio/fs/WindowsException'{0x00000000eab58460}> (0x00000000eab58460) 
thrown [s\src\hotspot\share\prims\jni.cpp, line 520]
Event: 16.609 Thread 0x000002056462c0a0 Exception <a 'sun/nio/fs/WindowsException'{0x00000000eaba69e8}> (0x00000000eaba69e8) 
thrown [s\src\hotspot\share\prims\jni.cpp, line 520]
Event: 16.609 Thread 0x000002056462c0a0 Exception <a 'sun/nio/fs/WindowsException'{0x00000000eaba7108}> (0x00000000eaba7108) 
thrown [s\src\hotspot\share\prims\jni.cpp, line 520]
Event: 16.609 Thread 0x000002056462c0a0 Exception <a 'sun/nio/fs/WindowsException'{0x00000000eaba7828}> (0x00000000eaba7828) 
thrown [s\src\hotspot\share\prims\jni.cpp, line 520]
Event: 16.609 Thread 0x000002056462c0a0 Exception <a 'sun/nio/fs/WindowsException'{0x00000000eaba7f68}> (0x00000000eaba7f68) 
thrown [s\src\hotspot\share\prims\jni.cpp, line 520]
Event: 16.610 Thread 0x000002056462c0a0 Exception <a 'sun/nio/fs/WindowsException'{0x00000000eabd40c8}> (0x00000000eabd40c8) 
thrown [s\src\hotspot\share\prims\jni.cpp, line 520]
Event: 16.610 Thread 0x000002056462c0a0 Exception <a 'sun/nio/fs/WindowsException'{0x00000000eabd4700}> (0x00000000eabd4700) 
thrown [s\src\hotspot\share\prims\jni.cpp, line 520]
Event: 16.610 Thread 0x000002056462c0a0 Exception <a 'sun/nio/fs/WindowsException'{0x00000000eabd4d48}> (0x00000000eabd4d48) 
thrown [s\src\hotspot\share\prims\jni.cpp, line 520]
Event: 16.610 Thread 0x000002056462c0a0 Exception <a 'sun/nio/fs/WindowsException'{0x00000000eabd53a0}> (0x00000000eabd53a0) 
thrown [s\src\hotspot\share\prims\jni.cpp, line 520]
Event: 17.444 Thread 0x000002056462c0a0 Exception <a 'sun/nio/fs/WindowsException'{0x00000000eaba1468}> (0x00000000eaba1468) 
thrown [s\src\hotspot\share\prims\jni.cpp, line 520]
Event: 17.444 Thread 0x000002056462c0a0 Exception <a 'sun/nio/fs/WindowsException'{0x00000000eaba1a98}> (0x00000000eaba1a98) 
thrown [s\src\hotspot\share\prims\jni.cpp, line 520]
Event: 17.444 Thread 0x000002056462c0a0 Exception <a 'sun/nio/fs/WindowsException'{0x00000000eaba20c8}> (0x00000000eaba20c8) 
thrown [s\src\hotspot\share\prims\jni.cpp, line 520]
Event: 17.444 Thread 0x000002056462c0a0 Exception <a 'sun/nio/fs/WindowsException'{0x00000000eaba2718}> (0x00000000eaba2718) 
thrown [s\src\hotspot\share\prims\jni.cpp, line 520]
Event: 17.679 Thread 0x000002056462c0a0 Exception <a 'java/lang/NoSuchMethodError'{0x00000000eabeebc8}: 'java.lang.Object java.lang.invoke.DirectMethodHandle$Holder.invokeVirtual(java.lang.Object, java.lang.Object, java.lang.Object, java.lang.Object)'> (0x00000000eabeebc8) 
thrown [s\src\hotspot\share\interpreter\linkResolver.cpp, line 773]
Event: 17.685 Thread 0x000002056462c0a0 Exception <a 'java/lang/NoSuchMethodError'{0x00000000eac7c388}: 'java.lang.Object java.lang.invoke.DirectMethodHandle$Holder.invokeVirtual(java.lang.Object, java.lang.Object, java.lang.Object, java.lang.Object, java.lang.Object)'> (0x00000000eac7c388) 
thrown [s\src\hotspot\share\interpreter\linkResolver.cpp, line 773]

ZGC Phase Switch (0 events):
No events

VM Operations (20 events):
Event: 21.302 Executing VM operation: ParallelGCFailedAllocation (Allocation Failure) done
Event: 21.315 Executing VM operation: ParallelGCFailedAllocation (Allocation Failure)
Event: 21.317 Executing VM operation: ParallelGCFailedAllocation (Allocation Failure) done
Event: 21.329 Executing VM operation: ParallelGCFailedAllocation (Allocation Failure)
Event: 21.331 Executing VM operation: ParallelGCFailedAllocation (Allocation Failure) done
Event: 21.347 Executing VM operation: ParallelGCFailedAllocation (Allocation Failure)
Event: 21.349 Executing VM operation: ParallelGCFailedAllocation (Allocation Failure) done
Event: 21.360 Executing VM operation: ParallelGCFailedAllocation (Allocation Failure)
Event: 21.362 Executing VM operation: ParallelGCFailedAllocation (Allocation Failure) done
Event: 21.373 Executing VM operation: ParallelGCFailedAllocation (Allocation Failure)
Event: 21.374 Executing VM operation: ParallelGCFailedAllocation (Allocation Failure) done
Event: 21.383 Executing VM operation: ParallelGCFailedAllocation (Allocation Failure)
Event: 22.385 Executing VM operation: ParallelGCFailedAllocation (Allocation Failure) done
Event: 22.403 Executing VM operation: ParallelGCFailedAllocation (Allocation Failure)
Event: 22.405 Executing VM operation: ParallelGCFailedAllocation (Allocation Failure) done
Event: 22.419 Executing VM operation: ParallelGCFailedAllocation (Allocation Failure)
Event: 22.420 Executing VM operation: ParallelGCFailedAllocation (Allocation Failure) done
Event: 22.436 Executing VM operation: ParallelGCFailedAllocation (Allocation Failure)
Event: 22.437 Executing VM operation: ParallelGCFailedAllocation (Allocation Failure) done
Event: 22.446 Executing VM operation: ParallelGCFailedAllocation (Allocation Failure)

Memory protections (0 events):
No events

Nmethod flushes (20 events):
Event: 18.465 Thread 0x000002055d1e4590 flushing  nmethod 0x000002050b132e90
Event: 18.465 Thread 0x000002055d1e4590 flushing  nmethod 0x000002050b133c90
Event: 18.465 Thread 0x000002055d1e4590 flushing  nmethod 0x000002050b139290
Event: 18.465 Thread 0x000002055d1e4590 flushing  nmethod 0x000002050b13fe10
Event: 18.465 Thread 0x000002055d1e4590 flushing  nmethod 0x000002050b153c90
Event: 18.465 Thread 0x000002055d1e4590 flushing  nmethod 0x000002050b155590
Event: 18.465 Thread 0x000002055d1e4590 flushing  nmethod 0x000002050b158a90
Event: 18.465 Thread 0x000002055d1e4590 flushing  nmethod 0x000002050b159810
Event: 18.465 Thread 0x000002055d1e4590 flushing  nmethod 0x000002050b159c90
Event: 18.465 Thread 0x000002055d1e4590 flushing  nmethod 0x000002050b15b690
Event: 18.465 Thread 0x000002055d1e4590 flushing  nmethod 0x000002050b15d410
Event: 18.465 Thread 0x000002055d1e4590 flushing  nmethod 0x000002050b166e10
Event: 18.465 Thread 0x000002055d1e4590 flushing  nmethod 0x000002050b16c790
Event: 18.465 Thread 0x000002055d1e4590 flushing  nmethod 0x000002050b18fa90
Event: 18.465 Thread 0x000002055d1e4590 flushing  nmethod 0x000002050b1b5990
Event: 18.465 Thread 0x000002055d1e4590 flushing  nmethod 0x000002050b1b6690
Event: 18.465 Thread 0x000002055d1e4590 flushing  nmethod 0x000002050b1bc290
Event: 18.465 Thread 0x000002055d1e4590 flushing  nmethod 0x000002050b1dda10
Event: 18.465 Thread 0x000002055d1e4590 flushing  nmethod 0x000002050b1fd010
Event: 18.465 Thread 0x000002055d1e4590 flushing  nmethod 0x000002050b1fe090

Events (20 events):
Event: 12.290 Thread 0x0000020568145d60 Thread added: 0x0000020567dc5ae0
Event: 12.291 Thread 0x000002056462ba10 Thread added: 0x0000020567dc5450
Event: 14.370 Thread 0x000002056462ba10 Thread added: 0x0000020567dc8f60
Event: 14.529 Thread 0x000002056462ba10 Thread added: 0x0000020567dc88d0
Event: 14.536 Thread 0x000002056462ba10 Thread added: 0x0000020567dc95f0
Event: 14.556 Thread 0x000002056462ba10 Thread added: 0x0000020567dc8240
Event: 14.562 Thread 0x000002056462ba10 Thread added: 0x0000020567dc6e90
Event: 14.569 Thread 0x000002056462ba10 Thread added: 0x0000020567dc9c80
Event: 14.569 Thread 0x000002056462ba10 Thread added: 0x0000020567dc7520
Event: 14.635 Thread 0x000002056462ba10 Thread added: 0x0000020567dcc3e0
Event: 14.647 Thread 0x000002056462ba10 Thread added: 0x0000020567dca9a0
Event: 14.647 Thread 0x000002056462ba10 Thread added: 0x0000020567dcca70
Event: 14.648 Thread 0x000002056462ba10 Thread added: 0x0000020567dcb030
Event: 17.560 Thread 0x000002056462c0a0 Thread added: 0x0000020567dca310
Event: 17.863 Thread 0x000002056462c0a0 Thread added: 0x0000020567761a40
Event: 18.865 Thread 0x0000020565f088e0 Thread exited: 0x0000020565f088e0
Event: 19.836 Thread 0x000002055f363610 Thread added: 0x00000205687ebe40
Event: 21.003 Thread 0x00000205687ebe40 Thread exited: 0x00000205687ebe40
Event: 21.003 Thread 0x000002055f3d75e0 Thread exited: 0x000002055f3d75e0
Event: 21.334 Thread 0x000002055f360ab0 Thread added: 0x00000205687e9560


Dynamic libraries:
0x00007ff7e2500000 - 0x00007ff7e250e000 	c:\Users\hhp\.vscode\extensions\redhat.java-1.39.0-win32-x64\jre\21.0.5-win32-x86_64\bin\java.exe
0x00007ff8f6aa0000 - 0x00007ff8f6d03000 	C:\WINDOWS\SYSTEM32\ntdll.dll
0x00007ff8f5a50000 - 0x00007ff8f5b17000 	C:\WINDOWS\System32\KERNEL32.DLL
0x00007ff8f43e0000 - 0x00007ff8f47a7000 	C:\WINDOWS\System32\KERNELBASE.dll
0x00007ff8f4290000 - 0x00007ff8f43dc000 	C:\WINDOWS\System32\ucrtbase.dll
0x00007ff8bb3e0000 - 0x00007ff8bb3f8000 	c:\Users\hhp\.vscode\extensions\redhat.java-1.39.0-win32-x64\jre\21.0.5-win32-x86_64\bin\jli.dll
0x00007ff8bd860000 - 0x00007ff8bd87e000 	c:\Users\hhp\.vscode\extensions\redhat.java-1.39.0-win32-x64\jre\21.0.5-win32-x86_64\bin\VCRUNTIME140.dll
0x00007ff8f53c0000 - 0x00007ff8f5589000 	C:\WINDOWS\System32\USER32.dll
0x00007ff8f40e0000 - 0x00007ff8f4107000 	C:\WINDOWS\System32\win32u.dll
0x00007ff8f5a20000 - 0x00007ff8f5a4a000 	C:\WINDOWS\System32\GDI32.dll
0x00007ff8ceaa0000 - 0x00007ff8ced30000 	C:\WINDOWS\WinSxS\amd64_microsoft.windows.common-controls_6595b64144ccf1df_6.0.26100.3037_none_3e09262ce333c378\COMCTL32.dll
0x00007ff8f47b0000 - 0x00007ff8f48db000 	C:\WINDOWS\System32\gdi32full.dll
0x00007ff8f5160000 - 0x00007ff8f5209000 	C:\WINDOWS\System32\msvcrt.dll
0x00007ff8f4030000 - 0x00007ff8f40d3000 	C:\WINDOWS\System32\msvcp_win.dll
0x00007ff8f58d0000 - 0x00007ff8f58ff000 	C:\WINDOWS\System32\IMM32.DLL
0x00007ff8eb480000 - 0x00007ff8eb48c000 	c:\Users\hhp\.vscode\extensions\redhat.java-1.39.0-win32-x64\jre\21.0.5-win32-x86_64\bin\vcruntime140_1.dll
0x00007ff8a7900000 - 0x00007ff8a798d000 	c:\Users\hhp\.vscode\extensions\redhat.java-1.39.0-win32-x64\jre\21.0.5-win32-x86_64\bin\msvcp140.dll
0x00007ff82c390000 - 0x00007ff82d11f000 	c:\Users\hhp\.vscode\extensions\redhat.java-1.39.0-win32-x64\jre\21.0.5-win32-x86_64\bin\server\jvm.dll
0x00007ff8f4910000 - 0x00007ff8f49c4000 	C:\WINDOWS\System32\ADVAPI32.dll
0x00007ff8f5210000 - 0x00007ff8f52b6000 	C:\WINDOWS\System32\sechost.dll
0x00007ff8f61c0000 - 0x00007ff8f62d6000 	C:\WINDOWS\System32\RPCRT4.dll
0x00007ff8f6300000 - 0x00007ff8f6374000 	C:\WINDOWS\System32\WS2_32.dll
0x00007ff8f3cd0000 - 0x00007ff8f3d1e000 	C:\WINDOWS\SYSTEM32\POWRPROF.dll
0x00007ff8e09f0000 - 0x00007ff8e09fb000 	C:\WINDOWS\SYSTEM32\VERSION.dll
0x00007ff8e98a0000 - 0x00007ff8e98d6000 	C:\WINDOWS\SYSTEM32\WINMM.dll
0x00007ff8f3cb0000 - 0x00007ff8f3cc4000 	C:\WINDOWS\SYSTEM32\UMPDC.dll
0x00007ff8f2c70000 - 0x00007ff8f2c8a000 	C:\WINDOWS\SYSTEM32\kernel.appcore.dll
0x00007ff8d7ec0000 - 0x00007ff8d7eca000 	c:\Users\hhp\.vscode\extensions\redhat.java-1.39.0-win32-x64\jre\21.0.5-win32-x86_64\bin\jimage.dll
0x00007ff8f1610000 - 0x00007ff8f1851000 	C:\WINDOWS\SYSTEM32\DBGHELP.DLL
0x00007ff8f5cc0000 - 0x00007ff8f603e000 	C:\WINDOWS\System32\combase.dll
0x00007ff8f57f0000 - 0x00007ff8f58c6000 	C:\WINDOWS\System32\OLEAUT32.dll
0x00007ff8cd8c0000 - 0x00007ff8cd8f9000 	C:\WINDOWS\SYSTEM32\dbgcore.DLL
0x00007ff8f3f00000 - 0x00007ff8f3f99000 	C:\WINDOWS\System32\bcryptPrimitives.dll
0x00007ff8ccdf0000 - 0x00007ff8ccdff000 	c:\Users\hhp\.vscode\extensions\redhat.java-1.39.0-win32-x64\jre\21.0.5-win32-x86_64\bin\instrument.dll
0x00007ff8b7690000 - 0x00007ff8b76af000 	c:\Users\hhp\.vscode\extensions\redhat.java-1.39.0-win32-x64\jre\21.0.5-win32-x86_64\bin\java.dll
0x00007ff8f49d0000 - 0x00007ff8f50d4000 	C:\WINDOWS\System32\SHELL32.dll
0x00007ff8f1a00000 - 0x00007ff8f2237000 	C:\WINDOWS\SYSTEM32\windows.storage.dll
0x00007ff8f6970000 - 0x00007ff8f6a59000 	C:\WINDOWS\System32\SHCORE.dll
0x00007ff8f6380000 - 0x00007ff8f63dd000 	C:\WINDOWS\System32\shlwapi.dll
0x00007ff8f3d50000 - 0x00007ff8f3d7e000 	C:\WINDOWS\SYSTEM32\profapi.dll
0x00007ff8b6b30000 - 0x00007ff8b6b48000 	c:\Users\hhp\.vscode\extensions\redhat.java-1.39.0-win32-x64\jre\21.0.5-win32-x86_64\bin\zip.dll
0x00007ff8d2630000 - 0x00007ff8d2640000 	C:\Users\hhp\.vscode\extensions\redhat.java-1.39.0-win32-x64\jre\21.0.5-win32-x86_64\bin\net.dll
0x00007ff8ea3c0000 - 0x00007ff8ea4de000 	C:\WINDOWS\SYSTEM32\WINHTTP.dll
0x00007ff8f3180000 - 0x00007ff8f31e8000 	C:\WINDOWS\system32\mswsock.dll
0x00007ff8af2d0000 - 0x00007ff8af2e6000 	C:\Users\hhp\.vscode\extensions\redhat.java-1.39.0-win32-x64\jre\21.0.5-win32-x86_64\bin\nio.dll
0x00007ff8ccde0000 - 0x00007ff8ccdf0000 	c:\Users\hhp\.vscode\extensions\redhat.java-1.39.0-win32-x64\jre\21.0.5-win32-x86_64\bin\verify.dll
0x00007ff8a8dd0000 - 0x00007ff8a8e15000 	C:\Users\hhp\AppData\Roaming\Code\User\globalStorage\redhat.java\1.39.0\config_win\org.eclipse.equinox.launcher\org.eclipse.equinox.launcher.win32.win32.x86_64_1.2.1100.v20240722-2106\eclipse_11904.dll
0x00007ff8f5b20000 - 0x00007ff8f5cb5000 	C:\WINDOWS\System32\ole32.dll
0x00007ff8f3420000 - 0x00007ff8f343c000 	C:\WINDOWS\SYSTEM32\CRYPTSP.dll
0x00007ff8f2bd0000 - 0x00007ff8f2c08000 	C:\WINDOWS\system32\rsaenh.dll
0x00007ff8f3220000 - 0x00007ff8f324b000 	C:\WINDOWS\SYSTEM32\USERENV.dll
0x00007ff8f3660000 - 0x00007ff8f3686000 	C:\WINDOWS\SYSTEM32\bcrypt.dll
0x00007ff8f3440000 - 0x00007ff8f344c000 	C:\WINDOWS\SYSTEM32\CRYPTBASE.dll
0x00007ff8f2670000 - 0x00007ff8f26a2000 	C:\WINDOWS\SYSTEM32\IPHLPAPI.DLL
0x00007ff8f5340000 - 0x00007ff8f534a000 	C:\WINDOWS\System32\NSI.dll
0x00007ff8abde0000 - 0x00007ff8abe29000 	C:\Users\hhp\AppData\Local\Temp\jna-103280\jna3521379805223354562.dll
0x00007ff8f5a10000 - 0x00007ff8f5a18000 	C:\WINDOWS\System32\PSAPI.DLL
0x00007ff8eba20000 - 0x00007ff8eba3f000 	C:\WINDOWS\SYSTEM32\dhcpcsvc6.DLL
0x00007ff8eb970000 - 0x00007ff8eb995000 	C:\WINDOWS\SYSTEM32\dhcpcsvc.DLL
0x00007ff8b5000000 - 0x00007ff8b5027000 	C:\Users\hhp\.gradle\native\c067742578af261105cb4f569cf0c3c89f3d7b1fecec35dd04571415982c5e48\windows-amd64\native-platform.dll

dbghelp: loaded successfully - version: 4.0.5 - missing functions: none
symbol engine: initialized successfully - sym options: 0x614 - pdb path: .;c:\Users\hhp\.vscode\extensions\redhat.java-1.39.0-win32-x64\jre\21.0.5-win32-x86_64\bin;C:\WINDOWS\SYSTEM32;C:\WINDOWS\WinSxS\amd64_microsoft.windows.common-controls_6595b64144ccf1df_6.0.26100.3037_none_3e09262ce333c378;c:\Users\hhp\.vscode\extensions\redhat.java-1.39.0-win32-x64\jre\21.0.5-win32-x86_64\bin\server;C:\Users\hhp\AppData\Roaming\Code\User\globalStorage\redhat.java\1.39.0\config_win\org.eclipse.equinox.launcher\org.eclipse.equinox.launcher.win32.win32.x86_64_1.2.1100.v20240722-2106;C:\Users\hhp\AppData\Local\Temp\jna-103280;C:\Users\hhp\.gradle\native\c067742578af261105cb4f569cf0c3c89f3d7b1fecec35dd04571415982c5e48\windows-amd64

VM Arguments:
jvm_args: --add-modules=ALL-SYSTEM --add-opens=java.base/java.util=ALL-UNNAMED --add-opens=java.base/java.lang=ALL-UNNAMED --add-opens=java.base/sun.nio.fs=ALL-UNNAMED -Declipse.application=org.eclipse.jdt.ls.core.id1 -Dosgi.bundles.defaultStartLevel=4 -Declipse.product=org.eclipse.jdt.ls.core.product -Djava.import.generatesMetadataFilesAtProjectRoot=false -DDetectVMInstallationsJob.disabled=true -Dfile.encoding=utf8 -XX:+UseParallelGC -XX:GCTimeRatio=4 -XX:AdaptiveSizePolicyWeight=90 -Dsun.zip.disableMemoryMapping=true -Xmx1G -Xms100m -Xlog:disable -javaagent:c:\Users\hhp\.vscode\extensions\redhat.java-1.39.0-win32-x64\lombok\lombok-1.18.34.jar -XX:+HeapDumpOnOutOfMemoryError -XX:HeapDumpPath=c:\Users\hhp\AppData\Roaming\Code\User\workspaceStorage\14c17b81feb02420379e559635737696\redhat.java -Daether.dependencyCollector.impl=bf 
java_command: c:\Users\hhp\.vscode\extensions\redhat.java-1.39.0-win32-x64\server\plugins\org.eclipse.equinox.launcher_1.6.900.v20240613-2009.jar -configuration c:\Users\hhp\AppData\Roaming\Code\User\globalStorage\redhat.java\1.39.0\config_win -data c:\Users\hhp\AppData\Roaming\Code\User\workspaceStorage\14c17b81feb02420379e559635737696\redhat.java\jdt_ws --pipe=\\.\pipe\lsp-a8e271e7d2837cf70a8ab333106f020f-sock
java_class_path (initial): c:\Users\hhp\.vscode\extensions\redhat.java-1.39.0-win32-x64\server\plugins\org.eclipse.equinox.launcher_1.6.900.v20240613-2009.jar
Launcher Type: SUN_STANDARD

[Global flags]
    uintx AdaptiveSizePolicyWeight                 = 90                                        {product} {command line}
     intx CICompilerCount                          = 4                                         {product} {ergonomic}
    uintx GCTimeRatio                              = 4                                         {product} {command line}
     bool HeapDumpOnOutOfMemoryError               = true                                   {manageable} {command line}
    ccstr HeapDumpPath                             = c:\Users\hhp\AppData\Roaming\Code\User\workspaceStorage\14c17b81feb02420379e559635737696\redhat.java         {manageable} {command line}
   size_t InitialHeapSize                          = 104857600                                 {product} {command line}
   size_t MaxHeapSize                              = 1073741824                                {product} {command line}
   size_t MaxNewSize                               = 357564416                                 {product} {ergonomic}
   size_t MinHeapDeltaBytes                        = 524288                                    {product} {ergonomic}
   size_t MinHeapSize                              = 104857600                                 {product} {command line}
   size_t NewSize                                  = 34603008                                  {product} {ergonomic}
    uintx NonNMethodCodeHeapSize                   = 5839372                                {pd product} {ergonomic}
    uintx NonProfiledCodeHeapSize                  = 122909434                              {pd product} {ergonomic}
   size_t OldSize                                  = 70254592                                  {product} {ergonomic}
    uintx ProfiledCodeHeapSize                     = 122909434                              {pd product} {ergonomic}
    uintx ReservedCodeCacheSize                    = 251658240                              {pd product} {ergonomic}
     bool SegmentedCodeCache                       = true                                      {product} {ergonomic}
   size_t SoftMaxHeapSize                          = 1073741824                             {manageable} {ergonomic}
     bool UseCompressedOops                        = true                           {product lp64_product} {ergonomic}
     bool UseLargePagesIndividualAllocation        = false                                  {pd product} {ergonomic}
     bool UseParallelGC                            = true                                      {product} {command line}

Logging:
Log output configuration:
 #0: stdout all=off uptime,level,tags foldmultilines=false
 #1: stderr all=off uptime,level,tags foldmultilines=false

Environment Variables:
JAVA_HOME=C:\Program Files\OpenLogic\jdk-17.0.14.7-hotspot
PATH=C:\Program Files\OpenLogic\jdk-17.0.14.7-hotspot\bin;C:\WINDOWS\system32;C:\WINDOWS;C:\WINDOWS\System32\Wbem;C:\WINDOWS\System32\WindowsPowerShell\v1.0\;C:\WINDOWS\System32\OpenSSH\;C:\MinGW\bin;C:\Program Files\Git\cmd;C:\Program Files (x86)\Microsoft SQL Server\160\Tools\Binn\;C:\Program Files\Microsoft SQL Server\160\Tools\Binn\;C:\Program Files\Microsoft SQL Server\Client SDK\ODBC\170\Tools\Binn\;C:\Program Files\Microsoft SQL Server\160\DTS\Binn\;C:\Program Files (x86)\Microsoft SQL Server\160\DTS\Binn\;C:\Program Files\Azure Data Studio\bin;C:\Program Files\MongoDB\Server\7.0\bin;C:\mongosh-1.10.6-win32-x64\bin;C:\Program Files\nodejs\;C:\ProgramData\chocolatey\bin;C:\Users\hhp\AppData\Local\Android\Sdk;C:\Users\hhp\AppData\Local\Android\Sdk\platform-tools;C:\Users\hhp\AppData\Local\Android\Sdk\emulator;C:\Users\hhp\AppData\Local\Android\Sdk\build-tools;C:\Users\hhp\AppData\Local\Android\Sdk\platforms;C:\Users\hhp\AppData\Local\Microsoft\WindowsApps;C:\Users\hhp\AppData\Local\Programs\Microsoft VS Code\bin;C:\Program Files\nodejs;C:\Program Files\Azure Data Studio\bin;C:\Users\hhp\AppData\Local\GitHubDesktop\bin;C:\Users\hhp\AppData\Roaming\npm;C:\Program Files\OpenLogic\jdk-17.0.14.7-hotspot\bin;C:\Users\hhp\AppData\Local\Android\Sdk;C:\Users\hhp\AppData\Local\Android\Sdk\platform-tools;C:\Users\hhp\AppData\Local\Android\Sdk\emulator;C:\Users\hhp\AppData\Local\Android\Sdk\build-tools;C:\Users\hhp\AppData\Local\Android\Sdk\platforms;
USERNAME=hhp
OS=Windows_NT
PROCESSOR_IDENTIFIER=Intel64 Family 6 Model 154 Stepping 4, GenuineIntel
TMP=C:\Users\hhp\AppData\Local\Temp
TEMP=C:\Users\hhp\AppData\Local\Temp




Periodic native trim disabled

---------------  S Y S T E M  ---------------

OS:
 Windows 11 , 64 bit Build 26100 (10.0.26100.3037)
OS uptime: 0 days 10:36 hours
Hyper-V role detected

CPU: total 12 (initial active 12) (6 cores per cpu, 2 threads per core) family 6 model 154 stepping 4 microcode 0x42c, cx8, cmov, fxsr, ht, mmx, 3dnowpref, sse, sse2, sse3, ssse3, sse4.1, sse4.2, popcnt, lzcnt, tsc, tscinvbit, avx, avx2, aes, erms, clmul, bmi1, bmi2, adx, sha, fma, vzeroupper, clflush, clflushopt, clwb, hv, serialize, rdtscp, rdpid, fsrm, f16c, cet_ibt, cet_ss
Processor Information for processor 0
  Max Mhz: 1300, Current Mhz: 1300, Mhz Limit: 1300
Processor Information for processor 1
  Max Mhz: 1300, Current Mhz: 1300, Mhz Limit: 1300
Processor Information for processor 2
  Max Mhz: 1300, Current Mhz: 1300, Mhz Limit: 1300
Processor Information for processor 3
  Max Mhz: 1300, Current Mhz: 1300, Mhz Limit: 1300
Processor Information for processor 4
  Max Mhz: 1300, Current Mhz: 900, Mhz Limit: 897
Processor Information for processor 5
  Max Mhz: 1300, Current Mhz: 900, Mhz Limit: 897
Processor Information for processor 6
  Max Mhz: 1300, Current Mhz: 900, Mhz Limit: 897
Processor Information for processor 7
  Max Mhz: 1300, Current Mhz: 900, Mhz Limit: 897
Processor Information for processor 8
  Max Mhz: 1300, Current Mhz: 900, Mhz Limit: 897
Processor Information for processor 9
  Max Mhz: 1300, Current Mhz: 900, Mhz Limit: 897
Processor Information for processor 10
  Max Mhz: 1300, Current Mhz: 900, Mhz Limit: 897
Processor Information for processor 11
  Max Mhz: 1300, Current Mhz: 900, Mhz Limit: 897

Memory: 4k page, system-wide physical 16055M (890M free)
TotalPageFile size 60251M (AvailPageFile size 3M)
current process WorkingSet (physical memory assigned to process): 600M, peak: 607M
current process commit charge ("private bytes"): 545M, peak: 550M

vm_info: OpenJDK 64-Bit Server VM (21.0.5+11-LTS) for windows-amd64 JRE (21.0.5+11-LTS), built on 2024-10-15T00:00:00Z by "admin" with MS VC++ 17.7 (VS2022)

END.
