#
# There is insufficient memory for the Java Runtime Environment to continue.
# Native memory allocation (malloc) failed to allocate 1795744 bytes. Error detail: Chunk::new
# Possible reasons:
#   The system is out of physical RAM or swap space
#   This process is running with CompressedOops enabled, and the Java Heap may be blocking the growth of the native heap
# Possible solutions:
#   Reduce memory load on the system
#   Increase physical memory or swap space
#   Check if swap backing store is full
#   Decrease Java heap size (-Xmx/-Xms)
#   Decrease number of Java threads
#   Decrease Java thread stack sizes (-Xss)
#   Set larger code cache with -XX:ReservedCodeCacheSize=
#   JVM is running with Unscaled Compressed Oops mode in which the Java heap is
#     placed in the first 4GB address space. The Java Heap base address is the
#     maximum limit for the native heap growth. Please use -XX:HeapBaseMinAddress
#     to set the Java Heap base and to place the Java Heap above 4GB virtual address.
# This output file may be truncated or incomplete.
#
#  Out of Memory Error (arena.cpp:168), pid=19664, tid=15228
#
# JRE version: OpenJDK Runtime Environment Temurin-21.0.5+11 (21.0.5+11) (build 21.0.5+11-LTS)
# Java VM: OpenJDK 64-Bit Server VM Temurin-21.0.5+11 (21.0.5+11-LTS, mixed mode, sharing, tiered, compressed oops, compressed class ptrs, parallel gc, windows-amd64)
# No core dump will be written. Minidumps are not enabled by default on client versions of Windows
#

---------------  S U M M A R Y ------------

Command Line: --add-modules=ALL-SYSTEM --add-opens=java.base/java.util=ALL-UNNAMED --add-opens=java.base/java.lang=ALL-UNNAMED --add-opens=java.base/sun.nio.fs=ALL-UNNAMED -Declipse.application=org.eclipse.jdt.ls.core.id1 -Dosgi.bundles.defaultStartLevel=4 -Declipse.product=org.eclipse.jdt.ls.core.product -Djava.import.generatesMetadataFilesAtProjectRoot=false -DDetectVMInstallationsJob.disabled=true -Dfile.encoding=utf8 -XX:+UseParallelGC -XX:GCTimeRatio=4 -XX:AdaptiveSizePolicyWeight=90 -Dsun.zip.disableMemoryMapping=true -Xmx1G -Xms100m -Xlog:disable -javaagent:c:\Users\hhp\.vscode\extensions\redhat.java-1.39.0-win32-x64\lombok\lombok-1.18.34.jar -XX:+HeapDumpOnOutOfMemoryError -XX:HeapDumpPath=c:\Users\hhp\AppData\Roaming\Code\User\workspaceStorage\14c17b81feb02420379e559635737696\redhat.java -Daether.dependencyCollector.impl=bf c:\Users\hhp\.vscode\extensions\redhat.java-1.39.0-win32-x64\server\plugins\org.eclipse.equinox.launcher_1.6.900.v20240613-2009.jar -configuration c:\Users\hhp\AppData\Roaming\Code\User\globalStorage\redhat.java\1.39.0\config_win -data c:\Users\hhp\AppData\Roaming\Code\User\workspaceStorage\14c17b81feb02420379e559635737696\redhat.java\jdt_ws --pipe=\\.\pipe\lsp-d69b38e054688b1154e745ed97cd08ea-sock

Host: 12th Gen Intel(R) Core(TM) i5-1235U, 12 cores, 15G,  Windows 11 , 64 bit Build 26100 (10.0.26100.3037)
Time: Mon Feb  3 22:44:15 2025 India Standard Time elapsed time: 19.124554 seconds (0d 0h 0m 19s)

---------------  T H R E A D  ---------------

Current thread (0x0000022d662a4f40):  JavaThread "C2 CompilerThread0" daemon [_thread_in_native, id=15228, stack(0x000000b7c9f00000,0x000000b7ca000000) (1024K)]


Current CompileTask:
C2:19124 8367       4       org.lombokweb.asm.ClassReader::readMethod (1066 bytes)

Stack: [0x000000b7c9f00000,0x000000b7ca000000]
Native frames: (J=compiled Java code, j=interpreted, Vv=VM code, C=native code)
V  [jvm.dll+0x6cd4e9]
V  [jvm.dll+0x8a7941]
V  [jvm.dll+0x8a9e6e]
V  [jvm.dll+0x8aa543]
V  [jvm.dll+0x27f6d6]
V  [jvm.dll+0xc500d]
V  [jvm.dll+0xc5543]
V  [jvm.dll+0x3b660c]
V  [jvm.dll+0x1dffe9]
V  [jvm.dll+0x247b22]
V  [jvm.dll+0x246faf]
V  [jvm.dll+0x1c75ce]
V  [jvm.dll+0x25682a]
V  [jvm.dll+0x254dca]
V  [jvm.dll+0x3f00d6]
V  [jvm.dll+0x8514fb]
V  [jvm.dll+0x6cbbed]
C  [ucrtbase.dll+0x37b0]
C  [KERNEL32.DLL+0x2e8d7]
C  [ntdll.dll+0xbbf2c]


---------------  P R O C E S S  ---------------

Threads class SMR info:
_java_thread_list=0x0000022d6e823230, length=64, elements={
0x0000022d4d9aad80, 0x0000022d66294090, 0x0000022d66297470, 0x0000022d6629acb0,
0x0000022d6629bb80, 0x0000022d6629c7d0, 0x0000022d662a0ba0, 0x0000022d662a4f40,
0x0000022d662ab3d0, 0x0000022d663a8ac0, 0x0000022d665e2100, 0x0000022d66ddcf00,
0x0000022d66d569f0, 0x0000022d66a85f10, 0x0000022d66a86d10, 0x0000022d6b3513a0,
0x0000022d6b67ecc0, 0x0000022d6b05a4c0, 0x0000022d6b057040, 0x0000022d6b0583f0,
0x0000022d6b058a80, 0x0000022d6be154f0, 0x0000022d6b0576d0, 0x0000022d6b059110,
0x0000022d6b059e30, 0x0000022d6eb6b900, 0x0000022d6eb68480, 0x0000022d6eb6a550,
0x0000022d6eb68b10, 0x0000022d6eb6abe0, 0x0000022d6eb6bf90, 0x0000022d6eb6c620,
0x0000022d6eb69ec0, 0x0000022d6eb6b270, 0x0000022d6eb691a0, 0x0000022d6eb69830,
0x0000022d6eb6e060, 0x0000022d6eb6ccb0, 0x0000022d6eb6e6f0, 0x0000022d6eb6d340,
0x0000022d6eb6ed80, 0x0000022d6eb6f410, 0x0000022d6eb6faa0, 0x0000022d6be14080,
0x0000022d6dfb0800, 0x0000022d6dfb0e90, 0x0000022d6dfb1520, 0x0000022d6dfb2240,
0x0000022d6dfaedc0, 0x0000022d6dfb28d0, 0x0000022d6dfaf450, 0x0000022d6dfb3c80,
0x0000022d6dfb49a0, 0x0000022d6dfb4310, 0x0000022d6dfb5030, 0x0000022d6dfb56c0,
0x0000022d6dfb5d50, 0x0000022d6dfb63e0, 0x0000022d6dfb2f60, 0x0000022d6dfb35f0,
0x0000022d6b057d60, 0x0000022d6cbe32b0, 0x0000022d6cbe5a10, 0x0000022d6cbe4cf0
}

Java Threads: ( => current thread )
  0x0000022d4d9aad80 JavaThread "main"                              [_thread_blocked, id=23040, stack(0x000000b7c9500000,0x000000b7c9600000) (1024K)]
  0x0000022d66294090 JavaThread "Reference Handler"          daemon [_thread_blocked, id=7940, stack(0x000000b7c9900000,0x000000b7c9a00000) (1024K)]
  0x0000022d66297470 JavaThread "Finalizer"                  daemon [_thread_blocked, id=2856, stack(0x000000b7c9a00000,0x000000b7c9b00000) (1024K)]
  0x0000022d6629acb0 JavaThread "Signal Dispatcher"          daemon [_thread_blocked, id=6596, stack(0x000000b7c9b00000,0x000000b7c9c00000) (1024K)]
  0x0000022d6629bb80 JavaThread "Attach Listener"            daemon [_thread_blocked, id=21572, stack(0x000000b7c9c00000,0x000000b7c9d00000) (1024K)]
  0x0000022d6629c7d0 JavaThread "Service Thread"             daemon [_thread_blocked, id=20132, stack(0x000000b7c9d00000,0x000000b7c9e00000) (1024K)]
  0x0000022d662a0ba0 JavaThread "Monitor Deflation Thread"   daemon [_thread_blocked, id=7860, stack(0x000000b7c9e00000,0x000000b7c9f00000) (1024K)]
=>0x0000022d662a4f40 JavaThread "C2 CompilerThread0"         daemon [_thread_in_native, id=15228, stack(0x000000b7c9f00000,0x000000b7ca000000) (1024K)]
  0x0000022d662ab3d0 JavaThread "C1 CompilerThread0"         daemon [_thread_blocked, id=776, stack(0x000000b7ca000000,0x000000b7ca100000) (1024K)]
  0x0000022d663a8ac0 JavaThread "Common-Cleaner"             daemon [_thread_blocked, id=8316, stack(0x000000b7ca100000,0x000000b7ca200000) (1024K)]
  0x0000022d665e2100 JavaThread "Notification Thread"        daemon [_thread_blocked, id=23936, stack(0x000000b7ca200000,0x000000b7ca300000) (1024K)]
  0x0000022d66ddcf00 JavaThread "Active Thread: Equinox Container: 984eda2b-9fe9-4e41-9992-02cf17906992"        [_thread_blocked, id=16868, stack(0x000000b7cab00000,0x000000b7cac00000) (1024K)]
  0x0000022d66d569f0 JavaThread "Refresh Thread: Equinox Container: 984eda2b-9fe9-4e41-9992-02cf17906992" daemon [_thread_blocked, id=14936, stack(0x000000b7cac00000,0x000000b7cad00000) (1024K)]
  0x0000022d66a85f10 JavaThread "Framework Event Dispatcher: Equinox Container: 984eda2b-9fe9-4e41-9992-02cf17906992" daemon [_thread_blocked, id=4168, stack(0x000000b7cad00000,0x000000b7cae00000) (1024K)]
  0x0000022d66a86d10 JavaThread "Start Level: Equinox Container: 984eda2b-9fe9-4e41-9992-02cf17906992" daemon [_thread_blocked, id=12196, stack(0x000000b7caf00000,0x000000b7cb000000) (1024K)]
  0x0000022d6b3513a0 JavaThread "Bundle File Closer"         daemon [_thread_blocked, id=21300, stack(0x000000b7cb000000,0x000000b7cb100000) (1024K)]
  0x0000022d6b67ecc0 JavaThread "SCR Component Actor"        daemon [_thread_blocked, id=7256, stack(0x000000b7cb300000,0x000000b7cb400000) (1024K)]
  0x0000022d6b05a4c0 JavaThread "Worker-JM"                         [_thread_blocked, id=24036, stack(0x000000b7ca400000,0x000000b7ca500000) (1024K)]
  0x0000022d6b057040 JavaThread "JNA Cleaner"                daemon [_thread_blocked, id=2748, stack(0x000000b7ca300000,0x000000b7ca400000) (1024K)]
  0x0000022d6b0583f0 JavaThread "Worker-0: Java indexing... "        [_thread_blocked, id=9124, stack(0x000000b7cb500000,0x000000b7cb600000) (1024K)]
  0x0000022d6b058a80 JavaThread "Worker-1: Building"                [_thread_blocked, id=23812, stack(0x000000b7cb600000,0x000000b7cb700000) (1024K)]
  0x0000022d6be154f0 JavaThread "C2 CompilerThread1"         daemon [_thread_in_native, id=19632, stack(0x000000b7cb700000,0x000000b7cb800000) (1024K)]
  0x0000022d6b0576d0 JavaThread "Worker-2"                          [_thread_blocked, id=8104, stack(0x000000b7cb900000,0x000000b7cba00000) (1024K)]
  0x0000022d6b059110 JavaThread "Java indexing"              daemon [_thread_in_Java, id=22880, stack(0x000000b7cba00000,0x000000b7cbb00000) (1024K)]
  0x0000022d6b059e30 JavaThread "Worker-3"                          [_thread_blocked, id=8356, stack(0x000000b7cbb00000,0x000000b7cbc00000) (1024K)]
  0x0000022d6eb6b900 JavaThread "Worker-4"                          [_thread_blocked, id=7576, stack(0x000000b7cbe00000,0x000000b7cbf00000) (1024K)]
  0x0000022d6eb68480 JavaThread "Worker-5"                          [_thread_blocked, id=23728, stack(0x000000b7cbf00000,0x000000b7cc000000) (1024K)]
  0x0000022d6eb6a550 JavaThread "Thread-2"                   daemon [_thread_in_native, id=21552, stack(0x000000b7cc000000,0x000000b7cc100000) (1024K)]
  0x0000022d6eb68b10 JavaThread "Thread-3"                   daemon [_thread_in_native, id=1740, stack(0x000000b7cc100000,0x000000b7cc200000) (1024K)]
  0x0000022d6eb6abe0 JavaThread "Thread-4"                   daemon [_thread_in_native, id=18900, stack(0x000000b7cc200000,0x000000b7cc300000) (1024K)]
  0x0000022d6eb6bf90 JavaThread "Thread-5"                   daemon [_thread_in_native, id=4032, stack(0x000000b7cc300000,0x000000b7cc400000) (1024K)]
  0x0000022d6eb6c620 JavaThread "Thread-6"                   daemon [_thread_in_native, id=14692, stack(0x000000b7cc400000,0x000000b7cc500000) (1024K)]
  0x0000022d6eb69ec0 JavaThread "Thread-7"                   daemon [_thread_in_native, id=12944, stack(0x000000b7cc500000,0x000000b7cc600000) (1024K)]
  0x0000022d6eb6b270 JavaThread "Thread-8"                   daemon [_thread_in_native, id=7764, stack(0x000000b7cc600000,0x000000b7cc700000) (1024K)]
  0x0000022d6eb691a0 JavaThread "Thread-9"                   daemon [_thread_in_native, id=9172, stack(0x000000b7cc700000,0x000000b7cc800000) (1024K)]
  0x0000022d6eb69830 JavaThread "Thread-10"                  daemon [_thread_in_native, id=22832, stack(0x000000b7cc800000,0x000000b7cc900000) (1024K)]
  0x0000022d6eb6e060 JavaThread "Thread-11"                  daemon [_thread_in_native, id=18860, stack(0x000000b7cc900000,0x000000b7cca00000) (1024K)]
  0x0000022d6eb6ccb0 JavaThread "Thread-12"                  daemon [_thread_in_native, id=11736, stack(0x000000b7cca00000,0x000000b7ccb00000) (1024K)]
  0x0000022d6eb6e6f0 JavaThread "Thread-13"                  daemon [_thread_in_native, id=6192, stack(0x000000b7ccb00000,0x000000b7ccc00000) (1024K)]
  0x0000022d6eb6d340 JavaThread "Thread-14"                  daemon [_thread_in_native, id=11808, stack(0x000000b7ccc00000,0x000000b7ccd00000) (1024K)]
  0x0000022d6eb6ed80 JavaThread "pool-2-thread-1"                   [_thread_blocked, id=14800, stack(0x000000b7ccd00000,0x000000b7cce00000) (1024K)]
  0x0000022d6eb6f410 JavaThread "WorkspaceEventsHandler"            [_thread_blocked, id=23516, stack(0x000000b7cce00000,0x000000b7ccf00000) (1024K)]
  0x0000022d6eb6faa0 JavaThread "pool-1-thread-1"                   [_thread_blocked, id=24060, stack(0x000000b7ccf00000,0x000000b7cd000000) (1024K)]
  0x0000022d6be14080 JavaThread "C2 CompilerThread2"         daemon [_thread_in_vm, id=20904, stack(0x000000b7cb800000,0x000000b7cb900000) (1024K)]
  0x0000022d6dfb0800 JavaThread "LocalFile Deleter"          daemon [_thread_blocked, id=16288, stack(0x000000b7cb400000,0x000000b7cb500000) (1024K)]
  0x0000022d6dfb0e90 JavaThread "LocalFile Deleter"          daemon [_thread_blocked, id=3612, stack(0x000000b7cd000000,0x000000b7cd100000) (1024K)]
  0x0000022d6dfb1520 JavaThread "LocalFile Deleter"          daemon [_thread_blocked, id=23036, stack(0x000000b7cd100000,0x000000b7cd200000) (1024K)]
  0x0000022d6dfb2240 JavaThread "LocalFile Deleter"          daemon [_thread_blocked, id=20276, stack(0x000000b7cd200000,0x000000b7cd300000) (1024K)]
  0x0000022d6dfaedc0 JavaThread "LocalFile Deleter"          daemon [_thread_blocked, id=10312, stack(0x000000b7cd300000,0x000000b7cd400000) (1024K)]
  0x0000022d6dfb28d0 JavaThread "LocalFile Deleter"          daemon [_thread_blocked, id=23504, stack(0x000000b7cd400000,0x000000b7cd500000) (1024K)]
  0x0000022d6dfaf450 JavaThread "LocalFile Deleter"          daemon [_thread_blocked, id=23144, stack(0x000000b7cd500000,0x000000b7cd600000) (1024K)]
  0x0000022d6dfb3c80 JavaThread "LocalFile Deleter"          daemon [_thread_blocked, id=2932, stack(0x000000b7cd600000,0x000000b7cd700000) (1024K)]
  0x0000022d6dfb49a0 JavaThread "LocalFile Deleter"          daemon [_thread_blocked, id=19292, stack(0x000000b7cd700000,0x000000b7cd800000) (1024K)]
  0x0000022d6dfb4310 JavaThread "Compiler Source File Reader" daemon [_thread_blocked, id=14104, stack(0x000000b7cd800000,0x000000b7cd900000) (1024K)]
  0x0000022d6dfb5030 JavaThread "Compiler Source File Reader" daemon [_thread_blocked, id=17140, stack(0x000000b7cd900000,0x000000b7cda00000) (1024K)]
  0x0000022d6dfb56c0 JavaThread "Compiler Source File Reader" daemon [_thread_blocked, id=14200, stack(0x000000b7cda00000,0x000000b7cdb00000) (1024K)]
  0x0000022d6dfb5d50 JavaThread "Compiler Source File Reader" daemon [_thread_blocked, id=15884, stack(0x000000b7cdb00000,0x000000b7cdc00000) (1024K)]
  0x0000022d6dfb63e0 JavaThread "Compiler Source File Reader" daemon [_thread_blocked, id=22328, stack(0x000000b7cdc00000,0x000000b7cdd00000) (1024K)]
  0x0000022d6dfb2f60 JavaThread "Compiler Source File Reader" daemon [_thread_blocked, id=21088, stack(0x000000b7cdd00000,0x000000b7cde00000) (1024K)]
  0x0000022d6dfb35f0 JavaThread "Compiler Source File Reader" daemon [_thread_blocked, id=9544, stack(0x000000b7cde00000,0x000000b7cdf00000) (1024K)]
  0x0000022d6b057d60 JavaThread "Compiler Source File Reader" daemon [_thread_blocked, id=9800, stack(0x000000b7cdf00000,0x000000b7ce000000) (1024K)]
  0x0000022d6cbe32b0 JavaThread "Compiler Source File Reader" daemon [_thread_blocked, id=18708, stack(0x000000b7ce000000,0x000000b7ce100000) (1024K)]
  0x0000022d6cbe5a10 JavaThread "Compiler Source File Reader" daemon [_thread_blocked, id=22028, stack(0x000000b7ce100000,0x000000b7ce200000) (1024K)]
  0x0000022d6cbe4cf0 JavaThread "Compiler Processing Task"   daemon [_thread_in_vm, id=15728, stack(0x000000b7ce200000,0x000000b7ce300000) (1024K)]
Total: 64

Other Threads:
  0x0000022d64163800 VMThread "VM Thread"                           [id=19840, stack(0x000000b7c9800000,0x000000b7c9900000) (1024K)]
  0x0000022d6405ca00 WatcherThread "VM Periodic Task Thread"        [id=10148, stack(0x000000b7c9700000,0x000000b7c9800000) (1024K)]
  0x0000022d4f440750 WorkerThread "GC Thread#0"                     [id=17476, stack(0x000000b7c9600000,0x000000b7c9700000) (1024K)]
  0x0000022d66a70830 WorkerThread "GC Thread#1"                     [id=1988, stack(0x000000b7ca500000,0x000000b7ca600000) (1024K)]
  0x0000022d6697ed60 WorkerThread "GC Thread#2"                     [id=23572, stack(0x000000b7ca600000,0x000000b7ca700000) (1024K)]
  0x0000022d6697f100 WorkerThread "GC Thread#3"                     [id=19208, stack(0x000000b7ca700000,0x000000b7ca800000) (1024K)]
  0x0000022d669adbe0 WorkerThread "GC Thread#4"                     [id=10720, stack(0x000000b7ca800000,0x000000b7ca900000) (1024K)]
  0x0000022d669adf80 WorkerThread "GC Thread#5"                     [id=22912, stack(0x000000b7ca900000,0x000000b7caa00000) (1024K)]
  0x0000022d666485d0 WorkerThread "GC Thread#6"                     [id=17684, stack(0x000000b7caa00000,0x000000b7cab00000) (1024K)]
  0x0000022d66d88da0 WorkerThread "GC Thread#7"                     [id=13532, stack(0x000000b7cae00000,0x000000b7caf00000) (1024K)]
  0x0000022d66d89880 WorkerThread "GC Thread#8"                     [id=8644, stack(0x000000b7cb100000,0x000000b7cb200000) (1024K)]
  0x0000022d66d89c20 WorkerThread "GC Thread#9"                     [id=18716, stack(0x000000b7cb200000,0x000000b7cb300000) (1024K)]
Total: 12

Threads with active compile tasks:
C2 CompilerThread0  19177 8367       4       org.lombokweb.asm.ClassReader::readMethod (1066 bytes)
C2 CompilerThread1  19177 8385 %     4       org.lombokweb.asm.ClassReader::readCode @ 92 (5117 bytes)
C2 CompilerThread2  19177 8403       4       java.lang.AbstractStringBuilder::appendChars (130 bytes)
Total: 3

VM state: not at safepoint (normal execution)

VM Mutex/Monitor currently owned by a thread: None

Heap address: 0x00000000c0000000, size: 1024 MB, Compressed Oops mode: 32-bit

CDS archive(s) mapped at: [0x0000022d00000000-0x0000022d00ba0000-0x0000022d00ba0000), size 12189696, SharedBaseAddress: 0x0000022d00000000, ArchiveRelocationMode: 1.
Compressed class space mapped at: 0x0000022d01000000-0x0000022d41000000, reserved size: 1073741824
Narrow klass base: 0x0000022d00000000, Narrow klass shift: 0, Narrow klass range: 0x100000000

GC Precious Log:
 CardTable entry size: 512
 CPUs: 12 total, 12 available
 Memory: 16055M
 Large Page Support: Disabled
 NUMA Support: Disabled
 Compressed Oops: Enabled (32-bit)
 Alignments: Space 512K, Generation 512K, Heap 2M
 Heap Min Capacity: 100M
 Heap Initial Capacity: 100M
 Heap Max Capacity: 1G
 Pre-touch: Disabled
 Parallel Workers: 10

Heap:
 PSYoungGen      total 9728K, used 3139K [0x00000000eab00000, 0x00000000eb800000, 0x0000000100000000)
  eden space 7680K, 16% used [0x00000000eab00000,0x00000000eac33c30,0x00000000eb280000)
  from space 2048K, 93% used [0x00000000eb280000,0x00000000eb45d0e0,0x00000000eb480000)
  to   space 2048K, 0% used [0x00000000eb600000,0x00000000eb600000,0x00000000eb800000)
 ParOldGen       total 107520K, used 107319K [0x00000000c0000000, 0x00000000c6900000, 0x00000000eab00000)
  object space 107520K, 99% used [0x00000000c0000000,0x00000000c68cdcd8,0x00000000c6900000)
 Metaspace       used 54864K, committed 56128K, reserved 1114112K
  class space    used 5711K, committed 6272K, reserved 1048576K

Card table byte_map: [0x0000022d61a10000,0x0000022d61c20000] _byte_map_base: 0x0000022d61410000

Marking Bits: (ParMarkBitMap*) 0x00007ff82d042250
 Begin Bits: [0x0000022d61d80000, 0x0000022d62d80000)
 End Bits:   [0x0000022d62d80000, 0x0000022d63d80000)

Polling page: 0x0000022d4db50000

Metaspace:

Usage:
  Non-class:     48.00 MB used.
      Class:      5.58 MB used.
       Both:     53.58 MB used.

Virtual space:
  Non-class space:       64.00 MB reserved,      48.69 MB ( 76%) committed,  1 nodes.
      Class space:        1.00 GB reserved,       6.12 MB ( <1%) committed,  1 nodes.
             Both:        1.06 GB reserved,      54.81 MB (  5%) committed. 

Chunk freelists:
   Non-Class:  14.55 MB
       Class:  9.73 MB
        Both:  24.27 MB

MaxMetaspaceSize: unlimited
CompressedClassSpaceSize: 1.00 GB
Initial GC threshold: 21.00 MB
Current GC threshold: 58.38 MB
CDS: on
 - commit_granule_bytes: 65536.
 - commit_granule_words: 8192.
 - virtual_space_node_default_size: 8388608.
 - enlarge_chunks_in_place: 1.
 - use_allocation_guard: 0.


Internal statistics:

num_allocs_failed_limit: 6.
num_arena_births: 856.
num_arena_deaths: 14.
num_vsnodes_births: 2.
num_vsnodes_deaths: 0.
num_space_committed: 877.
num_space_uncommitted: 0.
num_chunks_returned_to_freelist: 20.
num_chunks_taken_from_freelist: 3299.
num_chunk_merges: 9.
num_chunk_splits: 2059.
num_chunks_enlarged: 1229.
num_inconsistent_stats: 0.

CodeHeap 'non-profiled nmethods': size=120000Kb used=5123Kb max_used=5123Kb free=114876Kb
 bounds [0x0000022d5a300000, 0x0000022d5a810000, 0x0000022d61830000]
CodeHeap 'profiled nmethods': size=120000Kb used=17073Kb max_used=17073Kb free=102926Kb
 bounds [0x0000022d52830000, 0x0000022d538e0000, 0x0000022d59d60000]
CodeHeap 'non-nmethods': size=5760Kb used=1409Kb max_used=1481Kb free=4351Kb
 bounds [0x0000022d59d60000, 0x0000022d59fd0000, 0x0000022d5a300000]
 total_blobs=8625 nmethods=7907 adapters=624
 compilation: enabled
              stopped_count=0, restarted_count=0
 full_count=0

Compilation events (20 events):
Event: 17.060 Thread 0x0000022d662ab3d0 8524       2       org.eclipse.jdt.internal.compiler.lookup.CompilationUnitScope::module (67 bytes)
Event: 17.061 Thread 0x0000022d662ab3d0 nmethod 8524 0x0000022d538cfe90 code [0x0000022d538d0060, 0x0000022d538d0280]
Event: 17.067 Thread 0x0000022d662ab3d0 8526       2       org.eclipse.jdt.internal.compiler.lookup.TypeBinding::notEquals (76 bytes)
Event: 17.067 Thread 0x0000022d662ab3d0 nmethod 8526 0x0000022d538d0490 code [0x0000022d538d0660, 0x0000022d538d0998]
Event: 17.079 Thread 0x0000022d662ab3d0 8527       2       org.eclipse.jdt.internal.compiler.lookup.TypeBinding::hasTypeAnnotations (17 bytes)
Event: 17.079 Thread 0x0000022d662ab3d0 nmethod 8527 0x0000022d538d0b10 code [0x0000022d538d0cc0, 0x0000022d538d0e10]
Event: 17.080 Thread 0x0000022d662ab3d0 8528       2       org.eclipse.jdt.internal.compiler.lookup.LookupEnvironment::getTypeFromSignature (376 bytes)
Event: 17.083 Thread 0x0000022d662ab3d0 nmethod 8528 0x0000022d538d0e90 code [0x0000022d538d1100, 0x0000022d538d1a68]
Event: 17.083 Thread 0x0000022d662ab3d0 8529       2       org.eclipse.jdt.core.compiler.CharOperation::splitOn (159 bytes)
Event: 17.084 Thread 0x0000022d662ab3d0 nmethod 8529 0x0000022d538d1f10 code [0x0000022d538d2100, 0x0000022d538d28b0]
Event: 17.084 Thread 0x0000022d662ab3d0 8530       2       org.eclipse.jdt.internal.compiler.lookup.MethodBinding::<init> (141 bytes)
Event: 17.085 Thread 0x0000022d662ab3d0 nmethod 8530 0x0000022d538d2c10 code [0x0000022d538d2dc0, 0x0000022d538d3088]
Event: 17.086 Thread 0x0000022d662ab3d0 8531       3       org.eclipse.jdt.internal.compiler.classfmt.FieldInfo::getTypeName (49 bytes)
Event: 17.088 Thread 0x0000022d662ab3d0 nmethod 8531 0x0000022d538d3210 code [0x0000022d538d3400, 0x0000022d538d39c8]
Event: 17.088 Thread 0x0000022d662ab3d0 8532       2       org.eclipse.jdt.internal.compiler.lookup.BinaryTypeBinding::createMethod (1724 bytes)
Event: 17.106 Thread 0x0000022d662ab3d0 nmethod 8532 0x0000022d538d3c90 code [0x0000022d538d4360, 0x0000022d538d7c50]
Event: 17.106 Thread 0x0000022d662ab3d0 8534       2       org.eclipse.jdt.internal.compiler.lookup.LookupEnvironment::getTypeFromSignature (376 bytes)
Event: 17.108 Thread 0x0000022d662ab3d0 nmethod 8534 0x0000022d538da710 code [0x0000022d538da980, 0x0000022d538db320]
Event: 17.108 Thread 0x0000022d662ab3d0 8533       1       org.eclipse.jdt.internal.compiler.classfmt.MethodInfo::getTypeAnnotations (2 bytes)
Event: 17.108 Thread 0x0000022d662ab3d0 nmethod 8533 0x0000022d5a7ece90 code [0x0000022d5a7ed020, 0x0000022d5a7ed0f0]

GC Heap History (20 events):
Event: 16.390 GC heap before
{Heap before GC invocations=52 (full 2):
 PSYoungGen      total 11264K, used 11182K [0x00000000eab00000, 0x00000000eb980000, 0x0000000100000000)
  eden space 8704K, 100% used [0x00000000eab00000,0x00000000eb380000,0x00000000eb380000)
  from space 2560K, 96% used [0x00000000eb380000,0x00000000eb5ebbc8,0x00000000eb600000)
  to   space 3072K, 0% used [0x00000000eb680000,0x00000000eb680000,0x00000000eb980000)
 ParOldGen       total 93696K, used 93480K [0x00000000c0000000, 0x00000000c5b80000, 0x00000000eab00000)
  object space 93696K, 99% used [0x00000000c0000000,0x00000000c5b4a3c0,0x00000000c5b80000)
 Metaspace       used 53098K, committed 54336K, reserved 1114112K
  class space    used 5543K, committed 6080K, reserved 1048576K
}
Event: 16.393 GC heap after
{Heap after GC invocations=52 (full 2):
 PSYoungGen      total 9728K, used 992K [0x00000000eab00000, 0x00000000eb780000, 0x0000000100000000)
  eden space 8704K, 0% used [0x00000000eab00000,0x00000000eab00000,0x00000000eb380000)
  from space 1024K, 96% used [0x00000000eb680000,0x00000000eb778198,0x00000000eb780000)
  to   space 2048K, 0% used [0x00000000eb380000,0x00000000eb380000,0x00000000eb580000)
 ParOldGen       total 95232K, used 94976K [0x00000000c0000000, 0x00000000c5d00000, 0x00000000eab00000)
  object space 95232K, 99% used [0x00000000c0000000,0x00000000c5cc0378,0x00000000c5d00000)
 Metaspace       used 53098K, committed 54336K, reserved 1114112K
  class space    used 5543K, committed 6080K, reserved 1048576K
}
Event: 16.449 GC heap before
{Heap before GC invocations=53 (full 2):
 PSYoungGen      total 9728K, used 9696K [0x00000000eab00000, 0x00000000eb780000, 0x0000000100000000)
  eden space 8704K, 100% used [0x00000000eab00000,0x00000000eb380000,0x00000000eb380000)
  from space 1024K, 96% used [0x00000000eb680000,0x00000000eb778198,0x00000000eb780000)
  to   space 2048K, 0% used [0x00000000eb380000,0x00000000eb380000,0x00000000eb580000)
 ParOldGen       total 95232K, used 94976K [0x00000000c0000000, 0x00000000c5d00000, 0x00000000eab00000)
  object space 95232K, 99% used [0x00000000c0000000,0x00000000c5cc0378,0x00000000c5d00000)
 Metaspace       used 53112K, committed 54336K, reserved 1114112K
  class space    used 5543K, committed 6080K, reserved 1048576K
}
Event: 16.451 GC heap after
{Heap after GC invocations=53 (full 2):
 PSYoungGen      total 10752K, used 1511K [0x00000000eab00000, 0x00000000eb780000, 0x0000000100000000)
  eden space 8704K, 0% used [0x00000000eab00000,0x00000000eab00000,0x00000000eb380000)
  from space 2048K, 73% used [0x00000000eb380000,0x00000000eb4f9cf0,0x00000000eb580000)
  to   space 2048K, 0% used [0x00000000eb580000,0x00000000eb580000,0x00000000eb780000)
 ParOldGen       total 95744K, used 95617K [0x00000000c0000000, 0x00000000c5d80000, 0x00000000eab00000)
  object space 95744K, 99% used [0x00000000c0000000,0x00000000c5d605f0,0x00000000c5d80000)
 Metaspace       used 53112K, committed 54336K, reserved 1114112K
  class space    used 5543K, committed 6080K, reserved 1048576K
}
Event: 16.514 GC heap before
{Heap before GC invocations=54 (full 2):
 PSYoungGen      total 10752K, used 10215K [0x00000000eab00000, 0x00000000eb780000, 0x0000000100000000)
  eden space 8704K, 100% used [0x00000000eab00000,0x00000000eb380000,0x00000000eb380000)
  from space 2048K, 73% used [0x00000000eb380000,0x00000000eb4f9cf0,0x00000000eb580000)
  to   space 2048K, 0% used [0x00000000eb580000,0x00000000eb580000,0x00000000eb780000)
 ParOldGen       total 95744K, used 95617K [0x00000000c0000000, 0x00000000c5d80000, 0x00000000eab00000)
  object space 95744K, 99% used [0x00000000c0000000,0x00000000c5d605f0,0x00000000c5d80000)
 Metaspace       used 53121K, committed 54336K, reserved 1114112K
  class space    used 5543K, committed 6080K, reserved 1048576K
}
Event: 16.517 GC heap after
{Heap after GC invocations=54 (full 2):
 PSYoungGen      total 10240K, used 2043K [0x00000000eab00000, 0x00000000eb880000, 0x0000000100000000)
  eden space 8192K, 0% used [0x00000000eab00000,0x00000000eab00000,0x00000000eb300000)
  from space 2048K, 99% used [0x00000000eb580000,0x00000000eb77ef98,0x00000000eb780000)
  to   space 2560K, 0% used [0x00000000eb300000,0x00000000eb300000,0x00000000eb580000)
 ParOldGen       total 96768K, used 96338K [0x00000000c0000000, 0x00000000c5e80000, 0x00000000eab00000)
  object space 96768K, 99% used [0x00000000c0000000,0x00000000c5e14888,0x00000000c5e80000)
 Metaspace       used 53121K, committed 54336K, reserved 1114112K
  class space    used 5543K, committed 6080K, reserved 1048576K
}
Event: 16.551 GC heap before
{Heap before GC invocations=55 (full 2):
 PSYoungGen      total 10240K, used 10235K [0x00000000eab00000, 0x00000000eb880000, 0x0000000100000000)
  eden space 8192K, 100% used [0x00000000eab00000,0x00000000eb300000,0x00000000eb300000)
  from space 2048K, 99% used [0x00000000eb580000,0x00000000eb77ef98,0x00000000eb780000)
  to   space 2560K, 0% used [0x00000000eb300000,0x00000000eb300000,0x00000000eb580000)
 ParOldGen       total 96768K, used 96338K [0x00000000c0000000, 0x00000000c5e80000, 0x00000000eab00000)
  object space 96768K, 99% used [0x00000000c0000000,0x00000000c5e14888,0x00000000c5e80000)
 Metaspace       used 53122K, committed 54336K, reserved 1114112K
  class space    used 5543K, committed 6080K, reserved 1048576K
}
Event: 16.555 GC heap after
{Heap after GC invocations=55 (full 2):
 PSYoungGen      total 10240K, used 1686K [0x00000000eab00000, 0x00000000eb700000, 0x0000000100000000)
  eden space 8192K, 0% used [0x00000000eab00000,0x00000000eab00000,0x00000000eb300000)
  from space 2048K, 82% used [0x00000000eb300000,0x00000000eb4a5a20,0x00000000eb500000)
  to   space 2048K, 0% used [0x00000000eb500000,0x00000000eb500000,0x00000000eb700000)
 ParOldGen       total 97792K, used 97511K [0x00000000c0000000, 0x00000000c5f80000, 0x00000000eab00000)
  object space 97792K, 99% used [0x00000000c0000000,0x00000000c5f39f50,0x00000000c5f80000)
 Metaspace       used 53122K, committed 54336K, reserved 1114112K
  class space    used 5543K, committed 6080K, reserved 1048576K
}
Event: 16.582 GC heap before
{Heap before GC invocations=56 (full 2):
 PSYoungGen      total 10240K, used 9878K [0x00000000eab00000, 0x00000000eb700000, 0x0000000100000000)
  eden space 8192K, 100% used [0x00000000eab00000,0x00000000eb300000,0x00000000eb300000)
  from space 2048K, 82% used [0x00000000eb300000,0x00000000eb4a5a20,0x00000000eb500000)
  to   space 2048K, 0% used [0x00000000eb500000,0x00000000eb500000,0x00000000eb700000)
 ParOldGen       total 97792K, used 97511K [0x00000000c0000000, 0x00000000c5f80000, 0x00000000eab00000)
  object space 97792K, 99% used [0x00000000c0000000,0x00000000c5f39f50,0x00000000c5f80000)
 Metaspace       used 53123K, committed 54336K, reserved 1114112K
  class space    used 5543K, committed 6080K, reserved 1048576K
}
Event: 16.585 GC heap after
{Heap after GC invocations=56 (full 2):
 PSYoungGen      total 9728K, used 1365K [0x00000000eab00000, 0x00000000eb680000, 0x0000000100000000)
  eden space 8192K, 0% used [0x00000000eab00000,0x00000000eab00000,0x00000000eb300000)
  from space 1536K, 88% used [0x00000000eb500000,0x00000000eb6557c0,0x00000000eb680000)
  to   space 1536K, 0% used [0x00000000eb380000,0x00000000eb380000,0x00000000eb500000)
 ParOldGen       total 98304K, used 98183K [0x00000000c0000000, 0x00000000c6000000, 0x00000000eab00000)
  object space 98304K, 99% used [0x00000000c0000000,0x00000000c5fe1ff8,0x00000000c6000000)
 Metaspace       used 53123K, committed 54336K, reserved 1114112K
  class space    used 5543K, committed 6080K, reserved 1048576K
}
Event: 16.642 GC heap before
{Heap before GC invocations=57 (full 2):
 PSYoungGen      total 9728K, used 9557K [0x00000000eab00000, 0x00000000eb680000, 0x0000000100000000)
  eden space 8192K, 100% used [0x00000000eab00000,0x00000000eb300000,0x00000000eb300000)
  from space 1536K, 88% used [0x00000000eb500000,0x00000000eb6557c0,0x00000000eb680000)
  to   space 1536K, 0% used [0x00000000eb380000,0x00000000eb380000,0x00000000eb500000)
 ParOldGen       total 98304K, used 98183K [0x00000000c0000000, 0x00000000c6000000, 0x00000000eab00000)
  object space 98304K, 99% used [0x00000000c0000000,0x00000000c5fe1ff8,0x00000000c6000000)
 Metaspace       used 53450K, committed 54720K, reserved 1114112K
  class space    used 5567K, committed 6144K, reserved 1048576K
}
Event: 16.644 GC heap after
{Heap after GC invocations=57 (full 2):
 PSYoungGen      total 9728K, used 1072K [0x00000000eab00000, 0x00000000eb600000, 0x0000000100000000)
  eden space 8192K, 0% used [0x00000000eab00000,0x00000000eab00000,0x00000000eb300000)
  from space 1536K, 69% used [0x00000000eb380000,0x00000000eb48c3e0,0x00000000eb500000)
  to   space 1024K, 0% used [0x00000000eb500000,0x00000000eb500000,0x00000000eb600000)
 ParOldGen       total 98816K, used 98625K [0x00000000c0000000, 0x00000000c6080000, 0x00000000eab00000)
  object space 98816K, 99% used [0x00000000c0000000,0x00000000c6050528,0x00000000c6080000)
 Metaspace       used 53450K, committed 54720K, reserved 1114112K
  class space    used 5567K, committed 6144K, reserved 1048576K
}
Event: 16.711 GC heap before
{Heap before GC invocations=58 (full 2):
 PSYoungGen      total 9728K, used 9264K [0x00000000eab00000, 0x00000000eb600000, 0x0000000100000000)
  eden space 8192K, 100% used [0x00000000eab00000,0x00000000eb300000,0x00000000eb300000)
  from space 1536K, 69% used [0x00000000eb380000,0x00000000eb48c3e0,0x00000000eb500000)
  to   space 1024K, 0% used [0x00000000eb500000,0x00000000eb500000,0x00000000eb600000)
 ParOldGen       total 98816K, used 98625K [0x00000000c0000000, 0x00000000c6080000, 0x00000000eab00000)
  object space 98816K, 99% used [0x00000000c0000000,0x00000000c6050528,0x00000000c6080000)
 Metaspace       used 53977K, committed 55232K, reserved 1114112K
  class space    used 5626K, committed 6208K, reserved 1048576K
}
Event: 16.715 GC heap after
{Heap after GC invocations=58 (full 2):
 PSYoungGen      total 8704K, used 1015K [0x00000000eab00000, 0x00000000eb800000, 0x0000000100000000)
  eden space 7680K, 0% used [0x00000000eab00000,0x00000000eab00000,0x00000000eb280000)
  from space 1024K, 99% used [0x00000000eb500000,0x00000000eb5fdfd8,0x00000000eb600000)
  to   space 2560K, 0% used [0x00000000eb280000,0x00000000eb280000,0x00000000eb500000)
 ParOldGen       total 99840K, used 99737K [0x00000000c0000000, 0x00000000c6180000, 0x00000000eab00000)
  object space 99840K, 99% used [0x00000000c0000000,0x00000000c6166680,0x00000000c6180000)
 Metaspace       used 53977K, committed 55232K, reserved 1114112K
  class space    used 5626K, committed 6208K, reserved 1048576K
}
Event: 16.792 GC heap before
{Heap before GC invocations=59 (full 2):
 PSYoungGen      total 8704K, used 8695K [0x00000000eab00000, 0x00000000eb800000, 0x0000000100000000)
  eden space 7680K, 100% used [0x00000000eab00000,0x00000000eb280000,0x00000000eb280000)
  from space 1024K, 99% used [0x00000000eb500000,0x00000000eb5fdfd8,0x00000000eb600000)
  to   space 2560K, 0% used [0x00000000eb280000,0x00000000eb280000,0x00000000eb500000)
 ParOldGen       total 99840K, used 99737K [0x00000000c0000000, 0x00000000c6180000, 0x00000000eab00000)
  object space 99840K, 99% used [0x00000000c0000000,0x00000000c6166680,0x00000000c6180000)
 Metaspace       used 54236K, committed 55488K, reserved 1114112K
  class space    used 5643K, committed 6208K, reserved 1048576K
}
Event: 16.794 GC heap after
{Heap after GC invocations=59 (full 2):
 PSYoungGen      total 9728K, used 1759K [0x00000000eab00000, 0x00000000eb680000, 0x0000000100000000)
  eden space 7680K, 0% used [0x00000000eab00000,0x00000000eab00000,0x00000000eb280000)
  from space 2048K, 85% used [0x00000000eb280000,0x00000000eb437fe8,0x00000000eb480000)
  to   space 2048K, 0% used [0x00000000eb480000,0x00000000eb480000,0x00000000eb680000)
 ParOldGen       total 100864K, used 100664K [0x00000000c0000000, 0x00000000c6280000, 0x00000000eab00000)
  object space 100864K, 99% used [0x00000000c0000000,0x00000000c624e018,0x00000000c6280000)
 Metaspace       used 54236K, committed 55488K, reserved 1114112K
  class space    used 5643K, committed 6208K, reserved 1048576K
}
Event: 16.969 GC heap before
{Heap before GC invocations=60 (full 2):
 PSYoungGen      total 9728K, used 9439K [0x00000000eab00000, 0x00000000eb680000, 0x0000000100000000)
  eden space 7680K, 100% used [0x00000000eab00000,0x00000000eb280000,0x00000000eb280000)
  from space 2048K, 85% used [0x00000000eb280000,0x00000000eb437fe8,0x00000000eb480000)
  to   space 2048K, 0% used [0x00000000eb480000,0x00000000eb480000,0x00000000eb680000)
 ParOldGen       total 100864K, used 100664K [0x00000000c0000000, 0x00000000c6280000, 0x00000000eab00000)
  object space 100864K, 99% used [0x00000000c0000000,0x00000000c624e018,0x00000000c6280000)
 Metaspace       used 54462K, committed 55680K, reserved 1114112K
  class space    used 5668K, committed 6208K, reserved 1048576K
}
Event: 16.973 GC heap after
{Heap after GC invocations=60 (full 2):
 PSYoungGen      total 9728K, used 1645K [0x00000000eab00000, 0x00000000eb680000, 0x0000000100000000)
  eden space 7680K, 0% used [0x00000000eab00000,0x00000000eab00000,0x00000000eb280000)
  from space 2048K, 80% used [0x00000000eb480000,0x00000000eb61b628,0x00000000eb680000)
  to   space 2048K, 0% used [0x00000000eb280000,0x00000000eb280000,0x00000000eb480000)
 ParOldGen       total 102400K, used 102246K [0x00000000c0000000, 0x00000000c6400000, 0x00000000eab00000)
  object space 102400K, 99% used [0x00000000c0000000,0x00000000c63d9aa8,0x00000000c6400000)
 Metaspace       used 54462K, committed 55680K, reserved 1114112K
  class space    used 5668K, committed 6208K, reserved 1048576K
}
Event: 17.095 GC heap before
{Heap before GC invocations=61 (full 2):
 PSYoungGen      total 9728K, used 9325K [0x00000000eab00000, 0x00000000eb680000, 0x0000000100000000)
  eden space 7680K, 100% used [0x00000000eab00000,0x00000000eb280000,0x00000000eb280000)
  from space 2048K, 80% used [0x00000000eb480000,0x00000000eb61b628,0x00000000eb680000)
  to   space 2048K, 0% used [0x00000000eb280000,0x00000000eb280000,0x00000000eb480000)
 ParOldGen       total 102400K, used 102246K [0x00000000c0000000, 0x00000000c6400000, 0x00000000eab00000)
  object space 102400K, 99% used [0x00000000c0000000,0x00000000c63d9aa8,0x00000000c6400000)
 Metaspace       used 54664K, committed 55872K, reserved 1114112K
  class space    used 5683K, committed 6208K, reserved 1048576K
}
Event: 17.099 GC heap after
{Heap after GC invocations=61 (full 2):
 PSYoungGen      total 9728K, used 1934K [0x00000000eab00000, 0x00000000eb680000, 0x0000000100000000)
  eden space 7680K, 0% used [0x00000000eab00000,0x00000000eab00000,0x00000000eb280000)
  from space 2048K, 94% used [0x00000000eb280000,0x00000000eb463a28,0x00000000eb480000)
  to   space 2048K, 0% used [0x00000000eb480000,0x00000000eb480000,0x00000000eb680000)
 ParOldGen       total 103936K, used 103744K [0x00000000c0000000, 0x00000000c6580000, 0x00000000eab00000)
  object space 103936K, 99% used [0x00000000c0000000,0x00000000c6550198,0x00000000c6580000)
 Metaspace       used 54664K, committed 55872K, reserved 1114112K
  class space    used 5683K, committed 6208K, reserved 1048576K
}

Dll operation events (10 events):
Event: 0.011 Loaded shared library c:\Users\hhp\.vscode\extensions\redhat.java-1.39.0-win32-x64\jre\21.0.5-win32-x86_64\bin\java.dll
Event: 0.105 Loaded shared library c:\Users\hhp\.vscode\extensions\redhat.java-1.39.0-win32-x64\jre\21.0.5-win32-x86_64\bin\zip.dll
Event: 0.129 Loaded shared library C:\Users\hhp\.vscode\extensions\redhat.java-1.39.0-win32-x64\jre\21.0.5-win32-x86_64\bin\instrument.dll
Event: 0.133 Loaded shared library C:\Users\hhp\.vscode\extensions\redhat.java-1.39.0-win32-x64\jre\21.0.5-win32-x86_64\bin\net.dll
Event: 0.137 Loaded shared library C:\Users\hhp\.vscode\extensions\redhat.java-1.39.0-win32-x64\jre\21.0.5-win32-x86_64\bin\nio.dll
Event: 0.141 Loaded shared library C:\Users\hhp\.vscode\extensions\redhat.java-1.39.0-win32-x64\jre\21.0.5-win32-x86_64\bin\zip.dll
Event: 0.165 Loaded shared library C:\Users\hhp\.vscode\extensions\redhat.java-1.39.0-win32-x64\jre\21.0.5-win32-x86_64\bin\jimage.dll
Event: 0.264 Loaded shared library c:\Users\hhp\.vscode\extensions\redhat.java-1.39.0-win32-x64\jre\21.0.5-win32-x86_64\bin\verify.dll
Event: 1.339 Loaded shared library C:\Users\hhp\AppData\Roaming\Code\User\globalStorage\redhat.java\1.39.0\config_win\org.eclipse.equinox.launcher\org.eclipse.equinox.launcher.win32.win32.x86_64_1.2.1100.v20240722-2106\eclipse_11904.dll
Event: 3.818 Loaded shared library C:\Users\hhp\AppData\Local\Temp\jna-103280\jna17089311160475900586.dll

Deoptimization events (20 events):
Event: 16.839 Thread 0x0000022d6b058a80 Uncommon trap: trap_request=0xffffff45 fr.pc=0x0000022d5a7bf498 relative=0x0000000000000078
Event: 16.839 Thread 0x0000022d6b058a80 Uncommon trap: reason=unstable_if action=reinterpret pc=0x0000022d5a7bf498 method=org.eclipse.jdt.internal.compiler.classfmt.MethodInfo.getModifiers()I @ 5 c2
Event: 16.839 Thread 0x0000022d6b058a80 DEOPT PACKING pc=0x0000022d5a7bf498 sp=0x000000b7cb6fd4e0
Event: 16.839 Thread 0x0000022d6b058a80 DEOPT UNPACKING pc=0x0000022d59db3aa2 sp=0x000000b7cb6fd478 mode 2
Event: 16.986 Thread 0x0000022d6b059110 DEOPT PACKING pc=0x0000022d53643cd7 sp=0x000000b7cbafe880
Event: 16.986 Thread 0x0000022d6b059110 DEOPT UNPACKING pc=0x0000022d59db4242 sp=0x000000b7cbafdce8 mode 0
Event: 16.986 Thread 0x0000022d6b059110 DEOPT PACKING pc=0x0000022d53657516 sp=0x000000b7cbafe7f0
Event: 16.986 Thread 0x0000022d6b059110 DEOPT UNPACKING pc=0x0000022d59db4242 sp=0x000000b7cbafdcc8 mode 0
Event: 17.076 Thread 0x0000022d6cbe4cf0 Uncommon trap: trap_request=0xffffff45 fr.pc=0x0000022d5a75fd28 relative=0x0000000000000588
Event: 17.076 Thread 0x0000022d6cbe4cf0 Uncommon trap: reason=unstable_if action=reinterpret pc=0x0000022d5a75fd28 method=org.eclipse.jdt.internal.compiler.classfmt.FieldInfo.getTypeName()[C @ 4 c2
Event: 17.076 Thread 0x0000022d6cbe4cf0 DEOPT PACKING pc=0x0000022d5a75fd28 sp=0x000000b7ce2fe070
Event: 17.076 Thread 0x0000022d6cbe4cf0 DEOPT UNPACKING pc=0x0000022d59db3aa2 sp=0x000000b7ce2fe038 mode 2
Event: 17.080 Thread 0x0000022d6cbe4cf0 Uncommon trap: trap_request=0xffffffbe fr.pc=0x0000022d5a7597d4 relative=0x0000000000000594
Event: 17.080 Thread 0x0000022d6cbe4cf0 Uncommon trap: reason=profile_predicate action=maybe_recompile pc=0x0000022d5a7597d4 method=org.eclipse.jdt.internal.compiler.util.SimpleLookupTable.put(Ljava/lang/Object;Ljava/lang/Object;)Ljava/lang/Object; @ 61 c2
Event: 17.080 Thread 0x0000022d6cbe4cf0 DEOPT PACKING pc=0x0000022d5a7597d4 sp=0x000000b7ce2fe0a0
Event: 17.080 Thread 0x0000022d6cbe4cf0 DEOPT UNPACKING pc=0x0000022d59db3aa2 sp=0x000000b7ce2fe058 mode 2
Event: 17.101 Thread 0x0000022d6cbe4cf0 Uncommon trap: trap_request=0xffffffd6 fr.pc=0x0000022d5a6bf9ec relative=0x0000000000000a2c
Event: 17.101 Thread 0x0000022d6cbe4cf0 Uncommon trap: reason=array_check action=maybe_recompile pc=0x0000022d5a6bf9ec method=java.util.TimSort.binarySort([Ljava/lang/Object;IIILjava/util/Comparator;)V @ 183 c2
Event: 17.101 Thread 0x0000022d6cbe4cf0 DEOPT PACKING pc=0x0000022d5a6bf9ec sp=0x000000b7ce2fe900
Event: 17.101 Thread 0x0000022d6cbe4cf0 DEOPT UNPACKING pc=0x0000022d59db3aa2 sp=0x000000b7ce2fe8c8 mode 2

Classes loaded (20 events):
Event: 12.978 Loading class java/util/concurrent/CompletableFuture$AsynchronousCompletionTask done
Event: 12.978 Loading class java/util/concurrent/CompletableFuture$Completion done
Event: 13.109 Loading class sun/nio/ch/WindowsAsynchronousFileChannelImpl$WriteTask
Event: 13.110 Loading class sun/nio/ch/WindowsAsynchronousFileChannelImpl$WriteTask done
Event: 13.397 Loading class jdk/internal/math/FormattedFPDecimal
Event: 13.397 Loading class jdk/internal/math/FormattedFPDecimal done
Event: 14.075 Loading class java/util/concurrent/ForkJoinTask$AdaptedCallable
Event: 14.076 Loading class java/util/concurrent/ForkJoinTask$AdaptedCallable done
Event: 14.903 Loading class java/util/Vector$1
Event: 14.903 Loading class java/util/Vector$1 done
Event: 15.684 Loading class java/util/regex/Pattern$Caret
Event: 15.684 Loading class java/util/regex/Pattern$Caret done
Event: 16.803 Loading class java/util/stream/ReduceOps$4
Event: 16.804 Loading class java/util/stream/ReduceOps$4 done
Event: 16.806 Loading class java/util/stream/ReduceOps$4ReducingSink
Event: 16.806 Loading class java/util/stream/ReduceOps$4ReducingSink done
Event: 16.817 Loading class java/nio/file/Files$2
Event: 16.817 Loading class java/nio/file/Files$2 done
Event: 17.041 Loading class java/util/concurrent/ArrayBlockingQueue
Event: 17.042 Loading class java/util/concurrent/ArrayBlockingQueue done

Classes unloaded (7 events):
Event: 5.629 Thread 0x0000022d64163800 Unloading class 0x0000022d01199400 'java/lang/invoke/LambdaForm$MH+0x0000022d01199400'
Event: 5.629 Thread 0x0000022d64163800 Unloading class 0x0000022d01199000 'java/lang/invoke/LambdaForm$MH+0x0000022d01199000'
Event: 5.629 Thread 0x0000022d64163800 Unloading class 0x0000022d01198c00 'java/lang/invoke/LambdaForm$MH+0x0000022d01198c00'
Event: 5.629 Thread 0x0000022d64163800 Unloading class 0x0000022d01198800 'java/lang/invoke/LambdaForm$MH+0x0000022d01198800'
Event: 5.629 Thread 0x0000022d64163800 Unloading class 0x0000022d01198400 'java/lang/invoke/LambdaForm$BMH+0x0000022d01198400'
Event: 5.629 Thread 0x0000022d64163800 Unloading class 0x0000022d01198000 'java/lang/invoke/LambdaForm$DMH+0x0000022d01198000'
Event: 5.629 Thread 0x0000022d64163800 Unloading class 0x0000022d01196c00 'java/lang/invoke/LambdaForm$DMH+0x0000022d01196c00'

Classes redefined (0 events):
No events

Internal exceptions (20 events):
Event: 13.355 Thread 0x0000022d6b058a80 Exception <a 'sun/nio/fs/WindowsException'{0x00000000eae746d8}> (0x00000000eae746d8) 
thrown [s\src\hotspot\share\prims\jni.cpp, line 520]
Event: 13.355 Thread 0x0000022d6b058a80 Exception <a 'sun/nio/fs/WindowsException'{0x00000000eae75060}> (0x00000000eae75060) 
thrown [s\src\hotspot\share\prims\jni.cpp, line 520]
Event: 13.357 Thread 0x0000022d6b058a80 Exception <a 'sun/nio/fs/WindowsException'{0x00000000eaed3150}> (0x00000000eaed3150) 
thrown [s\src\hotspot\share\prims\jni.cpp, line 520]
Event: 13.358 Thread 0x0000022d6b058a80 Exception <a 'sun/nio/fs/WindowsException'{0x00000000eaed3828}> (0x00000000eaed3828) 
thrown [s\src\hotspot\share\prims\jni.cpp, line 520]
Event: 13.361 Thread 0x0000022d6b058a80 Exception <a 'sun/nio/fs/WindowsException'{0x00000000eaed8bd0}> (0x00000000eaed8bd0) 
thrown [s\src\hotspot\share\prims\jni.cpp, line 520]
Event: 13.361 Thread 0x0000022d6b058a80 Exception <a 'sun/nio/fs/WindowsException'{0x00000000eaed9558}> (0x00000000eaed9558) 
thrown [s\src\hotspot\share\prims\jni.cpp, line 520]
Event: 13.391 Thread 0x0000022d6b058a80 Exception <a 'java/lang/NoSuchMethodError'{0x00000000eb135688}: 'int java.lang.invoke.DirectMethodHandle$Holder.invokeSpecialIFC(java.lang.Object, java.lang.Object, java.lang.Object, java.lang.Object)'> (0x00000000eb135688) 
thrown [s\src\hotspot\share\interpreter\linkResolver.cpp, line 773]
Event: 13.467 Thread 0x0000022d6b058a80 Exception <a 'java/io/FileNotFoundException'{0x00000000eb589140}> (0x00000000eb589140) 
thrown [s\src\hotspot\share\prims\jni.cpp, line 520]
Event: 13.469 Thread 0x0000022d6b058a80 Exception <a 'java/io/FileNotFoundException'{0x00000000eb58a128}> (0x00000000eb58a128) 
thrown [s\src\hotspot\share\prims\jni.cpp, line 520]
Event: 13.470 Thread 0x0000022d6b058a80 Exception <a 'java/io/FileNotFoundException'{0x00000000eb58b8a0}> (0x00000000eb58b8a0) 
thrown [s\src\hotspot\share\prims\jni.cpp, line 520]
Event: 13.470 Thread 0x0000022d6b058a80 Exception <a 'java/io/FileNotFoundException'{0x00000000eb58cb50}> (0x00000000eb58cb50) 
thrown [s\src\hotspot\share\prims\jni.cpp, line 520]
Event: 13.472 Thread 0x0000022d6b058a80 Exception <a 'java/io/FileNotFoundException'{0x00000000eb58db58}> (0x00000000eb58db58) 
thrown [s\src\hotspot\share\prims\jni.cpp, line 520]
Event: 14.021 Thread 0x0000022d6b058a80 Exception <a 'sun/nio/fs/WindowsException'{0x00000000eb2a9cc8}> (0x00000000eb2a9cc8) 
thrown [s\src\hotspot\share\prims\jni.cpp, line 520]
Event: 14.022 Thread 0x0000022d6b058a80 Exception <a 'sun/nio/fs/WindowsException'{0x00000000eb2aa3a0}> (0x00000000eb2aa3a0) 
thrown [s\src\hotspot\share\prims\jni.cpp, line 520]
Event: 14.071 Thread 0x0000022d6b058a80 Exception <a 'sun/nio/fs/WindowsException'{0x00000000eb6fadd0}> (0x00000000eb6fadd0) 
thrown [s\src\hotspot\share\prims\jni.cpp, line 520]
Event: 14.084 Thread 0x0000022d6dfb0800 Exception <a 'sun/nio/fs/WindowsException'{0x00000000eb784e18}> (0x00000000eb784e18) 
thrown [s\src\hotspot\share\prims\jni.cpp, line 520]
Event: 14.085 Thread 0x0000022d6dfb0e90 Exception <a 'sun/nio/fs/WindowsException'{0x00000000eb791c08}> (0x00000000eb791c08) 
thrown [s\src\hotspot\share\prims\jni.cpp, line 520]
Event: 14.087 Thread 0x0000022d6dfb1520 Exception <a 'sun/nio/fs/WindowsException'{0x00000000eb79e710}> (0x00000000eb79e710) 
thrown [s\src\hotspot\share\prims\jni.cpp, line 520]
Event: 14.088 Thread 0x0000022d6dfb0800 Exception <a 'sun/nio/fs/WindowsException'{0x00000000eb786610}> (0x00000000eb786610) 
thrown [s\src\hotspot\share\prims\jni.cpp, line 520]
Event: 16.823 Thread 0x0000022d6b058a80 Exception <a 'java/lang/NoSuchMethodError'{0x00000000eac25828}: 'int java.lang.invoke.DirectMethodHandle$Holder.invokeSpecialIFC(java.lang.Object, java.lang.Object, java.lang.Object)'> (0x00000000eac25828) 
thrown [s\src\hotspot\share\interpreter\linkResolver.cpp, line 773]

ZGC Phase Switch (0 events):
No events

VM Operations (20 events):
Event: 16.639 Executing VM operation: ParallelGCFailedAllocation (Allocation Failure)
Event: 16.644 Executing VM operation: ParallelGCFailedAllocation (Allocation Failure) done
Event: 16.711 Executing VM operation: ParallelGCFailedAllocation (Allocation Failure)
Event: 16.715 Executing VM operation: ParallelGCFailedAllocation (Allocation Failure) done
Event: 16.791 Executing VM operation: ParallelGCFailedAllocation (Allocation Failure)
Event: 16.794 Executing VM operation: ParallelGCFailedAllocation (Allocation Failure) done
Event: 16.805 Executing VM operation: HandshakeAllThreads (Deoptimize)
Event: 16.806 Executing VM operation: HandshakeAllThreads (Deoptimize) done
Event: 16.855 Executing VM operation: HandshakeAllThreads (Deoptimize)
Event: 16.859 Executing VM operation: HandshakeAllThreads (Deoptimize) done
Event: 16.969 Executing VM operation: ParallelGCFailedAllocation (Allocation Failure)
Event: 16.973 Executing VM operation: ParallelGCFailedAllocation (Allocation Failure) done
Event: 17.072 Executing VM operation: HandshakeAllThreads (Deoptimize)
Event: 17.073 Executing VM operation: HandshakeAllThreads (Deoptimize) done
Event: 17.086 Executing VM operation: HandshakeAllThreads (Deoptimize)
Event: 17.086 Executing VM operation: HandshakeAllThreads (Deoptimize) done
Event: 17.094 Executing VM operation: ParallelGCFailedAllocation (Allocation Failure)
Event: 17.099 Executing VM operation: ParallelGCFailedAllocation (Allocation Failure) done
Event: 17.152 Executing VM operation: ParallelGCFailedAllocation (Allocation Failure)
Event: 17.152 Executing VM operation: ParallelGCFailedAllocation (Allocation Failure) done

Memory protections (0 events):
No events

Nmethod flushes (20 events):
Event: 7.772 Thread 0x0000022d64163800 flushing  nmethod 0x0000022d52ecca10
Event: 7.772 Thread 0x0000022d64163800 flushing  nmethod 0x0000022d52ecce10
Event: 7.772 Thread 0x0000022d64163800 flushing  nmethod 0x0000022d52ecd710
Event: 7.772 Thread 0x0000022d64163800 flushing  nmethod 0x0000022d52ece910
Event: 7.772 Thread 0x0000022d64163800 flushing  nmethod 0x0000022d52ecf110
Event: 7.772 Thread 0x0000022d64163800 flushing  nmethod 0x0000022d52ecf890
Event: 7.772 Thread 0x0000022d64163800 flushing  nmethod 0x0000022d52ed0210
Event: 7.772 Thread 0x0000022d64163800 flushing  nmethod 0x0000022d52ed0d90
Event: 7.772 Thread 0x0000022d64163800 flushing  nmethod 0x0000022d52ed1290
Event: 7.772 Thread 0x0000022d64163800 flushing  nmethod 0x0000022d52ed2410
Event: 7.772 Thread 0x0000022d64163800 flushing  nmethod 0x0000022d52ed2810
Event: 7.772 Thread 0x0000022d64163800 flushing  nmethod 0x0000022d52ed2c90
Event: 7.772 Thread 0x0000022d64163800 flushing  nmethod 0x0000022d52ed3390
Event: 7.772 Thread 0x0000022d64163800 flushing  nmethod 0x0000022d52ed4310
Event: 7.772 Thread 0x0000022d64163800 flushing  nmethod 0x0000022d52ee2310
Event: 7.772 Thread 0x0000022d64163800 flushing  nmethod 0x0000022d52f05c10
Event: 7.772 Thread 0x0000022d64163800 flushing  nmethod 0x0000022d52f07b90
Event: 7.772 Thread 0x0000022d64163800 flushing  nmethod 0x0000022d52f8a690
Event: 7.772 Thread 0x0000022d64163800 flushing  nmethod 0x0000022d52fa1a90
Event: 7.772 Thread 0x0000022d64163800 flushing  nmethod 0x0000022d52fc2210

Events (20 events):
Event: 14.077 Thread 0x0000022d6b058a80 Thread added: 0x0000022d6dfb0800
Event: 14.078 Thread 0x0000022d6dfb0800 Thread added: 0x0000022d6dfb0e90
Event: 14.084 Thread 0x0000022d6dfb0e90 Thread added: 0x0000022d6dfb1520
Event: 14.086 Thread 0x0000022d6dfb0e90 Thread added: 0x0000022d6dfb2240
Event: 14.086 Thread 0x0000022d6dfb0800 Thread added: 0x0000022d6dfaedc0
Event: 14.089 Thread 0x0000022d6dfb0800 Thread added: 0x0000022d6dfb28d0
Event: 14.090 Thread 0x0000022d6dfb1520 Thread added: 0x0000022d6dfaf450
Event: 14.090 Thread 0x0000022d6dfb1520 Thread added: 0x0000022d6dfb3c80
Event: 14.091 Thread 0x0000022d6dfb0800 Thread added: 0x0000022d6dfb49a0
Event: 14.271 Thread 0x0000022d6b058a80 Thread added: 0x0000022d6dfb4310
Event: 14.271 Thread 0x0000022d6b058a80 Thread added: 0x0000022d6dfb5030
Event: 14.271 Thread 0x0000022d6b058a80 Thread added: 0x0000022d6dfb56c0
Event: 14.271 Thread 0x0000022d6b058a80 Thread added: 0x0000022d6dfb5d50
Event: 14.272 Thread 0x0000022d6b058a80 Thread added: 0x0000022d6dfb63e0
Event: 14.272 Thread 0x0000022d6b058a80 Thread added: 0x0000022d6dfb2f60
Event: 14.272 Thread 0x0000022d6b058a80 Thread added: 0x0000022d6dfb35f0
Event: 14.272 Thread 0x0000022d6b058a80 Thread added: 0x0000022d6b057d60
Event: 14.272 Thread 0x0000022d6b058a80 Thread added: 0x0000022d6cbe32b0
Event: 14.272 Thread 0x0000022d6b058a80 Thread added: 0x0000022d6cbe5a10
Event: 17.043 Thread 0x0000022d6b058a80 Thread added: 0x0000022d6cbe4cf0


Dynamic libraries:
0x00007ff7aaf20000 - 0x00007ff7aaf2e000 	c:\Users\hhp\.vscode\extensions\redhat.java-1.39.0-win32-x64\jre\21.0.5-win32-x86_64\bin\java.exe
0x00007ff8f6aa0000 - 0x00007ff8f6d03000 	C:\WINDOWS\SYSTEM32\ntdll.dll
0x00007ff8f5a50000 - 0x00007ff8f5b17000 	C:\WINDOWS\System32\KERNEL32.DLL
0x00007ff8f43e0000 - 0x00007ff8f47a7000 	C:\WINDOWS\System32\KERNELBASE.dll
0x00007ff8f4290000 - 0x00007ff8f43dc000 	C:\WINDOWS\System32\ucrtbase.dll
0x00007ff8ccde0000 - 0x00007ff8ccdfe000 	c:\Users\hhp\.vscode\extensions\redhat.java-1.39.0-win32-x64\jre\21.0.5-win32-x86_64\bin\VCRUNTIME140.dll
0x00007ff8cdc40000 - 0x00007ff8cdc58000 	c:\Users\hhp\.vscode\extensions\redhat.java-1.39.0-win32-x64\jre\21.0.5-win32-x86_64\bin\jli.dll
0x00007ff8f53c0000 - 0x00007ff8f5589000 	C:\WINDOWS\System32\USER32.dll
0x00007ff8ceaa0000 - 0x00007ff8ced30000 	C:\WINDOWS\WinSxS\amd64_microsoft.windows.common-controls_6595b64144ccf1df_6.0.26100.3037_none_3e09262ce333c378\COMCTL32.dll
0x00007ff8f40e0000 - 0x00007ff8f4107000 	C:\WINDOWS\System32\win32u.dll
0x00007ff8f5160000 - 0x00007ff8f5209000 	C:\WINDOWS\System32\msvcrt.dll
0x00007ff8f5a20000 - 0x00007ff8f5a4a000 	C:\WINDOWS\System32\GDI32.dll
0x00007ff8f47b0000 - 0x00007ff8f48db000 	C:\WINDOWS\System32\gdi32full.dll
0x00007ff8f4030000 - 0x00007ff8f40d3000 	C:\WINDOWS\System32\msvcp_win.dll
0x00007ff8f58d0000 - 0x00007ff8f58ff000 	C:\WINDOWS\System32\IMM32.DLL
0x00007ff8eea10000 - 0x00007ff8eea1c000 	c:\Users\hhp\.vscode\extensions\redhat.java-1.39.0-win32-x64\jre\21.0.5-win32-x86_64\bin\vcruntime140_1.dll
0x00007ff8a7bb0000 - 0x00007ff8a7c3d000 	c:\Users\hhp\.vscode\extensions\redhat.java-1.39.0-win32-x64\jre\21.0.5-win32-x86_64\bin\msvcp140.dll
0x00007ff82c390000 - 0x00007ff82d11f000 	c:\Users\hhp\.vscode\extensions\redhat.java-1.39.0-win32-x64\jre\21.0.5-win32-x86_64\bin\server\jvm.dll
0x00007ff8f4910000 - 0x00007ff8f49c4000 	C:\WINDOWS\System32\ADVAPI32.dll
0x00007ff8f5210000 - 0x00007ff8f52b6000 	C:\WINDOWS\System32\sechost.dll
0x00007ff8f61c0000 - 0x00007ff8f62d6000 	C:\WINDOWS\System32\RPCRT4.dll
0x00007ff8f6300000 - 0x00007ff8f6374000 	C:\WINDOWS\System32\WS2_32.dll
0x00007ff8f3cd0000 - 0x00007ff8f3d1e000 	C:\WINDOWS\SYSTEM32\POWRPROF.dll
0x00007ff8e98a0000 - 0x00007ff8e98d6000 	C:\WINDOWS\SYSTEM32\WINMM.dll
0x00007ff8e09f0000 - 0x00007ff8e09fb000 	C:\WINDOWS\SYSTEM32\VERSION.dll
0x00007ff8f3cb0000 - 0x00007ff8f3cc4000 	C:\WINDOWS\SYSTEM32\UMPDC.dll
0x00007ff8f2c70000 - 0x00007ff8f2c8a000 	C:\WINDOWS\SYSTEM32\kernel.appcore.dll
0x00007ff8d7f20000 - 0x00007ff8d7f2a000 	c:\Users\hhp\.vscode\extensions\redhat.java-1.39.0-win32-x64\jre\21.0.5-win32-x86_64\bin\jimage.dll
0x00007ff8f1610000 - 0x00007ff8f1851000 	C:\WINDOWS\SYSTEM32\DBGHELP.DLL
0x00007ff8f5cc0000 - 0x00007ff8f603e000 	C:\WINDOWS\System32\combase.dll
0x00007ff8f57f0000 - 0x00007ff8f58c6000 	C:\WINDOWS\System32\OLEAUT32.dll
0x00007ff8cd8c0000 - 0x00007ff8cd8f9000 	C:\WINDOWS\SYSTEM32\dbgcore.DLL
0x00007ff8f3f00000 - 0x00007ff8f3f99000 	C:\WINDOWS\System32\bcryptPrimitives.dll
0x00007ff8cc5f0000 - 0x00007ff8cc5ff000 	c:\Users\hhp\.vscode\extensions\redhat.java-1.39.0-win32-x64\jre\21.0.5-win32-x86_64\bin\instrument.dll
0x00007ff8cb380000 - 0x00007ff8cb39f000 	c:\Users\hhp\.vscode\extensions\redhat.java-1.39.0-win32-x64\jre\21.0.5-win32-x86_64\bin\java.dll
0x00007ff8f49d0000 - 0x00007ff8f50d4000 	C:\WINDOWS\System32\SHELL32.dll
0x00007ff8f1a00000 - 0x00007ff8f2237000 	C:\WINDOWS\SYSTEM32\windows.storage.dll
0x00007ff8f6970000 - 0x00007ff8f6a59000 	C:\WINDOWS\System32\SHCORE.dll
0x00007ff8f6380000 - 0x00007ff8f63dd000 	C:\WINDOWS\System32\shlwapi.dll
0x00007ff8f3d50000 - 0x00007ff8f3d7e000 	C:\WINDOWS\SYSTEM32\profapi.dll
0x00007ff8d2710000 - 0x00007ff8d2728000 	c:\Users\hhp\.vscode\extensions\redhat.java-1.39.0-win32-x64\jre\21.0.5-win32-x86_64\bin\zip.dll
0x00007ff8d7ec0000 - 0x00007ff8d7ed0000 	C:\Users\hhp\.vscode\extensions\redhat.java-1.39.0-win32-x64\jre\21.0.5-win32-x86_64\bin\net.dll
0x00007ff8ea3c0000 - 0x00007ff8ea4de000 	C:\WINDOWS\SYSTEM32\WINHTTP.dll
0x00007ff8f3180000 - 0x00007ff8f31e8000 	C:\WINDOWS\system32\mswsock.dll
0x00007ff8bd860000 - 0x00007ff8bd876000 	C:\Users\hhp\.vscode\extensions\redhat.java-1.39.0-win32-x64\jre\21.0.5-win32-x86_64\bin\nio.dll
0x00007ff8bb3f0000 - 0x00007ff8bb400000 	c:\Users\hhp\.vscode\extensions\redhat.java-1.39.0-win32-x64\jre\21.0.5-win32-x86_64\bin\verify.dll
0x00007ff8a8dd0000 - 0x00007ff8a8e15000 	C:\Users\hhp\AppData\Roaming\Code\User\globalStorage\redhat.java\1.39.0\config_win\org.eclipse.equinox.launcher\org.eclipse.equinox.launcher.win32.win32.x86_64_1.2.1100.v20240722-2106\eclipse_11904.dll
0x00007ff8f5b20000 - 0x00007ff8f5cb5000 	C:\WINDOWS\System32\ole32.dll
0x00007ff8f3420000 - 0x00007ff8f343c000 	C:\WINDOWS\SYSTEM32\CRYPTSP.dll
0x00007ff8f2bd0000 - 0x00007ff8f2c08000 	C:\WINDOWS\system32\rsaenh.dll
0x00007ff8f3220000 - 0x00007ff8f324b000 	C:\WINDOWS\SYSTEM32\USERENV.dll
0x00007ff8f3660000 - 0x00007ff8f3686000 	C:\WINDOWS\SYSTEM32\bcrypt.dll
0x00007ff8f3440000 - 0x00007ff8f344c000 	C:\WINDOWS\SYSTEM32\CRYPTBASE.dll
0x00007ff8f2670000 - 0x00007ff8f26a2000 	C:\WINDOWS\SYSTEM32\IPHLPAPI.DLL
0x00007ff8f5340000 - 0x00007ff8f534a000 	C:\WINDOWS\System32\NSI.dll
0x00007ff8a7e40000 - 0x00007ff8a7e89000 	C:\Users\hhp\AppData\Local\Temp\jna-103280\jna17089311160475900586.dll
0x00007ff8f5a10000 - 0x00007ff8f5a18000 	C:\WINDOWS\System32\PSAPI.DLL
0x00007ff8eba20000 - 0x00007ff8eba3f000 	C:\WINDOWS\SYSTEM32\dhcpcsvc6.DLL
0x00007ff8eb970000 - 0x00007ff8eb995000 	C:\WINDOWS\SYSTEM32\dhcpcsvc.DLL

dbghelp: loaded successfully - version: 4.0.5 - missing functions: none
symbol engine: initialized successfully - sym options: 0x614 - pdb path: .;c:\Users\hhp\.vscode\extensions\redhat.java-1.39.0-win32-x64\jre\21.0.5-win32-x86_64\bin;C:\WINDOWS\SYSTEM32;C:\WINDOWS\WinSxS\amd64_microsoft.windows.common-controls_6595b64144ccf1df_6.0.26100.3037_none_3e09262ce333c378;c:\Users\hhp\.vscode\extensions\redhat.java-1.39.0-win32-x64\jre\21.0.5-win32-x86_64\bin\server;C:\Users\hhp\AppData\Roaming\Code\User\globalStorage\redhat.java\1.39.0\config_win\org.eclipse.equinox.launcher\org.eclipse.equinox.launcher.win32.win32.x86_64_1.2.1100.v20240722-2106;C:\Users\hhp\AppData\Local\Temp\jna-103280

VM Arguments:
jvm_args: --add-modules=ALL-SYSTEM --add-opens=java.base/java.util=ALL-UNNAMED --add-opens=java.base/java.lang=ALL-UNNAMED --add-opens=java.base/sun.nio.fs=ALL-UNNAMED -Declipse.application=org.eclipse.jdt.ls.core.id1 -Dosgi.bundles.defaultStartLevel=4 -Declipse.product=org.eclipse.jdt.ls.core.product -Djava.import.generatesMetadataFilesAtProjectRoot=false -DDetectVMInstallationsJob.disabled=true -Dfile.encoding=utf8 -XX:+UseParallelGC -XX:GCTimeRatio=4 -XX:AdaptiveSizePolicyWeight=90 -Dsun.zip.disableMemoryMapping=true -Xmx1G -Xms100m -Xlog:disable -javaagent:c:\Users\hhp\.vscode\extensions\redhat.java-1.39.0-win32-x64\lombok\lombok-1.18.34.jar -XX:+HeapDumpOnOutOfMemoryError -XX:HeapDumpPath=c:\Users\hhp\AppData\Roaming\Code\User\workspaceStorage\14c17b81feb02420379e559635737696\redhat.java -Daether.dependencyCollector.impl=bf 
java_command: c:\Users\hhp\.vscode\extensions\redhat.java-1.39.0-win32-x64\server\plugins\org.eclipse.equinox.launcher_1.6.900.v20240613-2009.jar -configuration c:\Users\hhp\AppData\Roaming\Code\User\globalStorage\redhat.java\1.39.0\config_win -data c:\Users\hhp\AppData\Roaming\Code\User\workspaceStorage\14c17b81feb02420379e559635737696\redhat.java\jdt_ws --pipe=\\.\pipe\lsp-d69b38e054688b1154e745ed97cd08ea-sock
java_class_path (initial): c:\Users\hhp\.vscode\extensions\redhat.java-1.39.0-win32-x64\server\plugins\org.eclipse.equinox.launcher_1.6.900.v20240613-2009.jar
Launcher Type: SUN_STANDARD

[Global flags]
    uintx AdaptiveSizePolicyWeight                 = 90                                        {product} {command line}
     intx CICompilerCount                          = 4                                         {product} {ergonomic}
    uintx GCTimeRatio                              = 4                                         {product} {command line}
     bool HeapDumpOnOutOfMemoryError               = true                                   {manageable} {command line}
    ccstr HeapDumpPath                             = c:\Users\hhp\AppData\Roaming\Code\User\workspaceStorage\14c17b81feb02420379e559635737696\redhat.java         {manageable} {command line}
   size_t InitialHeapSize                          = 104857600                                 {product} {command line}
   size_t MaxHeapSize                              = 1073741824                                {product} {command line}
   size_t MaxNewSize                               = 357564416                                 {product} {ergonomic}
   size_t MinHeapDeltaBytes                        = 524288                                    {product} {ergonomic}
   size_t MinHeapSize                              = 104857600                                 {product} {command line}
   size_t NewSize                                  = 34603008                                  {product} {ergonomic}
    uintx NonNMethodCodeHeapSize                   = 5839372                                {pd product} {ergonomic}
    uintx NonProfiledCodeHeapSize                  = 122909434                              {pd product} {ergonomic}
   size_t OldSize                                  = 70254592                                  {product} {ergonomic}
    uintx ProfiledCodeHeapSize                     = 122909434                              {pd product} {ergonomic}
    uintx ReservedCodeCacheSize                    = 251658240                              {pd product} {ergonomic}
     bool SegmentedCodeCache                       = true                                      {product} {ergonomic}
   size_t SoftMaxHeapSize                          = 1073741824                             {manageable} {ergonomic}
     bool UseCompressedOops                        = true                           {product lp64_product} {ergonomic}
     bool UseLargePagesIndividualAllocation        = false                                  {pd product} {ergonomic}
     bool UseParallelGC                            = true                                      {product} {command line}

Logging:
Log output configuration:
 #0: stdout all=off uptime,level,tags foldmultilines=false
 #1: stderr all=off uptime,level,tags foldmultilines=false

Environment Variables:
JAVA_HOME=C:\Program Files\OpenLogic\jdk-17.0.14.7-hotspot
PATH=C:\Program Files\OpenLogic\jdk-17.0.14.7-hotspot\bin;C:\WINDOWS\system32;C:\WINDOWS;C:\WINDOWS\System32\Wbem;C:\WINDOWS\System32\WindowsPowerShell\v1.0\;C:\WINDOWS\System32\OpenSSH\;C:\MinGW\bin;C:\Program Files\Git\cmd;C:\Program Files (x86)\Microsoft SQL Server\160\Tools\Binn\;C:\Program Files\Microsoft SQL Server\160\Tools\Binn\;C:\Program Files\Microsoft SQL Server\Client SDK\ODBC\170\Tools\Binn\;C:\Program Files\Microsoft SQL Server\160\DTS\Binn\;C:\Program Files (x86)\Microsoft SQL Server\160\DTS\Binn\;C:\Program Files\Azure Data Studio\bin;C:\Program Files\MongoDB\Server\7.0\bin;C:\mongosh-1.10.6-win32-x64\bin;C:\Program Files\nodejs\;C:\ProgramData\chocolatey\bin;C:\Users\hhp\AppData\Local\Android\Sdk;C:\Users\hhp\AppData\Local\Android\Sdk\platform-tools;C:\Users\hhp\AppData\Local\Android\Sdk\emulator;C:\Users\hhp\AppData\Local\Android\Sdk\build-tools;C:\Users\hhp\AppData\Local\Android\Sdk\platforms;C:\Users\hhp\AppData\Local\Microsoft\WindowsApps;C:\Users\hhp\AppData\Local\Programs\Microsoft VS Code\bin;C:\Program Files\nodejs;C:\Program Files\Azure Data Studio\bin;C:\Users\hhp\AppData\Local\GitHubDesktop\bin;C:\Users\hhp\AppData\Roaming\npm;C:\Program Files\OpenLogic\jdk-17.0.14.7-hotspot\bin;C:\Users\hhp\AppData\Local\Android\Sdk;C:\Users\hhp\AppData\Local\Android\Sdk\platform-tools;C:\Users\hhp\AppData\Local\Android\Sdk\emulator;C:\Users\hhp\AppData\Local\Android\Sdk\build-tools;C:\Users\hhp\AppData\Local\Android\Sdk\platforms;
USERNAME=hhp
OS=Windows_NT
PROCESSOR_IDENTIFIER=Intel64 Family 6 Model 154 Stepping 4, GenuineIntel
TMP=C:\Users\hhp\AppData\Local\Temp
TEMP=C:\Users\hhp\AppData\Local\Temp




Periodic native trim disabled

---------------  S Y S T E M  ---------------

OS:
 Windows 11 , 64 bit Build 26100 (10.0.26100.3037)
OS uptime: 0 days 10:39 hours
Hyper-V role detected

CPU: total 12 (initial active 12) (6 cores per cpu, 2 threads per core) family 6 model 154 stepping 4 microcode 0x42c, cx8, cmov, fxsr, ht, mmx, 3dnowpref, sse, sse2, sse3, ssse3, sse4.1, sse4.2, popcnt, lzcnt, tsc, tscinvbit, avx, avx2, aes, erms, clmul, bmi1, bmi2, adx, sha, fma, vzeroupper, clflush, clflushopt, clwb, hv, serialize, rdtscp, rdpid, fsrm, f16c, cet_ibt, cet_ss
Processor Information for processor 0
  Max Mhz: 1300, Current Mhz: 1300, Mhz Limit: 1300
Processor Information for processor 1
  Max Mhz: 1300, Current Mhz: 1300, Mhz Limit: 1300
Processor Information for processor 2
  Max Mhz: 1300, Current Mhz: 1300, Mhz Limit: 1300
Processor Information for processor 3
  Max Mhz: 1300, Current Mhz: 1300, Mhz Limit: 1300
Processor Information for processor 4
  Max Mhz: 1300, Current Mhz: 900, Mhz Limit: 897
Processor Information for processor 5
  Max Mhz: 1300, Current Mhz: 900, Mhz Limit: 897
Processor Information for processor 6
  Max Mhz: 1300, Current Mhz: 900, Mhz Limit: 897
Processor Information for processor 7
  Max Mhz: 1300, Current Mhz: 900, Mhz Limit: 897
Processor Information for processor 8
  Max Mhz: 1300, Current Mhz: 900, Mhz Limit: 897
Processor Information for processor 9
  Max Mhz: 1300, Current Mhz: 900, Mhz Limit: 897
Processor Information for processor 10
  Max Mhz: 1300, Current Mhz: 900, Mhz Limit: 897
Processor Information for processor 11
  Max Mhz: 1300, Current Mhz: 900, Mhz Limit: 897

Memory: 4k page, system-wide physical 16055M (776M free)
TotalPageFile size 60251M (AvailPageFile size 33M)
current process WorkingSet (physical memory assigned to process): 375M, peak: 380M
current process commit charge ("private bytes"): 397M, peak: 400M

vm_info: OpenJDK 64-Bit Server VM (21.0.5+11-LTS) for windows-amd64 JRE (21.0.5+11-LTS), built on 2024-10-15T00:00:00Z by "admin" with MS VC++ 17.7 (VS2022)

END.
