#
# There is insufficient memory for the Java Runtime Environment to continue.
# Native memory allocation (malloc) failed to allocate 1658096 bytes. Error detail: Chunk::new
# Possible reasons:
#   The system is out of physical RAM or swap space
#   This process is running with CompressedOops enabled, and the Java Heap may be blocking the growth of the native heap
# Possible solutions:
#   Reduce memory load on the system
#   Increase physical memory or swap space
#   Check if swap backing store is full
#   Decrease Java heap size (-Xmx/-Xms)
#   Decrease number of Java threads
#   Decrease Java thread stack sizes (-Xss)
#   Set larger code cache with -XX:ReservedCodeCacheSize=
#   JVM is running with Unscaled Compressed Oops mode in which the Java heap is
#     placed in the first 4GB address space. The Java Heap base address is the
#     maximum limit for the native heap growth. Please use -XX:HeapBaseMinAddress
#     to set the Java Heap base and to place the Java Heap above 4GB virtual address.
# This output file may be truncated or incomplete.
#
#  Out of Memory Error (arena.cpp:168), pid=22132, tid=21076
#
# JRE version: OpenJDK Runtime Environment Temurin-21.0.5+11 (21.0.5+11) (build 21.0.5+11-LTS)
# Java VM: OpenJDK 64-Bit Server VM Temurin-21.0.5+11 (21.0.5+11-LTS, mixed mode, sharing, tiered, compressed oops, compressed class ptrs, parallel gc, windows-amd64)
# No core dump will be written. Minidumps are not enabled by default on client versions of Windows
#

---------------  S U M M A R Y ------------

Command Line: --add-modules=ALL-SYSTEM --add-opens=java.base/java.util=ALL-UNNAMED --add-opens=java.base/java.lang=ALL-UNNAMED --add-opens=java.base/sun.nio.fs=ALL-UNNAMED -Declipse.application=org.eclipse.jdt.ls.core.id1 -Dosgi.bundles.defaultStartLevel=4 -Declipse.product=org.eclipse.jdt.ls.core.product -Djava.import.generatesMetadataFilesAtProjectRoot=false -DDetectVMInstallationsJob.disabled=true -Dfile.encoding=utf8 -XX:+UseParallelGC -XX:GCTimeRatio=4 -XX:AdaptiveSizePolicyWeight=90 -Dsun.zip.disableMemoryMapping=true -Xmx1G -Xms100m -Xlog:disable -javaagent:c:\Users\hhp\.vscode\extensions\redhat.java-1.39.0-win32-x64\lombok\lombok-1.18.34.jar -XX:+HeapDumpOnOutOfMemoryError -XX:HeapDumpPath=c:\Users\hhp\AppData\Roaming\Code\User\workspaceStorage\14c17b81feb02420379e559635737696\redhat.java -Daether.dependencyCollector.impl=bf c:\Users\hhp\.vscode\extensions\redhat.java-1.39.0-win32-x64\server\plugins\org.eclipse.equinox.launcher_1.6.900.v20240613-2009.jar -configuration c:\Users\hhp\AppData\Roaming\Code\User\globalStorage\redhat.java\1.39.0\config_win -data c:\Users\hhp\AppData\Roaming\Code\User\workspaceStorage\14c17b81feb02420379e559635737696\redhat.java\jdt_ws --pipe=\\.\pipe\lsp-5195b96880efe2f60921f154a64d650c-sock

Host: 12th Gen Intel(R) Core(TM) i5-1235U, 12 cores, 15G,  Windows 11 , 64 bit Build 26100 (10.0.26100.3037)
Time: Mon Feb  3 22:41:44 2025 India Standard Time elapsed time: 19.739642 seconds (0d 0h 0m 19s)

---------------  T H R E A D  ---------------

Current thread (0x0000025dc34e5a30):  JavaThread "C2 CompilerThread2" daemon [_thread_in_native, id=21076, stack(0x0000008b88b00000,0x0000008b88c00000) (1024K)]


Current CompileTask:
C2:19739 9474   !   4       org.eclipse.osgi.internal.loader.classpath.ClasspathManager::defineClass (636 bytes)

Stack: [0x0000008b88b00000,0x0000008b88c00000]
Native frames: (J=compiled Java code, j=interpreted, Vv=VM code, C=native code)
V  [jvm.dll+0x6cd4e9]
V  [jvm.dll+0x8a7941]
V  [jvm.dll+0x8a9e6e]
V  [jvm.dll+0x8aa543]
V  [jvm.dll+0x27f6d6]
V  [jvm.dll+0xc500d]
V  [jvm.dll+0xc5543]
V  [jvm.dll+0x3b65d2]
V  [jvm.dll+0x1dfdf3]
V  [jvm.dll+0x247b22]
V  [jvm.dll+0x246faf]
V  [jvm.dll+0x1c75ce]
V  [jvm.dll+0x25682a]
V  [jvm.dll+0x254dca]
V  [jvm.dll+0x3f00d6]
V  [jvm.dll+0x8514fb]
V  [jvm.dll+0x6cbbed]
C  [ucrtbase.dll+0x37b0]
C  [KERNEL32.DLL+0x2e8d7]
C  [ntdll.dll+0xbbf2c]


---------------  P R O C E S S  ---------------

Threads class SMR info:
_java_thread_list=0x0000025dd6e95a30, length=84, elements={
0x0000025debbd9af0, 0x0000025dc11fe510, 0x0000025dc33033d0, 0x0000025dc330be70,
0x0000025dc330cbf0, 0x0000025dc330dbf0, 0x0000025dc3313460, 0x0000025dc3314290,
0x0000025dc3325d80, 0x0000025dc33f61e0, 0x0000025dc35d4f90, 0x0000025dc840a140,
0x0000025dc820a950, 0x0000025dc81a4590, 0x0000025dc81ae620, 0x0000025dc8576220,
0x0000025dc8bdf8c0, 0x0000025dc85064e0, 0x0000025dc8505e50, 0x0000025dc8504410,
0x0000025dc85057c0, 0x0000025dc8b3ffb0, 0x0000025dc34e5a30, 0x0000025dc8503060,
0x0000025dc8503d80, 0x0000025dc85036f0, 0x0000025dc8504aa0, 0x0000025dc8505130,
0x0000025dcbba6b70, 0x0000025dcbba5130, 0x0000025dcbba7890, 0x0000025dcbba57c0,
0x0000025dcbba4aa0, 0x0000025dcbba5e50, 0x0000025dcbba7f20, 0x0000025dcbba64e0,
0x0000025dcbba7200, 0x0000025dcb94cba0, 0x0000025dcb94df50, 0x0000025dcb94ec70,
0x0000025dcb94d230, 0x0000025dcb94e5e0, 0x0000025dcb94d8c0, 0x0000025dcb94f300,
0x0000025dcb94f990, 0x0000025dcb950020, 0x0000025dcb9513d0, 0x0000025dcb951a60,
0x0000025dcb950d40, 0x0000025dcb9520f0, 0x0000025dcb952e10, 0x0000025dcb953b30,
0x0000025dcb952780, 0x0000025dcb9534a0, 0x0000025dcad528a0, 0x0000025dcad52f30,
0x0000025dcad53c50, 0x0000025dcad535c0, 0x0000025dcad52210, 0x0000025dcad542e0,
0x0000025dcad54970, 0x0000025dcad514f0, 0x0000025dcad51b80, 0x0000025dcad58480,
0x0000025dcad570d0, 0x0000025dcad55690, 0x0000025dcad57df0, 0x0000025dcad55000,
0x0000025dcad55d20, 0x0000025dcad58b10, 0x0000025dcad563b0, 0x0000025dcad56a40,
0x0000025dcad57760, 0x0000025dca5a7530, 0x0000025dca5a5460, 0x0000025dca5a4dd0,
0x0000025dca5a7bc0, 0x0000025dca5a8f70, 0x0000025dca5a8250, 0x0000025dca5a88e0,
0x0000025dca5a5af0, 0x0000025dca5a9600, 0x0000025dca5a6810, 0x0000025dca5aa320
}

Java Threads: ( => current thread )
  0x0000025debbd9af0 JavaThread "main"                              [_thread_blocked, id=4460, stack(0x0000008b86800000,0x0000008b86900000) (1024K)]
  0x0000025dc11fe510 JavaThread "Reference Handler"          daemon [_thread_blocked, id=6444, stack(0x0000008b86c00000,0x0000008b86d00000) (1024K)]
  0x0000025dc33033d0 JavaThread "Finalizer"                  daemon [_thread_blocked, id=16488, stack(0x0000008b86d00000,0x0000008b86e00000) (1024K)]
  0x0000025dc330be70 JavaThread "Signal Dispatcher"          daemon [_thread_blocked, id=8640, stack(0x0000008b86e00000,0x0000008b86f00000) (1024K)]
  0x0000025dc330cbf0 JavaThread "Attach Listener"            daemon [_thread_blocked, id=8396, stack(0x0000008b86f00000,0x0000008b87000000) (1024K)]
  0x0000025dc330dbf0 JavaThread "Service Thread"             daemon [_thread_blocked, id=4288, stack(0x0000008b87000000,0x0000008b87100000) (1024K)]
  0x0000025dc3313460 JavaThread "Monitor Deflation Thread"   daemon [_thread_blocked, id=14096, stack(0x0000008b87100000,0x0000008b87200000) (1024K)]
  0x0000025dc3314290 JavaThread "C2 CompilerThread0"         daemon [_thread_blocked, id=4452, stack(0x0000008b87200000,0x0000008b87300000) (1024K)]
  0x0000025dc3325d80 JavaThread "C1 CompilerThread0"         daemon [_thread_blocked, id=17184, stack(0x0000008b87300000,0x0000008b87400000) (1024K)]
  0x0000025dc33f61e0 JavaThread "Common-Cleaner"             daemon [_thread_blocked, id=23428, stack(0x0000008b87400000,0x0000008b87500000) (1024K)]
  0x0000025dc35d4f90 JavaThread "Notification Thread"        daemon [_thread_blocked, id=7860, stack(0x0000008b87600000,0x0000008b87700000) (1024K)]
  0x0000025dc840a140 JavaThread "Active Thread: Equinox Container: 65f05cf2-b4ff-43c0-b704-5e466d24e4d0"        [_thread_blocked, id=23120, stack(0x0000008b87e00000,0x0000008b87f00000) (1024K)]
  0x0000025dc820a950 JavaThread "Refresh Thread: Equinox Container: 65f05cf2-b4ff-43c0-b704-5e466d24e4d0" daemon [_thread_blocked, id=18160, stack(0x0000008b87f00000,0x0000008b88000000) (1024K)]
  0x0000025dc81a4590 JavaThread "Framework Event Dispatcher: Equinox Container: 65f05cf2-b4ff-43c0-b704-5e466d24e4d0" daemon [_thread_blocked, id=23404, stack(0x0000008b88000000,0x0000008b88100000) (1024K)]
  0x0000025dc81ae620 JavaThread "Start Level: Equinox Container: 65f05cf2-b4ff-43c0-b704-5e466d24e4d0" daemon [_thread_blocked, id=8648, stack(0x0000008b88200000,0x0000008b88300000) (1024K)]
  0x0000025dc8576220 JavaThread "Bundle File Closer"         daemon [_thread_blocked, id=3712, stack(0x0000008b88300000,0x0000008b88400000) (1024K)]
  0x0000025dc8bdf8c0 JavaThread "SCR Component Actor"        daemon [_thread_blocked, id=8080, stack(0x0000008b87700000,0x0000008b87800000) (1024K)]
  0x0000025dc85064e0 JavaThread "Worker-JM"                         [_thread_blocked, id=9196, stack(0x0000008b88700000,0x0000008b88800000) (1024K)]
  0x0000025dc8505e50 JavaThread "JNA Cleaner"                daemon [_thread_blocked, id=18016, stack(0x0000008b88800000,0x0000008b88900000) (1024K)]
  0x0000025dc8504410 JavaThread "Worker-0"                          [_thread_blocked, id=2856, stack(0x0000008b88900000,0x0000008b88a00000) (1024K)]
  0x0000025dc85057c0 JavaThread "Worker-1"                          [_thread_blocked, id=6596, stack(0x0000008b88a00000,0x0000008b88b00000) (1024K)]
  0x0000025dc8b3ffb0 JavaThread "C2 CompilerThread1"         daemon [_thread_blocked, id=20540, stack(0x0000008b87500000,0x0000008b87600000) (1024K)]
=>0x0000025dc34e5a30 JavaThread "C2 CompilerThread2"         daemon [_thread_in_native, id=21076, stack(0x0000008b88b00000,0x0000008b88c00000) (1024K)]
  0x0000025dc8503060 JavaThread "Worker-2"                          [_thread_blocked, id=21572, stack(0x0000008b88c00000,0x0000008b88d00000) (1024K)]
  0x0000025dc8503d80 JavaThread "Java indexing"              daemon [_thread_blocked, id=13568, stack(0x0000008b88d00000,0x0000008b88e00000) (1024K)]
  0x0000025dc85036f0 JavaThread "Worker-3"                          [_thread_blocked, id=24352, stack(0x0000008b88e00000,0x0000008b88f00000) (1024K)]
  0x0000025dc8504aa0 JavaThread "Worker-4: Initialize Workspace"        [_thread_blocked, id=22304, stack(0x0000008b88f00000,0x0000008b89000000) (1024K)]
  0x0000025dc8505130 JavaThread "Worker-5"                          [_thread_blocked, id=19156, stack(0x0000008b89200000,0x0000008b89300000) (1024K)]
  0x0000025dcbba6b70 JavaThread "Worker-6: Java indexing... "        [_thread_blocked, id=11056, stack(0x0000008b89300000,0x0000008b89400000) (1024K)]
  0x0000025dcbba5130 JavaThread "Thread-2"                   daemon [_thread_in_native, id=22120, stack(0x0000008b89400000,0x0000008b89500000) (1024K)]
  0x0000025dcbba7890 JavaThread "Thread-3"                   daemon [_thread_in_native, id=4760, stack(0x0000008b89500000,0x0000008b89600000) (1024K)]
  0x0000025dcbba57c0 JavaThread "Thread-4"                   daemon [_thread_in_native, id=24364, stack(0x0000008b89600000,0x0000008b89700000) (1024K)]
  0x0000025dcbba4aa0 JavaThread "Thread-5"                   daemon [_thread_in_native, id=21308, stack(0x0000008b89700000,0x0000008b89800000) (1024K)]
  0x0000025dcbba5e50 JavaThread "Thread-6"                   daemon [_thread_in_native, id=24236, stack(0x0000008b89800000,0x0000008b89900000) (1024K)]
  0x0000025dcbba7f20 JavaThread "Thread-7"                   daemon [_thread_in_native, id=21696, stack(0x0000008b89900000,0x0000008b89a00000) (1024K)]
  0x0000025dcbba64e0 JavaThread "Thread-8"                   daemon [_thread_in_native, id=19168, stack(0x0000008b89a00000,0x0000008b89b00000) (1024K)]
  0x0000025dcbba7200 JavaThread "Thread-9"                   daemon [_thread_in_native, id=12380, stack(0x0000008b89b00000,0x0000008b89c00000) (1024K)]
  0x0000025dcb94cba0 JavaThread "Thread-10"                  daemon [_thread_in_native, id=8472, stack(0x0000008b89c00000,0x0000008b89d00000) (1024K)]
  0x0000025dcb94df50 JavaThread "Thread-11"                  daemon [_thread_in_native, id=4168, stack(0x0000008b89d00000,0x0000008b89e00000) (1024K)]
  0x0000025dcb94ec70 JavaThread "Thread-12"                  daemon [_thread_in_native, id=19896, stack(0x0000008b89e00000,0x0000008b89f00000) (1024K)]
  0x0000025dcb94d230 JavaThread "Thread-13"                  daemon [_thread_in_native, id=22084, stack(0x0000008b89f00000,0x0000008b8a000000) (1024K)]
  0x0000025dcb94e5e0 JavaThread "Thread-14"                  daemon [_thread_in_native, id=11176, stack(0x0000008b8a000000,0x0000008b8a100000) (1024K)]
  0x0000025dcb94d8c0 JavaThread "pool-2-thread-1"                   [_thread_blocked, id=21936, stack(0x0000008b8a100000,0x0000008b8a200000) (1024K)]
  0x0000025dcb94f300 JavaThread "WorkspaceEventsHandler"            [_thread_blocked, id=20916, stack(0x0000008b8a200000,0x0000008b8a300000) (1024K)]
  0x0000025dcb94f990 JavaThread "pool-1-thread-1"                   [_thread_blocked, id=7300, stack(0x0000008b8a300000,0x0000008b8a400000) (1024K)]
  0x0000025dcb950020 JavaThread "Worker-7"                          [_thread_blocked, id=16476, stack(0x0000008b8a400000,0x0000008b8a500000) (1024K)]
  0x0000025dcb9513d0 JavaThread "Worker-8"                          [_thread_blocked, id=3048, stack(0x0000008b8a500000,0x0000008b8a600000) (1024K)]
  0x0000025dcb951a60 JavaThread "Worker-9"                          [_thread_blocked, id=6500, stack(0x0000008b8a600000,0x0000008b8a700000) (1024K)]
  0x0000025dcb950d40 JavaThread "Worker-10"                         [_thread_blocked, id=23956, stack(0x0000008b88600000,0x0000008b88700000) (1024K)]
  0x0000025dcb9520f0 JavaThread "LocalFile Deleter"          daemon [_thread_blocked, id=8416, stack(0x0000008b8a700000,0x0000008b8a800000) (1024K)]
  0x0000025dcb952e10 JavaThread "LocalFile Deleter"          daemon [_thread_blocked, id=22284, stack(0x0000008b8a800000,0x0000008b8a900000) (1024K)]
  0x0000025dcb953b30 JavaThread "LocalFile Deleter"          daemon [_thread_blocked, id=132, stack(0x0000008b8a900000,0x0000008b8aa00000) (1024K)]
  0x0000025dcb952780 JavaThread "LocalFile Deleter"          daemon [_thread_blocked, id=15512, stack(0x0000008b8aa00000,0x0000008b8ab00000) (1024K)]
  0x0000025dcb9534a0 JavaThread "LocalFile Deleter"          daemon [_thread_blocked, id=21764, stack(0x0000008b8ab00000,0x0000008b8ac00000) (1024K)]
  0x0000025dcad528a0 JavaThread "LocalFile Deleter"          daemon [_thread_blocked, id=21036, stack(0x0000008b8ac00000,0x0000008b8ad00000) (1024K)]
  0x0000025dcad52f30 JavaThread "LocalFile Deleter"          daemon [_thread_blocked, id=21404, stack(0x0000008b8ad00000,0x0000008b8ae00000) (1024K)]
  0x0000025dcad53c50 JavaThread "LocalFile Deleter"          daemon [_thread_blocked, id=23712, stack(0x0000008b8ae00000,0x0000008b8af00000) (1024K)]
  0x0000025dcad535c0 JavaThread "LocalFile Deleter"          daemon [_thread_blocked, id=4324, stack(0x0000008b8af00000,0x0000008b8b000000) (1024K)]
  0x0000025dcad52210 JavaThread "LocalFile Deleter"          daemon [_thread_blocked, id=1424, stack(0x0000008b8b000000,0x0000008b8b100000) (1024K)]
  0x0000025dcad542e0 JavaThread "LocalFile Deleter"          daemon [_thread_blocked, id=9908, stack(0x0000008b8b100000,0x0000008b8b200000) (1024K)]
  0x0000025dcad54970 JavaThread "LocalFile Deleter"          daemon [_thread_blocked, id=17924, stack(0x0000008b8b200000,0x0000008b8b300000) (1024K)]
  0x0000025dcad514f0 JavaThread "Compiler Source File Reader" daemon [_thread_blocked, id=24136, stack(0x0000008b8b300000,0x0000008b8b400000) (1024K)]
  0x0000025dcad51b80 JavaThread "Compiler Source File Reader" daemon [_thread_blocked, id=23492, stack(0x0000008b8b400000,0x0000008b8b500000) (1024K)]
  0x0000025dcad58480 JavaThread "Compiler Source File Reader" daemon [_thread_blocked, id=24396, stack(0x0000008b8b500000,0x0000008b8b600000) (1024K)]
  0x0000025dcad570d0 JavaThread "Compiler Source File Reader" daemon [_thread_blocked, id=17884, stack(0x0000008b8b600000,0x0000008b8b700000) (1024K)]
  0x0000025dcad55690 JavaThread "Compiler Source File Reader" daemon [_thread_blocked, id=23788, stack(0x0000008b8b700000,0x0000008b8b800000) (1024K)]
  0x0000025dcad57df0 JavaThread "Compiler Source File Reader" daemon [_thread_blocked, id=20396, stack(0x0000008b8b800000,0x0000008b8b900000) (1024K)]
  0x0000025dcad55000 JavaThread "Compiler Source File Reader" daemon [_thread_blocked, id=8608, stack(0x0000008b8b900000,0x0000008b8ba00000) (1024K)]
  0x0000025dcad55d20 JavaThread "Compiler Source File Reader" daemon [_thread_blocked, id=20360, stack(0x0000008b8ba00000,0x0000008b8bb00000) (1024K)]
  0x0000025dcad58b10 JavaThread "Compiler Source File Reader" daemon [_thread_blocked, id=22268, stack(0x0000008b8bb00000,0x0000008b8bc00000) (1024K)]
  0x0000025dcad563b0 JavaThread "Compiler Source File Reader" daemon [_thread_blocked, id=9508, stack(0x0000008b8bc00000,0x0000008b8bd00000) (1024K)]
  0x0000025dcad56a40 JavaThread "Compiler Processing Task"   daemon [_thread_blocked, id=16888, stack(0x0000008b8bd00000,0x0000008b8be00000) (1024K)]
  0x0000025dcad57760 JavaThread "Compiler Class File Writer" daemon [_thread_blocked, id=22484, stack(0x0000008b8be00000,0x0000008b8bf00000) (1024K)]
  0x0000025dca5a7530 JavaThread "Compiler Class File Writer" daemon [_thread_blocked, id=7212, stack(0x0000008b8bf00000,0x0000008b8c000000) (1024K)]
  0x0000025dca5a5460 JavaThread "Compiler Class File Writer" daemon [_thread_blocked, id=22816, stack(0x0000008b8c000000,0x0000008b8c100000) (1024K)]
  0x0000025dca5a4dd0 JavaThread "Compiler Class File Writer" daemon [_thread_blocked, id=23776, stack(0x0000008b8c100000,0x0000008b8c200000) (1024K)]
  0x0000025dca5a7bc0 JavaThread "Compiler Class File Writer" daemon [_thread_blocked, id=22852, stack(0x0000008b8c200000,0x0000008b8c300000) (1024K)]
  0x0000025dca5a8f70 JavaThread "Compiler Class File Writer" daemon [_thread_blocked, id=24512, stack(0x0000008b8c300000,0x0000008b8c400000) (1024K)]
  0x0000025dca5a8250 JavaThread "Compiler Class File Writer" daemon [_thread_blocked, id=21848, stack(0x0000008b8c400000,0x0000008b8c500000) (1024K)]
  0x0000025dca5a88e0 JavaThread "Compiler Class File Writer" daemon [_thread_blocked, id=15864, stack(0x0000008b8c500000,0x0000008b8c600000) (1024K)]
  0x0000025dca5a5af0 JavaThread "Compiler Class File Writer" daemon [_thread_blocked, id=10352, stack(0x0000008b8c600000,0x0000008b8c700000) (1024K)]
  0x0000025dca5a9600 JavaThread "Compiler Class File Writer" daemon [_thread_blocked, id=9416, stack(0x0000008b8c700000,0x0000008b8c800000) (1024K)]
  0x0000025dca5a6810 JavaThread "Timer-0"                           [_thread_blocked, id=23080, stack(0x0000008b8c800000,0x0000008b8c900000) (1024K)]
  0x0000025dca5aa320 JavaThread "Connection worker"                 [_thread_blocked, id=20380, stack(0x0000008b8c900000,0x0000008b8ca00000) (1024K)]
Total: 84

Other Threads:
  0x0000025debc9ebd0 VMThread "VM Thread"                           [id=22012, stack(0x0000008b86b00000,0x0000008b86c00000) (1024K)]
  0x0000025dc10dca00 WatcherThread "VM Periodic Task Thread"        [id=6624, stack(0x0000008b86a00000,0x0000008b86b00000) (1024K)]
  0x0000025debbf9c30 WorkerThread "GC Thread#0"                     [id=2272, stack(0x0000008b86900000,0x0000008b86a00000) (1024K)]
  0x0000025dc8013c70 WorkerThread "GC Thread#1"                     [id=1612, stack(0x0000008b87800000,0x0000008b87900000) (1024K)]
  0x0000025dc8014010 WorkerThread "GC Thread#2"                     [id=2216, stack(0x0000008b87900000,0x0000008b87a00000) (1024K)]
  0x0000025dc80143b0 WorkerThread "GC Thread#3"                     [id=4024, stack(0x0000008b87a00000,0x0000008b87b00000) (1024K)]
  0x0000025dc8014750 WorkerThread "GC Thread#4"                     [id=18872, stack(0x0000008b87b00000,0x0000008b87c00000) (1024K)]
  0x0000025dc8014af0 WorkerThread "GC Thread#5"                     [id=17132, stack(0x0000008b87c00000,0x0000008b87d00000) (1024K)]
  0x0000025dc38b6820 WorkerThread "GC Thread#6"                     [id=17620, stack(0x0000008b87d00000,0x0000008b87e00000) (1024K)]
  0x0000025dc81b5a20 WorkerThread "GC Thread#7"                     [id=19672, stack(0x0000008b88100000,0x0000008b88200000) (1024K)]
  0x0000025dc8837e90 WorkerThread "GC Thread#8"                     [id=24048, stack(0x0000008b88400000,0x0000008b88500000) (1024K)]
  0x0000025dc8837010 WorkerThread "GC Thread#9"                     [id=4732, stack(0x0000008b88500000,0x0000008b88600000) (1024K)]
Total: 12

Threads with active compile tasks:
C2 CompilerThread0  19804 9522       4       java.util.zip.ZipFile$Source::initCEN (612 bytes)
C2 CompilerThread1  19804 9500       4       java.lang.invoke.MethodType::makeImpl (109 bytes)
C2 CompilerThread2  19804 9474   !   4       org.eclipse.osgi.internal.loader.classpath.ClasspathManager::defineClass (636 bytes)
Total: 3

VM state: at safepoint (normal execution)

VM Mutex/Monitor currently owned by a thread:  ([mutex/lock_event])
[0x00007ff82d03d380] Threads_lock - owner thread: 0x0000025debc9ebd0
[0x00007ff82d03d480] Heap_lock - owner thread: 0x0000025dca5aa320
[0x00007ff82d03d900] PSOldGenExpand_lock - owner thread: 0x0000025dc8837010

Heap address: 0x00000000c0000000, size: 1024 MB, Compressed Oops mode: 32-bit

CDS archive(s) mapped at: [0x0000025d80000000-0x0000025d80ba0000-0x0000025d80ba0000), size 12189696, SharedBaseAddress: 0x0000025d80000000, ArchiveRelocationMode: 1.
Compressed class space mapped at: 0x0000025d81000000-0x0000025dc1000000, reserved size: 1073741824
Narrow klass base: 0x0000025d80000000, Narrow klass shift: 0, Narrow klass range: 0x100000000

GC Precious Log:
 CardTable entry size: 512
 CPUs: 12 total, 12 available
 Memory: 16055M
 Large Page Support: Disabled
 NUMA Support: Disabled
 Compressed Oops: Enabled (32-bit)
 Alignments: Space 512K, Generation 512K, Heap 2M
 Heap Min Capacity: 100M
 Heap Initial Capacity: 100M
 Heap Max Capacity: 1G
 Pre-touch: Disabled
 Parallel Workers: 10

Heap:
 PSYoungGen      total 5632K, used 5412K [0x00000000eab00000, 0x00000000eb200000, 0x0000000100000000)
  eden space 4096K, 100% used [0x00000000eab00000,0x00000000eaf00000,0x00000000eaf00000)
  from space 1536K, 85% used [0x00000000eaf00000,0x00000000eb049288,0x00000000eb080000)
  to   space 1536K, 70% used [0x00000000eb080000,0x00000000eb18ee40,0x00000000eb200000)
 ParOldGen       total 158720K, used 158719K [0x00000000c0000000, 0x00000000c9b00000, 0x00000000eab00000)
  object space 158720K, 99% used [0x00000000c0000000,0x00000000c9affd60,0x00000000c9b00000)
 Metaspace       used 58524K, committed 59776K, reserved 1114112K
  class space    used 6163K, committed 6720K, reserved 1048576K

Card table byte_map: [0x0000025deb580000,0x0000025deb790000] _byte_map_base: 0x0000025deaf80000

Marking Bits: (ParMarkBitMap*) 0x00007ff82d042250
 Begin Bits: [0x0000025dfdf30000, 0x0000025dfef30000)
 End Bits:   [0x0000025dfef30000, 0x0000025dfff30000)

Polling page: 0x0000025de9b20000

Metaspace:

Usage:
  Non-class:     51.13 MB used.
      Class:      6.02 MB used.
       Both:     57.15 MB used.

Virtual space:
  Non-class space:       64.00 MB reserved,      51.81 MB ( 81%) committed,  1 nodes.
      Class space:        1.00 GB reserved,       6.56 MB ( <1%) committed,  1 nodes.
             Both:        1.06 GB reserved,      58.38 MB (  5%) committed. 

Chunk freelists:
   Non-Class:  11.72 MB
       Class:  9.41 MB
        Both:  21.12 MB

MaxMetaspaceSize: unlimited
CompressedClassSpaceSize: 1.00 GB
Initial GC threshold: 21.00 MB
Current GC threshold: 58.38 MB
CDS: on
 - commit_granule_bytes: 65536.
 - commit_granule_words: 8192.
 - virtual_space_node_default_size: 8388608.
 - enlarge_chunks_in_place: 1.
 - use_allocation_guard: 0.


Internal statistics:

num_allocs_failed_limit: 8.
num_arena_births: 948.
num_arena_deaths: 16.
num_vsnodes_births: 2.
num_vsnodes_deaths: 0.
num_space_committed: 934.
num_space_uncommitted: 0.
num_chunks_returned_to_freelist: 25.
num_chunks_taken_from_freelist: 3650.
num_chunk_merges: 11.
num_chunk_splits: 2220.
num_chunks_enlarged: 1246.
num_inconsistent_stats: 0.

CodeHeap 'non-profiled nmethods': size=120000Kb used=5735Kb max_used=5735Kb free=114264Kb
 bounds [0x0000025df6a00000, 0x0000025df6fa0000, 0x0000025dfdf30000]
CodeHeap 'profiled nmethods': size=120000Kb used=18972Kb max_used=18972Kb free=101027Kb
 bounds [0x0000025deef30000, 0x0000025df01c0000, 0x0000025df6460000]
CodeHeap 'non-nmethods': size=5760Kb used=1416Kb max_used=1484Kb free=4343Kb
 bounds [0x0000025df6460000, 0x0000025df66d0000, 0x0000025df6a00000]
 total_blobs=9597 nmethods=8869 adapters=634
 compilation: enabled
              stopped_count=0, restarted_count=0
 full_count=0

Compilation events (20 events):
Event: 17.590 Thread 0x0000025dc3325d80 nmethod 9513 0x0000025df01b1c10 code [0x0000025df01b1de0, 0x0000025df01b2100]
Event: 17.592 Thread 0x0000025dc3325d80 9514       3       java.util.concurrent.ConcurrentHashMap$ReservationNode::<init> (9 bytes)
Event: 17.593 Thread 0x0000025dc3325d80 nmethod 9514 0x0000025df01b2210 code [0x0000025df01b23c0, 0x0000025df01b25d0]
Event: 17.593 Thread 0x0000025dc3325d80 9515       3       java.util.stream.SpinedBuffer::accept (94 bytes)
Event: 17.594 Thread 0x0000025dc3325d80 nmethod 9515 0x0000025df01b2690 code [0x0000025df01b2880, 0x0000025df01b3030]
Event: 17.594 Thread 0x0000025dc3325d80 9516       3       java.util.Optional::of (12 bytes)
Event: 17.594 Thread 0x0000025dc3325d80 nmethod 9516 0x0000025df01b3290 code [0x0000025df01b3460, 0x0000025df01b37d8]
Event: 17.595 Thread 0x0000025dc3325d80 9517       1       java.lang.NamedPackage::packageName (5 bytes)
Event: 17.595 Thread 0x0000025dc3325d80 nmethod 9517 0x0000025df6f98b90 code [0x0000025df6f98d20, 0x0000025df6f98de8]
Event: 17.627 Thread 0x0000025dc3325d80 9518       3       org.gradle.internal.classpath.DefaultClassPath$ImmutableUniqueList::get (57 bytes)
Event: 17.628 Thread 0x0000025dc3325d80 nmethod 9518 0x0000025df01b3990 code [0x0000025df01b3c00, 0x0000025df01b43e0]
Event: 17.628 Thread 0x0000025dc3325d80 9519       3       org.gradle.internal.Cast::uncheckedNonnullCast (2 bytes)
Event: 17.628 Thread 0x0000025dc3325d80 nmethod 9519 0x0000025df01b4790 code [0x0000025df01b4920, 0x0000025df01b4a10]
Event: 17.653 Thread 0x0000025dc3314290 9520 %     4       java.util.jar.JarFile::match @ 14 (132 bytes)
Event: 17.668 Thread 0x0000025dc3314290 nmethod 9520% 0x0000025df6f98e90 code [0x0000025df6f99040, 0x0000025df6f99458]
Event: 17.669 Thread 0x0000025dc3314290 9521       4       java.util.zip.ZipFile$Source::checkExtraFields (161 bytes)
Event: 17.675 Thread 0x0000025dc3314290 nmethod 9521 0x0000025df6f99710 code [0x0000025df6f998a0, 0x0000025df6f99ae0]
Event: 17.675 Thread 0x0000025dc3314290 9522       4       java.util.zip.ZipFile$Source::initCEN (612 bytes)
Event: 17.699 Thread 0x0000025dc3325d80 9527   !   3       java.util.jar.JarFile::getBytes (218 bytes)
Event: 17.704 Thread 0x0000025dc3325d80 nmethod 9527 0x0000025df01b4a90 code [0x0000025df01b4ea0, 0x0000025df01b65a8]

GC Heap History (20 events):
Event: 17.453 GC heap before
{Heap before GC invocations=104 (full 2):
 PSYoungGen      total 5120K, used 5026K [0x00000000eab00000, 0x00000000eb100000, 0x0000000100000000)
  eden space 4096K, 99% used [0x00000000eab00000,0x00000000eaefffe0,0x00000000eaf00000)
  from space 1024K, 90% used [0x00000000eaf00000,0x00000000eafe8bd0,0x00000000eb000000)
  to   space 1024K, 0% used [0x00000000eb000000,0x00000000eb000000,0x00000000eb100000)
 ParOldGen       total 148992K, used 148598K [0x00000000c0000000, 0x00000000c9180000, 0x00000000eab00000)
  object space 148992K, 99% used [0x00000000c0000000,0x00000000c911db70,0x00000000c9180000)
 Metaspace       used 58057K, committed 59328K, reserved 1114112K
  class space    used 6097K, committed 6656K, reserved 1048576K
}
Event: 17.455 GC heap after
{Heap after GC invocations=104 (full 2):
 PSYoungGen      total 5120K, used 977K [0x00000000eab00000, 0x00000000eb100000, 0x0000000100000000)
  eden space 4096K, 0% used [0x00000000eab00000,0x00000000eab00000,0x00000000eaf00000)
  from space 1024K, 95% used [0x00000000eb000000,0x00000000eb0f4770,0x00000000eb100000)
  to   space 1024K, 0% used [0x00000000eaf00000,0x00000000eaf00000,0x00000000eb000000)
 ParOldGen       total 149504K, used 149317K [0x00000000c0000000, 0x00000000c9200000, 0x00000000eab00000)
  object space 149504K, 99% used [0x00000000c0000000,0x00000000c91d1650,0x00000000c9200000)
 Metaspace       used 58057K, committed 59328K, reserved 1114112K
  class space    used 6097K, committed 6656K, reserved 1048576K
}
Event: 17.472 GC heap before
{Heap before GC invocations=105 (full 2):
 PSYoungGen      total 5120K, used 5073K [0x00000000eab00000, 0x00000000eb100000, 0x0000000100000000)
  eden space 4096K, 100% used [0x00000000eab00000,0x00000000eaf00000,0x00000000eaf00000)
  from space 1024K, 95% used [0x00000000eb000000,0x00000000eb0f4770,0x00000000eb100000)
  to   space 1024K, 0% used [0x00000000eaf00000,0x00000000eaf00000,0x00000000eb000000)
 ParOldGen       total 149504K, used 149317K [0x00000000c0000000, 0x00000000c9200000, 0x00000000eab00000)
  object space 149504K, 99% used [0x00000000c0000000,0x00000000c91d1650,0x00000000c9200000)
 Metaspace       used 58134K, committed 59392K, reserved 1114112K
  class space    used 6109K, committed 6656K, reserved 1048576K
}
Event: 17.475 GC heap after
{Heap after GC invocations=105 (full 2):
 PSYoungGen      total 5120K, used 995K [0x00000000eab00000, 0x00000000eb300000, 0x0000000100000000)
  eden space 4096K, 0% used [0x00000000eab00000,0x00000000eab00000,0x00000000eaf00000)
  from space 1024K, 97% used [0x00000000eaf00000,0x00000000eaff8f38,0x00000000eb000000)
  to   space 2048K, 0% used [0x00000000eb100000,0x00000000eb100000,0x00000000eb300000)
 ParOldGen       total 150528K, used 150169K [0x00000000c0000000, 0x00000000c9300000, 0x00000000eab00000)
  object space 150528K, 99% used [0x00000000c0000000,0x00000000c92a6430,0x00000000c9300000)
 Metaspace       used 58134K, committed 59392K, reserved 1114112K
  class space    used 6109K, committed 6656K, reserved 1048576K
}
Event: 17.491 GC heap before
{Heap before GC invocations=106 (full 2):
 PSYoungGen      total 5120K, used 5091K [0x00000000eab00000, 0x00000000eb300000, 0x0000000100000000)
  eden space 4096K, 100% used [0x00000000eab00000,0x00000000eaf00000,0x00000000eaf00000)
  from space 1024K, 97% used [0x00000000eaf00000,0x00000000eaff8f38,0x00000000eb000000)
  to   space 2048K, 0% used [0x00000000eb100000,0x00000000eb100000,0x00000000eb300000)
 ParOldGen       total 150528K, used 150169K [0x00000000c0000000, 0x00000000c9300000, 0x00000000eab00000)
  object space 150528K, 99% used [0x00000000c0000000,0x00000000c92a6430,0x00000000c9300000)
 Metaspace       used 58206K, committed 59456K, reserved 1114112K
  class space    used 6118K, committed 6656K, reserved 1048576K
}
Event: 17.493 GC heap after
{Heap after GC invocations=106 (full 2):
 PSYoungGen      total 5632K, used 1076K [0x00000000eab00000, 0x00000000eb280000, 0x0000000100000000)
  eden space 4096K, 0% used [0x00000000eab00000,0x00000000eab00000,0x00000000eaf00000)
  from space 1536K, 70% used [0x00000000eb100000,0x00000000eb20d278,0x00000000eb280000)
  to   space 1536K, 0% used [0x00000000eaf80000,0x00000000eaf80000,0x00000000eb100000)
 ParOldGen       total 151040K, used 150987K [0x00000000c0000000, 0x00000000c9380000, 0x00000000eab00000)
  object space 151040K, 99% used [0x00000000c0000000,0x00000000c9372ec0,0x00000000c9380000)
 Metaspace       used 58206K, committed 59456K, reserved 1114112K
  class space    used 6118K, committed 6656K, reserved 1048576K
}
Event: 17.519 GC heap before
{Heap before GC invocations=107 (full 2):
 PSYoungGen      total 5632K, used 5172K [0x00000000eab00000, 0x00000000eb280000, 0x0000000100000000)
  eden space 4096K, 100% used [0x00000000eab00000,0x00000000eaf00000,0x00000000eaf00000)
  from space 1536K, 70% used [0x00000000eb100000,0x00000000eb20d278,0x00000000eb280000)
  to   space 1536K, 0% used [0x00000000eaf80000,0x00000000eaf80000,0x00000000eb100000)
 ParOldGen       total 151040K, used 150987K [0x00000000c0000000, 0x00000000c9380000, 0x00000000eab00000)
  object space 151040K, 99% used [0x00000000c0000000,0x00000000c9372ec0,0x00000000c9380000)
 Metaspace       used 58298K, committed 59584K, reserved 1114112K
  class space    used 6129K, committed 6720K, reserved 1048576K
}
Event: 17.521 GC heap after
{Heap after GC invocations=107 (full 2):
 PSYoungGen      total 5120K, used 973K [0x00000000eab00000, 0x00000000eb200000, 0x0000000100000000)
  eden space 4096K, 0% used [0x00000000eab00000,0x00000000eab00000,0x00000000eaf00000)
  from space 1024K, 95% used [0x00000000eaf80000,0x00000000eb073570,0x00000000eb080000)
  to   space 1536K, 0% used [0x00000000eb080000,0x00000000eb080000,0x00000000eb200000)
 ParOldGen       total 152064K, used 151836K [0x00000000c0000000, 0x00000000c9480000, 0x00000000eab00000)
  object space 152064K, 99% used [0x00000000c0000000,0x00000000c9447130,0x00000000c9480000)
 Metaspace       used 58298K, committed 59584K, reserved 1114112K
  class space    used 6129K, committed 6720K, reserved 1048576K
}
Event: 17.544 GC heap before
{Heap before GC invocations=108 (full 2):
 PSYoungGen      total 5120K, used 5069K [0x00000000eab00000, 0x00000000eb200000, 0x0000000100000000)
  eden space 4096K, 100% used [0x00000000eab00000,0x00000000eaf00000,0x00000000eaf00000)
  from space 1024K, 95% used [0x00000000eaf80000,0x00000000eb073570,0x00000000eb080000)
  to   space 1536K, 0% used [0x00000000eb080000,0x00000000eb080000,0x00000000eb200000)
 ParOldGen       total 152064K, used 151836K [0x00000000c0000000, 0x00000000c9480000, 0x00000000eab00000)
  object space 152064K, 99% used [0x00000000c0000000,0x00000000c9447130,0x00000000c9480000)
 Metaspace       used 58331K, committed 59648K, reserved 1114112K
  class space    used 6135K, committed 6720K, reserved 1048576K
}
Event: 17.546 GC heap after
{Heap after GC invocations=108 (full 2):
 PSYoungGen      total 5120K, used 1010K [0x00000000eab00000, 0x00000000eb180000, 0x0000000100000000)
  eden space 4096K, 0% used [0x00000000eab00000,0x00000000eab00000,0x00000000eaf00000)
  from space 1024K, 98% used [0x00000000eb080000,0x00000000eb17c818,0x00000000eb180000)
  to   space 1024K, 0% used [0x00000000eaf80000,0x00000000eaf80000,0x00000000eb080000)
 ParOldGen       total 153088K, used 152652K [0x00000000c0000000, 0x00000000c9580000, 0x00000000eab00000)
  object space 153088K, 99% used [0x00000000c0000000,0x00000000c95130b8,0x00000000c9580000)
 Metaspace       used 58331K, committed 59648K, reserved 1114112K
  class space    used 6135K, committed 6720K, reserved 1048576K
}
Event: 17.571 GC heap before
{Heap before GC invocations=109 (full 2):
 PSYoungGen      total 5120K, used 5106K [0x00000000eab00000, 0x00000000eb180000, 0x0000000100000000)
  eden space 4096K, 99% used [0x00000000eab00000,0x00000000eaeffff0,0x00000000eaf00000)
  from space 1024K, 98% used [0x00000000eb080000,0x00000000eb17c818,0x00000000eb180000)
  to   space 1024K, 0% used [0x00000000eaf80000,0x00000000eaf80000,0x00000000eb080000)
 ParOldGen       total 153088K, used 152652K [0x00000000c0000000, 0x00000000c9580000, 0x00000000eab00000)
  object space 153088K, 99% used [0x00000000c0000000,0x00000000c95130b8,0x00000000c9580000)
 Metaspace       used 58413K, committed 59712K, reserved 1114112K
  class space    used 6146K, committed 6720K, reserved 1048576K
}
Event: 17.573 GC heap after
{Heap after GC invocations=109 (full 2):
 PSYoungGen      total 5120K, used 1024K [0x00000000eab00000, 0x00000000eb200000, 0x0000000100000000)
  eden space 4096K, 0% used [0x00000000eab00000,0x00000000eab00000,0x00000000eaf00000)
  from space 1024K, 100% used [0x00000000eaf80000,0x00000000eb080000,0x00000000eb080000)
  to   space 1536K, 0% used [0x00000000eb080000,0x00000000eb080000,0x00000000eb200000)
 ParOldGen       total 153600K, used 153507K [0x00000000c0000000, 0x00000000c9600000, 0x00000000eab00000)
  object space 153600K, 99% used [0x00000000c0000000,0x00000000c95e8e58,0x00000000c9600000)
 Metaspace       used 58413K, committed 59712K, reserved 1114112K
  class space    used 6146K, committed 6720K, reserved 1048576K
}
Event: 17.598 GC heap before
{Heap before GC invocations=110 (full 2):
 PSYoungGen      total 5120K, used 5120K [0x00000000eab00000, 0x00000000eb200000, 0x0000000100000000)
  eden space 4096K, 100% used [0x00000000eab00000,0x00000000eaf00000,0x00000000eaf00000)
  from space 1024K, 100% used [0x00000000eaf80000,0x00000000eb080000,0x00000000eb080000)
  to   space 1536K, 0% used [0x00000000eb080000,0x00000000eb080000,0x00000000eb200000)
 ParOldGen       total 153600K, used 153507K [0x00000000c0000000, 0x00000000c9600000, 0x00000000eab00000)
  object space 153600K, 99% used [0x00000000c0000000,0x00000000c95e8e58,0x00000000c9600000)
 Metaspace       used 58489K, committed 59776K, reserved 1114112K
  class space    used 6158K, committed 6720K, reserved 1048576K
}
Event: 17.600 GC heap after
{Heap after GC invocations=110 (full 2):
 PSYoungGen      total 5120K, used 993K [0x00000000eab00000, 0x00000000eb180000, 0x0000000100000000)
  eden space 4096K, 0% used [0x00000000eab00000,0x00000000eab00000,0x00000000eaf00000)
  from space 1024K, 97% used [0x00000000eb080000,0x00000000eb1787b8,0x00000000eb180000)
  to   space 1024K, 0% used [0x00000000eaf80000,0x00000000eaf80000,0x00000000eb080000)
 ParOldGen       total 154624K, used 154353K [0x00000000c0000000, 0x00000000c9700000, 0x00000000eab00000)
  object space 154624K, 99% used [0x00000000c0000000,0x00000000c96bc728,0x00000000c9700000)
 Metaspace       used 58489K, committed 59776K, reserved 1114112K
  class space    used 6158K, committed 6720K, reserved 1048576K
}
Event: 17.624 GC heap before
{Heap before GC invocations=111 (full 2):
 PSYoungGen      total 5120K, used 5089K [0x00000000eab00000, 0x00000000eb180000, 0x0000000100000000)
  eden space 4096K, 100% used [0x00000000eab00000,0x00000000eaf00000,0x00000000eaf00000)
  from space 1024K, 97% used [0x00000000eb080000,0x00000000eb1787b8,0x00000000eb180000)
  to   space 1024K, 0% used [0x00000000eaf80000,0x00000000eaf80000,0x00000000eb080000)
 ParOldGen       total 154624K, used 154353K [0x00000000c0000000, 0x00000000c9700000, 0x00000000eab00000)
  object space 154624K, 99% used [0x00000000c0000000,0x00000000c96bc728,0x00000000c9700000)
 Metaspace       used 58513K, committed 59776K, reserved 1114112K
  class space    used 6162K, committed 6720K, reserved 1048576K
}
Event: 17.627 GC heap after
{Heap after GC invocations=111 (full 2):
 PSYoungGen      total 5120K, used 1024K [0x00000000eab00000, 0x00000000eb200000, 0x0000000100000000)
  eden space 4096K, 0% used [0x00000000eab00000,0x00000000eab00000,0x00000000eaf00000)
  from space 1024K, 100% used [0x00000000eaf80000,0x00000000eb080000,0x00000000eb080000)
  to   space 1536K, 0% used [0x00000000eb080000,0x00000000eb080000,0x00000000eb200000)
 ParOldGen       total 155648K, used 155237K [0x00000000c0000000, 0x00000000c9800000, 0x00000000eab00000)
  object space 155648K, 99% used [0x00000000c0000000,0x00000000c9799458,0x00000000c9800000)
 Metaspace       used 58513K, committed 59776K, reserved 1114112K
  class space    used 6162K, committed 6720K, reserved 1048576K
}
Event: 17.658 GC heap before
{Heap before GC invocations=112 (full 2):
 PSYoungGen      total 5120K, used 5120K [0x00000000eab00000, 0x00000000eb200000, 0x0000000100000000)
  eden space 4096K, 100% used [0x00000000eab00000,0x00000000eaf00000,0x00000000eaf00000)
  from space 1024K, 100% used [0x00000000eaf80000,0x00000000eb080000,0x00000000eb080000)
  to   space 1536K, 0% used [0x00000000eb080000,0x00000000eb080000,0x00000000eb200000)
 ParOldGen       total 155648K, used 155237K [0x00000000c0000000, 0x00000000c9800000, 0x00000000eab00000)
  object space 155648K, 99% used [0x00000000c0000000,0x00000000c9799458,0x00000000c9800000)
 Metaspace       used 58524K, committed 59776K, reserved 1114112K
  class space    used 6163K, committed 6720K, reserved 1048576K
}
Event: 17.661 GC heap after
{Heap after GC invocations=112 (full 2):
 PSYoungGen      total 5632K, used 1271K [0x00000000eab00000, 0x00000000eb200000, 0x0000000100000000)
  eden space 4096K, 0% used [0x00000000eab00000,0x00000000eab00000,0x00000000eaf00000)
  from space 1536K, 82% used [0x00000000eb080000,0x00000000eb1bddc8,0x00000000eb200000)
  to   space 1536K, 0% used [0x00000000eaf00000,0x00000000eaf00000,0x00000000eb080000)
 ParOldGen       total 156160K, used 156105K [0x00000000c0000000, 0x00000000c9880000, 0x00000000eab00000)
  object space 156160K, 99% used [0x00000000c0000000,0x00000000c9872440,0x00000000c9880000)
 Metaspace       used 58524K, committed 59776K, reserved 1114112K
  class space    used 6163K, committed 6720K, reserved 1048576K
}
Event: 17.701 GC heap before
{Heap before GC invocations=113 (full 2):
 PSYoungGen      total 5632K, used 5367K [0x00000000eab00000, 0x00000000eb200000, 0x0000000100000000)
  eden space 4096K, 99% used [0x00000000eab00000,0x00000000eaefffb8,0x00000000eaf00000)
  from space 1536K, 82% used [0x00000000eb080000,0x00000000eb1bddc8,0x00000000eb200000)
  to   space 1536K, 0% used [0x00000000eaf00000,0x00000000eaf00000,0x00000000eb080000)
 ParOldGen       total 156160K, used 156105K [0x00000000c0000000, 0x00000000c9880000, 0x00000000eab00000)
  object space 156160K, 99% used [0x00000000c0000000,0x00000000c9872440,0x00000000c9880000)
 Metaspace       used 58524K, committed 59776K, reserved 1114112K
  class space    used 6163K, committed 6720K, reserved 1048576K
}
Event: 17.703 GC heap after
{Heap after GC invocations=113 (full 2):
 PSYoungGen      total 5632K, used 1316K [0x00000000eab00000, 0x00000000eb200000, 0x0000000100000000)
  eden space 4096K, 0% used [0x00000000eab00000,0x00000000eab00000,0x00000000eaf00000)
  from space 1536K, 85% used [0x00000000eaf00000,0x00000000eb049288,0x00000000eb080000)
  to   space 1536K, 0% used [0x00000000eb080000,0x00000000eb080000,0x00000000eb200000)
 ParOldGen       total 157696K, used 157222K [0x00000000c0000000, 0x00000000c9a00000, 0x00000000eab00000)
  object space 157696K, 99% used [0x00000000c0000000,0x00000000c9989988,0x00000000c9a00000)
 Metaspace       used 58524K, committed 59776K, reserved 1114112K
  class space    used 6163K, committed 6720K, reserved 1048576K
}

Dll operation events (10 events):
Event: 0.017 Loaded shared library c:\Users\hhp\.vscode\extensions\redhat.java-1.39.0-win32-x64\jre\21.0.5-win32-x86_64\bin\java.dll
Event: 0.094 Loaded shared library c:\Users\hhp\.vscode\extensions\redhat.java-1.39.0-win32-x64\jre\21.0.5-win32-x86_64\bin\zip.dll
Event: 0.111 Loaded shared library C:\Users\hhp\.vscode\extensions\redhat.java-1.39.0-win32-x64\jre\21.0.5-win32-x86_64\bin\instrument.dll
Event: 0.116 Loaded shared library C:\Users\hhp\.vscode\extensions\redhat.java-1.39.0-win32-x64\jre\21.0.5-win32-x86_64\bin\net.dll
Event: 0.117 Loaded shared library C:\Users\hhp\.vscode\extensions\redhat.java-1.39.0-win32-x64\jre\21.0.5-win32-x86_64\bin\nio.dll
Event: 0.120 Loaded shared library C:\Users\hhp\.vscode\extensions\redhat.java-1.39.0-win32-x64\jre\21.0.5-win32-x86_64\bin\zip.dll
Event: 0.140 Loaded shared library C:\Users\hhp\.vscode\extensions\redhat.java-1.39.0-win32-x64\jre\21.0.5-win32-x86_64\bin\jimage.dll
Event: 0.207 Loaded shared library c:\Users\hhp\.vscode\extensions\redhat.java-1.39.0-win32-x64\jre\21.0.5-win32-x86_64\bin\verify.dll
Event: 1.237 Loaded shared library C:\Users\hhp\AppData\Roaming\Code\User\globalStorage\redhat.java\1.39.0\config_win\org.eclipse.equinox.launcher\org.eclipse.equinox.launcher.win32.win32.x86_64_1.2.1100.v20240722-2106\eclipse_11904.dll
Event: 3.948 Loaded shared library C:\Users\hhp\AppData\Local\Temp\jna-103280\jna12526325527614579292.dll

Deoptimization events (20 events):
Event: 17.484 Thread 0x0000025dca5aa320 Uncommon trap: trap_request=0xffffff45 fr.pc=0x0000025df6f32c9c relative=0x000000000000043c
Event: 17.484 Thread 0x0000025dca5aa320 Uncommon trap: reason=unstable_if action=reinterpret pc=0x0000025df6f32c9c method=java.util.regex.Pattern.escape(ZZZ)I @ 8 c2
Event: 17.484 Thread 0x0000025dca5aa320 DEOPT PACKING pc=0x0000025df6f32c9c sp=0x0000008b8c9fde60
Event: 17.484 Thread 0x0000025dca5aa320 DEOPT UNPACKING pc=0x0000025df64b3aa2 sp=0x0000008b8c9fddd8 mode 2
Event: 17.513 Thread 0x0000025dca5aa320 Uncommon trap: trap_request=0xffffff45 fr.pc=0x0000025df6ecf394 relative=0x00000000000018b4
Event: 17.513 Thread 0x0000025dca5aa320 Uncommon trap: reason=unstable_if action=reinterpret pc=0x0000025df6ecf394 method=java.net.URI.appendAuthority(Ljava/lang/StringBuilder;Ljava/lang/String;Ljava/lang/String;Ljava/lang/String;I)V @ 2 c2
Event: 17.513 Thread 0x0000025dca5aa320 DEOPT PACKING pc=0x0000025df6ecf394 sp=0x0000008b8c9fe750
Event: 17.513 Thread 0x0000025dca5aa320 DEOPT UNPACKING pc=0x0000025df64b3aa2 sp=0x0000008b8c9fe590 mode 2
Event: 17.592 Thread 0x0000025dca5aa320 Uncommon trap: trap_request=0xffffff45 fr.pc=0x0000025df6cd5388 relative=0x00000000000000e8
Event: 17.592 Thread 0x0000025dca5aa320 Uncommon trap: reason=unstable_if action=reinterpret pc=0x0000025df6cd5388 method=java.util.stream.SpinedBuffer.accept(Ljava/lang/Object;)V @ 9 c2
Event: 17.592 Thread 0x0000025dca5aa320 DEOPT PACKING pc=0x0000025df6cd5388 sp=0x0000008b8c9fd7e0
Event: 17.592 Thread 0x0000025dca5aa320 DEOPT UNPACKING pc=0x0000025df64b3aa2 sp=0x0000008b8c9fd788 mode 2
Event: 17.595 Thread 0x0000025dca5aa320 Uncommon trap: trap_request=0xffffff45 fr.pc=0x0000025df6e4130c relative=0x000000000000006c
Event: 17.595 Thread 0x0000025dca5aa320 Uncommon trap: reason=unstable_if action=reinterpret pc=0x0000025df6e4130c method=java.util.stream.AbstractSpinedBuffer.count()J @ 4 c2
Event: 17.595 Thread 0x0000025dca5aa320 DEOPT PACKING pc=0x0000025df6e4130c sp=0x0000008b8c9fdbc0
Event: 17.595 Thread 0x0000025dca5aa320 DEOPT UNPACKING pc=0x0000025df64b3aa2 sp=0x0000008b8c9fdb60 mode 2
Event: 17.669 Thread 0x0000025dca5aa320 DEOPT PACKING pc=0x0000025def5a0c67 sp=0x0000008b8c9fd480
Event: 17.669 Thread 0x0000025dca5aa320 DEOPT UNPACKING pc=0x0000025df64b4242 sp=0x0000008b8c9fc9f0 mode 0
Event: 17.670 Thread 0x0000025dca5aa320 DEOPT PACKING pc=0x0000025def5374b9 sp=0x0000008b8c9fd850
Event: 17.670 Thread 0x0000025dca5aa320 DEOPT UNPACKING pc=0x0000025df64b4242 sp=0x0000008b8c9fcd50 mode 0

Classes loaded (20 events):
Event: 15.759 Loading class sun/nio/fs/WindowsFileSystem$2
Event: 15.760 Loading class java/nio/file/PathMatcher
Event: 15.760 Loading class java/nio/file/PathMatcher done
Event: 15.760 Loading class sun/nio/fs/WindowsFileSystem$2 done
Event: 17.018 Loading class java/nio/file/FileChannelLinesSpliterator
Event: 17.018 Loading class java/nio/file/FileChannelLinesSpliterator done
Event: 17.023 Loading class java/util/stream/Streams$1
Event: 17.023 Loading class java/util/stream/Streams$1 done
Event: 17.024 Loading class java/nio/file/FileChannelLinesSpliterator$1
Event: 17.024 Loading class java/nio/file/FileChannelLinesSpliterator$1 done
Event: 17.255 Loading class java/util/concurrent/CopyOnWriteArraySet
Event: 17.255 Loading class java/util/concurrent/CopyOnWriteArraySet done
Event: 17.512 Loading class java/net/HttpURLConnection
Event: 17.513 Loading class java/net/HttpURLConnection done
Event: 17.534 Loading class java/io/FileFilter
Event: 17.534 Loading class java/io/FileFilter done
Event: 17.587 Loading class java/util/concurrent/ConcurrentHashMap$ValueSpliterator
Event: 17.587 Loading class java/util/concurrent/ConcurrentHashMap$ValueSpliterator done
Event: 17.590 Loading class jdk/internal/loader/BootLoader$PackageHelper
Event: 17.590 Loading class jdk/internal/loader/BootLoader$PackageHelper done

Classes unloaded (8 events):
Event: 5.037 Thread 0x0000025debc9ebd0 Unloading class 0x0000025d81197400 'java/lang/invoke/LambdaForm$MH+0x0000025d81197400'
Event: 5.037 Thread 0x0000025debc9ebd0 Unloading class 0x0000025d81197000 'java/lang/invoke/LambdaForm$MH+0x0000025d81197000'
Event: 5.037 Thread 0x0000025debc9ebd0 Unloading class 0x0000025d81196c00 'java/lang/invoke/LambdaForm$MH+0x0000025d81196c00'
Event: 5.037 Thread 0x0000025debc9ebd0 Unloading class 0x0000025d81196800 'java/lang/invoke/LambdaForm$MH+0x0000025d81196800'
Event: 5.037 Thread 0x0000025debc9ebd0 Unloading class 0x0000025d81196400 'java/lang/invoke/LambdaForm$BMH+0x0000025d81196400'
Event: 5.037 Thread 0x0000025debc9ebd0 Unloading class 0x0000025d81196000 'java/lang/invoke/LambdaForm$DMH+0x0000025d81196000'
Event: 5.037 Thread 0x0000025debc9ebd0 Unloading class 0x0000025d81194c00 'java/lang/invoke/LambdaForm$DMH+0x0000025d81194c00'
Event: 7.111 Thread 0x0000025debc9ebd0 Unloading class 0x0000025d812c5c00 'java/lang/invoke/LambdaForm$MH+0x0000025d812c5c00'

Classes redefined (0 events):
No events

Internal exceptions (20 events):
Event: 16.008 Thread 0x0000025dc8504aa0 Exception <a 'sun/nio/fs/WindowsException'{0x00000000eae032d0}> (0x00000000eae032d0) 
thrown [s\src\hotspot\share\prims\jni.cpp, line 520]
Event: 16.008 Thread 0x0000025dc8504aa0 Exception <a 'sun/nio/fs/WindowsException'{0x00000000eae03980}> (0x00000000eae03980) 
thrown [s\src\hotspot\share\prims\jni.cpp, line 520]
Event: 16.009 Thread 0x0000025dc8504aa0 Exception <a 'sun/nio/fs/WindowsException'{0x00000000eae19f60}> (0x00000000eae19f60) 
thrown [s\src\hotspot\share\prims\jni.cpp, line 520]
Event: 16.009 Thread 0x0000025dc8504aa0 Exception <a 'sun/nio/fs/WindowsException'{0x00000000eae1a640}> (0x00000000eae1a640) 
thrown [s\src\hotspot\share\prims\jni.cpp, line 520]
Event: 16.009 Thread 0x0000025dc8504aa0 Exception <a 'sun/nio/fs/WindowsException'{0x00000000eae1ad20}> (0x00000000eae1ad20) 
thrown [s\src\hotspot\share\prims\jni.cpp, line 520]
Event: 16.009 Thread 0x0000025dc8504aa0 Exception <a 'sun/nio/fs/WindowsException'{0x00000000eae1b418}> (0x00000000eae1b418) 
thrown [s\src\hotspot\share\prims\jni.cpp, line 520]
Event: 16.010 Thread 0x0000025dc8504aa0 Exception <a 'sun/nio/fs/WindowsException'{0x00000000eae44830}> (0x00000000eae44830) 
thrown [s\src\hotspot\share\prims\jni.cpp, line 520]
Event: 16.011 Thread 0x0000025dc8504aa0 Exception <a 'sun/nio/fs/WindowsException'{0x00000000eae45228}> (0x00000000eae45228) 
thrown [s\src\hotspot\share\prims\jni.cpp, line 520]
Event: 16.011 Thread 0x0000025dc8504aa0 Exception <a 'sun/nio/fs/WindowsException'{0x00000000eae45948}> (0x00000000eae45948) 
thrown [s\src\hotspot\share\prims\jni.cpp, line 520]
Event: 16.011 Thread 0x0000025dc8504aa0 Exception <a 'sun/nio/fs/WindowsException'{0x00000000eae46088}> (0x00000000eae46088) 
thrown [s\src\hotspot\share\prims\jni.cpp, line 520]
Event: 16.012 Thread 0x0000025dc8504aa0 Exception <a 'sun/nio/fs/WindowsException'{0x00000000eae5db70}> (0x00000000eae5db70) 
thrown [s\src\hotspot\share\prims\jni.cpp, line 520]
Event: 16.013 Thread 0x0000025dc8504aa0 Exception <a 'sun/nio/fs/WindowsException'{0x00000000eae5e1a8}> (0x00000000eae5e1a8) 
thrown [s\src\hotspot\share\prims\jni.cpp, line 520]
Event: 16.013 Thread 0x0000025dc8504aa0 Exception <a 'sun/nio/fs/WindowsException'{0x00000000eae5e7f0}> (0x00000000eae5e7f0) 
thrown [s\src\hotspot\share\prims\jni.cpp, line 520]
Event: 16.013 Thread 0x0000025dc8504aa0 Exception <a 'sun/nio/fs/WindowsException'{0x00000000eae5ee48}> (0x00000000eae5ee48) 
thrown [s\src\hotspot\share\prims\jni.cpp, line 520]
Event: 17.001 Thread 0x0000025dc8504aa0 Exception <a 'sun/nio/fs/WindowsException'{0x00000000eae40938}> (0x00000000eae40938) 
thrown [s\src\hotspot\share\prims\jni.cpp, line 520]
Event: 17.001 Thread 0x0000025dc8504aa0 Exception <a 'sun/nio/fs/WindowsException'{0x00000000eae40f68}> (0x00000000eae40f68) 
thrown [s\src\hotspot\share\prims\jni.cpp, line 520]
Event: 17.001 Thread 0x0000025dc8504aa0 Exception <a 'sun/nio/fs/WindowsException'{0x00000000eae41598}> (0x00000000eae41598) 
thrown [s\src\hotspot\share\prims\jni.cpp, line 520]
Event: 17.001 Thread 0x0000025dc8504aa0 Exception <a 'sun/nio/fs/WindowsException'{0x00000000eae41be8}> (0x00000000eae41be8) 
thrown [s\src\hotspot\share\prims\jni.cpp, line 520]
Event: 17.264 Thread 0x0000025dc8504aa0 Exception <a 'java/lang/NoSuchMethodError'{0x00000000eae65ea8}: 'java.lang.Object java.lang.invoke.DirectMethodHandle$Holder.invokeVirtual(java.lang.Object, java.lang.Object, java.lang.Object, java.lang.Object)'> (0x00000000eae65ea8) 
thrown [s\src\hotspot\share\interpreter\linkResolver.cpp, line 773]
Event: 17.274 Thread 0x0000025dc8504aa0 Exception <a 'java/lang/NoSuchMethodError'{0x00000000eab7c2b8}: 'java.lang.Object java.lang.invoke.DirectMethodHandle$Holder.invokeVirtual(java.lang.Object, java.lang.Object, java.lang.Object, java.lang.Object, java.lang.Object)'> (0x00000000eab7c2b8) 
thrown [s\src\hotspot\share\interpreter\linkResolver.cpp, line 773]

ZGC Phase Switch (0 events):
No events

VM Operations (20 events):
Event: 17.491 Executing VM operation: ParallelGCFailedAllocation (Allocation Failure)
Event: 17.493 Executing VM operation: ParallelGCFailedAllocation (Allocation Failure) done
Event: 17.519 Executing VM operation: ParallelGCFailedAllocation (Allocation Failure)
Event: 17.521 Executing VM operation: ParallelGCFailedAllocation (Allocation Failure) done
Event: 17.544 Executing VM operation: ParallelGCFailedAllocation (Allocation Failure)
Event: 17.546 Executing VM operation: ParallelGCFailedAllocation (Allocation Failure) done
Event: 17.571 Executing VM operation: ParallelGCFailedAllocation (Allocation Failure)
Event: 17.573 Executing VM operation: ParallelGCFailedAllocation (Allocation Failure) done
Event: 17.579 Executing VM operation: HandshakeAllThreads (Deoptimize)
Event: 17.579 Executing VM operation: HandshakeAllThreads (Deoptimize) done
Event: 17.598 Executing VM operation: ParallelGCFailedAllocation (Allocation Failure)
Event: 17.600 Executing VM operation: ParallelGCFailedAllocation (Allocation Failure) done
Event: 17.624 Executing VM operation: ParallelGCFailedAllocation (Allocation Failure)
Event: 17.627 Executing VM operation: ParallelGCFailedAllocation (Allocation Failure) done
Event: 17.657 Executing VM operation: ParallelGCFailedAllocation (Allocation Failure)
Event: 17.661 Executing VM operation: ParallelGCFailedAllocation (Allocation Failure) done
Event: 17.701 Executing VM operation: ParallelGCFailedAllocation (Allocation Failure)
Event: 17.704 Executing VM operation: ParallelGCFailedAllocation (Allocation Failure) done
Event: 17.727 Executing VM operation: ParallelGCFailedAllocation (Allocation Failure)
Event: 17.727 Executing VM operation: ParallelGCFailedAllocation (Allocation Failure) done

Memory protections (0 events):
No events

Nmethod flushes (20 events):
Event: 7.124 Thread 0x0000025debc9ebd0 flushing  nmethod 0x0000025def59d390
Event: 7.124 Thread 0x0000025debc9ebd0 flushing  nmethod 0x0000025def5c5d10
Event: 7.124 Thread 0x0000025debc9ebd0 flushing  nmethod 0x0000025def5c6110
Event: 7.124 Thread 0x0000025debc9ebd0 flushing  nmethod 0x0000025def5c6a10
Event: 7.124 Thread 0x0000025debc9ebd0 flushing  nmethod 0x0000025def5c7c10
Event: 7.124 Thread 0x0000025debc9ebd0 flushing  nmethod 0x0000025def5c8410
Event: 7.124 Thread 0x0000025debc9ebd0 flushing  nmethod 0x0000025def5c8b90
Event: 7.124 Thread 0x0000025debc9ebd0 flushing  nmethod 0x0000025def5c9910
Event: 7.124 Thread 0x0000025debc9ebd0 flushing  nmethod 0x0000025def5ca490
Event: 7.124 Thread 0x0000025debc9ebd0 flushing  nmethod 0x0000025def5cb290
Event: 7.124 Thread 0x0000025debc9ebd0 flushing  nmethod 0x0000025def5cbf90
Event: 7.124 Thread 0x0000025debc9ebd0 flushing  nmethod 0x0000025def5d6d90
Event: 7.124 Thread 0x0000025debc9ebd0 flushing  nmethod 0x0000025def5d7910
Event: 7.124 Thread 0x0000025debc9ebd0 flushing  nmethod 0x0000025def5d8210
Event: 7.124 Thread 0x0000025debc9ebd0 flushing  nmethod 0x0000025def5ddd90
Event: 7.124 Thread 0x0000025debc9ebd0 flushing  nmethod 0x0000025def600910
Event: 7.124 Thread 0x0000025debc9ebd0 flushing  nmethod 0x0000025def601010
Event: 7.124 Thread 0x0000025debc9ebd0 flushing  nmethod 0x0000025def649610
Event: 7.124 Thread 0x0000025debc9ebd0 flushing  nmethod 0x0000025def676c90
Event: 7.124 Thread 0x0000025debc9ebd0 flushing  nmethod 0x0000025def6ae010

Events (20 events):
Event: 10.659 Thread 0x0000025dc8503060 Thread added: 0x0000025dcad570d0
Event: 10.660 Thread 0x0000025dc8503060 Thread added: 0x0000025dcad55690
Event: 10.660 Thread 0x0000025dc8503060 Thread added: 0x0000025dcad57df0
Event: 10.660 Thread 0x0000025dc8503060 Thread added: 0x0000025dcad55000
Event: 10.661 Thread 0x0000025dc8503060 Thread added: 0x0000025dcad55d20
Event: 10.661 Thread 0x0000025dc8503060 Thread added: 0x0000025dcad58b10
Event: 10.661 Thread 0x0000025dc8503060 Thread added: 0x0000025dcad563b0
Event: 13.067 Thread 0x0000025dc8503060 Thread added: 0x0000025dcad56a40
Event: 13.235 Thread 0x0000025dc8503060 Thread added: 0x0000025dcad57760
Event: 13.247 Thread 0x0000025dc8503060 Thread added: 0x0000025dca5a7530
Event: 13.261 Thread 0x0000025dc8503060 Thread added: 0x0000025dca5a5460
Event: 13.271 Thread 0x0000025dc8503060 Thread added: 0x0000025dca5a4dd0
Event: 13.272 Thread 0x0000025dc8503060 Thread added: 0x0000025dca5a7bc0
Event: 13.277 Thread 0x0000025dc8503060 Thread added: 0x0000025dca5a8f70
Event: 13.347 Thread 0x0000025dc8503060 Thread added: 0x0000025dca5a8250
Event: 13.354 Thread 0x0000025dc8503060 Thread added: 0x0000025dca5a88e0
Event: 13.365 Thread 0x0000025dc8503060 Thread added: 0x0000025dca5a5af0
Event: 13.365 Thread 0x0000025dc8503060 Thread added: 0x0000025dca5a9600
Event: 17.150 Thread 0x0000025dc8504aa0 Thread added: 0x0000025dca5a6810
Event: 17.428 Thread 0x0000025dc8504aa0 Thread added: 0x0000025dca5aa320


Dynamic libraries:
0x00007ff7e2500000 - 0x00007ff7e250e000 	c:\Users\hhp\.vscode\extensions\redhat.java-1.39.0-win32-x64\jre\21.0.5-win32-x86_64\bin\java.exe
0x00007ff8f6aa0000 - 0x00007ff8f6d03000 	C:\WINDOWS\SYSTEM32\ntdll.dll
0x00007ff8f5a50000 - 0x00007ff8f5b17000 	C:\WINDOWS\System32\KERNEL32.DLL
0x00007ff8f43e0000 - 0x00007ff8f47a7000 	C:\WINDOWS\System32\KERNELBASE.dll
0x00007ff8f4290000 - 0x00007ff8f43dc000 	C:\WINDOWS\System32\ucrtbase.dll
0x00007ff8bd860000 - 0x00007ff8bd87e000 	c:\Users\hhp\.vscode\extensions\redhat.java-1.39.0-win32-x64\jre\21.0.5-win32-x86_64\bin\VCRUNTIME140.dll
0x00007ff8bb3e0000 - 0x00007ff8bb3f8000 	c:\Users\hhp\.vscode\extensions\redhat.java-1.39.0-win32-x64\jre\21.0.5-win32-x86_64\bin\jli.dll
0x00007ff8f53c0000 - 0x00007ff8f5589000 	C:\WINDOWS\System32\USER32.dll
0x00007ff8f40e0000 - 0x00007ff8f4107000 	C:\WINDOWS\System32\win32u.dll
0x00007ff8f5a20000 - 0x00007ff8f5a4a000 	C:\WINDOWS\System32\GDI32.dll
0x00007ff8f47b0000 - 0x00007ff8f48db000 	C:\WINDOWS\System32\gdi32full.dll
0x00007ff8f4030000 - 0x00007ff8f40d3000 	C:\WINDOWS\System32\msvcp_win.dll
0x00007ff8ceaa0000 - 0x00007ff8ced30000 	C:\WINDOWS\WinSxS\amd64_microsoft.windows.common-controls_6595b64144ccf1df_6.0.26100.3037_none_3e09262ce333c378\COMCTL32.dll
0x00007ff8f5160000 - 0x00007ff8f5209000 	C:\WINDOWS\System32\msvcrt.dll
0x00007ff8f58d0000 - 0x00007ff8f58ff000 	C:\WINDOWS\System32\IMM32.DLL
0x00007ff8eb480000 - 0x00007ff8eb48c000 	c:\Users\hhp\.vscode\extensions\redhat.java-1.39.0-win32-x64\jre\21.0.5-win32-x86_64\bin\vcruntime140_1.dll
0x00007ff8a7900000 - 0x00007ff8a798d000 	c:\Users\hhp\.vscode\extensions\redhat.java-1.39.0-win32-x64\jre\21.0.5-win32-x86_64\bin\msvcp140.dll
0x00007ff82c390000 - 0x00007ff82d11f000 	c:\Users\hhp\.vscode\extensions\redhat.java-1.39.0-win32-x64\jre\21.0.5-win32-x86_64\bin\server\jvm.dll
0x00007ff8f4910000 - 0x00007ff8f49c4000 	C:\WINDOWS\System32\ADVAPI32.dll
0x00007ff8f5210000 - 0x00007ff8f52b6000 	C:\WINDOWS\System32\sechost.dll
0x00007ff8f61c0000 - 0x00007ff8f62d6000 	C:\WINDOWS\System32\RPCRT4.dll
0x00007ff8f6300000 - 0x00007ff8f6374000 	C:\WINDOWS\System32\WS2_32.dll
0x00007ff8f3cd0000 - 0x00007ff8f3d1e000 	C:\WINDOWS\SYSTEM32\POWRPROF.dll
0x00007ff8e98a0000 - 0x00007ff8e98d6000 	C:\WINDOWS\SYSTEM32\WINMM.dll
0x00007ff8e09f0000 - 0x00007ff8e09fb000 	C:\WINDOWS\SYSTEM32\VERSION.dll
0x00007ff8f3cb0000 - 0x00007ff8f3cc4000 	C:\WINDOWS\SYSTEM32\UMPDC.dll
0x00007ff8f2c70000 - 0x00007ff8f2c8a000 	C:\WINDOWS\SYSTEM32\kernel.appcore.dll
0x00007ff8d7ec0000 - 0x00007ff8d7eca000 	c:\Users\hhp\.vscode\extensions\redhat.java-1.39.0-win32-x64\jre\21.0.5-win32-x86_64\bin\jimage.dll
0x00007ff8f1610000 - 0x00007ff8f1851000 	C:\WINDOWS\SYSTEM32\DBGHELP.DLL
0x00007ff8f5cc0000 - 0x00007ff8f603e000 	C:\WINDOWS\System32\combase.dll
0x00007ff8f57f0000 - 0x00007ff8f58c6000 	C:\WINDOWS\System32\OLEAUT32.dll
0x00007ff8cd8c0000 - 0x00007ff8cd8f9000 	C:\WINDOWS\SYSTEM32\dbgcore.DLL
0x00007ff8f3f00000 - 0x00007ff8f3f99000 	C:\WINDOWS\System32\bcryptPrimitives.dll
0x00007ff8ccdf0000 - 0x00007ff8ccdff000 	c:\Users\hhp\.vscode\extensions\redhat.java-1.39.0-win32-x64\jre\21.0.5-win32-x86_64\bin\instrument.dll
0x00007ff8b7690000 - 0x00007ff8b76af000 	c:\Users\hhp\.vscode\extensions\redhat.java-1.39.0-win32-x64\jre\21.0.5-win32-x86_64\bin\java.dll
0x00007ff8f49d0000 - 0x00007ff8f50d4000 	C:\WINDOWS\System32\SHELL32.dll
0x00007ff8f1a00000 - 0x00007ff8f2237000 	C:\WINDOWS\SYSTEM32\windows.storage.dll
0x00007ff8f6970000 - 0x00007ff8f6a59000 	C:\WINDOWS\System32\SHCORE.dll
0x00007ff8f6380000 - 0x00007ff8f63dd000 	C:\WINDOWS\System32\shlwapi.dll
0x00007ff8f3d50000 - 0x00007ff8f3d7e000 	C:\WINDOWS\SYSTEM32\profapi.dll
0x00007ff8b6b30000 - 0x00007ff8b6b48000 	c:\Users\hhp\.vscode\extensions\redhat.java-1.39.0-win32-x64\jre\21.0.5-win32-x86_64\bin\zip.dll
0x00007ff8d2630000 - 0x00007ff8d2640000 	C:\Users\hhp\.vscode\extensions\redhat.java-1.39.0-win32-x64\jre\21.0.5-win32-x86_64\bin\net.dll
0x00007ff8ea3c0000 - 0x00007ff8ea4de000 	C:\WINDOWS\SYSTEM32\WINHTTP.dll
0x00007ff8f3180000 - 0x00007ff8f31e8000 	C:\WINDOWS\system32\mswsock.dll
0x00007ff8af2d0000 - 0x00007ff8af2e6000 	C:\Users\hhp\.vscode\extensions\redhat.java-1.39.0-win32-x64\jre\21.0.5-win32-x86_64\bin\nio.dll
0x00007ff8ccde0000 - 0x00007ff8ccdf0000 	c:\Users\hhp\.vscode\extensions\redhat.java-1.39.0-win32-x64\jre\21.0.5-win32-x86_64\bin\verify.dll
0x00007ff8abde0000 - 0x00007ff8abe25000 	C:\Users\hhp\AppData\Roaming\Code\User\globalStorage\redhat.java\1.39.0\config_win\org.eclipse.equinox.launcher\org.eclipse.equinox.launcher.win32.win32.x86_64_1.2.1100.v20240722-2106\eclipse_11904.dll
0x00007ff8f5b20000 - 0x00007ff8f5cb5000 	C:\WINDOWS\System32\ole32.dll
0x00007ff8f3420000 - 0x00007ff8f343c000 	C:\WINDOWS\SYSTEM32\CRYPTSP.dll
0x00007ff8f2bd0000 - 0x00007ff8f2c08000 	C:\WINDOWS\system32\rsaenh.dll
0x00007ff8f3220000 - 0x00007ff8f324b000 	C:\WINDOWS\SYSTEM32\USERENV.dll
0x00007ff8f3660000 - 0x00007ff8f3686000 	C:\WINDOWS\SYSTEM32\bcrypt.dll
0x00007ff8f3440000 - 0x00007ff8f344c000 	C:\WINDOWS\SYSTEM32\CRYPTBASE.dll
0x00007ff8f2670000 - 0x00007ff8f26a2000 	C:\WINDOWS\SYSTEM32\IPHLPAPI.DLL
0x00007ff8f5340000 - 0x00007ff8f534a000 	C:\WINDOWS\System32\NSI.dll
0x00007ff8a8dd0000 - 0x00007ff8a8e19000 	C:\Users\hhp\AppData\Local\Temp\jna-103280\jna12526325527614579292.dll
0x00007ff8f5a10000 - 0x00007ff8f5a18000 	C:\WINDOWS\System32\PSAPI.DLL
0x00007ff8eba20000 - 0x00007ff8eba3f000 	C:\WINDOWS\SYSTEM32\dhcpcsvc6.DLL
0x00007ff8eb970000 - 0x00007ff8eb995000 	C:\WINDOWS\SYSTEM32\dhcpcsvc.DLL

dbghelp: loaded successfully - version: 4.0.5 - missing functions: none
symbol engine: initialized successfully - sym options: 0x614 - pdb path: .;c:\Users\hhp\.vscode\extensions\redhat.java-1.39.0-win32-x64\jre\21.0.5-win32-x86_64\bin;C:\WINDOWS\SYSTEM32;C:\WINDOWS\WinSxS\amd64_microsoft.windows.common-controls_6595b64144ccf1df_6.0.26100.3037_none_3e09262ce333c378;c:\Users\hhp\.vscode\extensions\redhat.java-1.39.0-win32-x64\jre\21.0.5-win32-x86_64\bin\server;C:\Users\hhp\AppData\Roaming\Code\User\globalStorage\redhat.java\1.39.0\config_win\org.eclipse.equinox.launcher\org.eclipse.equinox.launcher.win32.win32.x86_64_1.2.1100.v20240722-2106;C:\Users\hhp\AppData\Local\Temp\jna-103280

VM Arguments:
jvm_args: --add-modules=ALL-SYSTEM --add-opens=java.base/java.util=ALL-UNNAMED --add-opens=java.base/java.lang=ALL-UNNAMED --add-opens=java.base/sun.nio.fs=ALL-UNNAMED -Declipse.application=org.eclipse.jdt.ls.core.id1 -Dosgi.bundles.defaultStartLevel=4 -Declipse.product=org.eclipse.jdt.ls.core.product -Djava.import.generatesMetadataFilesAtProjectRoot=false -DDetectVMInstallationsJob.disabled=true -Dfile.encoding=utf8 -XX:+UseParallelGC -XX:GCTimeRatio=4 -XX:AdaptiveSizePolicyWeight=90 -Dsun.zip.disableMemoryMapping=true -Xmx1G -Xms100m -Xlog:disable -javaagent:c:\Users\hhp\.vscode\extensions\redhat.java-1.39.0-win32-x64\lombok\lombok-1.18.34.jar -XX:+HeapDumpOnOutOfMemoryError -XX:HeapDumpPath=c:\Users\hhp\AppData\Roaming\Code\User\workspaceStorage\14c17b81feb02420379e559635737696\redhat.java -Daether.dependencyCollector.impl=bf 
java_command: c:\Users\hhp\.vscode\extensions\redhat.java-1.39.0-win32-x64\server\plugins\org.eclipse.equinox.launcher_1.6.900.v20240613-2009.jar -configuration c:\Users\hhp\AppData\Roaming\Code\User\globalStorage\redhat.java\1.39.0\config_win -data c:\Users\hhp\AppData\Roaming\Code\User\workspaceStorage\14c17b81feb02420379e559635737696\redhat.java\jdt_ws --pipe=\\.\pipe\lsp-5195b96880efe2f60921f154a64d650c-sock
java_class_path (initial): c:\Users\hhp\.vscode\extensions\redhat.java-1.39.0-win32-x64\server\plugins\org.eclipse.equinox.launcher_1.6.900.v20240613-2009.jar
Launcher Type: SUN_STANDARD

[Global flags]
    uintx AdaptiveSizePolicyWeight                 = 90                                        {product} {command line}
     intx CICompilerCount                          = 4                                         {product} {ergonomic}
    uintx GCTimeRatio                              = 4                                         {product} {command line}
     bool HeapDumpOnOutOfMemoryError               = true                                   {manageable} {command line}
    ccstr HeapDumpPath                             = c:\Users\hhp\AppData\Roaming\Code\User\workspaceStorage\14c17b81feb02420379e559635737696\redhat.java         {manageable} {command line}
   size_t InitialHeapSize                          = 104857600                                 {product} {command line}
   size_t MaxHeapSize                              = 1073741824                                {product} {command line}
   size_t MaxNewSize                               = 357564416                                 {product} {ergonomic}
   size_t MinHeapDeltaBytes                        = 524288                                    {product} {ergonomic}
   size_t MinHeapSize                              = 104857600                                 {product} {command line}
   size_t NewSize                                  = 34603008                                  {product} {ergonomic}
    uintx NonNMethodCodeHeapSize                   = 5839372                                {pd product} {ergonomic}
    uintx NonProfiledCodeHeapSize                  = 122909434                              {pd product} {ergonomic}
   size_t OldSize                                  = 70254592                                  {product} {ergonomic}
    uintx ProfiledCodeHeapSize                     = 122909434                              {pd product} {ergonomic}
    uintx ReservedCodeCacheSize                    = 251658240                              {pd product} {ergonomic}
     bool SegmentedCodeCache                       = true                                      {product} {ergonomic}
   size_t SoftMaxHeapSize                          = 1073741824                             {manageable} {ergonomic}
     bool UseCompressedOops                        = true                           {product lp64_product} {ergonomic}
     bool UseLargePagesIndividualAllocation        = false                                  {pd product} {ergonomic}
     bool UseParallelGC                            = true                                      {product} {command line}

Logging:
Log output configuration:
 #0: stdout all=off uptime,level,tags foldmultilines=false
 #1: stderr all=off uptime,level,tags foldmultilines=false

Environment Variables:
JAVA_HOME=C:\Program Files\OpenLogic\jdk-17.0.14.7-hotspot
PATH=C:\Program Files\OpenLogic\jdk-17.0.14.7-hotspot\bin;C:\WINDOWS\system32;C:\WINDOWS;C:\WINDOWS\System32\Wbem;C:\WINDOWS\System32\WindowsPowerShell\v1.0\;C:\WINDOWS\System32\OpenSSH\;C:\MinGW\bin;C:\Program Files\Git\cmd;C:\Program Files (x86)\Microsoft SQL Server\160\Tools\Binn\;C:\Program Files\Microsoft SQL Server\160\Tools\Binn\;C:\Program Files\Microsoft SQL Server\Client SDK\ODBC\170\Tools\Binn\;C:\Program Files\Microsoft SQL Server\160\DTS\Binn\;C:\Program Files (x86)\Microsoft SQL Server\160\DTS\Binn\;C:\Program Files\Azure Data Studio\bin;C:\Program Files\MongoDB\Server\7.0\bin;C:\mongosh-1.10.6-win32-x64\bin;C:\Program Files\nodejs\;C:\ProgramData\chocolatey\bin;C:\Users\hhp\AppData\Local\Android\Sdk;C:\Users\hhp\AppData\Local\Android\Sdk\platform-tools;C:\Users\hhp\AppData\Local\Android\Sdk\emulator;C:\Users\hhp\AppData\Local\Android\Sdk\build-tools;C:\Users\hhp\AppData\Local\Android\Sdk\platforms;C:\Users\hhp\AppData\Local\Microsoft\WindowsApps;C:\Users\hhp\AppData\Local\Programs\Microsoft VS Code\bin;C:\Program Files\nodejs;C:\Program Files\Azure Data Studio\bin;C:\Users\hhp\AppData\Local\GitHubDesktop\bin;C:\Users\hhp\AppData\Roaming\npm;C:\Program Files\OpenLogic\jdk-17.0.14.7-hotspot\bin;C:\Users\hhp\AppData\Local\Android\Sdk;C:\Users\hhp\AppData\Local\Android\Sdk\platform-tools;C:\Users\hhp\AppData\Local\Android\Sdk\emulator;C:\Users\hhp\AppData\Local\Android\Sdk\build-tools;C:\Users\hhp\AppData\Local\Android\Sdk\platforms;
USERNAME=hhp
OS=Windows_NT
PROCESSOR_IDENTIFIER=Intel64 Family 6 Model 154 Stepping 4, GenuineIntel
TMP=C:\Users\hhp\AppData\Local\Temp
TEMP=C:\Users\hhp\AppData\Local\Temp




Periodic native trim disabled

---------------  S Y S T E M  ---------------

OS:
 Windows 11 , 64 bit Build 26100 (10.0.26100.3037)
OS uptime: 0 days 10:37 hours
Hyper-V role detected

CPU: total 12 (initial active 12) (6 cores per cpu, 2 threads per core) family 6 model 154 stepping 4 microcode 0x42c, cx8, cmov, fxsr, ht, mmx, 3dnowpref, sse, sse2, sse3, ssse3, sse4.1, sse4.2, popcnt, lzcnt, tsc, tscinvbit, avx, avx2, aes, erms, clmul, bmi1, bmi2, adx, sha, fma, vzeroupper, clflush, clflushopt, clwb, hv, serialize, rdtscp, rdpid, fsrm, f16c, cet_ibt, cet_ss
Processor Information for processor 0
  Max Mhz: 1300, Current Mhz: 1300, Mhz Limit: 1300
Processor Information for processor 1
  Max Mhz: 1300, Current Mhz: 1300, Mhz Limit: 1300
Processor Information for processor 2
  Max Mhz: 1300, Current Mhz: 1300, Mhz Limit: 1300
Processor Information for processor 3
  Max Mhz: 1300, Current Mhz: 1300, Mhz Limit: 1300
Processor Information for processor 4
  Max Mhz: 1300, Current Mhz: 900, Mhz Limit: 897
Processor Information for processor 5
  Max Mhz: 1300, Current Mhz: 900, Mhz Limit: 897
Processor Information for processor 6
  Max Mhz: 1300, Current Mhz: 900, Mhz Limit: 897
Processor Information for processor 7
  Max Mhz: 1300, Current Mhz: 900, Mhz Limit: 897
Processor Information for processor 8
  Max Mhz: 1300, Current Mhz: 900, Mhz Limit: 897
Processor Information for processor 9
  Max Mhz: 1300, Current Mhz: 900, Mhz Limit: 897
Processor Information for processor 10
  Max Mhz: 1300, Current Mhz: 900, Mhz Limit: 897
Processor Information for processor 11
  Max Mhz: 1300, Current Mhz: 900, Mhz Limit: 897

Memory: 4k page, system-wide physical 16055M (919M free)
TotalPageFile size 60251M (AvailPageFile size 0M)
current process WorkingSet (physical memory assigned to process): 430M, peak: 430M
current process commit charge ("private bytes"): 433M, peak: 434M

vm_info: OpenJDK 64-Bit Server VM (21.0.5+11-LTS) for windows-amd64 JRE (21.0.5+11-LTS), built on 2024-10-15T00:00:00Z by "admin" with MS VC++ 17.7 (VS2022)

END.
