#
# There is insufficient memory for the Java Runtime Environment to continue.
# Native memory allocation (malloc) failed to allocate 2095856 bytes. Error detail: Chunk::new
# Possible reasons:
#   The system is out of physical RAM or swap space
#   This process is running with CompressedOops enabled, and the Java Heap may be blocking the growth of the native heap
# Possible solutions:
#   Reduce memory load on the system
#   Increase physical memory or swap space
#   Check if swap backing store is full
#   Decrease Java heap size (-Xmx/-Xms)
#   Decrease number of Java threads
#   Decrease Java thread stack sizes (-Xss)
#   Set larger code cache with -XX:ReservedCodeCacheSize=
#   JVM is running with Unscaled Compressed Oops mode in which the Java heap is
#     placed in the first 4GB address space. The Java Heap base address is the
#     maximum limit for the native heap growth. Please use -XX:HeapBaseMinAddress
#     to set the Java Heap base and to place the Java Heap above 4GB virtual address.
# This output file may be truncated or incomplete.
#
#  Out of Memory Error (arena.cpp:168), pid=3116, tid=2416
#
# JRE version: OpenJDK Runtime Environment Temurin-21.0.5+11 (21.0.5+11) (build 21.0.5+11-LTS)
# Java VM: OpenJDK 64-Bit Server VM Temurin-21.0.5+11 (21.0.5+11-LTS, mixed mode, sharing, tiered, compressed oops, compressed class ptrs, parallel gc, windows-amd64)
# No core dump will be written. Minidumps are not enabled by default on client versions of Windows
#

---------------  S U M M A R Y ------------

Command Line: --add-modules=ALL-SYSTEM --add-opens=java.base/java.util=ALL-UNNAMED --add-opens=java.base/java.lang=ALL-UNNAMED --add-opens=java.base/sun.nio.fs=ALL-UNNAMED -Declipse.application=org.eclipse.jdt.ls.core.id1 -Dosgi.bundles.defaultStartLevel=4 -Declipse.product=org.eclipse.jdt.ls.core.product -Djava.import.generatesMetadataFilesAtProjectRoot=false -DDetectVMInstallationsJob.disabled=true -Dfile.encoding=utf8 -XX:+UseParallelGC -XX:GCTimeRatio=4 -XX:AdaptiveSizePolicyWeight=90 -Dsun.zip.disableMemoryMapping=true -Xmx1G -Xms100m -Xlog:disable -javaagent:c:\Users\hhp\.vscode\extensions\redhat.java-1.39.0-win32-x64\lombok\lombok-1.18.34.jar -XX:+HeapDumpOnOutOfMemoryError -XX:HeapDumpPath=c:\Users\hhp\AppData\Roaming\Code\User\workspaceStorage\14c17b81feb02420379e559635737696\redhat.java -Daether.dependencyCollector.impl=bf c:\Users\hhp\.vscode\extensions\redhat.java-1.39.0-win32-x64\server\plugins\org.eclipse.equinox.launcher_1.6.900.v20240613-2009.jar -configuration c:\Users\hhp\AppData\Roaming\Code\User\globalStorage\redhat.java\1.39.0\config_win -data c:\Users\hhp\AppData\Roaming\Code\User\workspaceStorage\14c17b81feb02420379e559635737696\redhat.java\jdt_ws --pipe=\\.\pipe\lsp-55cf4b13c5d44aeb41bdf71cc62e5bc8-sock

Host: 12th Gen Intel(R) Core(TM) i5-1235U, 12 cores, 15G,  Windows 11 , 64 bit Build 26100 (10.0.26100.3037)
Time: Mon Feb  3 22:41:54 2025 India Standard Time elapsed time: 6.937737 seconds (0d 0h 0m 6s)

---------------  T H R E A D  ---------------

Current thread (0x0000024ee91300f0):  JavaThread "C2 CompilerThread0" daemon [_thread_in_native, id=2416, stack(0x000000e596200000,0x000000e596300000) (1024K)]


Current CompileTask:
C2:6937 4017       4       org.lombokweb.asm.ClassReader::readMethod (1066 bytes)

Stack: [0x000000e596200000,0x000000e596300000]
Native frames: (J=compiled Java code, j=interpreted, Vv=VM code, C=native code)
V  [jvm.dll+0x6cd4e9]
V  [jvm.dll+0x8a7941]
V  [jvm.dll+0x8a9e6e]
V  [jvm.dll+0x8aa543]
V  [jvm.dll+0x27f6d6]
V  [jvm.dll+0xc500d]
V  [jvm.dll+0xc5543]
V  [jvm.dll+0x3b65d2]
V  [jvm.dll+0x1dffe9]
V  [jvm.dll+0x247b22]
V  [jvm.dll+0x246faf]
V  [jvm.dll+0x1c75ce]
V  [jvm.dll+0x25682a]
V  [jvm.dll+0x254dca]
V  [jvm.dll+0x3f00d6]
V  [jvm.dll+0x8514fb]
V  [jvm.dll+0x6cbbed]
C  [ucrtbase.dll+0x37b0]
C  [KERNEL32.DLL+0x2e8d7]
C  [ntdll.dll+0xbbf2c]


---------------  P R O C E S S  ---------------

Threads class SMR info:
_java_thread_list=0x0000024eebe0ba60, length=27, elements={
0x0000024eccadc930, 0x0000024ee2f8deb0, 0x0000024ee9113250, 0x0000024ee911f0b0,
0x0000024ee9121b40, 0x0000024ee9122860, 0x0000024ee9122ef0, 0x0000024ee91300f0,
0x0000024ee91341a0, 0x0000024ee9120790, 0x0000024ee91221d0, 0x0000024ee9120e20,
0x0000024ee9123580, 0x0000024ee91214b0, 0x0000024ee9120100, 0x0000024eea250a30,
0x0000024eea252470, 0x0000024eea252b00, 0x0000024eea253190, 0x0000024eea2510c0,
0x0000024eea24fd10, 0x0000024eea251750, 0x0000024ee922fed0, 0x0000024ee922f800,
0x0000024eea251de0, 0x0000024eea253820, 0x0000024eea2503a0
}

Java Threads: ( => current thread )
  0x0000024eccadc930 JavaThread "main"                              [_thread_blocked, id=20268, stack(0x000000e595800000,0x000000e595900000) (1024K)]
  0x0000024ee2f8deb0 JavaThread "Reference Handler"          daemon [_thread_blocked, id=22608, stack(0x000000e595c00000,0x000000e595d00000) (1024K)]
  0x0000024ee9113250 JavaThread "Finalizer"                  daemon [_thread_blocked, id=13340, stack(0x000000e595d00000,0x000000e595e00000) (1024K)]
  0x0000024ee911f0b0 JavaThread "Signal Dispatcher"          daemon [_thread_blocked, id=24036, stack(0x000000e595e00000,0x000000e595f00000) (1024K)]
  0x0000024ee9121b40 JavaThread "Attach Listener"            daemon [_thread_blocked, id=18444, stack(0x000000e595f00000,0x000000e596000000) (1024K)]
  0x0000024ee9122860 JavaThread "Service Thread"             daemon [_thread_blocked, id=24520, stack(0x000000e596000000,0x000000e596100000) (1024K)]
  0x0000024ee9122ef0 JavaThread "Monitor Deflation Thread"   daemon [_thread_blocked, id=2748, stack(0x000000e596100000,0x000000e596200000) (1024K)]
=>0x0000024ee91300f0 JavaThread "C2 CompilerThread0"         daemon [_thread_in_native, id=2416, stack(0x000000e596200000,0x000000e596300000) (1024K)]
  0x0000024ee91341a0 JavaThread "C1 CompilerThread0"         daemon [_thread_in_vm, id=21072, stack(0x000000e596300000,0x000000e596400000) (1024K)]
  0x0000024ee9120790 JavaThread "Common-Cleaner"             daemon [_thread_blocked, id=6716, stack(0x000000e596400000,0x000000e596500000) (1024K)]
  0x0000024ee91221d0 JavaThread "Notification Thread"        daemon [_thread_blocked, id=8020, stack(0x000000e596600000,0x000000e596700000) (1024K)]
  0x0000024ee9120e20 JavaThread "Active Thread: Equinox Container: 951788c6-8671-49cb-9dd1-a77256acfa2e"        [_thread_blocked, id=19888, stack(0x000000e596e00000,0x000000e596f00000) (1024K)]
  0x0000024ee9123580 JavaThread "Refresh Thread: Equinox Container: 951788c6-8671-49cb-9dd1-a77256acfa2e" daemon [_thread_blocked, id=5944, stack(0x000000e596f00000,0x000000e597000000) (1024K)]
  0x0000024ee91214b0 JavaThread "Framework Event Dispatcher: Equinox Container: 951788c6-8671-49cb-9dd1-a77256acfa2e" daemon [_thread_blocked, id=10608, stack(0x000000e597000000,0x000000e597100000) (1024K)]
  0x0000024ee9120100 JavaThread "Start Level: Equinox Container: 951788c6-8671-49cb-9dd1-a77256acfa2e" daemon [_thread_blocked, id=21340, stack(0x000000e597200000,0x000000e597300000) (1024K)]
  0x0000024eea250a30 JavaThread "Bundle File Closer"         daemon [_thread_blocked, id=23744, stack(0x000000e597300000,0x000000e597400000) (1024K)]
  0x0000024eea252470 JavaThread "SCR Component Actor"        daemon [_thread_blocked, id=10588, stack(0x000000e597600000,0x000000e597700000) (1024K)]
  0x0000024eea252b00 JavaThread "SCR Component Registry"     daemon [_thread_blocked, id=11068, stack(0x000000e597700000,0x000000e597800000) (1024K)]
  0x0000024eea253190 JavaThread "Worker-JM"                         [_thread_blocked, id=3300, stack(0x000000e597800000,0x000000e597900000) (1024K)]
  0x0000024eea2510c0 JavaThread "JNA Cleaner"                daemon [_thread_blocked, id=13648, stack(0x000000e596500000,0x000000e596600000) (1024K)]
  0x0000024eea24fd10 JavaThread "Worker-0: Updating Maven Dependencies"        [_thread_blocked, id=1256, stack(0x000000e596700000,0x000000e596800000) (1024K)]
  0x0000024eea251750 JavaThread "Worker-1: Repository registry initialization"        [_thread_blocked, id=10360, stack(0x000000e597900000,0x000000e597a00000) (1024K)]
  0x0000024ee922fed0 JavaThread "C2 CompilerThread1"         daemon [_thread_blocked, id=3604, stack(0x000000e597a00000,0x000000e597b00000) (1024K)]
  0x0000024ee922f800 JavaThread "C2 CompilerThread2"         daemon [_thread_in_native, id=1628, stack(0x000000e597b00000,0x000000e597c00000) (1024K)]
  0x0000024eea251de0 JavaThread "Java indexing"              daemon [_thread_blocked, id=3600, stack(0x000000e597c00000,0x000000e597d00000) (1024K)]
  0x0000024eea253820 JavaThread "Worker-2"                          [_thread_blocked, id=23196, stack(0x000000e597d00000,0x000000e597e00000) (1024K)]
  0x0000024eea2503a0 JavaThread "Worker-3"                          [_thread_blocked, id=23016, stack(0x000000e597e00000,0x000000e597f00000) (1024K)]
Total: 27

Other Threads:
  0x0000024ee2f74bd0 VMThread "VM Thread"                           [id=18204, stack(0x000000e595b00000,0x000000e595c00000) (1024K)]
  0x0000024ee2e6ca00 WatcherThread "VM Periodic Task Thread"        [id=20080, stack(0x000000e595a00000,0x000000e595b00000) (1024K)]
  0x0000024eccafaca0 WorkerThread "GC Thread#0"                     [id=22024, stack(0x000000e595900000,0x000000e595a00000) (1024K)]
  0x0000024ee949da10 WorkerThread "GC Thread#1"                     [id=19788, stack(0x000000e596800000,0x000000e596900000) (1024K)]
  0x0000024ee999b030 WorkerThread "GC Thread#2"                     [id=24240, stack(0x000000e596900000,0x000000e596a00000) (1024K)]
  0x0000024ee999b3d0 WorkerThread "GC Thread#3"                     [id=16196, stack(0x000000e596a00000,0x000000e596b00000) (1024K)]
  0x0000024ee999b770 WorkerThread "GC Thread#4"                     [id=3040, stack(0x000000e596b00000,0x000000e596c00000) (1024K)]
  0x0000024ee9a09140 WorkerThread "GC Thread#5"                     [id=20436, stack(0x000000e596c00000,0x000000e596d00000) (1024K)]
  0x0000024ee9a094e0 WorkerThread "GC Thread#6"                     [id=14020, stack(0x000000e596d00000,0x000000e596e00000) (1024K)]
  0x0000024eea0333a0 WorkerThread "GC Thread#7"                     [id=13336, stack(0x000000e597100000,0x000000e597200000) (1024K)]
  0x0000024eea278a30 WorkerThread "GC Thread#8"                     [id=3704, stack(0x000000e597400000,0x000000e597500000) (1024K)]
  0x0000024eea441cc0 WorkerThread "GC Thread#9"                     [id=13660, stack(0x000000e597500000,0x000000e597600000) (1024K)]
Total: 12

Threads with active compile tasks:
C2 CompilerThread0  6957 4017       4       org.lombokweb.asm.ClassReader::readMethod (1066 bytes)
C1 CompilerThread0  6957 4351       3       jdk.internal.loader.BuiltinClassLoader::findResources (182 bytes)
C2 CompilerThread2  6958 4252   !   4       org.eclipse.osgi.internal.loader.classpath.ClasspathManager::findClassImpl (308 bytes)
Total: 3

VM state: not at safepoint (normal execution)

VM Mutex/Monitor currently owned by a thread:  ([mutex/lock_event])
[0x00007ff82d03bf00] MethodCompileQueue_lock - owner thread: 0x0000024ee91341a0
[0x00007ff82d03d280] CodeCache_lock - owner thread: 0x0000024ee91341a0
[0x00007ff82d03d400] Compile_lock - owner thread: 0x0000024ee91341a0

Heap address: 0x00000000c0000000, size: 1024 MB, Compressed Oops mode: 32-bit

CDS archive(s) mapped at: [0x0000024e80000000-0x0000024e80ba0000-0x0000024e80ba0000), size 12189696, SharedBaseAddress: 0x0000024e80000000, ArchiveRelocationMode: 1.
Compressed class space mapped at: 0x0000024e81000000-0x0000024ec1000000, reserved size: 1073741824
Narrow klass base: 0x0000024e80000000, Narrow klass shift: 0, Narrow klass range: 0x100000000

GC Precious Log:
 CardTable entry size: 512
 CPUs: 12 total, 12 available
 Memory: 16055M
 Large Page Support: Disabled
 NUMA Support: Disabled
 Compressed Oops: Enabled (32-bit)
 Alignments: Space 512K, Generation 512K, Heap 2M
 Heap Min Capacity: 100M
 Heap Initial Capacity: 100M
 Heap Max Capacity: 1G
 Pre-touch: Disabled
 Parallel Workers: 10

Heap:
 PSYoungGen      total 25088K, used 13615K [0x00000000eab00000, 0x00000000ec980000, 0x0000000100000000)
  eden space 23040K, 50% used [0x00000000eab00000,0x00000000eb64fb38,0x00000000ec180000)
  from space 2048K, 99% used [0x00000000ec780000,0x00000000ec97c1c8,0x00000000ec980000)
  to   space 2560K, 0% used [0x00000000ec480000,0x00000000ec480000,0x00000000ec700000)
 ParOldGen       total 68608K, used 15189K [0x00000000c0000000, 0x00000000c4300000, 0x00000000eab00000)
  object space 68608K, 22% used [0x00000000c0000000,0x00000000c0ed57a8,0x00000000c4300000)
 Metaspace       used 30209K, committed 31168K, reserved 1114112K
  class space    used 2908K, committed 3264K, reserved 1048576K

Card table byte_map: [0x0000024ee0800000,0x0000024ee0a10000] _byte_map_base: 0x0000024ee0200000

Marking Bits: (ParMarkBitMap*) 0x00007ff82d042250
 Begin Bits: [0x0000024ee0b70000, 0x0000024ee1b70000)
 End Bits:   [0x0000024ee1b70000, 0x0000024ee2b70000)

Polling page: 0x0000024eccbb0000

Metaspace:

Usage:
  Non-class:     26.66 MB used.
      Class:      2.84 MB used.
       Both:     29.50 MB used.

Virtual space:
  Non-class space:       64.00 MB reserved,      27.25 MB ( 43%) committed,  1 nodes.
      Class space:        1.00 GB reserved,       3.19 MB ( <1%) committed,  1 nodes.
             Both:        1.06 GB reserved,      30.44 MB (  3%) committed. 

Chunk freelists:
   Non-Class:  4.78 MB
       Class:  12.69 MB
        Both:  17.47 MB

MaxMetaspaceSize: unlimited
CompressedClassSpaceSize: 1.00 GB
Initial GC threshold: 21.00 MB
Current GC threshold: 35.00 MB
CDS: on
 - commit_granule_bytes: 65536.
 - commit_granule_words: 8192.
 - virtual_space_node_default_size: 8388608.
 - enlarge_chunks_in_place: 1.
 - use_allocation_guard: 0.


Internal statistics:

num_allocs_failed_limit: 3.
num_arena_births: 652.
num_arena_deaths: 14.
num_vsnodes_births: 2.
num_vsnodes_deaths: 0.
num_space_committed: 487.
num_space_uncommitted: 0.
num_chunks_returned_to_freelist: 17.
num_chunks_taken_from_freelist: 1857.
num_chunk_merges: 9.
num_chunk_splits: 1197.
num_chunks_enlarged: 753.
num_inconsistent_stats: 0.

CodeHeap 'non-profiled nmethods': size=120000Kb used=1984Kb max_used=1984Kb free=118015Kb
 bounds [0x0000024ed90e0000, 0x0000024ed9350000, 0x0000024ee0610000]
CodeHeap 'profiled nmethods': size=120000Kb used=8891Kb max_used=8891Kb free=111108Kb
 bounds [0x0000024ed1610000, 0x0000024ed1ec0000, 0x0000024ed8b40000]
CodeHeap 'non-nmethods': size=5760Kb used=1334Kb max_used=1363Kb free=4425Kb
 bounds [0x0000024ed8b40000, 0x0000024ed8db0000, 0x0000024ed90e0000]
 total_blobs=4956 nmethods=4331 adapters=531
 compilation: enabled
              stopped_count=0, restarted_count=0
 full_count=0

Compilation events (20 events):
Event: 5.898 Thread 0x0000024ee91341a0 4335       3       java.nio.MappedByteBuffer::position (8 bytes)
Event: 5.898 Thread 0x0000024ee91341a0 nmethod 4335 0x0000024ed1ebb890 code [0x0000024ed1ebba40, 0x0000024ed1ebbbf0]
Event: 5.901 Thread 0x0000024ee91341a0 4336   !   3       java.nio.ByteBuffer::wrap (21 bytes)
Event: 5.901 Thread 0x0000024ee91341a0 nmethod 4336 0x0000024ed1ebbd10 code [0x0000024ed1ebbee0, 0x0000024ed1ebc190]
Event: 5.901 Thread 0x0000024ee91341a0 4337       3       java.nio.HeapByteBuffer::<init> (23 bytes)
Event: 5.902 Thread 0x0000024ee91341a0 nmethod 4337 0x0000024ed1ebc310 code [0x0000024ed1ebc4c0, 0x0000024ed1ebc640]
Event: 5.915 Thread 0x0000024ee91341a0 4338       1       java.lang.reflect.Constructor::getConstructorAccessor (5 bytes)
Event: 5.915 Thread 0x0000024ee91341a0 nmethod 4338 0x0000024ed92ced90 code [0x0000024ed92cef20, 0x0000024ed92cefe8]
Event: 5.916 Thread 0x0000024ee91341a0 4340       3       java.lang.reflect.Constructor::setConstructorAccessor (20 bytes)
Event: 5.917 Thread 0x0000024ee91341a0 nmethod 4340 0x0000024ed1ebc710 code [0x0000024ed1ebc8c0, 0x0000024ed1ebcb00]
Event: 5.917 Thread 0x0000024ee91341a0 4341       3       java.lang.reflect.Constructor::getParameterCount (6 bytes)
Event: 5.918 Thread 0x0000024ee91341a0 nmethod 4341 0x0000024ed1ebcc10 code [0x0000024ed1ebcda0, 0x0000024ed1ebceb8]
Event: 5.918 Thread 0x0000024ee91341a0 4339       1       java.lang.reflect.Constructor::getRoot (5 bytes)
Event: 5.918 Thread 0x0000024ee91341a0 nmethod 4339 0x0000024ed92cf090 code [0x0000024ed92cf220, 0x0000024ed92cf2e8]
Event: 5.947 Thread 0x0000024ee91341a0 4342       3       jdk.internal.misc.Unsafe::putReferenceOpaque (9 bytes)
Event: 5.947 Thread 0x0000024ee91341a0 nmethod 4342 0x0000024ed1ebcf90 code [0x0000024ed1ebd120, 0x0000024ed1ebd250]
Event: 6.010 Thread 0x0000024ee91341a0 4343       3       java.util.concurrent.locks.LockSupport::setBlocker (12 bytes)
Event: 6.010 Thread 0x0000024ee91341a0 nmethod 4343 0x0000024ed1ebd310 code [0x0000024ed1ebd4c0, 0x0000024ed1ebd6c8]
Event: 6.750 Thread 0x0000024ee91341a0 4344       3       java.lang.Thread::isVirtual (5 bytes)
Event: 6.750 Thread 0x0000024ee91341a0 nmethod 4344 0x0000024ed1ebd790 code [0x0000024ed1ebd940, 0x0000024ed1ebdb48]

GC Heap History (20 events):
Event: 1.056 GC heap before
{Heap before GC invocations=2 (full 0):
 PSYoungGen      total 29696K, used 28846K [0x00000000eab00000, 0x00000000ecc00000, 0x0000000100000000)
  eden space 25600K, 100% used [0x00000000eab00000,0x00000000ec400000,0x00000000ec400000)
  from space 4096K, 79% used [0x00000000ec400000,0x00000000ec72bb00,0x00000000ec800000)
  to   space 4096K, 0% used [0x00000000ec800000,0x00000000ec800000,0x00000000ecc00000)
 ParOldGen       total 68608K, used 16K [0x00000000c0000000, 0x00000000c4300000, 0x00000000eab00000)
  object space 68608K, 0% used [0x00000000c0000000,0x00000000c0004000,0x00000000c4300000)
 Metaspace       used 7958K, committed 8192K, reserved 1114112K
  class space    used 789K, committed 896K, reserved 1048576K
}
Event: 1.061 GC heap after
{Heap after GC invocations=2 (full 0):
 PSYoungGen      total 29696K, used 4068K [0x00000000eab00000, 0x00000000ecc00000, 0x0000000100000000)
  eden space 25600K, 0% used [0x00000000eab00000,0x00000000eab00000,0x00000000ec400000)
  from space 4096K, 99% used [0x00000000ec800000,0x00000000ecbf91b8,0x00000000ecc00000)
  to   space 4096K, 0% used [0x00000000ec400000,0x00000000ec400000,0x00000000ec800000)
 ParOldGen       total 68608K, used 1703K [0x00000000c0000000, 0x00000000c4300000, 0x00000000eab00000)
  object space 68608K, 2% used [0x00000000c0000000,0x00000000c01a9f20,0x00000000c4300000)
 Metaspace       used 7958K, committed 8192K, reserved 1114112K
  class space    used 789K, committed 896K, reserved 1048576K
}
Event: 1.495 GC heap before
{Heap before GC invocations=3 (full 0):
 PSYoungGen      total 29696K, used 29668K [0x00000000eab00000, 0x00000000ecc00000, 0x0000000100000000)
  eden space 25600K, 100% used [0x00000000eab00000,0x00000000ec400000,0x00000000ec400000)
  from space 4096K, 99% used [0x00000000ec800000,0x00000000ecbf91b8,0x00000000ecc00000)
  to   space 4096K, 0% used [0x00000000ec400000,0x00000000ec400000,0x00000000ec800000)
 ParOldGen       total 68608K, used 1703K [0x00000000c0000000, 0x00000000c4300000, 0x00000000eab00000)
  object space 68608K, 2% used [0x00000000c0000000,0x00000000c01a9f20,0x00000000c4300000)
 Metaspace       used 9154K, committed 9536K, reserved 1114112K
  class space    used 919K, committed 1088K, reserved 1048576K
}
Event: 1.500 GC heap after
{Heap after GC invocations=3 (full 0):
 PSYoungGen      total 29696K, used 4070K [0x00000000eab00000, 0x00000000ecc00000, 0x0000000100000000)
  eden space 25600K, 0% used [0x00000000eab00000,0x00000000eab00000,0x00000000ec400000)
  from space 4096K, 99% used [0x00000000ec400000,0x00000000ec7f9a88,0x00000000ec800000)
  to   space 4096K, 0% used [0x00000000ec800000,0x00000000ec800000,0x00000000ecc00000)
 ParOldGen       total 68608K, used 5833K [0x00000000c0000000, 0x00000000c4300000, 0x00000000eab00000)
  object space 68608K, 8% used [0x00000000c0000000,0x00000000c05b2658,0x00000000c4300000)
 Metaspace       used 9154K, committed 9536K, reserved 1114112K
  class space    used 919K, committed 1088K, reserved 1048576K
}
Event: 1.880 GC heap before
{Heap before GC invocations=4 (full 0):
 PSYoungGen      total 29696K, used 29670K [0x00000000eab00000, 0x00000000ecc00000, 0x0000000100000000)
  eden space 25600K, 100% used [0x00000000eab00000,0x00000000ec400000,0x00000000ec400000)
  from space 4096K, 99% used [0x00000000ec400000,0x00000000ec7f9a88,0x00000000ec800000)
  to   space 4096K, 0% used [0x00000000ec800000,0x00000000ec800000,0x00000000ecc00000)
 ParOldGen       total 68608K, used 5833K [0x00000000c0000000, 0x00000000c4300000, 0x00000000eab00000)
  object space 68608K, 8% used [0x00000000c0000000,0x00000000c05b2658,0x00000000c4300000)
 Metaspace       used 12505K, committed 12928K, reserved 1114112K
  class space    used 1255K, committed 1472K, reserved 1048576K
}
Event: 1.885 GC heap after
{Heap after GC invocations=4 (full 0):
 PSYoungGen      total 29696K, used 4087K [0x00000000eab00000, 0x00000000ecc00000, 0x0000000100000000)
  eden space 25600K, 0% used [0x00000000eab00000,0x00000000eab00000,0x00000000ec400000)
  from space 4096K, 99% used [0x00000000ec800000,0x00000000ecbfdc20,0x00000000ecc00000)
  to   space 4096K, 0% used [0x00000000ec400000,0x00000000ec400000,0x00000000ec800000)
 ParOldGen       total 68608K, used 6666K [0x00000000c0000000, 0x00000000c4300000, 0x00000000eab00000)
  object space 68608K, 9% used [0x00000000c0000000,0x00000000c0682b58,0x00000000c4300000)
 Metaspace       used 12505K, committed 12928K, reserved 1114112K
  class space    used 1255K, committed 1472K, reserved 1048576K
}
Event: 2.597 GC heap before
{Heap before GC invocations=5 (full 0):
 PSYoungGen      total 29696K, used 29687K [0x00000000eab00000, 0x00000000ecc00000, 0x0000000100000000)
  eden space 25600K, 100% used [0x00000000eab00000,0x00000000ec400000,0x00000000ec400000)
  from space 4096K, 99% used [0x00000000ec800000,0x00000000ecbfdc20,0x00000000ecc00000)
  to   space 4096K, 0% used [0x00000000ec400000,0x00000000ec400000,0x00000000ec800000)
 ParOldGen       total 68608K, used 6666K [0x00000000c0000000, 0x00000000c4300000, 0x00000000eab00000)
  object space 68608K, 9% used [0x00000000c0000000,0x00000000c0682b58,0x00000000c4300000)
 Metaspace       used 16158K, committed 16768K, reserved 1114112K
  class space    used 1592K, committed 1856K, reserved 1048576K
}
Event: 2.606 GC heap after
{Heap after GC invocations=5 (full 0):
 PSYoungGen      total 29184K, used 4065K [0x00000000eab00000, 0x00000000ed180000, 0x0000000100000000)
  eden space 25088K, 0% used [0x00000000eab00000,0x00000000eab00000,0x00000000ec380000)
  from space 4096K, 99% used [0x00000000ec400000,0x00000000ec7f85b8,0x00000000ec800000)
  to   space 7168K, 0% used [0x00000000eca80000,0x00000000eca80000,0x00000000ed180000)
 ParOldGen       total 68608K, used 9270K [0x00000000c0000000, 0x00000000c4300000, 0x00000000eab00000)
  object space 68608K, 13% used [0x00000000c0000000,0x00000000c090d960,0x00000000c4300000)
 Metaspace       used 16158K, committed 16768K, reserved 1114112K
  class space    used 1592K, committed 1856K, reserved 1048576K
}
Event: 3.179 GC heap before
{Heap before GC invocations=6 (full 0):
 PSYoungGen      total 29184K, used 29153K [0x00000000eab00000, 0x00000000ed180000, 0x0000000100000000)
  eden space 25088K, 100% used [0x00000000eab00000,0x00000000ec380000,0x00000000ec380000)
  from space 4096K, 99% used [0x00000000ec400000,0x00000000ec7f85b8,0x00000000ec800000)
  to   space 7168K, 0% used [0x00000000eca80000,0x00000000eca80000,0x00000000ed180000)
 ParOldGen       total 68608K, used 9270K [0x00000000c0000000, 0x00000000c4300000, 0x00000000eab00000)
  object space 68608K, 13% used [0x00000000c0000000,0x00000000c090d960,0x00000000c4300000)
 Metaspace       used 18745K, committed 19584K, reserved 1114112K
  class space    used 1876K, committed 2240K, reserved 1048576K
}
Event: 3.185 GC heap after
{Heap after GC invocations=6 (full 0):
 PSYoungGen      total 29696K, used 4754K [0x00000000eab00000, 0x00000000ecf80000, 0x0000000100000000)
  eden space 24576K, 0% used [0x00000000eab00000,0x00000000eab00000,0x00000000ec300000)
  from space 5120K, 92% used [0x00000000eca80000,0x00000000ecf24890,0x00000000ecf80000)
  to   space 5632K, 0% used [0x00000000ec480000,0x00000000ec480000,0x00000000eca00000)
 ParOldGen       total 68608K, used 9278K [0x00000000c0000000, 0x00000000c4300000, 0x00000000eab00000)
  object space 68608K, 13% used [0x00000000c0000000,0x00000000c090f960,0x00000000c4300000)
 Metaspace       used 18745K, committed 19584K, reserved 1114112K
  class space    used 1876K, committed 2240K, reserved 1048576K
}
Event: 3.468 GC heap before
{Heap before GC invocations=7 (full 0):
 PSYoungGen      total 29696K, used 20204K [0x00000000eab00000, 0x00000000ecf80000, 0x0000000100000000)
  eden space 24576K, 62% used [0x00000000eab00000,0x00000000eba16ae8,0x00000000ec300000)
  from space 5120K, 92% used [0x00000000eca80000,0x00000000ecf24890,0x00000000ecf80000)
  to   space 5632K, 0% used [0x00000000ec480000,0x00000000ec480000,0x00000000eca00000)
 ParOldGen       total 68608K, used 9278K [0x00000000c0000000, 0x00000000c4300000, 0x00000000eab00000)
  object space 68608K, 13% used [0x00000000c0000000,0x00000000c090f960,0x00000000c4300000)
 Metaspace       used 20670K, committed 21504K, reserved 1114112K
  class space    used 2076K, committed 2432K, reserved 1048576K
}
Event: 3.474 GC heap after
{Heap after GC invocations=7 (full 0):
 PSYoungGen      total 29184K, used 4255K [0x00000000eab00000, 0x00000000ecc00000, 0x0000000100000000)
  eden space 24576K, 0% used [0x00000000eab00000,0x00000000eab00000,0x00000000ec300000)
  from space 4608K, 92% used [0x00000000ec480000,0x00000000ec8a7c20,0x00000000ec900000)
  to   space 3072K, 0% used [0x00000000ec900000,0x00000000ec900000,0x00000000ecc00000)
 ParOldGen       total 68608K, used 10686K [0x00000000c0000000, 0x00000000c4300000, 0x00000000eab00000)
  object space 68608K, 15% used [0x00000000c0000000,0x00000000c0a6fb10,0x00000000c4300000)
 Metaspace       used 20670K, committed 21504K, reserved 1114112K
  class space    used 2076K, committed 2432K, reserved 1048576K
}
Event: 3.474 GC heap before
{Heap before GC invocations=8 (full 1):
 PSYoungGen      total 29184K, used 4255K [0x00000000eab00000, 0x00000000ecc00000, 0x0000000100000000)
  eden space 24576K, 0% used [0x00000000eab00000,0x00000000eab00000,0x00000000ec300000)
  from space 4608K, 92% used [0x00000000ec480000,0x00000000ec8a7c20,0x00000000ec900000)
  to   space 3072K, 0% used [0x00000000ec900000,0x00000000ec900000,0x00000000ecc00000)
 ParOldGen       total 68608K, used 10686K [0x00000000c0000000, 0x00000000c4300000, 0x00000000eab00000)
  object space 68608K, 15% used [0x00000000c0000000,0x00000000c0a6fb10,0x00000000c4300000)
 Metaspace       used 20670K, committed 21504K, reserved 1114112K
  class space    used 2076K, committed 2432K, reserved 1048576K
}
Event: 3.518 GC heap after
{Heap after GC invocations=8 (full 1):
 PSYoungGen      total 29184K, used 0K [0x00000000eab00000, 0x00000000ecc00000, 0x0000000100000000)
  eden space 24576K, 0% used [0x00000000eab00000,0x00000000eab00000,0x00000000ec300000)
  from space 4608K, 0% used [0x00000000ec480000,0x00000000ec480000,0x00000000ec900000)
  to   space 3072K, 0% used [0x00000000ec900000,0x00000000ec900000,0x00000000ecc00000)
 ParOldGen       total 68608K, used 14204K [0x00000000c0000000, 0x00000000c4300000, 0x00000000eab00000)
  object space 68608K, 20% used [0x00000000c0000000,0x00000000c0ddf1e8,0x00000000c4300000)
 Metaspace       used 20658K, committed 21504K, reserved 1114112K
  class space    used 2073K, committed 2432K, reserved 1048576K
}
Event: 3.828 GC heap before
{Heap before GC invocations=9 (full 1):
 PSYoungGen      total 29184K, used 24576K [0x00000000eab00000, 0x00000000ecc00000, 0x0000000100000000)
  eden space 24576K, 100% used [0x00000000eab00000,0x00000000ec300000,0x00000000ec300000)
  from space 4608K, 0% used [0x00000000ec480000,0x00000000ec480000,0x00000000ec900000)
  to   space 3072K, 0% used [0x00000000ec900000,0x00000000ec900000,0x00000000ecc00000)
 ParOldGen       total 68608K, used 14204K [0x00000000c0000000, 0x00000000c4300000, 0x00000000eab00000)
  object space 68608K, 20% used [0x00000000c0000000,0x00000000c0ddf1e8,0x00000000c4300000)
 Metaspace       used 23433K, committed 24320K, reserved 1114112K
  class space    used 2253K, committed 2624K, reserved 1048576K
}
Event: 3.830 GC heap after
{Heap after GC invocations=9 (full 1):
 PSYoungGen      total 24576K, used 320K [0x00000000eab00000, 0x00000000ec980000, 0x0000000100000000)
  eden space 24064K, 0% used [0x00000000eab00000,0x00000000eab00000,0x00000000ec280000)
  from space 512K, 62% used [0x00000000ec900000,0x00000000ec950000,0x00000000ec980000)
  to   space 2048K, 0% used [0x00000000ec580000,0x00000000ec580000,0x00000000ec780000)
 ParOldGen       total 68608K, used 14204K [0x00000000c0000000, 0x00000000c4300000, 0x00000000eab00000)
  object space 68608K, 20% used [0x00000000c0000000,0x00000000c0ddf1e8,0x00000000c4300000)
 Metaspace       used 23433K, committed 24320K, reserved 1114112K
  class space    used 2253K, committed 2624K, reserved 1048576K
}
Event: 4.154 GC heap before
{Heap before GC invocations=10 (full 1):
 PSYoungGen      total 24576K, used 24384K [0x00000000eab00000, 0x00000000ec980000, 0x0000000100000000)
  eden space 24064K, 100% used [0x00000000eab00000,0x00000000ec280000,0x00000000ec280000)
  from space 512K, 62% used [0x00000000ec900000,0x00000000ec950000,0x00000000ec980000)
  to   space 2048K, 0% used [0x00000000ec580000,0x00000000ec580000,0x00000000ec780000)
 ParOldGen       total 68608K, used 14204K [0x00000000c0000000, 0x00000000c4300000, 0x00000000eab00000)
  object space 68608K, 20% used [0x00000000c0000000,0x00000000c0ddf1e8,0x00000000c4300000)
 Metaspace       used 25988K, committed 26880K, reserved 1114112K
  class space    used 2454K, committed 2816K, reserved 1048576K
}
Event: 4.156 GC heap after
{Heap after GC invocations=10 (full 1):
 PSYoungGen      total 25600K, used 1371K [0x00000000eab00000, 0x00000000ec980000, 0x0000000100000000)
  eden space 23552K, 0% used [0x00000000eab00000,0x00000000eab00000,0x00000000ec200000)
  from space 2048K, 66% used [0x00000000ec580000,0x00000000ec6d6da0,0x00000000ec780000)
  to   space 2048K, 0% used [0x00000000ec780000,0x00000000ec780000,0x00000000ec980000)
 ParOldGen       total 68608K, used 14985K [0x00000000c0000000, 0x00000000c4300000, 0x00000000eab00000)
  object space 68608K, 21% used [0x00000000c0000000,0x00000000c0ea26f8,0x00000000c4300000)
 Metaspace       used 25988K, committed 26880K, reserved 1114112K
  class space    used 2454K, committed 2816K, reserved 1048576K
}
Event: 4.669 GC heap before
{Heap before GC invocations=11 (full 1):
 PSYoungGen      total 25600K, used 24923K [0x00000000eab00000, 0x00000000ec980000, 0x0000000100000000)
  eden space 23552K, 100% used [0x00000000eab00000,0x00000000ec200000,0x00000000ec200000)
  from space 2048K, 66% used [0x00000000ec580000,0x00000000ec6d6da0,0x00000000ec780000)
  to   space 2048K, 0% used [0x00000000ec780000,0x00000000ec780000,0x00000000ec980000)
 ParOldGen       total 68608K, used 14985K [0x00000000c0000000, 0x00000000c4300000, 0x00000000eab00000)
  object space 68608K, 21% used [0x00000000c0000000,0x00000000c0ea26f8,0x00000000c4300000)
 Metaspace       used 28416K, committed 29376K, reserved 1114112K
  class space    used 2674K, committed 3072K, reserved 1048576K
}
Event: 4.672 GC heap after
{Heap after GC invocations=11 (full 1):
 PSYoungGen      total 25088K, used 2032K [0x00000000eab00000, 0x00000000ec980000, 0x0000000100000000)
  eden space 23040K, 0% used [0x00000000eab00000,0x00000000eab00000,0x00000000ec180000)
  from space 2048K, 99% used [0x00000000ec780000,0x00000000ec97c1c8,0x00000000ec980000)
  to   space 2560K, 0% used [0x00000000ec480000,0x00000000ec480000,0x00000000ec700000)
 ParOldGen       total 68608K, used 15189K [0x00000000c0000000, 0x00000000c4300000, 0x00000000eab00000)
  object space 68608K, 22% used [0x00000000c0000000,0x00000000c0ed57a8,0x00000000c4300000)
 Metaspace       used 28416K, committed 29376K, reserved 1114112K
  class space    used 2674K, committed 3072K, reserved 1048576K
}

Dll operation events (10 events):
Event: 0.009 Loaded shared library c:\Users\hhp\.vscode\extensions\redhat.java-1.39.0-win32-x64\jre\21.0.5-win32-x86_64\bin\java.dll
Event: 0.074 Loaded shared library c:\Users\hhp\.vscode\extensions\redhat.java-1.39.0-win32-x64\jre\21.0.5-win32-x86_64\bin\zip.dll
Event: 0.094 Loaded shared library C:\Users\hhp\.vscode\extensions\redhat.java-1.39.0-win32-x64\jre\21.0.5-win32-x86_64\bin\instrument.dll
Event: 0.099 Loaded shared library C:\Users\hhp\.vscode\extensions\redhat.java-1.39.0-win32-x64\jre\21.0.5-win32-x86_64\bin\net.dll
Event: 0.101 Loaded shared library C:\Users\hhp\.vscode\extensions\redhat.java-1.39.0-win32-x64\jre\21.0.5-win32-x86_64\bin\nio.dll
Event: 0.104 Loaded shared library C:\Users\hhp\.vscode\extensions\redhat.java-1.39.0-win32-x64\jre\21.0.5-win32-x86_64\bin\zip.dll
Event: 0.124 Loaded shared library C:\Users\hhp\.vscode\extensions\redhat.java-1.39.0-win32-x64\jre\21.0.5-win32-x86_64\bin\jimage.dll
Event: 0.196 Loaded shared library c:\Users\hhp\.vscode\extensions\redhat.java-1.39.0-win32-x64\jre\21.0.5-win32-x86_64\bin\verify.dll
Event: 1.031 Loaded shared library C:\Users\hhp\AppData\Roaming\Code\User\globalStorage\redhat.java\1.39.0\config_win\org.eclipse.equinox.launcher\org.eclipse.equinox.launcher.win32.win32.x86_64_1.2.1100.v20240722-2106\eclipse_11904.dll
Event: 2.591 Loaded shared library C:\Users\hhp\AppData\Local\Temp\jna-103280\jna13544972060050246731.dll

Deoptimization events (20 events):
Event: 4.540 Thread 0x0000024ee9120100 Uncommon trap: trap_request=0xffffff45 fr.pc=0x0000024ed91c53f8 relative=0x0000000000000438
Event: 4.540 Thread 0x0000024ee9120100 Uncommon trap: reason=unstable_if action=reinterpret pc=0x0000024ed91c53f8 method=java.lang.AbstractStringBuilder.isLatin1()Z @ 10 c2
Event: 4.541 Thread 0x0000024ee9120100 DEOPT PACKING pc=0x0000024ed91c53f8 sp=0x000000e5972fe280
Event: 4.541 Thread 0x0000024ee9120100 DEOPT UNPACKING pc=0x0000024ed8b93aa2 sp=0x000000e5972fe1e8 mode 2
Event: 4.552 Thread 0x0000024ee9120100 Uncommon trap: trap_request=0xffffffc6 fr.pc=0x0000024ed917851c relative=0x000000000000099c
Event: 4.552 Thread 0x0000024ee9120100 Uncommon trap: reason=bimorphic_or_optimized_type_check action=maybe_recompile pc=0x0000024ed917851c method=java.util.HashMap.putVal(ILjava/lang/Object;Ljava/lang/Object;ZZ)Ljava/lang/Object; @ 56 c2
Event: 4.553 Thread 0x0000024ee9120100 DEOPT PACKING pc=0x0000024ed917851c sp=0x000000e5972fd9d0
Event: 4.553 Thread 0x0000024ee9120100 DEOPT UNPACKING pc=0x0000024ed8b93aa2 sp=0x000000e5972fd8d0 mode 2
Event: 4.553 Thread 0x0000024ee9120100 Uncommon trap: trap_request=0xffffffc6 fr.pc=0x0000024ed917851c relative=0x000000000000099c
Event: 4.553 Thread 0x0000024ee9120100 Uncommon trap: reason=bimorphic_or_optimized_type_check action=maybe_recompile pc=0x0000024ed917851c method=java.util.HashMap.putVal(ILjava/lang/Object;Ljava/lang/Object;ZZ)Ljava/lang/Object; @ 56 c2
Event: 4.553 Thread 0x0000024ee9120100 DEOPT PACKING pc=0x0000024ed917851c sp=0x000000e5972fd9d0
Event: 4.553 Thread 0x0000024ee9120100 DEOPT UNPACKING pc=0x0000024ed8b93aa2 sp=0x000000e5972fd8d0 mode 2
Event: 4.553 Thread 0x0000024ee9120100 Uncommon trap: trap_request=0xffffffc6 fr.pc=0x0000024ed913d574 relative=0x0000000000000914
Event: 4.553 Thread 0x0000024ee9120100 Uncommon trap: reason=bimorphic_or_optimized_type_check action=maybe_recompile pc=0x0000024ed913d574 method=java.util.HashMap.putVal(ILjava/lang/Object;Ljava/lang/Object;ZZ)Ljava/lang/Object; @ 56 c2
Event: 4.553 Thread 0x0000024ee9120100 DEOPT PACKING pc=0x0000024ed913d574 sp=0x000000e5972fd940
Event: 4.553 Thread 0x0000024ee9120100 DEOPT UNPACKING pc=0x0000024ed8b93aa2 sp=0x000000e5972fd8d8 mode 2
Event: 4.821 Thread 0x0000024ee9120100 Uncommon trap: trap_request=0xffffff45 fr.pc=0x0000024ed921ac60 relative=0x0000000000000300
Event: 4.821 Thread 0x0000024ee9120100 Uncommon trap: reason=unstable_if action=reinterpret pc=0x0000024ed921ac60 method=java.util.Properties.getProperty(Ljava/lang/String;)Ljava/lang/String; @ 36 c2
Event: 4.821 Thread 0x0000024ee9120100 DEOPT PACKING pc=0x0000024ed921ac60 sp=0x000000e5972fe260
Event: 4.821 Thread 0x0000024ee9120100 DEOPT UNPACKING pc=0x0000024ed8b93aa2 sp=0x000000e5972fe208 mode 2

Classes loaded (20 events):
Event: 4.883 Loading class sun/nio/cs/ISO_8859_15 done
Event: 4.887 Loading class sun/nio/cs/DoubleByte$Decoder
Event: 4.887 Loading class sun/nio/cs/DoubleByte$Decoder done
Event: 4.888 Loading class sun/nio/cs/DoubleByte$Encoder
Event: 4.889 Loading class sun/nio/cs/DoubleByte$Encoder done
Event: 4.889 Loading class sun/nio/cs/MS1251
Event: 4.889 Loading class sun/nio/cs/MS1251 done
Event: 4.891 Loading class sun/nio/cs/MS1250
Event: 4.891 Loading class sun/nio/cs/MS1250 done
Event: 5.893 Loading class sun/nio/cs/ISO_8859_2
Event: 5.894 Loading class sun/nio/cs/ISO_8859_2 done
Event: 5.908 Loading class sun/nio/cs/ISO_8859_4
Event: 5.908 Loading class sun/nio/cs/ISO_8859_4 done
Event: 5.910 Loading class sun/nio/cs/ISO_8859_5
Event: 5.910 Loading class sun/nio/cs/ISO_8859_5 done
Event: 5.913 Loading class sun/nio/cs/ISO_8859_9
Event: 5.914 Loading class sun/nio/cs/ISO_8859_9 done
Event: 5.917 Loading class sun/nio/cs/ISO_8859_7
Event: 5.917 Loading class sun/nio/cs/ISO_8859_7 done
Event: 5.919 Loading class sun/nio/cs/IBM850

Classes unloaded (7 events):
Event: 3.482 Thread 0x0000024ee2f74bd0 Unloading class 0x0000024e81197400 'java/lang/invoke/LambdaForm$MH+0x0000024e81197400'
Event: 3.482 Thread 0x0000024ee2f74bd0 Unloading class 0x0000024e81197000 'java/lang/invoke/LambdaForm$MH+0x0000024e81197000'
Event: 3.482 Thread 0x0000024ee2f74bd0 Unloading class 0x0000024e81196c00 'java/lang/invoke/LambdaForm$MH+0x0000024e81196c00'
Event: 3.482 Thread 0x0000024ee2f74bd0 Unloading class 0x0000024e81196800 'java/lang/invoke/LambdaForm$MH+0x0000024e81196800'
Event: 3.482 Thread 0x0000024ee2f74bd0 Unloading class 0x0000024e81196400 'java/lang/invoke/LambdaForm$BMH+0x0000024e81196400'
Event: 3.482 Thread 0x0000024ee2f74bd0 Unloading class 0x0000024e81196000 'java/lang/invoke/LambdaForm$DMH+0x0000024e81196000'
Event: 3.482 Thread 0x0000024ee2f74bd0 Unloading class 0x0000024e81194c00 'java/lang/invoke/LambdaForm$DMH+0x0000024e81194c00'

Classes redefined (0 events):
No events

Internal exceptions (20 events):
Event: 4.164 Thread 0x0000024ee9120100 Exception <a 'java/io/FileNotFoundException'{0x00000000eafa5040}> (0x00000000eafa5040) 
thrown [s\src\hotspot\share\prims\jni.cpp, line 520]
Event: 4.408 Thread 0x0000024eea24fd10 Exception <a 'java/lang/NoSuchMethodError'{0x00000000eb7b7f30}: 'void java.lang.invoke.DirectMethodHandle$Holder.invokeStatic(java.lang.Object, java.lang.Object, java.lang.Object, java.lang.Object)'> (0x00000000eb7b7f30) 
thrown [s\src\hotspot\share\interpreter\linkResolver.cpp, line 773]
Event: 4.428 Thread 0x0000024ee9120100 Exception <a 'java/lang/ClassNotFoundException'{0x00000000eb883af0}: com/sun/org/apache/xerces/internal/impl/msg/spi/DOMMessagesProvider> (0x00000000eb883af0) 
thrown [s\src\hotspot\share\classfile\systemDictionary.cpp, line 312]
Event: 4.430 Thread 0x0000024ee9120100 Exception <a 'java/lang/ClassNotFoundException'{0x00000000eb895258}: com/sun/org/apache/xerces/internal/impl/msg/spi/XMLSerializerMessagesProvider> (0x00000000eb895258) 
thrown [s\src\hotspot\share\classfile\systemDictionary.cpp, line 312]
Event: 4.431 Thread 0x0000024ee9120100 Exception <a 'java/lang/ClassNotFoundException'{0x00000000eb8f2668}: com/sun/org/apache/xerces/internal/impl/msg/spi/XMLMessagesProvider> (0x00000000eb8f2668) 
thrown [s\src\hotspot\share\classfile\systemDictionary.cpp, line 312]
Event: 4.436 Thread 0x0000024eea24fd10 Exception <a 'java/lang/NoSuchMethodError'{0x00000000eb977e90}: 'java.lang.Object java.lang.invoke.DirectMethodHandle$Holder.invokeStaticInit(java.lang.Object, java.lang.Object, java.lang.Object, java.lang.Object, java.lang.Object, java.lang.Object, java.lang.Object)'> (0x00000000eb977e90) 
thrown [s\src\hotspot\share\interpreter\linkResolver.cpp, line 773]
Event: 4.437 Thread 0x0000024eea24fd10 Exception <a 'java/lang/NoSuchMethodError'{0x00000000eb97ca88}: 'java.lang.Object java.lang.invoke.Invokers$Holder.invoke_MT(java.lang.Object, java.lang.Object, java.lang.Object, java.lang.Object, java.lang.Object, java.lang.Object, java.lang.Object, java.lang.Object, java.lang.Object)'> (0x00000000eb97ca88) 
thrown [s\src\hotspot\share\interpreter\linkResolver.cpp, line 773]
Event: 4.450 Thread 0x0000024eea24fd10 Exception <a 'java/lang/NoSuchMethodError'{0x00000000eba2c4f8}: 'int java.lang.invoke.DirectMethodHandle$Holder.invokeVirtual(java.lang.Object, java.lang.Object, java.lang.Object)'> (0x00000000eba2c4f8) 
thrown [s\src\hotspot\share\interpreter\linkResolver.cpp, line 773]
Event: 4.452 Thread 0x0000024eea24fd10 Exception <a 'java/lang/NoSuchMethodError'{0x00000000eba30820}: 'int java.lang.invoke.DirectMethodHandle$Holder.invokeStaticInit(java.lang.Object, int, int)'> (0x00000000eba30820) 
thrown [s\src\hotspot\share\interpreter\linkResolver.cpp, line 773]
Event: 4.453 Thread 0x0000024eea24fd10 Exception <a 'java/lang/NoSuchMethodError'{0x00000000eba381d0}: 'int java.lang.invoke.DirectMethodHandle$Holder.invokeStaticInit(java.lang.Object, long, long)'> (0x00000000eba381d0) 
thrown [s\src\hotspot\share\interpreter\linkResolver.cpp, line 773]
Event: 4.454 Thread 0x0000024eea24fd10 Exception <a 'java/lang/NoSuchMethodError'{0x00000000eba3eea8}: 'int java.lang.invoke.DirectMethodHandle$Holder.invokeStaticInit(java.lang.Object, float, float)'> (0x00000000eba3eea8) 
thrown [s\src\hotspot\share\interpreter\linkResolver.cpp, line 773]
Event: 4.456 Thread 0x0000024eea24fd10 Exception <a 'java/lang/NoSuchMethodError'{0x00000000eba45b98}: 'int java.lang.invoke.DirectMethodHandle$Holder.invokeStaticInit(java.lang.Object, double, double)'> (0x00000000eba45b98) 
thrown [s\src\hotspot\share\interpreter\linkResolver.cpp, line 773]
Event: 4.456 Thread 0x0000024eea24fd10 Exception <a 'java/lang/NoSuchMethodError'{0x00000000eba4a3a0}: 'int java.lang.invoke.DirectMethodHandle$Holder.invokeStatic(java.lang.Object, long)'> (0x00000000eba4a3a0) 
thrown [s\src\hotspot\share\interpreter\linkResolver.cpp, line 773]
Event: 4.465 Thread 0x0000024eea24fd10 Exception <a 'java/lang/NoSuchMethodError'{0x00000000eba696c8}: 'int java.lang.invoke.Invokers$Holder.linkToTargetMethod(java.lang.Object, java.lang.Object)'> (0x00000000eba696c8) 
thrown [s\src\hotspot\share\interpreter\linkResolver.cpp, line 773]
Event: 4.480 Thread 0x0000024eea251750 Exception <a 'java/lang/NoSuchMethodError'{0x00000000ebb10230}: 'int java.lang.invoke.DirectMethodHandle$Holder.invokeSpecial(java.lang.Object, java.lang.Object, java.lang.Object, java.lang.Object)'> (0x00000000ebb10230) 
thrown [s\src\hotspot\share\interpreter\linkResolver.cpp, line 773]
Event: 4.488 Thread 0x0000024eea251750 Exception <a 'java/lang/NoSuchMethodError'{0x00000000ebb58e40}: 'java.lang.Object java.lang.invoke.DirectMethodHandle$Holder.invokeStatic(java.lang.Object, int, java.lang.Object, java.lang.Object)'> (0x00000000ebb58e40) 
thrown [s\src\hotspot\share\interpreter\linkResolver.cpp, line 773]
Event: 4.489 Thread 0x0000024eea251750 Exception <a 'java/lang/NoSuchMethodError'{0x00000000ebb9ba28}: 'java.lang.Object java.lang.invoke.DelegatingMethodHandle$Holder.delegate(java.lang.Object, int, java.lang.Object, java.lang.Object)'> (0x00000000ebb9ba28) 
thrown [s\src\hotspot\share\interpreter\linkResolver.cpp, line 773]
Event: 4.496 Thread 0x0000024eea251750 Exception <a 'java/lang/NoSuchMethodError'{0x00000000ebc510c8}: 'int java.lang.invoke.Invokers$Holder.linkToTargetMethod(java.lang.Object, java.lang.Object, java.lang.Object)'> (0x00000000ebc510c8) 
thrown [s\src\hotspot\share\interpreter\linkResolver.cpp, line 773]
Event: 4.602 Thread 0x0000024eea24fd10 Exception <a 'java/lang/NoSuchMethodError'{0x00000000ebf20270}: 'java.lang.Object java.lang.invoke.DirectMethodHandle$Holder.invokeSpecialIFC(java.lang.Object, java.lang.Object, java.lang.Object, java.lang.Object)'> (0x00000000ebf20270) 
thrown [s\src\hotspot\share\interpreter\linkResolver.cpp, line 773]
Event: 4.832 Thread 0x0000024ee9120100 Exception <a 'java/lang/ClassNotFoundException'{0x00000000eb1ab0f8}: com/sun/org/apache/xml/internal/serializer/spi/XMLEntitiesProvider> (0x00000000eb1ab0f8) 
thrown [s\src\hotspot\share\classfile\systemDictionary.cpp, line 312]

ZGC Phase Switch (0 events):
No events

VM Operations (20 events):
Event: 4.326 Executing VM operation: HandshakeAllThreads (Deoptimize)
Event: 4.326 Executing VM operation: HandshakeAllThreads (Deoptimize) done
Event: 4.481 Executing VM operation: HandshakeAllThreads (Deoptimize)
Event: 4.484 Executing VM operation: HandshakeAllThreads (Deoptimize) done
Event: 4.551 Executing VM operation: HandshakeAllThreads (Deoptimize)
Event: 4.551 Executing VM operation: HandshakeAllThreads (Deoptimize) done
Event: 4.605 Executing VM operation: HandshakeAllThreads (Deoptimize)
Event: 4.606 Executing VM operation: HandshakeAllThreads (Deoptimize) done
Event: 4.667 Executing VM operation: ParallelGCFailedAllocation (Allocation Failure)
Event: 4.672 Executing VM operation: ParallelGCFailedAllocation (Allocation Failure) done
Event: 4.750 Executing VM operation: HandshakeAllThreads (Deoptimize)
Event: 4.750 Executing VM operation: HandshakeAllThreads (Deoptimize) done
Event: 4.830 Executing VM operation: HandshakeAllThreads (Deoptimize)
Event: 4.830 Executing VM operation: HandshakeAllThreads (Deoptimize) done
Event: 4.835 Executing VM operation: HandshakeAllThreads (Deoptimize)
Event: 4.835 Executing VM operation: HandshakeAllThreads (Deoptimize) done
Event: 4.888 Executing VM operation: HandshakeAllThreads (Deoptimize)
Event: 4.888 Executing VM operation: HandshakeAllThreads (Deoptimize) done
Event: 5.888 Executing VM operation: Cleanup
Event: 5.888 Executing VM operation: Cleanup done

Memory protections (0 events):
No events

Nmethod flushes (0 events):
No events

Events (20 events):
Event: 1.056 Thread 0x0000024ee9123580 Thread added: 0x0000024ee91214b0
Event: 1.065 Thread 0x0000024eccadc930 Thread added: 0x0000024ee9120100
Event: 1.401 Thread 0x0000024ee9120100 Thread added: 0x0000024eea250a30
Event: 1.576 Thread 0x0000024ee9120100 Thread added: 0x0000024eea252470
Event: 1.641 Thread 0x0000024ee9120100 Thread added: 0x0000024eea252b00
Event: 2.033 Thread 0x0000024ee9120100 Thread added: 0x0000024eea253190
Event: 2.421 Thread 0x0000024ee922fed0 Thread exited: 0x0000024ee922fed0
Event: 2.595 Thread 0x0000024ee922f800 Thread exited: 0x0000024ee922f800
Event: 2.653 Thread 0x0000024ee9120100 Thread added: 0x0000024eea2510c0
Event: 2.714 Thread 0x0000024ee9120100 Thread added: 0x0000024eea24fd10
Event: 2.792 Thread 0x0000024ee9120100 Thread added: 0x0000024eea251750
Event: 2.935 Thread 0x0000024ee91341a0 Thread added: 0x0000024ee922f800
Event: 3.660 Thread 0x0000024ee91341a0 Thread added: 0x0000024ee9230c70
Event: 3.788 Thread 0x0000024ee9230c70 Thread exited: 0x0000024ee9230c70
Event: 3.788 Thread 0x0000024ee922f800 Thread exited: 0x0000024ee922f800
Event: 4.226 Thread 0x0000024ee91341a0 Thread added: 0x0000024ee922fed0
Event: 4.226 Thread 0x0000024ee91341a0 Thread added: 0x0000024ee922f800
Event: 4.477 Thread 0x0000024ee9120100 Thread added: 0x0000024eea251de0
Event: 4.477 Thread 0x0000024eea251750 Thread added: 0x0000024eea253820
Event: 4.480 Thread 0x0000024eea253820 Thread added: 0x0000024eea2503a0


Dynamic libraries:
0x00007ff7e2500000 - 0x00007ff7e250e000 	c:\Users\hhp\.vscode\extensions\redhat.java-1.39.0-win32-x64\jre\21.0.5-win32-x86_64\bin\java.exe
0x00007ff8f6aa0000 - 0x00007ff8f6d03000 	C:\WINDOWS\SYSTEM32\ntdll.dll
0x00007ff8f5a50000 - 0x00007ff8f5b17000 	C:\WINDOWS\System32\KERNEL32.DLL
0x00007ff8f43e0000 - 0x00007ff8f47a7000 	C:\WINDOWS\System32\KERNELBASE.dll
0x00007ff8f4290000 - 0x00007ff8f43dc000 	C:\WINDOWS\System32\ucrtbase.dll
0x00007ff8bb3e0000 - 0x00007ff8bb3f8000 	c:\Users\hhp\.vscode\extensions\redhat.java-1.39.0-win32-x64\jre\21.0.5-win32-x86_64\bin\jli.dll
0x00007ff8bd860000 - 0x00007ff8bd87e000 	c:\Users\hhp\.vscode\extensions\redhat.java-1.39.0-win32-x64\jre\21.0.5-win32-x86_64\bin\VCRUNTIME140.dll
0x00007ff8f53c0000 - 0x00007ff8f5589000 	C:\WINDOWS\System32\USER32.dll
0x00007ff8ceaa0000 - 0x00007ff8ced30000 	C:\WINDOWS\WinSxS\amd64_microsoft.windows.common-controls_6595b64144ccf1df_6.0.26100.3037_none_3e09262ce333c378\COMCTL32.dll
0x00007ff8f40e0000 - 0x00007ff8f4107000 	C:\WINDOWS\System32\win32u.dll
0x00007ff8f5160000 - 0x00007ff8f5209000 	C:\WINDOWS\System32\msvcrt.dll
0x00007ff8f5a20000 - 0x00007ff8f5a4a000 	C:\WINDOWS\System32\GDI32.dll
0x00007ff8f47b0000 - 0x00007ff8f48db000 	C:\WINDOWS\System32\gdi32full.dll
0x00007ff8f4030000 - 0x00007ff8f40d3000 	C:\WINDOWS\System32\msvcp_win.dll
0x00007ff8f58d0000 - 0x00007ff8f58ff000 	C:\WINDOWS\System32\IMM32.DLL
0x00007ff8eb480000 - 0x00007ff8eb48c000 	c:\Users\hhp\.vscode\extensions\redhat.java-1.39.0-win32-x64\jre\21.0.5-win32-x86_64\bin\vcruntime140_1.dll
0x00007ff8a7900000 - 0x00007ff8a798d000 	c:\Users\hhp\.vscode\extensions\redhat.java-1.39.0-win32-x64\jre\21.0.5-win32-x86_64\bin\msvcp140.dll
0x00007ff82c390000 - 0x00007ff82d11f000 	c:\Users\hhp\.vscode\extensions\redhat.java-1.39.0-win32-x64\jre\21.0.5-win32-x86_64\bin\server\jvm.dll
0x00007ff8f4910000 - 0x00007ff8f49c4000 	C:\WINDOWS\System32\ADVAPI32.dll
0x00007ff8f5210000 - 0x00007ff8f52b6000 	C:\WINDOWS\System32\sechost.dll
0x00007ff8f61c0000 - 0x00007ff8f62d6000 	C:\WINDOWS\System32\RPCRT4.dll
0x00007ff8f6300000 - 0x00007ff8f6374000 	C:\WINDOWS\System32\WS2_32.dll
0x00007ff8f3cd0000 - 0x00007ff8f3d1e000 	C:\WINDOWS\SYSTEM32\POWRPROF.dll
0x00007ff8e09f0000 - 0x00007ff8e09fb000 	C:\WINDOWS\SYSTEM32\VERSION.dll
0x00007ff8e98a0000 - 0x00007ff8e98d6000 	C:\WINDOWS\SYSTEM32\WINMM.dll
0x00007ff8f3cb0000 - 0x00007ff8f3cc4000 	C:\WINDOWS\SYSTEM32\UMPDC.dll
0x00007ff8f2c70000 - 0x00007ff8f2c8a000 	C:\WINDOWS\SYSTEM32\kernel.appcore.dll
0x00007ff8d7ec0000 - 0x00007ff8d7eca000 	c:\Users\hhp\.vscode\extensions\redhat.java-1.39.0-win32-x64\jre\21.0.5-win32-x86_64\bin\jimage.dll
0x00007ff8f1610000 - 0x00007ff8f1851000 	C:\WINDOWS\SYSTEM32\DBGHELP.DLL
0x00007ff8f5cc0000 - 0x00007ff8f603e000 	C:\WINDOWS\System32\combase.dll
0x00007ff8f57f0000 - 0x00007ff8f58c6000 	C:\WINDOWS\System32\OLEAUT32.dll
0x00007ff8cd8c0000 - 0x00007ff8cd8f9000 	C:\WINDOWS\SYSTEM32\dbgcore.DLL
0x00007ff8f3f00000 - 0x00007ff8f3f99000 	C:\WINDOWS\System32\bcryptPrimitives.dll
0x00007ff8ccdf0000 - 0x00007ff8ccdff000 	c:\Users\hhp\.vscode\extensions\redhat.java-1.39.0-win32-x64\jre\21.0.5-win32-x86_64\bin\instrument.dll
0x00007ff8b7690000 - 0x00007ff8b76af000 	c:\Users\hhp\.vscode\extensions\redhat.java-1.39.0-win32-x64\jre\21.0.5-win32-x86_64\bin\java.dll
0x00007ff8f49d0000 - 0x00007ff8f50d4000 	C:\WINDOWS\System32\SHELL32.dll
0x00007ff8f1a00000 - 0x00007ff8f2237000 	C:\WINDOWS\SYSTEM32\windows.storage.dll
0x00007ff8f6970000 - 0x00007ff8f6a59000 	C:\WINDOWS\System32\SHCORE.dll
0x00007ff8f6380000 - 0x00007ff8f63dd000 	C:\WINDOWS\System32\shlwapi.dll
0x00007ff8f3d50000 - 0x00007ff8f3d7e000 	C:\WINDOWS\SYSTEM32\profapi.dll
0x00007ff8b6b30000 - 0x00007ff8b6b48000 	c:\Users\hhp\.vscode\extensions\redhat.java-1.39.0-win32-x64\jre\21.0.5-win32-x86_64\bin\zip.dll
0x00007ff8d2630000 - 0x00007ff8d2640000 	C:\Users\hhp\.vscode\extensions\redhat.java-1.39.0-win32-x64\jre\21.0.5-win32-x86_64\bin\net.dll
0x00007ff8ea3c0000 - 0x00007ff8ea4de000 	C:\WINDOWS\SYSTEM32\WINHTTP.dll
0x00007ff8f3180000 - 0x00007ff8f31e8000 	C:\WINDOWS\system32\mswsock.dll
0x00007ff8af2d0000 - 0x00007ff8af2e6000 	C:\Users\hhp\.vscode\extensions\redhat.java-1.39.0-win32-x64\jre\21.0.5-win32-x86_64\bin\nio.dll
0x00007ff8ccde0000 - 0x00007ff8ccdf0000 	c:\Users\hhp\.vscode\extensions\redhat.java-1.39.0-win32-x64\jre\21.0.5-win32-x86_64\bin\verify.dll
0x00007ff8abde0000 - 0x00007ff8abe25000 	C:\Users\hhp\AppData\Roaming\Code\User\globalStorage\redhat.java\1.39.0\config_win\org.eclipse.equinox.launcher\org.eclipse.equinox.launcher.win32.win32.x86_64_1.2.1100.v20240722-2106\eclipse_11904.dll
0x00007ff8f5b20000 - 0x00007ff8f5cb5000 	C:\WINDOWS\System32\ole32.dll
0x00007ff8f3420000 - 0x00007ff8f343c000 	C:\WINDOWS\SYSTEM32\CRYPTSP.dll
0x00007ff8f2bd0000 - 0x00007ff8f2c08000 	C:\WINDOWS\system32\rsaenh.dll
0x00007ff8f3220000 - 0x00007ff8f324b000 	C:\WINDOWS\SYSTEM32\USERENV.dll
0x00007ff8f3660000 - 0x00007ff8f3686000 	C:\WINDOWS\SYSTEM32\bcrypt.dll
0x00007ff8f3440000 - 0x00007ff8f344c000 	C:\WINDOWS\SYSTEM32\CRYPTBASE.dll
0x00007ff8f2670000 - 0x00007ff8f26a2000 	C:\WINDOWS\SYSTEM32\IPHLPAPI.DLL
0x00007ff8f5340000 - 0x00007ff8f534a000 	C:\WINDOWS\System32\NSI.dll
0x00007ff8a8dd0000 - 0x00007ff8a8e19000 	C:\Users\hhp\AppData\Local\Temp\jna-103280\jna13544972060050246731.dll
0x00007ff8f5a10000 - 0x00007ff8f5a18000 	C:\WINDOWS\System32\PSAPI.DLL

dbghelp: loaded successfully - version: 4.0.5 - missing functions: none
symbol engine: initialized successfully - sym options: 0x614 - pdb path: .;c:\Users\hhp\.vscode\extensions\redhat.java-1.39.0-win32-x64\jre\21.0.5-win32-x86_64\bin;C:\WINDOWS\SYSTEM32;C:\WINDOWS\WinSxS\amd64_microsoft.windows.common-controls_6595b64144ccf1df_6.0.26100.3037_none_3e09262ce333c378;c:\Users\hhp\.vscode\extensions\redhat.java-1.39.0-win32-x64\jre\21.0.5-win32-x86_64\bin\server;C:\Users\hhp\AppData\Roaming\Code\User\globalStorage\redhat.java\1.39.0\config_win\org.eclipse.equinox.launcher\org.eclipse.equinox.launcher.win32.win32.x86_64_1.2.1100.v20240722-2106;C:\Users\hhp\AppData\Local\Temp\jna-103280

VM Arguments:
jvm_args: --add-modules=ALL-SYSTEM --add-opens=java.base/java.util=ALL-UNNAMED --add-opens=java.base/java.lang=ALL-UNNAMED --add-opens=java.base/sun.nio.fs=ALL-UNNAMED -Declipse.application=org.eclipse.jdt.ls.core.id1 -Dosgi.bundles.defaultStartLevel=4 -Declipse.product=org.eclipse.jdt.ls.core.product -Djava.import.generatesMetadataFilesAtProjectRoot=false -DDetectVMInstallationsJob.disabled=true -Dfile.encoding=utf8 -XX:+UseParallelGC -XX:GCTimeRatio=4 -XX:AdaptiveSizePolicyWeight=90 -Dsun.zip.disableMemoryMapping=true -Xmx1G -Xms100m -Xlog:disable -javaagent:c:\Users\hhp\.vscode\extensions\redhat.java-1.39.0-win32-x64\lombok\lombok-1.18.34.jar -XX:+HeapDumpOnOutOfMemoryError -XX:HeapDumpPath=c:\Users\hhp\AppData\Roaming\Code\User\workspaceStorage\14c17b81feb02420379e559635737696\redhat.java -Daether.dependencyCollector.impl=bf 
java_command: c:\Users\hhp\.vscode\extensions\redhat.java-1.39.0-win32-x64\server\plugins\org.eclipse.equinox.launcher_1.6.900.v20240613-2009.jar -configuration c:\Users\hhp\AppData\Roaming\Code\User\globalStorage\redhat.java\1.39.0\config_win -data c:\Users\hhp\AppData\Roaming\Code\User\workspaceStorage\14c17b81feb02420379e559635737696\redhat.java\jdt_ws --pipe=\\.\pipe\lsp-55cf4b13c5d44aeb41bdf71cc62e5bc8-sock
java_class_path (initial): c:\Users\hhp\.vscode\extensions\redhat.java-1.39.0-win32-x64\server\plugins\org.eclipse.equinox.launcher_1.6.900.v20240613-2009.jar
Launcher Type: SUN_STANDARD

[Global flags]
    uintx AdaptiveSizePolicyWeight                 = 90                                        {product} {command line}
     intx CICompilerCount                          = 4                                         {product} {ergonomic}
    uintx GCTimeRatio                              = 4                                         {product} {command line}
     bool HeapDumpOnOutOfMemoryError               = true                                   {manageable} {command line}
    ccstr HeapDumpPath                             = c:\Users\hhp\AppData\Roaming\Code\User\workspaceStorage\14c17b81feb02420379e559635737696\redhat.java         {manageable} {command line}
   size_t InitialHeapSize                          = 104857600                                 {product} {command line}
   size_t MaxHeapSize                              = 1073741824                                {product} {command line}
   size_t MaxNewSize                               = 357564416                                 {product} {ergonomic}
   size_t MinHeapDeltaBytes                        = 524288                                    {product} {ergonomic}
   size_t MinHeapSize                              = 104857600                                 {product} {command line}
   size_t NewSize                                  = 34603008                                  {product} {ergonomic}
    uintx NonNMethodCodeHeapSize                   = 5839372                                {pd product} {ergonomic}
    uintx NonProfiledCodeHeapSize                  = 122909434                              {pd product} {ergonomic}
   size_t OldSize                                  = 70254592                                  {product} {ergonomic}
    uintx ProfiledCodeHeapSize                     = 122909434                              {pd product} {ergonomic}
    uintx ReservedCodeCacheSize                    = 251658240                              {pd product} {ergonomic}
     bool SegmentedCodeCache                       = true                                      {product} {ergonomic}
   size_t SoftMaxHeapSize                          = 1073741824                             {manageable} {ergonomic}
     bool UseCompressedOops                        = true                           {product lp64_product} {ergonomic}
     bool UseLargePagesIndividualAllocation        = false                                  {pd product} {ergonomic}
     bool UseParallelGC                            = true                                      {product} {command line}

Logging:
Log output configuration:
 #0: stdout all=off uptime,level,tags foldmultilines=false
 #1: stderr all=off uptime,level,tags foldmultilines=false

Environment Variables:
JAVA_HOME=C:\Program Files\OpenLogic\jdk-17.0.14.7-hotspot
PATH=C:\Program Files\OpenLogic\jdk-17.0.14.7-hotspot\bin;C:\WINDOWS\system32;C:\WINDOWS;C:\WINDOWS\System32\Wbem;C:\WINDOWS\System32\WindowsPowerShell\v1.0\;C:\WINDOWS\System32\OpenSSH\;C:\MinGW\bin;C:\Program Files\Git\cmd;C:\Program Files (x86)\Microsoft SQL Server\160\Tools\Binn\;C:\Program Files\Microsoft SQL Server\160\Tools\Binn\;C:\Program Files\Microsoft SQL Server\Client SDK\ODBC\170\Tools\Binn\;C:\Program Files\Microsoft SQL Server\160\DTS\Binn\;C:\Program Files (x86)\Microsoft SQL Server\160\DTS\Binn\;C:\Program Files\Azure Data Studio\bin;C:\Program Files\MongoDB\Server\7.0\bin;C:\mongosh-1.10.6-win32-x64\bin;C:\Program Files\nodejs\;C:\ProgramData\chocolatey\bin;C:\Users\hhp\AppData\Local\Android\Sdk;C:\Users\hhp\AppData\Local\Android\Sdk\platform-tools;C:\Users\hhp\AppData\Local\Android\Sdk\emulator;C:\Users\hhp\AppData\Local\Android\Sdk\build-tools;C:\Users\hhp\AppData\Local\Android\Sdk\platforms;C:\Users\hhp\AppData\Local\Microsoft\WindowsApps;C:\Users\hhp\AppData\Local\Programs\Microsoft VS Code\bin;C:\Program Files\nodejs;C:\Program Files\Azure Data Studio\bin;C:\Users\hhp\AppData\Local\GitHubDesktop\bin;C:\Users\hhp\AppData\Roaming\npm;C:\Program Files\OpenLogic\jdk-17.0.14.7-hotspot\bin;C:\Users\hhp\AppData\Local\Android\Sdk;C:\Users\hhp\AppData\Local\Android\Sdk\platform-tools;C:\Users\hhp\AppData\Local\Android\Sdk\emulator;C:\Users\hhp\AppData\Local\Android\Sdk\build-tools;C:\Users\hhp\AppData\Local\Android\Sdk\platforms;
USERNAME=hhp
OS=Windows_NT
PROCESSOR_IDENTIFIER=Intel64 Family 6 Model 154 Stepping 4, GenuineIntel
TMP=C:\Users\hhp\AppData\Local\Temp
TEMP=C:\Users\hhp\AppData\Local\Temp




Periodic native trim disabled

---------------  S Y S T E M  ---------------

OS:
 Windows 11 , 64 bit Build 26100 (10.0.26100.3037)
OS uptime: 0 days 10:37 hours
Hyper-V role detected

CPU: total 12 (initial active 12) (6 cores per cpu, 2 threads per core) family 6 model 154 stepping 4 microcode 0x42c, cx8, cmov, fxsr, ht, mmx, 3dnowpref, sse, sse2, sse3, ssse3, sse4.1, sse4.2, popcnt, lzcnt, tsc, tscinvbit, avx, avx2, aes, erms, clmul, bmi1, bmi2, adx, sha, fma, vzeroupper, clflush, clflushopt, clwb, hv, serialize, rdtscp, rdpid, fsrm, f16c, cet_ibt, cet_ss
Processor Information for processor 0
  Max Mhz: 1300, Current Mhz: 1300, Mhz Limit: 1300
Processor Information for processor 1
  Max Mhz: 1300, Current Mhz: 1300, Mhz Limit: 1300
Processor Information for processor 2
  Max Mhz: 1300, Current Mhz: 1300, Mhz Limit: 1300
Processor Information for processor 3
  Max Mhz: 1300, Current Mhz: 1300, Mhz Limit: 1300
Processor Information for processor 4
  Max Mhz: 1300, Current Mhz: 900, Mhz Limit: 897
Processor Information for processor 5
  Max Mhz: 1300, Current Mhz: 900, Mhz Limit: 897
Processor Information for processor 6
  Max Mhz: 1300, Current Mhz: 900, Mhz Limit: 897
Processor Information for processor 7
  Max Mhz: 1300, Current Mhz: 900, Mhz Limit: 897
Processor Information for processor 8
  Max Mhz: 1300, Current Mhz: 900, Mhz Limit: 897
Processor Information for processor 9
  Max Mhz: 1300, Current Mhz: 900, Mhz Limit: 897
Processor Information for processor 10
  Max Mhz: 1300, Current Mhz: 900, Mhz Limit: 897
Processor Information for processor 11
  Max Mhz: 1300, Current Mhz: 900, Mhz Limit: 897

Memory: 4k page, system-wide physical 16055M (1076M free)
TotalPageFile size 60251M (AvailPageFile size 2M)
current process WorkingSet (physical memory assigned to process): 186M, peak: 187M
current process commit charge ("private bytes"): 285M, peak: 287M

vm_info: OpenJDK 64-Bit Server VM (21.0.5+11-LTS) for windows-amd64 JRE (21.0.5+11-LTS), built on 2024-10-15T00:00:00Z by "admin" with MS VC++ 17.7 (VS2022)

END.
