#
# There is insufficient memory for the Java Runtime Environment to continue.
# Native memory allocation (malloc) failed to allocate 468528 bytes. Error detail: Chunk::new
# Possible reasons:
#   The system is out of physical RAM or swap space
#   This process is running with CompressedOops enabled, and the Java Heap may be blocking the growth of the native heap
# Possible solutions:
#   Reduce memory load on the system
#   Increase physical memory or swap space
#   Check if swap backing store is full
#   Decrease Java heap size (-Xmx/-Xms)
#   Decrease number of Java threads
#   Decrease Java thread stack sizes (-Xss)
#   Set larger code cache with -XX:ReservedCodeCacheSize=
#   JVM is running with Unscaled Compressed Oops mode in which the Java heap is
#     placed in the first 4GB address space. The Java Heap base address is the
#     maximum limit for the native heap growth. Please use -XX:HeapBaseMinAddress
#     to set the Java Heap base and to place the Java Heap above 4GB virtual address.
# This output file may be truncated or incomplete.
#
#  Out of Memory Error (arena.cpp:168), pid=21848, tid=3164
#
# JRE version: OpenJDK Runtime Environment Temurin-21.0.5+11 (21.0.5+11) (build 21.0.5+11-LTS)
# Java VM: OpenJDK 64-Bit Server VM Temurin-21.0.5+11 (21.0.5+11-LTS, mixed mode, sharing, tiered, compressed oops, compressed class ptrs, parallel gc, windows-amd64)
# No core dump will be written. Minidumps are not enabled by default on client versions of Windows
#

---------------  S U M M A R Y ------------

Command Line: --add-modules=ALL-SYSTEM --add-opens=java.base/java.util=ALL-UNNAMED --add-opens=java.base/java.lang=ALL-UNNAMED --add-opens=java.base/sun.nio.fs=ALL-UNNAMED -Declipse.application=org.eclipse.jdt.ls.core.id1 -Dosgi.bundles.defaultStartLevel=4 -Declipse.product=org.eclipse.jdt.ls.core.product -Djava.import.generatesMetadataFilesAtProjectRoot=false -DDetectVMInstallationsJob.disabled=true -Dfile.encoding=utf8 -XX:+UseParallelGC -XX:GCTimeRatio=4 -XX:AdaptiveSizePolicyWeight=90 -Dsun.zip.disableMemoryMapping=true -Xmx1G -Xms100m -Xlog:disable -javaagent:c:\Users\hhp\.vscode\extensions\redhat.java-1.39.0-win32-x64\lombok\lombok-1.18.34.jar -XX:+HeapDumpOnOutOfMemoryError -XX:HeapDumpPath=c:\Users\hhp\AppData\Roaming\Code\User\workspaceStorage\14c17b81feb02420379e559635737696\redhat.java -Daether.dependencyCollector.impl=bf c:\Users\hhp\.vscode\extensions\redhat.java-1.39.0-win32-x64\server\plugins\org.eclipse.equinox.launcher_1.6.900.v20240613-2009.jar -configuration c:\Users\hhp\AppData\Roaming\Code\User\globalStorage\redhat.java\1.39.0\config_win -data c:\Users\hhp\AppData\Roaming\Code\User\workspaceStorage\14c17b81feb02420379e559635737696\redhat.java\jdt_ws --pipe=\\.\pipe\lsp-49f65b67de333c537dd2db5414d1a891-sock

Host: 12th Gen Intel(R) Core(TM) i5-1235U, 12 cores, 15G,  Windows 11 , 64 bit Build 26100 (10.0.26100.3037)
Time: Mon Feb  3 22:40:55 2025 India Standard Time elapsed time: 25.822328 seconds (0d 0h 0m 25s)

---------------  T H R E A D  ---------------

Current thread (0x000001d278a7a600):  JavaThread "C2 CompilerThread2" daemon [_thread_in_native, id=3164, stack(0x0000000385a00000,0x0000000385b00000) (1024K)]


Current CompileTask:
C2:25822 9617   !   4       java.nio.file.FileTreeWalker::next (144 bytes)

Stack: [0x0000000385a00000,0x0000000385b00000]
Native frames: (J=compiled Java code, j=interpreted, Vv=VM code, C=native code)
V  [jvm.dll+0x6cd4e9]
V  [jvm.dll+0x8a7941]
V  [jvm.dll+0x8a9e6e]
V  [jvm.dll+0x8aa543]
V  [jvm.dll+0x27f6d6]
V  [jvm.dll+0xc500d]
V  [jvm.dll+0xc5543]
V  [jvm.dll+0x3b660c]
V  [jvm.dll+0x1dfc6a]
V  [jvm.dll+0x247b22]
V  [jvm.dll+0x246faf]
V  [jvm.dll+0x1c75ce]
V  [jvm.dll+0x25682a]
V  [jvm.dll+0x254dca]
V  [jvm.dll+0x3f00d6]
V  [jvm.dll+0x8514fb]
V  [jvm.dll+0x6cbbed]
C  [ucrtbase.dll+0x37b0]
C  [KERNEL32.DLL+0x2e8d7]
C  [ntdll.dll+0xbbf2c]


---------------  P R O C E S S  ---------------

Threads class SMR info:
_java_thread_list=0x000001d27dcf2330, length=77, elements={
0x000001d21c02b6e0, 0x000001d2780044b0, 0x000001d278005100, 0x000001d278009200,
0x000001d278009d50, 0x000001d27800de70, 0x000001d278015590, 0x000001d27801c5f0,
0x000001d278023d70, 0x000001d27811a250, 0x000001d278119530, 0x000001d278119bc0,
0x000001d27811a8e0, 0x000001d27811af70, 0x000001d27811b600, 0x000001d27811bc90,
0x000001d27811c320, 0x000001d279212e00, 0x000001d279210d30, 0x000001d279213b20,
0x000001d279212770, 0x000001d278a79860, 0x000001d2792106a0, 0x000001d279213490,
0x000001d279211a50, 0x000001d278a7a600, 0x000001d279214840, 0x000001d2792120e0,
0x000001d2792141b0, 0x000001d2792113c0, 0x000001d279216fa0, 0x000001d279216910,
0x000001d279215bf0, 0x000001d279217630, 0x000001d279216280, 0x000001d279217cc0,
0x000001d279214ed0, 0x000001d279215560, 0x000001d2795c0460, 0x000001d2795be390,
0x000001d2795bea20, 0x000001d2795bcfe0, 0x000001d2795bfdd0, 0x000001d2795bf740,
0x000001d2795c1180, 0x000001d2795bdd00, 0x000001d2795c3250, 0x000001d2795c1810,
0x000001d2795c3f70, 0x000001d2795c1ea0, 0x000001d2795c2530, 0x000001d2795c4600,
0x000001d2795c2bc0, 0x000001d2795c38e0, 0x000001d278118ea0, 0x000001d27b439090,
0x000001d27b436fc0, 0x000001d27b439720, 0x000001d27b437650, 0x000001d27b439db0,
0x000001d27b436930, 0x000001d27b43a440, 0x000001d27b43aad0, 0x000001d27b437ce0,
0x000001d27b43b7f0, 0x000001d27b43b160, 0x000001d27b43be80, 0x000001d27b438a00,
0x000001d27b43c510, 0x000001d27b43cba0, 0x000001d27b43d8c0, 0x000001d27b43d230,
0x000001d27b43df50, 0x000001d27d2d4650, 0x000001d27d2d3fc0, 0x000001d27d2d2c10,
0x000001d27d2d4ce0
}

Java Threads: ( => current thread )
  0x000001d21c02b6e0 JavaThread "main"                              [_thread_blocked, id=21832, stack(0x0000000383400000,0x0000000383500000) (1024K)]
  0x000001d2780044b0 JavaThread "Reference Handler"          daemon [_thread_blocked, id=11736, stack(0x0000000383800000,0x0000000383900000) (1024K)]
  0x000001d278005100 JavaThread "Finalizer"                  daemon [_thread_blocked, id=22080, stack(0x0000000383900000,0x0000000383a00000) (1024K)]
  0x000001d278009200 JavaThread "Signal Dispatcher"          daemon [_thread_blocked, id=15740, stack(0x0000000383a00000,0x0000000383b00000) (1024K)]
  0x000001d278009d50 JavaThread "Attach Listener"            daemon [_thread_blocked, id=17840, stack(0x0000000383b00000,0x0000000383c00000) (1024K)]
  0x000001d27800de70 JavaThread "Service Thread"             daemon [_thread_blocked, id=1392, stack(0x0000000383c00000,0x0000000383d00000) (1024K)]
  0x000001d278015590 JavaThread "Monitor Deflation Thread"   daemon [_thread_blocked, id=20252, stack(0x0000000383d00000,0x0000000383e00000) (1024K)]
  0x000001d27801c5f0 JavaThread "C2 CompilerThread0"         daemon [_thread_blocked, id=9452, stack(0x0000000383e00000,0x0000000383f00000) (1024K)]
  0x000001d278023d70 JavaThread "C1 CompilerThread0"         daemon [_thread_blocked, id=18804, stack(0x0000000383f00000,0x0000000384000000) (1024K)]
  0x000001d27811a250 JavaThread "Common-Cleaner"             daemon [_thread_blocked, id=10400, stack(0x0000000384000000,0x0000000384100000) (1024K)]
  0x000001d278119530 JavaThread "Notification Thread"        daemon [_thread_blocked, id=23760, stack(0x0000000384200000,0x0000000384300000) (1024K)]
  0x000001d278119bc0 JavaThread "Active Thread: Equinox Container: ea0c9c05-aaf2-425b-9e7e-da0e755af39e"        [_thread_blocked, id=21392, stack(0x0000000384a00000,0x0000000384b00000) (1024K)]
  0x000001d27811a8e0 JavaThread "Refresh Thread: Equinox Container: ea0c9c05-aaf2-425b-9e7e-da0e755af39e" daemon [_thread_blocked, id=9104, stack(0x0000000384b00000,0x0000000384c00000) (1024K)]
  0x000001d27811af70 JavaThread "Framework Event Dispatcher: Equinox Container: ea0c9c05-aaf2-425b-9e7e-da0e755af39e" daemon [_thread_blocked, id=17576, stack(0x0000000384c00000,0x0000000384d00000) (1024K)]
  0x000001d27811b600 JavaThread "Start Level: Equinox Container: ea0c9c05-aaf2-425b-9e7e-da0e755af39e" daemon [_thread_blocked, id=18780, stack(0x0000000384d00000,0x0000000384e00000) (1024K)]
  0x000001d27811bc90 JavaThread "Bundle File Closer"         daemon [_thread_blocked, id=21120, stack(0x0000000384f00000,0x0000000385000000) (1024K)]
  0x000001d27811c320 JavaThread "SCR Component Actor"        daemon [_thread_blocked, id=24224, stack(0x0000000384100000,0x0000000384200000) (1024K)]
  0x000001d279212e00 JavaThread "Worker-JM"                         [_thread_blocked, id=22044, stack(0x0000000385200000,0x0000000385300000) (1024K)]
  0x000001d279210d30 JavaThread "JNA Cleaner"                daemon [_thread_blocked, id=23828, stack(0x0000000385300000,0x0000000385400000) (1024K)]
  0x000001d279213b20 JavaThread "Worker-0"                          [_thread_blocked, id=21772, stack(0x0000000385400000,0x0000000385500000) (1024K)]
  0x000001d279212770 JavaThread "Worker-1"                          [_thread_blocked, id=1576, stack(0x0000000385500000,0x0000000385600000) (1024K)]
  0x000001d278a79860 JavaThread "C2 CompilerThread1"         daemon [_thread_blocked, id=2008, stack(0x0000000385600000,0x0000000385700000) (1024K)]
  0x000001d2792106a0 JavaThread "Java indexing"              daemon [_thread_blocked, id=23824, stack(0x0000000385700000,0x0000000385800000) (1024K)]
  0x000001d279213490 JavaThread "Worker-2: Java indexing... "        [_thread_blocked, id=5124, stack(0x0000000385800000,0x0000000385900000) (1024K)]
  0x000001d279211a50 JavaThread "Worker-3"                          [_thread_blocked, id=7032, stack(0x0000000385900000,0x0000000385a00000) (1024K)]
=>0x000001d278a7a600 JavaThread "C2 CompilerThread2"         daemon [_thread_in_native, id=3164, stack(0x0000000385a00000,0x0000000385b00000) (1024K)]
  0x000001d279214840 JavaThread "Worker-4"                          [_thread_blocked, id=10304, stack(0x0000000385d00000,0x0000000385e00000) (1024K)]
  0x000001d2792120e0 JavaThread "Worker-5: Initialize Workspace"        [_thread_blocked, id=5188, stack(0x0000000385e00000,0x0000000385f00000) (1024K)]
  0x000001d2792141b0 JavaThread "Thread-2"                   daemon [_thread_in_native, id=11560, stack(0x0000000385f00000,0x0000000386000000) (1024K)]
  0x000001d2792113c0 JavaThread "Thread-3"                   daemon [_thread_in_native, id=2400, stack(0x0000000386000000,0x0000000386100000) (1024K)]
  0x000001d279216fa0 JavaThread "Thread-4"                   daemon [_thread_in_native, id=18748, stack(0x0000000386100000,0x0000000386200000) (1024K)]
  0x000001d279216910 JavaThread "Thread-5"                   daemon [_thread_in_native, id=4408, stack(0x0000000386200000,0x0000000386300000) (1024K)]
  0x000001d279215bf0 JavaThread "Thread-6"                   daemon [_thread_in_native, id=17476, stack(0x0000000386300000,0x0000000386400000) (1024K)]
  0x000001d279217630 JavaThread "Thread-7"                   daemon [_thread_in_native, id=24376, stack(0x0000000386400000,0x0000000386500000) (1024K)]
  0x000001d279216280 JavaThread "Thread-8"                   daemon [_thread_in_native, id=7568, stack(0x0000000386500000,0x0000000386600000) (1024K)]
  0x000001d279217cc0 JavaThread "Thread-9"                   daemon [_thread_in_native, id=5144, stack(0x0000000386600000,0x0000000386700000) (1024K)]
  0x000001d279214ed0 JavaThread "Thread-10"                  daemon [_thread_in_native, id=23436, stack(0x0000000386700000,0x0000000386800000) (1024K)]
  0x000001d279215560 JavaThread "Thread-11"                  daemon [_thread_in_native, id=7712, stack(0x0000000386800000,0x0000000386900000) (1024K)]
  0x000001d2795c0460 JavaThread "Thread-12"                  daemon [_thread_in_native, id=16280, stack(0x0000000386900000,0x0000000386a00000) (1024K)]
  0x000001d2795be390 JavaThread "Thread-13"                  daemon [_thread_in_native, id=17176, stack(0x0000000386a00000,0x0000000386b00000) (1024K)]
  0x000001d2795bea20 JavaThread "Thread-14"                  daemon [_thread_in_native, id=24024, stack(0x0000000386b00000,0x0000000386c00000) (1024K)]
  0x000001d2795bcfe0 JavaThread "pool-2-thread-1"                   [_thread_blocked, id=1548, stack(0x0000000386c00000,0x0000000386d00000) (1024K)]
  0x000001d2795bfdd0 JavaThread "WorkspaceEventsHandler"            [_thread_blocked, id=860, stack(0x0000000386d00000,0x0000000386e00000) (1024K)]
  0x000001d2795bf740 JavaThread "pool-1-thread-1"                   [_thread_blocked, id=22168, stack(0x0000000386e00000,0x0000000386f00000) (1024K)]
  0x000001d2795c1180 JavaThread "LocalFile Deleter"          daemon [_thread_blocked, id=14924, stack(0x0000000384900000,0x0000000384a00000) (1024K)]
  0x000001d2795bdd00 JavaThread "LocalFile Deleter"          daemon [_thread_blocked, id=22276, stack(0x0000000386f00000,0x0000000387000000) (1024K)]
  0x000001d2795c3250 JavaThread "LocalFile Deleter"          daemon [_thread_blocked, id=19068, stack(0x0000000387000000,0x0000000387100000) (1024K)]
  0x000001d2795c1810 JavaThread "LocalFile Deleter"          daemon [_thread_blocked, id=6516, stack(0x0000000387100000,0x0000000387200000) (1024K)]
  0x000001d2795c3f70 JavaThread "LocalFile Deleter"          daemon [_thread_blocked, id=17532, stack(0x0000000387200000,0x0000000387300000) (1024K)]
  0x000001d2795c1ea0 JavaThread "LocalFile Deleter"          daemon [_thread_blocked, id=14616, stack(0x0000000387300000,0x0000000387400000) (1024K)]
  0x000001d2795c2530 JavaThread "LocalFile Deleter"          daemon [_thread_blocked, id=21376, stack(0x0000000387400000,0x0000000387500000) (1024K)]
  0x000001d2795c4600 JavaThread "LocalFile Deleter"          daemon [_thread_blocked, id=16332, stack(0x0000000387500000,0x0000000387600000) (1024K)]
  0x000001d2795c2bc0 JavaThread "LocalFile Deleter"          daemon [_thread_blocked, id=9412, stack(0x0000000387600000,0x0000000387700000) (1024K)]
  0x000001d2795c38e0 JavaThread "LocalFile Deleter"          daemon [_thread_blocked, id=15948, stack(0x0000000387700000,0x0000000387800000) (1024K)]
  0x000001d278118ea0 JavaThread "LocalFile Deleter"          daemon [_thread_blocked, id=17572, stack(0x0000000387800000,0x0000000387900000) (1024K)]
  0x000001d27b439090 JavaThread "LocalFile Deleter"          daemon [_thread_blocked, id=420, stack(0x0000000387900000,0x0000000387a00000) (1024K)]
  0x000001d27b436fc0 JavaThread "Compiler Source File Reader" daemon [_thread_blocked, id=17292, stack(0x0000000387a00000,0x0000000387b00000) (1024K)]
  0x000001d27b439720 JavaThread "Compiler Source File Reader" daemon [_thread_blocked, id=14900, stack(0x0000000387b00000,0x0000000387c00000) (1024K)]
  0x000001d27b437650 JavaThread "Compiler Source File Reader" daemon [_thread_blocked, id=23616, stack(0x0000000387c00000,0x0000000387d00000) (1024K)]
  0x000001d27b439db0 JavaThread "Compiler Source File Reader" daemon [_thread_blocked, id=15916, stack(0x0000000387d00000,0x0000000387e00000) (1024K)]
  0x000001d27b436930 JavaThread "Compiler Source File Reader" daemon [_thread_blocked, id=16108, stack(0x0000000387e00000,0x0000000387f00000) (1024K)]
  0x000001d27b43a440 JavaThread "Compiler Source File Reader" daemon [_thread_blocked, id=20320, stack(0x0000000387f00000,0x0000000388000000) (1024K)]
  0x000001d27b43aad0 JavaThread "Compiler Source File Reader" daemon [_thread_blocked, id=11868, stack(0x0000000388000000,0x0000000388100000) (1024K)]
  0x000001d27b437ce0 JavaThread "Compiler Source File Reader" daemon [_thread_blocked, id=12628, stack(0x0000000388100000,0x0000000388200000) (1024K)]
  0x000001d27b43b7f0 JavaThread "Compiler Source File Reader" daemon [_thread_blocked, id=17936, stack(0x0000000388200000,0x0000000388300000) (1024K)]
  0x000001d27b43b160 JavaThread "Compiler Source File Reader" daemon [_thread_blocked, id=10068, stack(0x0000000388300000,0x0000000388400000) (1024K)]
  0x000001d27b43be80 JavaThread "Compiler Processing Task"   daemon [_thread_blocked, id=15852, stack(0x0000000388400000,0x0000000388500000) (1024K)]
  0x000001d27b438a00 JavaThread "Compiler Class File Writer" daemon [_thread_blocked, id=22484, stack(0x0000000388500000,0x0000000388600000) (1024K)]
  0x000001d27b43c510 JavaThread "Compiler Class File Writer" daemon [_thread_blocked, id=16888, stack(0x0000000388600000,0x0000000388700000) (1024K)]
  0x000001d27b43cba0 JavaThread "Compiler Class File Writer" daemon [_thread_blocked, id=9040, stack(0x0000000388700000,0x0000000388800000) (1024K)]
  0x000001d27b43d8c0 JavaThread "Compiler Class File Writer" daemon [_thread_blocked, id=18996, stack(0x0000000388800000,0x0000000388900000) (1024K)]
  0x000001d27b43d230 JavaThread "Compiler Class File Writer" daemon [_thread_blocked, id=21488, stack(0x0000000388900000,0x0000000388a00000) (1024K)]
  0x000001d27b43df50 JavaThread "Compiler Class File Writer" daemon [_thread_blocked, id=7212, stack(0x0000000388a00000,0x0000000388b00000) (1024K)]
  0x000001d27d2d4650 JavaThread "Compiler Class File Writer" daemon [_thread_blocked, id=22816, stack(0x0000000388b00000,0x0000000388c00000) (1024K)]
  0x000001d27d2d3fc0 JavaThread "Compiler Class File Writer" daemon [_thread_blocked, id=23776, stack(0x0000000388c00000,0x0000000388d00000) (1024K)]
  0x000001d27d2d2c10 JavaThread "Compiler Class File Writer" daemon [_thread_blocked, id=22852, stack(0x0000000388d00000,0x0000000388e00000) (1024K)]
  0x000001d27d2d4ce0 JavaThread "Compiler Class File Writer" daemon [_thread_blocked, id=24512, stack(0x0000000388e00000,0x0000000388f00000) (1024K)]
Total: 77

Other Threads:
  0x000001d230cf4960 VMThread "VM Thread"                           [id=22832, stack(0x0000000383700000,0x0000000383800000) (1024K)]
  0x000001d230beca00 WatcherThread "VM Periodic Task Thread"        [id=23500, stack(0x0000000383600000,0x0000000383700000) (1024K)]
  0x000001d21c04a7d0 WorkerThread "GC Thread#0"                     [id=24360, stack(0x0000000383500000,0x0000000383600000) (1024K)]
  0x000001d2785a1910 WorkerThread "GC Thread#1"                     [id=15812, stack(0x0000000384300000,0x0000000384400000) (1024K)]
  0x000001d278cbc9a0 WorkerThread "GC Thread#2"                     [id=8772, stack(0x0000000384400000,0x0000000384500000) (1024K)]
  0x000001d278cbcd40 WorkerThread "GC Thread#3"                     [id=6352, stack(0x0000000384500000,0x0000000384600000) (1024K)]
  0x000001d278cbd0e0 WorkerThread "GC Thread#4"                     [id=24336, stack(0x0000000384600000,0x0000000384700000) (1024K)]
  0x000001d278cbd480 WorkerThread "GC Thread#5"                     [id=2980, stack(0x0000000384700000,0x0000000384800000) (1024K)]
  0x000001d278cbd820 WorkerThread "GC Thread#6"                     [id=8176, stack(0x0000000384800000,0x0000000384900000) (1024K)]
  0x000001d278f88880 WorkerThread "GC Thread#7"                     [id=15672, stack(0x0000000384e00000,0x0000000384f00000) (1024K)]
  0x000001d279114f10 WorkerThread "GC Thread#8"                     [id=1624, stack(0x0000000385000000,0x0000000385100000) (1024K)]
  0x000001d2791152b0 WorkerThread "GC Thread#9"                     [id=22472, stack(0x0000000385100000,0x0000000385200000) (1024K)]
Total: 12

Threads with active compile tasks:
C2 CompilerThread0  25880 9662       4       sun.nio.fs.Globs::toRegexPattern (745 bytes)
C2 CompilerThread1  25880 9656       4       sun.nio.fs.WindowsPathParser::parse (504 bytes)
C2 CompilerThread2  25880 9617   !   4       java.nio.file.FileTreeWalker::next (144 bytes)
Total: 3

VM state: at safepoint (normal execution)

VM Mutex/Monitor currently owned by a thread:  ([mutex/lock_event])
[0x00007ff82d03d380] Threads_lock - owner thread: 0x000001d230cf4960
[0x00007ff82d03d480] Heap_lock - owner thread: 0x000001d2792120e0
[0x00007ff82d03d900] PSOldGenExpand_lock - owner thread: 0x000001d278cbd820

Heap address: 0x00000000c0000000, size: 1024 MB, Compressed Oops mode: 32-bit

CDS archive(s) mapped at: [0x000001d231000000-0x000001d231ba0000-0x000001d231ba0000), size 12189696, SharedBaseAddress: 0x000001d231000000, ArchiveRelocationMode: 1.
Compressed class space mapped at: 0x000001d232000000-0x000001d272000000, reserved size: 1073741824
Narrow klass base: 0x000001d231000000, Narrow klass shift: 0, Narrow klass range: 0x100000000

GC Precious Log:
 CardTable entry size: 512
 CPUs: 12 total, 12 available
 Memory: 16055M
 Large Page Support: Disabled
 NUMA Support: Disabled
 Compressed Oops: Enabled (32-bit)
 Alignments: Space 512K, Generation 512K, Heap 2M
 Heap Min Capacity: 100M
 Heap Initial Capacity: 100M
 Heap Max Capacity: 1G
 Pre-touch: Disabled
 Parallel Workers: 10

Heap:
 PSYoungGen      total 6656K, used 6290K [0x00000000eab00000, 0x00000000eb300000, 0x0000000100000000)
  eden space 5120K, 100% used [0x00000000eab00000,0x00000000eb000000,0x00000000eb000000)
  from space 1536K, 76% used [0x00000000eb180000,0x00000000eb2a4a10,0x00000000eb300000)
  to   space 1536K, 48% used [0x00000000eb000000,0x00000000eb0b8ff8,0x00000000eb180000)
 ParOldGen       total 158720K, used 158713K [0x00000000c0000000, 0x00000000c9b00000, 0x00000000eab00000)
  object space 158720K, 99% used [0x00000000c0000000,0x00000000c9afe790,0x00000000c9b00000)
 Metaspace       used 56812K, committed 58048K, reserved 1114112K
  class space    used 5859K, committed 6336K, reserved 1048576K

Card table byte_map: [0x000001d22e5a0000,0x000001d22e7b0000] _byte_map_base: 0x000001d22dfa0000

Marking Bits: (ParMarkBitMap*) 0x00007ff82d042250
 Begin Bits: [0x000001d22e910000, 0x000001d22f910000)
 End Bits:   [0x000001d22f910000, 0x000001d230910000)

Polling page: 0x000001d21a770000

Metaspace:

Usage:
  Non-class:     49.76 MB used.
      Class:      5.72 MB used.
       Both:     55.48 MB used.

Virtual space:
  Non-class space:       64.00 MB reserved,      50.50 MB ( 79%) committed,  1 nodes.
      Class space:        1.00 GB reserved,       6.19 MB ( <1%) committed,  1 nodes.
             Both:        1.06 GB reserved,      56.69 MB (  5%) committed. 

Chunk freelists:
   Non-Class:  12.98 MB
       Class:  9.63 MB
        Both:  22.61 MB

MaxMetaspaceSize: unlimited
CompressedClassSpaceSize: 1.00 GB
Initial GC threshold: 21.00 MB
Current GC threshold: 58.38 MB
CDS: on
 - commit_granule_bytes: 65536.
 - commit_granule_words: 8192.
 - virtual_space_node_default_size: 8388608.
 - enlarge_chunks_in_place: 1.
 - use_allocation_guard: 0.


Internal statistics:

num_allocs_failed_limit: 6.
num_arena_births: 916.
num_arena_deaths: 26.
num_vsnodes_births: 2.
num_vsnodes_deaths: 0.
num_space_committed: 907.
num_space_uncommitted: 0.
num_chunks_returned_to_freelist: 36.
num_chunks_taken_from_freelist: 3478.
num_chunk_merges: 13.
num_chunk_splits: 2161.
num_chunks_enlarged: 1277.
num_inconsistent_stats: 0.

CodeHeap 'non-profiled nmethods': size=120000Kb used=6473Kb max_used=6473Kb free=113527Kb
 bounds [0x000001d226e90000, 0x000001d2274f0000, 0x000001d22e3c0000]
CodeHeap 'profiled nmethods': size=120000Kb used=19618Kb max_used=19618Kb free=100381Kb
 bounds [0x000001d21f3c0000, 0x000001d2206f0000, 0x000001d2268f0000]
CodeHeap 'non-nmethods': size=5760Kb used=1414Kb max_used=1501Kb free=4345Kb
 bounds [0x000001d2268f0000, 0x000001d226b60000, 0x000001d226e90000]
 total_blobs=9778 nmethods=9055 adapters=629
 compilation: enabled
              stopped_count=0, restarted_count=0
 full_count=0

Compilation events (20 events):
Event: 23.681 Thread 0x000001d278023d70 9654       3       sun.nio.fs.WindowsFileAttributes::fromFileInformation (146 bytes)
Event: 23.681 Thread 0x000001d278023d70 nmethod 9654 0x000001d2206e1b10 code [0x000001d2206e1d20, 0x000001d2206e2358]
Event: 23.703 Thread 0x000001d27801c5f0 9655       4       org.eclipse.jdt.internal.core.search.indexing.BinaryIndexer::convertToArrayType (75 bytes)
Event: 23.708 Thread 0x000001d278a79860 9656       4       sun.nio.fs.WindowsPathParser::parse (504 bytes)
Event: 23.718 Thread 0x000001d27801c5f0 nmethod 9655 0x000001d2274e1190 code [0x000001d2274e1340, 0x000001d2274e1800]
Event: 23.728 Thread 0x000001d278023d70 9659       3       java.util.ArrayDeque$DeqIterator::next (62 bytes)
Event: 23.729 Thread 0x000001d278023d70 nmethod 9659 0x000001d2206e2710 code [0x000001d2206e2900, 0x000001d2206e2d68]
Event: 23.729 Thread 0x000001d278023d70 9660       3       java.util.ArrayDeque::nonNullElementAt (18 bytes)
Event: 23.729 Thread 0x000001d278023d70 nmethod 9660 0x000001d2206e2f90 code [0x000001d2206e3140, 0x000001d2206e3360]
Event: 23.729 Thread 0x000001d278023d70 9661       3       sun.nio.fs.WindowsFileAttributes::isSameFile (39 bytes)
Event: 23.730 Thread 0x000001d278023d70 nmethod 9661 0x000001d2206e3490 code [0x000001d2206e3640, 0x000001d2206e37f8]
Event: 23.730 Thread 0x000001d27801c5f0 9662       4       sun.nio.fs.Globs::toRegexPattern (745 bytes)
Event: 23.793 Thread 0x000001d278023d70 9666       3       java.util.regex.Pattern$SliceU::match (99 bytes)
Event: 23.795 Thread 0x000001d278023d70 nmethod 9666 0x000001d2206e3910 code [0x000001d2206e3b40, 0x000001d2206e42b8]
Event: 23.797 Thread 0x000001d278023d70 9668 % !   3       java.util.concurrent.ConcurrentHashMap::transfer @ 437 (849 bytes)
Event: 23.803 Thread 0x000001d278023d70 nmethod 9668% 0x000001d2206e4590 code [0x000001d2206e49c0, 0x000001d2206e7150]
Event: 23.803 Thread 0x000001d278023d70 9669       1       sun.nio.fs.WindowsNativeDispatcher$FirstFile::handle (5 bytes)
Event: 23.803 Thread 0x000001d278023d70 nmethod 9669 0x000001d2274e1e10 code [0x000001d2274e1fa0, 0x000001d2274e2068]
Event: 23.803 Thread 0x000001d278023d70 9670       1       sun.nio.fs.WindowsNativeDispatcher$FirstFile::name (5 bytes)
Event: 23.803 Thread 0x000001d278023d70 nmethod 9670 0x000001d2274e2110 code [0x000001d2274e22a0, 0x000001d2274e2368]

GC Heap History (20 events):
Event: 23.369 GC heap after
{Heap after GC invocations=93 (full 2):
 PSYoungGen      total 6656K, used 1229K [0x00000000eab00000, 0x00000000eb400000, 0x0000000100000000)
  eden space 5120K, 0% used [0x00000000eab00000,0x00000000eab00000,0x00000000eb000000)
  from space 1536K, 80% used [0x00000000eb000000,0x00000000eb133570,0x00000000eb180000)
  to   space 2048K, 0% used [0x00000000eb200000,0x00000000eb200000,0x00000000eb400000)
 ParOldGen       total 148992K, used 148579K [0x00000000c0000000, 0x00000000c9180000, 0x00000000eab00000)
  object space 148992K, 99% used [0x00000000c0000000,0x00000000c9118f28,0x00000000c9180000)
 Metaspace       used 56402K, committed 57600K, reserved 1114112K
  class space    used 5826K, committed 6336K, reserved 1048576K
}
Event: 23.406 GC heap before
{Heap before GC invocations=94 (full 2):
 PSYoungGen      total 6656K, used 6349K [0x00000000eab00000, 0x00000000eb400000, 0x0000000100000000)
  eden space 5120K, 100% used [0x00000000eab00000,0x00000000eb000000,0x00000000eb000000)
  from space 1536K, 80% used [0x00000000eb000000,0x00000000eb133570,0x00000000eb180000)
  to   space 2048K, 0% used [0x00000000eb200000,0x00000000eb200000,0x00000000eb400000)
 ParOldGen       total 148992K, used 148579K [0x00000000c0000000, 0x00000000c9180000, 0x00000000eab00000)
  object space 148992K, 99% used [0x00000000c0000000,0x00000000c9118f28,0x00000000c9180000)
 Metaspace       used 56528K, committed 57792K, reserved 1114112K
  class space    used 5836K, committed 6336K, reserved 1048576K
}
Event: 23.409 GC heap after
{Heap after GC invocations=94 (full 2):
 PSYoungGen      total 6656K, used 1198K [0x00000000eab00000, 0x00000000eb380000, 0x0000000100000000)
  eden space 5120K, 0% used [0x00000000eab00000,0x00000000eab00000,0x00000000eb000000)
  from space 1536K, 78% used [0x00000000eb200000,0x00000000eb32bab0,0x00000000eb380000)
  to   space 1536K, 0% used [0x00000000eb000000,0x00000000eb000000,0x00000000eb180000)
 ParOldGen       total 150016K, used 149652K [0x00000000c0000000, 0x00000000c9280000, 0x00000000eab00000)
  object space 150016K, 99% used [0x00000000c0000000,0x00000000c9225188,0x00000000c9280000)
 Metaspace       used 56528K, committed 57792K, reserved 1114112K
  class space    used 5836K, committed 6336K, reserved 1048576K
}
Event: 23.444 GC heap before
{Heap before GC invocations=95 (full 2):
 PSYoungGen      total 6656K, used 6318K [0x00000000eab00000, 0x00000000eb380000, 0x0000000100000000)
  eden space 5120K, 100% used [0x00000000eab00000,0x00000000eb000000,0x00000000eb000000)
  from space 1536K, 78% used [0x00000000eb200000,0x00000000eb32bab0,0x00000000eb380000)
  to   space 1536K, 0% used [0x00000000eb000000,0x00000000eb000000,0x00000000eb180000)
 ParOldGen       total 150016K, used 149652K [0x00000000c0000000, 0x00000000c9280000, 0x00000000eab00000)
  object space 150016K, 99% used [0x00000000c0000000,0x00000000c9225188,0x00000000c9280000)
 Metaspace       used 56666K, committed 57920K, reserved 1114112K
  class space    used 5848K, committed 6336K, reserved 1048576K
}
Event: 23.446 GC heap after
{Heap after GC invocations=95 (full 2):
 PSYoungGen      total 6656K, used 1174K [0x00000000eab00000, 0x00000000eb300000, 0x0000000100000000)
  eden space 5120K, 0% used [0x00000000eab00000,0x00000000eab00000,0x00000000eb000000)
  from space 1536K, 76% used [0x00000000eb000000,0x00000000eb125a70,0x00000000eb180000)
  to   space 1536K, 0% used [0x00000000eb180000,0x00000000eb180000,0x00000000eb300000)
 ParOldGen       total 151040K, used 150695K [0x00000000c0000000, 0x00000000c9380000, 0x00000000eab00000)
  object space 151040K, 99% used [0x00000000c0000000,0x00000000c9329d68,0x00000000c9380000)
 Metaspace       used 56666K, committed 57920K, reserved 1114112K
  class space    used 5848K, committed 6336K, reserved 1048576K
}
Event: 23.482 GC heap before
{Heap before GC invocations=96 (full 2):
 PSYoungGen      total 6656K, used 6294K [0x00000000eab00000, 0x00000000eb300000, 0x0000000100000000)
  eden space 5120K, 100% used [0x00000000eab00000,0x00000000eb000000,0x00000000eb000000)
  from space 1536K, 76% used [0x00000000eb000000,0x00000000eb125a70,0x00000000eb180000)
  to   space 1536K, 0% used [0x00000000eb180000,0x00000000eb180000,0x00000000eb300000)
 ParOldGen       total 151040K, used 150695K [0x00000000c0000000, 0x00000000c9380000, 0x00000000eab00000)
  object space 151040K, 99% used [0x00000000c0000000,0x00000000c9329d68,0x00000000c9380000)
 Metaspace       used 56794K, committed 58048K, reserved 1114112K
  class space    used 5859K, committed 6336K, reserved 1048576K
}
Event: 23.486 GC heap after
{Heap after GC invocations=96 (full 2):
 PSYoungGen      total 6656K, used 1197K [0x00000000eab00000, 0x00000000eb300000, 0x0000000100000000)
  eden space 5120K, 0% used [0x00000000eab00000,0x00000000eab00000,0x00000000eb000000)
  from space 1536K, 77% used [0x00000000eb180000,0x00000000eb2ab550,0x00000000eb300000)
  to   space 1536K, 0% used [0x00000000eb000000,0x00000000eb000000,0x00000000eb180000)
 ParOldGen       total 152064K, used 151751K [0x00000000c0000000, 0x00000000c9480000, 0x00000000eab00000)
  object space 152064K, 99% used [0x00000000c0000000,0x00000000c9431e50,0x00000000c9480000)
 Metaspace       used 56794K, committed 58048K, reserved 1114112K
  class space    used 5859K, committed 6336K, reserved 1048576K
}
Event: 23.535 GC heap before
{Heap before GC invocations=97 (full 2):
 PSYoungGen      total 6656K, used 6317K [0x00000000eab00000, 0x00000000eb300000, 0x0000000100000000)
  eden space 5120K, 100% used [0x00000000eab00000,0x00000000eb000000,0x00000000eb000000)
  from space 1536K, 77% used [0x00000000eb180000,0x00000000eb2ab550,0x00000000eb300000)
  to   space 1536K, 0% used [0x00000000eb000000,0x00000000eb000000,0x00000000eb180000)
 ParOldGen       total 152064K, used 151751K [0x00000000c0000000, 0x00000000c9480000, 0x00000000eab00000)
  object space 152064K, 99% used [0x00000000c0000000,0x00000000c9431e50,0x00000000c9480000)
 Metaspace       used 56800K, committed 58048K, reserved 1114112K
  class space    used 5859K, committed 6336K, reserved 1048576K
}
Event: 23.537 GC heap after
{Heap after GC invocations=97 (full 2):
 PSYoungGen      total 6656K, used 1235K [0x00000000eab00000, 0x00000000eb300000, 0x0000000100000000)
  eden space 5120K, 0% used [0x00000000eab00000,0x00000000eab00000,0x00000000eb000000)
  from space 1536K, 80% used [0x00000000eb000000,0x00000000eb134e00,0x00000000eb180000)
  to   space 1536K, 0% used [0x00000000eb180000,0x00000000eb180000,0x00000000eb300000)
 ParOldGen       total 153088K, used 152800K [0x00000000c0000000, 0x00000000c9580000, 0x00000000eab00000)
  object space 153088K, 99% used [0x00000000c0000000,0x00000000c95381c8,0x00000000c9580000)
 Metaspace       used 56800K, committed 58048K, reserved 1114112K
  class space    used 5859K, committed 6336K, reserved 1048576K
}
Event: 23.581 GC heap before
{Heap before GC invocations=98 (full 2):
 PSYoungGen      total 6656K, used 6355K [0x00000000eab00000, 0x00000000eb300000, 0x0000000100000000)
  eden space 5120K, 100% used [0x00000000eab00000,0x00000000eb000000,0x00000000eb000000)
  from space 1536K, 80% used [0x00000000eb000000,0x00000000eb134e00,0x00000000eb180000)
  to   space 1536K, 0% used [0x00000000eb180000,0x00000000eb180000,0x00000000eb300000)
 ParOldGen       total 153088K, used 152800K [0x00000000c0000000, 0x00000000c9580000, 0x00000000eab00000)
  object space 153088K, 99% used [0x00000000c0000000,0x00000000c95381c8,0x00000000c9580000)
 Metaspace       used 56806K, committed 58048K, reserved 1114112K
  class space    used 5859K, committed 6336K, reserved 1048576K
}
Event: 23.585 GC heap after
{Heap after GC invocations=98 (full 2):
 PSYoungGen      total 6656K, used 1229K [0x00000000eab00000, 0x00000000eb300000, 0x0000000100000000)
  eden space 5120K, 0% used [0x00000000eab00000,0x00000000eab00000,0x00000000eb000000)
  from space 1536K, 80% used [0x00000000eb180000,0x00000000eb2b3668,0x00000000eb300000)
  to   space 1536K, 0% used [0x00000000eb000000,0x00000000eb000000,0x00000000eb180000)
 ParOldGen       total 154112K, used 153879K [0x00000000c0000000, 0x00000000c9680000, 0x00000000eab00000)
  object space 154112K, 99% used [0x00000000c0000000,0x00000000c9645cd0,0x00000000c9680000)
 Metaspace       used 56806K, committed 58048K, reserved 1114112K
  class space    used 5859K, committed 6336K, reserved 1048576K
}
Event: 23.627 GC heap before
{Heap before GC invocations=99 (full 2):
 PSYoungGen      total 6656K, used 6349K [0x00000000eab00000, 0x00000000eb300000, 0x0000000100000000)
  eden space 5120K, 100% used [0x00000000eab00000,0x00000000eb000000,0x00000000eb000000)
  from space 1536K, 80% used [0x00000000eb180000,0x00000000eb2b3668,0x00000000eb300000)
  to   space 1536K, 0% used [0x00000000eb000000,0x00000000eb000000,0x00000000eb180000)
 ParOldGen       total 154112K, used 153879K [0x00000000c0000000, 0x00000000c9680000, 0x00000000eab00000)
  object space 154112K, 99% used [0x00000000c0000000,0x00000000c9645cd0,0x00000000c9680000)
 Metaspace       used 56809K, committed 58048K, reserved 1114112K
  class space    used 5859K, committed 6336K, reserved 1048576K
}
Event: 23.631 GC heap after
{Heap after GC invocations=99 (full 2):
 PSYoungGen      total 6656K, used 1204K [0x00000000eab00000, 0x00000000eb300000, 0x0000000100000000)
  eden space 5120K, 0% used [0x00000000eab00000,0x00000000eab00000,0x00000000eb000000)
  from space 1536K, 78% used [0x00000000eb000000,0x00000000eb12d138,0x00000000eb180000)
  to   space 1536K, 0% used [0x00000000eb180000,0x00000000eb180000,0x00000000eb300000)
 ParOldGen       total 155136K, used 154966K [0x00000000c0000000, 0x00000000c9780000, 0x00000000eab00000)
  object space 155136K, 99% used [0x00000000c0000000,0x00000000c9755bc0,0x00000000c9780000)
 Metaspace       used 56809K, committed 58048K, reserved 1114112K
  class space    used 5859K, committed 6336K, reserved 1048576K
}
Event: 23.675 GC heap before
{Heap before GC invocations=100 (full 2):
 PSYoungGen      total 6656K, used 6324K [0x00000000eab00000, 0x00000000eb300000, 0x0000000100000000)
  eden space 5120K, 100% used [0x00000000eab00000,0x00000000eb000000,0x00000000eb000000)
  from space 1536K, 78% used [0x00000000eb000000,0x00000000eb12d138,0x00000000eb180000)
  to   space 1536K, 0% used [0x00000000eb180000,0x00000000eb180000,0x00000000eb300000)
 ParOldGen       total 155136K, used 154966K [0x00000000c0000000, 0x00000000c9780000, 0x00000000eab00000)
  object space 155136K, 99% used [0x00000000c0000000,0x00000000c9755bc0,0x00000000c9780000)
 Metaspace       used 56810K, committed 58048K, reserved 1114112K
  class space    used 5859K, committed 6336K, reserved 1048576K
}
Event: 23.678 GC heap after
{Heap after GC invocations=100 (full 2):
 PSYoungGen      total 6656K, used 1254K [0x00000000eab00000, 0x00000000eb300000, 0x0000000100000000)
  eden space 5120K, 0% used [0x00000000eab00000,0x00000000eab00000,0x00000000eb000000)
  from space 1536K, 81% used [0x00000000eb180000,0x00000000eb2b9808,0x00000000eb300000)
  to   space 1536K, 0% used [0x00000000eb000000,0x00000000eb000000,0x00000000eb180000)
 ParOldGen       total 156160K, used 156062K [0x00000000c0000000, 0x00000000c9880000, 0x00000000eab00000)
  object space 156160K, 99% used [0x00000000c0000000,0x00000000c9867868,0x00000000c9880000)
 Metaspace       used 56810K, committed 58048K, reserved 1114112K
  class space    used 5859K, committed 6336K, reserved 1048576K
}
Event: 23.722 GC heap before
{Heap before GC invocations=101 (full 2):
 PSYoungGen      total 6656K, used 6374K [0x00000000eab00000, 0x00000000eb300000, 0x0000000100000000)
  eden space 5120K, 100% used [0x00000000eab00000,0x00000000eb000000,0x00000000eb000000)
  from space 1536K, 81% used [0x00000000eb180000,0x00000000eb2b9808,0x00000000eb300000)
  to   space 1536K, 0% used [0x00000000eb000000,0x00000000eb000000,0x00000000eb180000)
 ParOldGen       total 156160K, used 156062K [0x00000000c0000000, 0x00000000c9880000, 0x00000000eab00000)
  object space 156160K, 99% used [0x00000000c0000000,0x00000000c9867868,0x00000000c9880000)
 Metaspace       used 56811K, committed 58048K, reserved 1114112K
  class space    used 5859K, committed 6336K, reserved 1048576K
}
Event: 23.725 GC heap after
{Heap after GC invocations=101 (full 2):
 PSYoungGen      total 6656K, used 1210K [0x00000000eab00000, 0x00000000eb300000, 0x0000000100000000)
  eden space 5120K, 0% used [0x00000000eab00000,0x00000000eab00000,0x00000000eb000000)
  from space 1536K, 78% used [0x00000000eb000000,0x00000000eb12e8f0,0x00000000eb180000)
  to   space 1536K, 0% used [0x00000000eb180000,0x00000000eb180000,0x00000000eb300000)
 ParOldGen       total 157184K, used 157179K [0x00000000c0000000, 0x00000000c9980000, 0x00000000eab00000)
  object space 157184K, 99% used [0x00000000c0000000,0x00000000c997ee20,0x00000000c9980000)
 Metaspace       used 56811K, committed 58048K, reserved 1114112K
  class space    used 5859K, committed 6336K, reserved 1048576K
}
Event: 23.768 GC heap before
{Heap before GC invocations=102 (full 2):
 PSYoungGen      total 6656K, used 6330K [0x00000000eab00000, 0x00000000eb300000, 0x0000000100000000)
  eden space 5120K, 100% used [0x00000000eab00000,0x00000000eb000000,0x00000000eb000000)
  from space 1536K, 78% used [0x00000000eb000000,0x00000000eb12e8f0,0x00000000eb180000)
  to   space 1536K, 0% used [0x00000000eb180000,0x00000000eb180000,0x00000000eb300000)
 ParOldGen       total 157184K, used 157179K [0x00000000c0000000, 0x00000000c9980000, 0x00000000eab00000)
  object space 157184K, 99% used [0x00000000c0000000,0x00000000c997ee20,0x00000000c9980000)
 Metaspace       used 56812K, committed 58048K, reserved 1114112K
  class space    used 5859K, committed 6336K, reserved 1048576K
}
Event: 23.770 GC heap after
{Heap after GC invocations=102 (full 2):
 PSYoungGen      total 6656K, used 1170K [0x00000000eab00000, 0x00000000eb300000, 0x0000000100000000)
  eden space 5120K, 0% used [0x00000000eab00000,0x00000000eab00000,0x00000000eb000000)
  from space 1536K, 76% used [0x00000000eb180000,0x00000000eb2a4a10,0x00000000eb300000)
  to   space 1536K, 0% used [0x00000000eb000000,0x00000000eb000000,0x00000000eb180000)
 ParOldGen       total 158720K, used 158272K [0x00000000c0000000, 0x00000000c9b00000, 0x00000000eab00000)
  object space 158720K, 99% used [0x00000000c0000000,0x00000000c9a90148,0x00000000c9b00000)
 Metaspace       used 56812K, committed 58048K, reserved 1114112K
  class space    used 5859K, committed 6336K, reserved 1048576K
}
Event: 23.809 GC heap before
{Heap before GC invocations=103 (full 2):
 PSYoungGen      total 6656K, used 6290K [0x00000000eab00000, 0x00000000eb300000, 0x0000000100000000)
  eden space 5120K, 100% used [0x00000000eab00000,0x00000000eb000000,0x00000000eb000000)
  from space 1536K, 76% used [0x00000000eb180000,0x00000000eb2a4a10,0x00000000eb300000)
  to   space 1536K, 0% used [0x00000000eb000000,0x00000000eb000000,0x00000000eb180000)
 ParOldGen       total 158720K, used 158272K [0x00000000c0000000, 0x00000000c9b00000, 0x00000000eab00000)
  object space 158720K, 99% used [0x00000000c0000000,0x00000000c9a90148,0x00000000c9b00000)
 Metaspace       used 56812K, committed 58048K, reserved 1114112K
  class space    used 5859K, committed 6336K, reserved 1048576K
}

Dll operation events (10 events):
Event: 0.041 Loaded shared library c:\Users\hhp\.vscode\extensions\redhat.java-1.39.0-win32-x64\jre\21.0.5-win32-x86_64\bin\java.dll
Event: 0.199 Loaded shared library c:\Users\hhp\.vscode\extensions\redhat.java-1.39.0-win32-x64\jre\21.0.5-win32-x86_64\bin\zip.dll
Event: 0.269 Loaded shared library C:\Users\hhp\.vscode\extensions\redhat.java-1.39.0-win32-x64\jre\21.0.5-win32-x86_64\bin\instrument.dll
Event: 0.281 Loaded shared library C:\Users\hhp\.vscode\extensions\redhat.java-1.39.0-win32-x64\jre\21.0.5-win32-x86_64\bin\net.dll
Event: 0.286 Loaded shared library C:\Users\hhp\.vscode\extensions\redhat.java-1.39.0-win32-x64\jre\21.0.5-win32-x86_64\bin\nio.dll
Event: 0.295 Loaded shared library C:\Users\hhp\.vscode\extensions\redhat.java-1.39.0-win32-x64\jre\21.0.5-win32-x86_64\bin\zip.dll
Event: 0.338 Loaded shared library C:\Users\hhp\.vscode\extensions\redhat.java-1.39.0-win32-x64\jre\21.0.5-win32-x86_64\bin\jimage.dll
Event: 0.497 Loaded shared library c:\Users\hhp\.vscode\extensions\redhat.java-1.39.0-win32-x64\jre\21.0.5-win32-x86_64\bin\verify.dll
Event: 2.942 Loaded shared library C:\Users\hhp\AppData\Roaming\Code\User\globalStorage\redhat.java\1.39.0\config_win\org.eclipse.equinox.launcher\org.eclipse.equinox.launcher.win32.win32.x86_64_1.2.1100.v20240722-2106\eclipse_11904.dll
Event: 6.779 Loaded shared library C:\Users\hhp\AppData\Local\Temp\jna-103280\jna3031887539970739297.dll

Deoptimization events (20 events):
Event: 23.488 Thread 0x000001d2792120e0 DEOPT PACKING pc=0x000001d2272c40e4 sp=0x0000000385efebd0
Event: 23.488 Thread 0x000001d2792120e0 DEOPT UNPACKING pc=0x000001d226943aa2 sp=0x0000000385efeb50 mode 2
Event: 23.492 Thread 0x000001d2792120e0 Uncommon trap: trap_request=0xffffffde fr.pc=0x000001d2272c40e4 relative=0x0000000000000284
Event: 23.492 Thread 0x000001d2792120e0 Uncommon trap: reason=class_check action=maybe_recompile pc=0x000001d2272c40e4 method=sun.nio.fs.WindowsPath.compareTo(Ljava/nio/file/Path;)I @ 18 c2
Event: 23.492 Thread 0x000001d2792120e0 DEOPT PACKING pc=0x000001d2272c40e4 sp=0x0000000385efebd0
Event: 23.492 Thread 0x000001d2792120e0 DEOPT UNPACKING pc=0x000001d226943aa2 sp=0x0000000385efeb50 mode 2
Event: 23.495 Thread 0x000001d2792120e0 Uncommon trap: trap_request=0xffffffde fr.pc=0x000001d2272c40e4 relative=0x0000000000000284
Event: 23.495 Thread 0x000001d2792120e0 Uncommon trap: reason=class_check action=maybe_recompile pc=0x000001d2272c40e4 method=sun.nio.fs.WindowsPath.compareTo(Ljava/nio/file/Path;)I @ 18 c2
Event: 23.495 Thread 0x000001d2792120e0 DEOPT PACKING pc=0x000001d2272c40e4 sp=0x0000000385efebd0
Event: 23.495 Thread 0x000001d2792120e0 DEOPT UNPACKING pc=0x000001d226943aa2 sp=0x0000000385efeb50 mode 2
Event: 23.498 Thread 0x000001d2792120e0 Uncommon trap: trap_request=0xffffffde fr.pc=0x000001d2272c40e4 relative=0x0000000000000284
Event: 23.498 Thread 0x000001d2792120e0 Uncommon trap: reason=class_check action=maybe_recompile pc=0x000001d2272c40e4 method=sun.nio.fs.WindowsPath.compareTo(Ljava/nio/file/Path;)I @ 18 c2
Event: 23.498 Thread 0x000001d2792120e0 DEOPT PACKING pc=0x000001d2272c40e4 sp=0x0000000385efebd0
Event: 23.498 Thread 0x000001d2792120e0 DEOPT UNPACKING pc=0x000001d226943aa2 sp=0x0000000385efeb50 mode 2
Event: 23.793 Thread 0x000001d2792120e0 Uncommon trap: trap_request=0xffffff45 fr.pc=0x000001d2274da784 relative=0x00000000000001a4
Event: 23.793 Thread 0x000001d2792120e0 Uncommon trap: reason=unstable_if action=reinterpret pc=0x000001d2274da784 method=java.util.regex.Pattern$SliceU.match(Ljava/util/regex/Matcher;ILjava/lang/CharSequence;)Z @ 18 c2
Event: 23.793 Thread 0x000001d2792120e0 DEOPT PACKING pc=0x000001d2274da784 sp=0x0000000385efec40
Event: 23.793 Thread 0x000001d2792120e0 DEOPT UNPACKING pc=0x000001d226943aa2 sp=0x0000000385efebc8 mode 2
Event: 23.796 Thread 0x000001d2792106a0 DEOPT PACKING pc=0x000001d21fe6b1d6 sp=0x00000003857fe820
Event: 23.796 Thread 0x000001d2792106a0 DEOPT UNPACKING pc=0x000001d226944242 sp=0x00000003857fdd30 mode 0

Classes loaded (20 events):
Event: 21.832 Loading class java/util/regex/PatternSyntaxException
Event: 21.832 Loading class java/util/regex/PatternSyntaxException done
Event: 21.838 Loading class java/util/ImmutableCollections$SubList
Event: 21.838 Loading class java/util/ImmutableCollections$SubList done
Event: 23.418 Loading class java/util/TreeMap$ValueSpliterator
Event: 23.419 Loading class java/util/TreeMap$TreeMapSpliterator
Event: 23.419 Loading class java/util/TreeMap$TreeMapSpliterator done
Event: 23.419 Loading class java/util/TreeMap$ValueSpliterator done
Event: 23.461 Loading class java/util/concurrent/CompletionException
Event: 23.461 Loading class java/util/concurrent/CompletionException done
Event: 23.474 Loading class java/nio/file/FileTreeWalker$1
Event: 23.474 Loading class java/nio/file/FileTreeWalker$1 done
Event: 23.475 Loading class sun/nio/fs/Globs
Event: 23.476 Loading class sun/nio/fs/Globs done
Event: 23.476 Loading class java/util/regex/Pattern$SliceU
Event: 23.476 Loading class java/util/regex/Pattern$SliceU done
Event: 23.476 Loading class sun/nio/fs/WindowsFileSystem$2
Event: 23.476 Loading class java/nio/file/PathMatcher
Event: 23.476 Loading class java/nio/file/PathMatcher done
Event: 23.476 Loading class sun/nio/fs/WindowsFileSystem$2 done

Classes unloaded (13 events):
Event: 7.872 Thread 0x000001d230cf4960 Unloading class 0x000001d2321a1400 'java/lang/invoke/LambdaForm$MH+0x000001d2321a1400'
Event: 7.872 Thread 0x000001d230cf4960 Unloading class 0x000001d2321a1000 'java/lang/invoke/LambdaForm$MH+0x000001d2321a1000'
Event: 7.872 Thread 0x000001d230cf4960 Unloading class 0x000001d2321a0c00 'java/lang/invoke/LambdaForm$MH+0x000001d2321a0c00'
Event: 7.872 Thread 0x000001d230cf4960 Unloading class 0x000001d2321a0800 'java/lang/invoke/LambdaForm$MH+0x000001d2321a0800'
Event: 7.872 Thread 0x000001d230cf4960 Unloading class 0x000001d2321a0400 'java/lang/invoke/LambdaForm$BMH+0x000001d2321a0400'
Event: 7.872 Thread 0x000001d230cf4960 Unloading class 0x000001d2321a0000 'java/lang/invoke/LambdaForm$DMH+0x000001d2321a0000'
Event: 7.872 Thread 0x000001d230cf4960 Unloading class 0x000001d23219ec00 'java/lang/invoke/LambdaForm$DMH+0x000001d23219ec00'
Event: 11.698 Thread 0x000001d230cf4960 Unloading class 0x000001d23230c000 'java/lang/invoke/LambdaForm$MH+0x000001d23230c000'
Event: 11.698 Thread 0x000001d230cf4960 Unloading class 0x000001d23230b400 'java/lang/invoke/LambdaForm$MH+0x000001d23230b400'
Event: 11.698 Thread 0x000001d230cf4960 Unloading class 0x000001d23230ac00 'java/lang/invoke/LambdaForm$MH+0x000001d23230ac00'
Event: 11.698 Thread 0x000001d230cf4960 Unloading class 0x000001d23230a400 'java/lang/invoke/LambdaForm$MH+0x000001d23230a400'
Event: 11.698 Thread 0x000001d230cf4960 Unloading class 0x000001d23230a000 'java/lang/invoke/LambdaForm$DMH+0x000001d23230a000'
Event: 11.698 Thread 0x000001d230cf4960 Unloading class 0x000001d232309800 'java/lang/invoke/LambdaForm$MH+0x000001d232309800'

Classes redefined (0 events):
No events

Internal exceptions (20 events):
Event: 23.781 Thread 0x000001d2792120e0 Exception <a 'sun/nio/fs/WindowsException'{0x00000000eac3c7b8}> (0x00000000eac3c7b8) 
thrown [s\src\hotspot\share\prims\jni.cpp, line 520]
Event: 23.781 Thread 0x000001d2792120e0 Exception <a 'sun/nio/fs/WindowsException'{0x00000000eac3ced8}> (0x00000000eac3ced8) 
thrown [s\src\hotspot\share\prims\jni.cpp, line 520]
Event: 23.781 Thread 0x000001d2792120e0 Exception <a 'sun/nio/fs/WindowsException'{0x00000000eac3d5f8}> (0x00000000eac3d5f8) 
thrown [s\src\hotspot\share\prims\jni.cpp, line 520]
Event: 23.781 Thread 0x000001d2792120e0 Exception <a 'sun/nio/fs/WindowsException'{0x00000000eac552b0}> (0x00000000eac552b0) 
thrown [s\src\hotspot\share\prims\jni.cpp, line 520]
Event: 23.783 Thread 0x000001d2792120e0 Exception <a 'sun/nio/fs/WindowsException'{0x00000000eaca0ff8}> (0x00000000eaca0ff8) 
thrown [s\src\hotspot\share\prims\jni.cpp, line 520]
Event: 23.783 Thread 0x000001d2792120e0 Exception <a 'sun/nio/fs/WindowsException'{0x00000000eacb8c38}> (0x00000000eacb8c38) 
thrown [s\src\hotspot\share\prims\jni.cpp, line 520]
Event: 23.783 Thread 0x000001d2792120e0 Exception <a 'sun/nio/fs/WindowsException'{0x00000000eacb92c8}> (0x00000000eacb92c8) 
thrown [s\src\hotspot\share\prims\jni.cpp, line 520]
Event: 23.783 Thread 0x000001d2792120e0 Exception <a 'sun/nio/fs/WindowsException'{0x00000000eacb9978}> (0x00000000eacb9978) 
thrown [s\src\hotspot\share\prims\jni.cpp, line 520]
Event: 23.785 Thread 0x000001d2792120e0 Exception <a 'sun/nio/fs/WindowsException'{0x00000000eacecfe8}> (0x00000000eacecfe8) 
thrown [s\src\hotspot\share\prims\jni.cpp, line 520]
Event: 23.785 Thread 0x000001d2792120e0 Exception <a 'sun/nio/fs/WindowsException'{0x00000000eaced6c8}> (0x00000000eaced6c8) 
thrown [s\src\hotspot\share\prims\jni.cpp, line 520]
Event: 23.785 Thread 0x000001d2792120e0 Exception <a 'sun/nio/fs/WindowsException'{0x00000000eacedda8}> (0x00000000eacedda8) 
thrown [s\src\hotspot\share\prims\jni.cpp, line 520]
Event: 23.785 Thread 0x000001d2792120e0 Exception <a 'sun/nio/fs/WindowsException'{0x00000000eacee4a0}> (0x00000000eacee4a0) 
thrown [s\src\hotspot\share\prims\jni.cpp, line 520]
Event: 23.787 Thread 0x000001d2792120e0 Exception <a 'sun/nio/fs/WindowsException'{0x00000000ead50428}> (0x00000000ead50428) 
thrown [s\src\hotspot\share\prims\jni.cpp, line 520]
Event: 23.788 Thread 0x000001d2792120e0 Exception <a 'sun/nio/fs/WindowsException'{0x00000000ead50b48}> (0x00000000ead50b48) 
thrown [s\src\hotspot\share\prims\jni.cpp, line 520]
Event: 23.788 Thread 0x000001d2792120e0 Exception <a 'sun/nio/fs/WindowsException'{0x00000000ead51268}> (0x00000000ead51268) 
thrown [s\src\hotspot\share\prims\jni.cpp, line 520]
Event: 23.788 Thread 0x000001d2792120e0 Exception <a 'sun/nio/fs/WindowsException'{0x00000000ead519a8}> (0x00000000ead519a8) 
thrown [s\src\hotspot\share\prims\jni.cpp, line 520]
Event: 23.790 Thread 0x000001d2792120e0 Exception <a 'sun/nio/fs/WindowsException'{0x00000000ead93dc0}> (0x00000000ead93dc0) 
thrown [s\src\hotspot\share\prims\jni.cpp, line 520]
Event: 23.791 Thread 0x000001d2792120e0 Exception <a 'sun/nio/fs/WindowsException'{0x00000000ead943f8}> (0x00000000ead943f8) 
thrown [s\src\hotspot\share\prims\jni.cpp, line 520]
Event: 23.791 Thread 0x000001d2792120e0 Exception <a 'sun/nio/fs/WindowsException'{0x00000000ead94a40}> (0x00000000ead94a40) 
thrown [s\src\hotspot\share\prims\jni.cpp, line 520]
Event: 23.791 Thread 0x000001d2792120e0 Exception <a 'sun/nio/fs/WindowsException'{0x00000000ead95098}> (0x00000000ead95098) 
thrown [s\src\hotspot\share\prims\jni.cpp, line 520]

ZGC Phase Switch (0 events):
No events

VM Operations (20 events):
Event: 23.369 Executing VM operation: ParallelGCFailedAllocation (Allocation Failure) done
Event: 23.406 Executing VM operation: ParallelGCFailedAllocation (Allocation Failure)
Event: 23.409 Executing VM operation: ParallelGCFailedAllocation (Allocation Failure) done
Event: 23.444 Executing VM operation: ParallelGCFailedAllocation (Allocation Failure)
Event: 23.446 Executing VM operation: ParallelGCFailedAllocation (Allocation Failure) done
Event: 23.482 Executing VM operation: ParallelGCFailedAllocation (Allocation Failure)
Event: 23.486 Executing VM operation: ParallelGCFailedAllocation (Allocation Failure) done
Event: 23.534 Executing VM operation: ParallelGCFailedAllocation (Allocation Failure)
Event: 23.537 Executing VM operation: ParallelGCFailedAllocation (Allocation Failure) done
Event: 23.581 Executing VM operation: ParallelGCFailedAllocation (Allocation Failure)
Event: 23.585 Executing VM operation: ParallelGCFailedAllocation (Allocation Failure) done
Event: 23.627 Executing VM operation: ParallelGCFailedAllocation (Allocation Failure)
Event: 23.631 Executing VM operation: ParallelGCFailedAllocation (Allocation Failure) done
Event: 23.675 Executing VM operation: ParallelGCFailedAllocation (Allocation Failure)
Event: 23.678 Executing VM operation: ParallelGCFailedAllocation (Allocation Failure) done
Event: 23.722 Executing VM operation: ParallelGCFailedAllocation (Allocation Failure)
Event: 23.725 Executing VM operation: ParallelGCFailedAllocation (Allocation Failure) done
Event: 23.768 Executing VM operation: ParallelGCFailedAllocation (Allocation Failure)
Event: 23.770 Executing VM operation: ParallelGCFailedAllocation (Allocation Failure) done
Event: 23.809 Executing VM operation: ParallelGCFailedAllocation (Allocation Failure)

Memory protections (0 events):
No events

Nmethod flushes (20 events):
Event: 11.704 Thread 0x000001d230cf4960 flushing  nmethod 0x000001d21fa4ae10
Event: 11.704 Thread 0x000001d230cf4960 flushing  nmethod 0x000001d21fa73890
Event: 11.704 Thread 0x000001d230cf4960 flushing  nmethod 0x000001d21fa73c90
Event: 11.704 Thread 0x000001d230cf4960 flushing  nmethod 0x000001d21fa74590
Event: 11.704 Thread 0x000001d230cf4960 flushing  nmethod 0x000001d21fa75f90
Event: 11.704 Thread 0x000001d230cf4960 flushing  nmethod 0x000001d21fa76710
Event: 11.704 Thread 0x000001d230cf4960 flushing  nmethod 0x000001d21fa77c90
Event: 11.704 Thread 0x000001d230cf4960 flushing  nmethod 0x000001d21fa78190
Event: 11.704 Thread 0x000001d230cf4960 flushing  nmethod 0x000001d21fa79a10
Event: 11.704 Thread 0x000001d230cf4960 flushing  nmethod 0x000001d21fa7a710
Event: 11.704 Thread 0x000001d230cf4960 flushing  nmethod 0x000001d21fa7b390
Event: 11.704 Thread 0x000001d230cf4960 flushing  nmethod 0x000001d21fa7ba90
Event: 11.704 Thread 0x000001d230cf4960 flushing  nmethod 0x000001d21fa7ca10
Event: 11.704 Thread 0x000001d230cf4960 flushing  nmethod 0x000001d21faac310
Event: 11.704 Thread 0x000001d230cf4960 flushing  nmethod 0x000001d21faaff10
Event: 11.704 Thread 0x000001d230cf4960 flushing  nmethod 0x000001d21fac3390
Event: 11.704 Thread 0x000001d230cf4960 flushing  nmethod 0x000001d21fafe610
Event: 11.704 Thread 0x000001d230cf4960 flushing  nmethod 0x000001d21faffc10
Event: 11.704 Thread 0x000001d230cf4960 flushing  nmethod 0x000001d21fb2ff10
Event: 11.704 Thread 0x000001d230cf4960 flushing  nmethod 0x000001d21fb5c110

Events (20 events):
Event: 18.130 Thread 0x000001d279211a50 Thread added: 0x000001d27b439720
Event: 18.131 Thread 0x000001d279211a50 Thread added: 0x000001d27b437650
Event: 18.131 Thread 0x000001d279211a50 Thread added: 0x000001d27b439db0
Event: 18.131 Thread 0x000001d27b437650 Thread added: 0x000001d27b436930
Event: 18.132 Thread 0x000001d27b436fc0 Thread added: 0x000001d27b43a440
Event: 18.132 Thread 0x000001d27b439db0 Thread added: 0x000001d27b43aad0
Event: 18.133 Thread 0x000001d279211a50 Thread added: 0x000001d27b437ce0
Event: 18.133 Thread 0x000001d279211a50 Thread added: 0x000001d27b43b7f0
Event: 18.134 Thread 0x000001d279211a50 Thread added: 0x000001d27b43b160
Event: 20.983 Thread 0x000001d279211a50 Thread added: 0x000001d27b43be80
Event: 21.127 Thread 0x000001d279211a50 Thread added: 0x000001d27b438a00
Event: 21.136 Thread 0x000001d279211a50 Thread added: 0x000001d27b43c510
Event: 21.155 Thread 0x000001d279211a50 Thread added: 0x000001d27b43cba0
Event: 21.162 Thread 0x000001d279211a50 Thread added: 0x000001d27b43d8c0
Event: 21.173 Thread 0x000001d279211a50 Thread added: 0x000001d27b43d230
Event: 21.174 Thread 0x000001d279211a50 Thread added: 0x000001d27b43df50
Event: 21.263 Thread 0x000001d279211a50 Thread added: 0x000001d27d2d4650
Event: 21.271 Thread 0x000001d279211a50 Thread added: 0x000001d27d2d3fc0
Event: 21.283 Thread 0x000001d279211a50 Thread added: 0x000001d27d2d2c10
Event: 21.284 Thread 0x000001d279211a50 Thread added: 0x000001d27d2d4ce0


Dynamic libraries:
0x00007ff7e2500000 - 0x00007ff7e250e000 	c:\Users\hhp\.vscode\extensions\redhat.java-1.39.0-win32-x64\jre\21.0.5-win32-x86_64\bin\java.exe
0x00007ff8f6aa0000 - 0x00007ff8f6d03000 	C:\WINDOWS\SYSTEM32\ntdll.dll
0x00007ff8f5a50000 - 0x00007ff8f5b17000 	C:\WINDOWS\System32\KERNEL32.DLL
0x00007ff8f43e0000 - 0x00007ff8f47a7000 	C:\WINDOWS\System32\KERNELBASE.dll
0x00007ff8f4290000 - 0x00007ff8f43dc000 	C:\WINDOWS\System32\ucrtbase.dll
0x00007ff8bb3e0000 - 0x00007ff8bb3f8000 	c:\Users\hhp\.vscode\extensions\redhat.java-1.39.0-win32-x64\jre\21.0.5-win32-x86_64\bin\jli.dll
0x00007ff8f53c0000 - 0x00007ff8f5589000 	C:\WINDOWS\System32\USER32.dll
0x00007ff8f40e0000 - 0x00007ff8f4107000 	C:\WINDOWS\System32\win32u.dll
0x00007ff8f5a20000 - 0x00007ff8f5a4a000 	C:\WINDOWS\System32\GDI32.dll
0x00007ff8f47b0000 - 0x00007ff8f48db000 	C:\WINDOWS\System32\gdi32full.dll
0x00007ff8f4030000 - 0x00007ff8f40d3000 	C:\WINDOWS\System32\msvcp_win.dll
0x00007ff8bd860000 - 0x00007ff8bd87e000 	c:\Users\hhp\.vscode\extensions\redhat.java-1.39.0-win32-x64\jre\21.0.5-win32-x86_64\bin\VCRUNTIME140.dll
0x00007ff8ceaa0000 - 0x00007ff8ced30000 	C:\WINDOWS\WinSxS\amd64_microsoft.windows.common-controls_6595b64144ccf1df_6.0.26100.3037_none_3e09262ce333c378\COMCTL32.dll
0x00007ff8f5160000 - 0x00007ff8f5209000 	C:\WINDOWS\System32\msvcrt.dll
0x00007ff8f58d0000 - 0x00007ff8f58ff000 	C:\WINDOWS\System32\IMM32.DLL
0x00007ff8eb480000 - 0x00007ff8eb48c000 	c:\Users\hhp\.vscode\extensions\redhat.java-1.39.0-win32-x64\jre\21.0.5-win32-x86_64\bin\vcruntime140_1.dll
0x00007ff8a7900000 - 0x00007ff8a798d000 	c:\Users\hhp\.vscode\extensions\redhat.java-1.39.0-win32-x64\jre\21.0.5-win32-x86_64\bin\msvcp140.dll
0x00007ff82c390000 - 0x00007ff82d11f000 	c:\Users\hhp\.vscode\extensions\redhat.java-1.39.0-win32-x64\jre\21.0.5-win32-x86_64\bin\server\jvm.dll
0x00007ff8f4910000 - 0x00007ff8f49c4000 	C:\WINDOWS\System32\ADVAPI32.dll
0x00007ff8f5210000 - 0x00007ff8f52b6000 	C:\WINDOWS\System32\sechost.dll
0x00007ff8f61c0000 - 0x00007ff8f62d6000 	C:\WINDOWS\System32\RPCRT4.dll
0x00007ff8f6300000 - 0x00007ff8f6374000 	C:\WINDOWS\System32\WS2_32.dll
0x00007ff8f3cd0000 - 0x00007ff8f3d1e000 	C:\WINDOWS\SYSTEM32\POWRPROF.dll
0x00007ff8e98a0000 - 0x00007ff8e98d6000 	C:\WINDOWS\SYSTEM32\WINMM.dll
0x00007ff8e09f0000 - 0x00007ff8e09fb000 	C:\WINDOWS\SYSTEM32\VERSION.dll
0x00007ff8f3cb0000 - 0x00007ff8f3cc4000 	C:\WINDOWS\SYSTEM32\UMPDC.dll
0x00007ff8f2c70000 - 0x00007ff8f2c8a000 	C:\WINDOWS\SYSTEM32\kernel.appcore.dll
0x00007ff8d7ec0000 - 0x00007ff8d7eca000 	c:\Users\hhp\.vscode\extensions\redhat.java-1.39.0-win32-x64\jre\21.0.5-win32-x86_64\bin\jimage.dll
0x00007ff8f1610000 - 0x00007ff8f1851000 	C:\WINDOWS\SYSTEM32\DBGHELP.DLL
0x00007ff8f5cc0000 - 0x00007ff8f603e000 	C:\WINDOWS\System32\combase.dll
0x00007ff8f57f0000 - 0x00007ff8f58c6000 	C:\WINDOWS\System32\OLEAUT32.dll
0x00007ff8cd8c0000 - 0x00007ff8cd8f9000 	C:\WINDOWS\SYSTEM32\dbgcore.DLL
0x00007ff8f3f00000 - 0x00007ff8f3f99000 	C:\WINDOWS\System32\bcryptPrimitives.dll
0x00007ff8ccdf0000 - 0x00007ff8ccdff000 	c:\Users\hhp\.vscode\extensions\redhat.java-1.39.0-win32-x64\jre\21.0.5-win32-x86_64\bin\instrument.dll
0x00007ff8b7690000 - 0x00007ff8b76af000 	c:\Users\hhp\.vscode\extensions\redhat.java-1.39.0-win32-x64\jre\21.0.5-win32-x86_64\bin\java.dll
0x00007ff8f49d0000 - 0x00007ff8f50d4000 	C:\WINDOWS\System32\SHELL32.dll
0x00007ff8f1a00000 - 0x00007ff8f2237000 	C:\WINDOWS\SYSTEM32\windows.storage.dll
0x00007ff8f6970000 - 0x00007ff8f6a59000 	C:\WINDOWS\System32\SHCORE.dll
0x00007ff8f6380000 - 0x00007ff8f63dd000 	C:\WINDOWS\System32\shlwapi.dll
0x00007ff8f3d50000 - 0x00007ff8f3d7e000 	C:\WINDOWS\SYSTEM32\profapi.dll
0x00007ff8b6b30000 - 0x00007ff8b6b48000 	c:\Users\hhp\.vscode\extensions\redhat.java-1.39.0-win32-x64\jre\21.0.5-win32-x86_64\bin\zip.dll
0x00007ff8d2630000 - 0x00007ff8d2640000 	C:\Users\hhp\.vscode\extensions\redhat.java-1.39.0-win32-x64\jre\21.0.5-win32-x86_64\bin\net.dll
0x00007ff8ea3c0000 - 0x00007ff8ea4de000 	C:\WINDOWS\SYSTEM32\WINHTTP.dll
0x00007ff8f3180000 - 0x00007ff8f31e8000 	C:\WINDOWS\system32\mswsock.dll
0x00007ff8af2d0000 - 0x00007ff8af2e6000 	C:\Users\hhp\.vscode\extensions\redhat.java-1.39.0-win32-x64\jre\21.0.5-win32-x86_64\bin\nio.dll
0x00007ff8ccde0000 - 0x00007ff8ccdf0000 	c:\Users\hhp\.vscode\extensions\redhat.java-1.39.0-win32-x64\jre\21.0.5-win32-x86_64\bin\verify.dll
0x00007ff8a8dd0000 - 0x00007ff8a8e15000 	C:\Users\hhp\AppData\Roaming\Code\User\globalStorage\redhat.java\1.39.0\config_win\org.eclipse.equinox.launcher\org.eclipse.equinox.launcher.win32.win32.x86_64_1.2.1100.v20240722-2106\eclipse_11904.dll
0x00007ff8f5b20000 - 0x00007ff8f5cb5000 	C:\WINDOWS\System32\ole32.dll
0x00007ff8f3420000 - 0x00007ff8f343c000 	C:\WINDOWS\SYSTEM32\CRYPTSP.dll
0x00007ff8f2bd0000 - 0x00007ff8f2c08000 	C:\WINDOWS\system32\rsaenh.dll
0x00007ff8f3220000 - 0x00007ff8f324b000 	C:\WINDOWS\SYSTEM32\USERENV.dll
0x00007ff8f3660000 - 0x00007ff8f3686000 	C:\WINDOWS\SYSTEM32\bcrypt.dll
0x00007ff8f3440000 - 0x00007ff8f344c000 	C:\WINDOWS\SYSTEM32\CRYPTBASE.dll
0x00007ff8f2670000 - 0x00007ff8f26a2000 	C:\WINDOWS\SYSTEM32\IPHLPAPI.DLL
0x00007ff8f5340000 - 0x00007ff8f534a000 	C:\WINDOWS\System32\NSI.dll
0x00007ff8a7fc0000 - 0x00007ff8a8009000 	C:\Users\hhp\AppData\Local\Temp\jna-103280\jna3031887539970739297.dll
0x00007ff8f5a10000 - 0x00007ff8f5a18000 	C:\WINDOWS\System32\PSAPI.DLL
0x00007ff8eba20000 - 0x00007ff8eba3f000 	C:\WINDOWS\SYSTEM32\dhcpcsvc6.DLL
0x00007ff8eb970000 - 0x00007ff8eb995000 	C:\WINDOWS\SYSTEM32\dhcpcsvc.DLL

dbghelp: loaded successfully - version: 4.0.5 - missing functions: none
symbol engine: initialized successfully - sym options: 0x614 - pdb path: .;c:\Users\hhp\.vscode\extensions\redhat.java-1.39.0-win32-x64\jre\21.0.5-win32-x86_64\bin;C:\WINDOWS\SYSTEM32;C:\WINDOWS\WinSxS\amd64_microsoft.windows.common-controls_6595b64144ccf1df_6.0.26100.3037_none_3e09262ce333c378;c:\Users\hhp\.vscode\extensions\redhat.java-1.39.0-win32-x64\jre\21.0.5-win32-x86_64\bin\server;C:\Users\hhp\AppData\Roaming\Code\User\globalStorage\redhat.java\1.39.0\config_win\org.eclipse.equinox.launcher\org.eclipse.equinox.launcher.win32.win32.x86_64_1.2.1100.v20240722-2106;C:\Users\hhp\AppData\Local\Temp\jna-103280

VM Arguments:
jvm_args: --add-modules=ALL-SYSTEM --add-opens=java.base/java.util=ALL-UNNAMED --add-opens=java.base/java.lang=ALL-UNNAMED --add-opens=java.base/sun.nio.fs=ALL-UNNAMED -Declipse.application=org.eclipse.jdt.ls.core.id1 -Dosgi.bundles.defaultStartLevel=4 -Declipse.product=org.eclipse.jdt.ls.core.product -Djava.import.generatesMetadataFilesAtProjectRoot=false -DDetectVMInstallationsJob.disabled=true -Dfile.encoding=utf8 -XX:+UseParallelGC -XX:GCTimeRatio=4 -XX:AdaptiveSizePolicyWeight=90 -Dsun.zip.disableMemoryMapping=true -Xmx1G -Xms100m -Xlog:disable -javaagent:c:\Users\hhp\.vscode\extensions\redhat.java-1.39.0-win32-x64\lombok\lombok-1.18.34.jar -XX:+HeapDumpOnOutOfMemoryError -XX:HeapDumpPath=c:\Users\hhp\AppData\Roaming\Code\User\workspaceStorage\14c17b81feb02420379e559635737696\redhat.java -Daether.dependencyCollector.impl=bf 
java_command: c:\Users\hhp\.vscode\extensions\redhat.java-1.39.0-win32-x64\server\plugins\org.eclipse.equinox.launcher_1.6.900.v20240613-2009.jar -configuration c:\Users\hhp\AppData\Roaming\Code\User\globalStorage\redhat.java\1.39.0\config_win -data c:\Users\hhp\AppData\Roaming\Code\User\workspaceStorage\14c17b81feb02420379e559635737696\redhat.java\jdt_ws --pipe=\\.\pipe\lsp-49f65b67de333c537dd2db5414d1a891-sock
java_class_path (initial): c:\Users\hhp\.vscode\extensions\redhat.java-1.39.0-win32-x64\server\plugins\org.eclipse.equinox.launcher_1.6.900.v20240613-2009.jar
Launcher Type: SUN_STANDARD

[Global flags]
    uintx AdaptiveSizePolicyWeight                 = 90                                        {product} {command line}
     intx CICompilerCount                          = 4                                         {product} {ergonomic}
    uintx GCTimeRatio                              = 4                                         {product} {command line}
     bool HeapDumpOnOutOfMemoryError               = true                                   {manageable} {command line}
    ccstr HeapDumpPath                             = c:\Users\hhp\AppData\Roaming\Code\User\workspaceStorage\14c17b81feb02420379e559635737696\redhat.java         {manageable} {command line}
   size_t InitialHeapSize                          = 104857600                                 {product} {command line}
   size_t MaxHeapSize                              = 1073741824                                {product} {command line}
   size_t MaxNewSize                               = 357564416                                 {product} {ergonomic}
   size_t MinHeapDeltaBytes                        = 524288                                    {product} {ergonomic}
   size_t MinHeapSize                              = 104857600                                 {product} {command line}
   size_t NewSize                                  = 34603008                                  {product} {ergonomic}
    uintx NonNMethodCodeHeapSize                   = 5839372                                {pd product} {ergonomic}
    uintx NonProfiledCodeHeapSize                  = 122909434                              {pd product} {ergonomic}
   size_t OldSize                                  = 70254592                                  {product} {ergonomic}
    uintx ProfiledCodeHeapSize                     = 122909434                              {pd product} {ergonomic}
    uintx ReservedCodeCacheSize                    = 251658240                              {pd product} {ergonomic}
     bool SegmentedCodeCache                       = true                                      {product} {ergonomic}
   size_t SoftMaxHeapSize                          = 1073741824                             {manageable} {ergonomic}
     bool UseCompressedOops                        = true                           {product lp64_product} {ergonomic}
     bool UseLargePagesIndividualAllocation        = false                                  {pd product} {ergonomic}
     bool UseParallelGC                            = true                                      {product} {command line}

Logging:
Log output configuration:
 #0: stdout all=off uptime,level,tags foldmultilines=false
 #1: stderr all=off uptime,level,tags foldmultilines=false

Environment Variables:
JAVA_HOME=C:\Program Files\OpenLogic\jdk-17.0.14.7-hotspot
PATH=C:\Program Files\OpenLogic\jdk-17.0.14.7-hotspot\bin;C:\WINDOWS\system32;C:\WINDOWS;C:\WINDOWS\System32\Wbem;C:\WINDOWS\System32\WindowsPowerShell\v1.0\;C:\WINDOWS\System32\OpenSSH\;C:\MinGW\bin;C:\Program Files\Git\cmd;C:\Program Files (x86)\Microsoft SQL Server\160\Tools\Binn\;C:\Program Files\Microsoft SQL Server\160\Tools\Binn\;C:\Program Files\Microsoft SQL Server\Client SDK\ODBC\170\Tools\Binn\;C:\Program Files\Microsoft SQL Server\160\DTS\Binn\;C:\Program Files (x86)\Microsoft SQL Server\160\DTS\Binn\;C:\Program Files\Azure Data Studio\bin;C:\Program Files\MongoDB\Server\7.0\bin;C:\mongosh-1.10.6-win32-x64\bin;C:\Program Files\nodejs\;C:\ProgramData\chocolatey\bin;C:\Users\hhp\AppData\Local\Android\Sdk;C:\Users\hhp\AppData\Local\Android\Sdk\platform-tools;C:\Users\hhp\AppData\Local\Android\Sdk\emulator;C:\Users\hhp\AppData\Local\Android\Sdk\build-tools;C:\Users\hhp\AppData\Local\Android\Sdk\platforms;C:\Users\hhp\AppData\Local\Microsoft\WindowsApps;C:\Users\hhp\AppData\Local\Programs\Microsoft VS Code\bin;C:\Program Files\nodejs;C:\Program Files\Azure Data Studio\bin;C:\Users\hhp\AppData\Local\GitHubDesktop\bin;C:\Users\hhp\AppData\Roaming\npm;C:\Program Files\OpenLogic\jdk-17.0.14.7-hotspot\bin;C:\Users\hhp\AppData\Local\Android\Sdk;C:\Users\hhp\AppData\Local\Android\Sdk\platform-tools;C:\Users\hhp\AppData\Local\Android\Sdk\emulator;C:\Users\hhp\AppData\Local\Android\Sdk\build-tools;C:\Users\hhp\AppData\Local\Android\Sdk\platforms;
USERNAME=hhp
OS=Windows_NT
PROCESSOR_IDENTIFIER=Intel64 Family 6 Model 154 Stepping 4, GenuineIntel
TMP=C:\Users\hhp\AppData\Local\Temp
TEMP=C:\Users\hhp\AppData\Local\Temp




Periodic native trim disabled

---------------  S Y S T E M  ---------------

OS:
 Windows 11 , 64 bit Build 26100 (10.0.26100.3037)
OS uptime: 0 days 10:36 hours
Hyper-V role detected

CPU: total 12 (initial active 12) (6 cores per cpu, 2 threads per core) family 6 model 154 stepping 4 microcode 0x42c, cx8, cmov, fxsr, ht, mmx, 3dnowpref, sse, sse2, sse3, ssse3, sse4.1, sse4.2, popcnt, lzcnt, tsc, tscinvbit, avx, avx2, aes, erms, clmul, bmi1, bmi2, adx, sha, fma, vzeroupper, clflush, clflushopt, clwb, hv, serialize, rdtscp, rdpid, fsrm, f16c, cet_ibt, cet_ss
Processor Information for processor 0
  Max Mhz: 1300, Current Mhz: 1300, Mhz Limit: 1300
Processor Information for processor 1
  Max Mhz: 1300, Current Mhz: 1300, Mhz Limit: 1300
Processor Information for processor 2
  Max Mhz: 1300, Current Mhz: 1300, Mhz Limit: 1300
Processor Information for processor 3
  Max Mhz: 1300, Current Mhz: 1300, Mhz Limit: 1300
Processor Information for processor 4
  Max Mhz: 1300, Current Mhz: 900, Mhz Limit: 897
Processor Information for processor 5
  Max Mhz: 1300, Current Mhz: 900, Mhz Limit: 897
Processor Information for processor 6
  Max Mhz: 1300, Current Mhz: 900, Mhz Limit: 897
Processor Information for processor 7
  Max Mhz: 1300, Current Mhz: 900, Mhz Limit: 897
Processor Information for processor 8
  Max Mhz: 1300, Current Mhz: 900, Mhz Limit: 897
Processor Information for processor 9
  Max Mhz: 1300, Current Mhz: 900, Mhz Limit: 897
Processor Information for processor 10
  Max Mhz: 1300, Current Mhz: 900, Mhz Limit: 897
Processor Information for processor 11
  Max Mhz: 1300, Current Mhz: 900, Mhz Limit: 897

Memory: 4k page, system-wide physical 16055M (1014M free)
TotalPageFile size 60251M (AvailPageFile size 18M)
current process WorkingSet (physical memory assigned to process): 414M, peak: 414M
current process commit charge ("private bytes"): 942M, peak: 942M

vm_info: OpenJDK 64-Bit Server VM (21.0.5+11-LTS) for windows-amd64 JRE (21.0.5+11-LTS), built on 2024-10-15T00:00:00Z by "admin" with MS VC++ 17.7 (VS2022)

END.
